<?xml version="1.0" encoding="UTF-8"?>
<!-- Generated by org.testng.reporters.JUnitReportReporter -->
<testsuite name="com.TextSearch.test.GetSearchQueryStatus" tests="1" time="13.401" ignored="0" failures="0" timestamp="18 Feb 2019 09:53:43 GMT" skipped="0" hostname="Manav" errors="0">
  <testcase name="getQueryStatus" time="13.401" classname="com.TextSearch.test.GetSearchQueryStatus"/>
</testsuite> <!-- com.TextSearch.test.GetSearchQueryStatus -->
