<?xml version="1.0" encoding="UTF-8"?>
<!-- Generated by org.testng.reporters.JUnitReportReporter -->
<testsuite name="com.services.utility.getSystemDate" tests="1" time="0.032" ignored="0" failures="0" timestamp="03 May 2018 06:02:53 GMT" skipped="0" hostname="streamoid-ThinkPad-T440s" errors="0">
  <testcase name="getPresentDate" time="0.032" classname="com.services.utility.getSystemDate"/>
</testsuite> <!-- com.services.utility.getSystemDate -->
