<?xml version="1.0" encoding="UTF-8"?>
<!-- Generated by org.testng.reporters.JUnitReportReporter -->
<testsuite name="com.services.test.TestPlanetFashionInfo" tests="1" time="815.680" ignored="0" failures="0" timestamp="23 May 2018 05:58:36 GMT" skipped="0" hostname="streamoid-ThinkPad-T440s" errors="0">
  <testcase name="testPlanetFashion" time="815.680" classname="com.services.test.TestPlanetFashionInfo"/>
</testsuite> <!-- com.services.test.TestPlanetFashionInfo -->
