<?xml version="1.0" encoding="UTF-8"?>
<!-- Generated by org.testng.reporters.JUnitReportReporter -->
<testsuite name="com.services.test.TestAllenSollyInfo" tests="1" time="587.558" ignored="0" failures="0" timestamp="24 Apr 2018 06:26:59 GMT" skipped="0" hostname="streamoid-ThinkPad-T440s" errors="0">
  <testcase name="testAllenSolly" time="587.558" classname="com.services.test.TestAllenSollyInfo"/>
</testsuite> <!-- com.services.test.TestAllenSollyInfo -->
