<?xml version="1.0" encoding="UTF-8"?>
<!-- Generated by org.testng.reporters.JUnitReportReporter -->
<testsuite name="com.services.test.TestGlobusFashionInfo" tests="1" time="293.687" ignored="0" failures="0" timestamp="12 May 2018 08:16:44 GMT" skipped="0" hostname="streamoid-ThinkPad-T440s" errors="0">
  <testcase name="testGlobusFashion" time="293.687" classname="com.services.test.TestGlobusFashionInfo"/>
</testsuite> <!-- com.services.test.TestGlobusFashionInfo -->
