<?xml version="1.0" encoding="UTF-8"?>
<!-- Generated by org.testng.reporters.JUnitReportReporter -->
<testsuite name="com.services.test.TestLouisPhilippeInfo" tests="1" time="376.392" ignored="0" failures="0" timestamp="15 May 2018 07:28:20 GMT" skipped="0" hostname="streamoid-ThinkPad-T440s" errors="0">
  <testcase name="testLouisPhilippe" time="376.392" classname="com.services.test.TestLouisPhilippeInfo"/>
</testsuite> <!-- com.services.test.TestLouisPhilippeInfo -->
