<?xml version="1.0" encoding="UTF-8"?>
<!-- Generated by org.testng.reporters.JUnitReportReporter -->
<testsuite name="com.services.test.TestPlanetFashionInfo" tests="1" time="774.583" ignored="0" failures="0" timestamp="18 May 2018 11:26:12 GMT" skipped="0" hostname="streamoid-ThinkPad-T440s" errors="0">
  <testcase name="testPlanetFashion" time="774.583" classname="com.services.test.TestPlanetFashionInfo"/>
</testsuite> <!-- com.services.test.TestPlanetFashionInfo -->
