<?xml version="1.0" encoding="UTF-8"?>
<!-- Generated by org.testng.reporters.JUnitReportReporter -->
<testsuite name="com.services.test.TestPlanetFashionInfo" tests="1" time="113.727" ignored="0" failures="0" timestamp="15 May 2018 07:28:20 GMT" skipped="0" hostname="streamoid-ThinkPad-T440s" errors="0">
  <testcase name="testPlanetFashion" time="113.727" classname="com.services.test.TestPlanetFashionInfo"/>
</testsuite> <!-- com.services.test.TestPlanetFashionInfo -->
