<?xml version="1.0" encoding="UTF-8"?>
<!-- Generated by org.testng.reporters.JUnitReportReporter -->
<testsuite name="com.services.test.TestAllenSollyInfo" tests="1" time="1175.098" ignored="0" failures="0" timestamp="06 May 2018 19:02:49 GMT" skipped="0" hostname="streamoid-ThinkPad-T440s" errors="0">
  <testcase name="testAllenSolly" time="1175.098" classname="com.services.test.TestAllenSollyInfo"/>
</testsuite> <!-- com.services.test.TestAllenSollyInfo -->
