<?xml version="1.0" encoding="UTF-8"?>
<!-- Generated by org.testng.reporters.JUnitReportReporter -->
<testsuite name="com.services.test.TestFabIndiaInfo" tests="1" time="13.569" ignored="0" failures="0" timestamp="11 May 2018 09:29:10 GMT" skipped="0" hostname="streamoid-ThinkPad-T440s" errors="0">
  <testcase name="testFabIndia" time="13.569" classname="com.services.test.TestFabIndiaInfo"/>
</testsuite> <!-- com.services.test.TestFabIndiaInfo -->
