<?xml version="1.0" encoding="UTF-8"?>
<!-- Generated by org.testng.reporters.JUnitReportReporter -->
<testsuite name="com.services.utility.RestAPICheckForSimilarProducts" tests="1" time="1.289" ignored="0" failures="0" timestamp="07 May 2018 15:23:04 GMT" skipped="0" hostname="streamoid-ThinkPad-T440s" errors="0">
  <testcase name="similarProducts" time="1.289" classname="com.services.utility.RestAPICheckForSimilarProducts"/>
</testsuite> <!-- com.services.utility.RestAPICheckForSimilarProducts -->
