<?xml version="1.0" encoding="UTF-8"?>
<!-- Generated by org.testng.reporters.JUnitReportReporter -->
<testsuite name="com.services.test.TestPeterEnglandInfo" tests="1" time="301.629" ignored="0" failures="0" timestamp="15 May 2018 07:28:20 GMT" skipped="0" hostname="streamoid-ThinkPad-T440s" errors="0">
  <testcase name="testPeterEngland" time="301.629" classname="com.services.test.TestPeterEnglandInfo"/>
</testsuite> <!-- com.services.test.TestPeterEnglandInfo -->
