<?xml version="1.0" encoding="UTF-8"?>
<!-- Generated by org.testng.reporters.JUnitReportReporter -->
<testsuite name="com.services.test.TestFabIndiaInfo" tests="1" time="42.644" ignored="0" failures="0" timestamp="02 May 2018 06:45:26 GMT" skipped="0" hostname="streamoid-ThinkPad-T440s" errors="1">
  <testcase name="testFabIndia" time="42.644" classname="com.services.test.TestFabIndiaInfo">
    <error type="org.openqa.selenium.StaleElementReferenceException" message="The element reference of &lt;a class=&quot;sf-with-ul&quot;&gt; stale: either the element is no longer attached to the DOM or the page has been refreshed
For documentation on this error, please visit: http://seleniumhq.org/exceptions/stale_element_reference.html
Build info: version: &#039;3.11.0&#039;, revision: &#039;e59cfb3&#039;, time: &#039;2018-03-11T20:26:55.152Z&#039;
System info: host: &#039;streamoid-ThinkPad-T440s&#039;, ip: &#039;127.0.1.1&#039;, os.name: &#039;Linux&#039;, os.arch: &#039;amd64&#039;, os.version: &#039;4.13.0-39-generic&#039;, java.version: &#039;1.8.0_162&#039;
Driver info: org.openqa.selenium.firefox.FirefoxDriver
Capabilities {acceptInsecureCerts: true, browserName: firefox, browserVersion: 55.0.3, javascriptEnabled: true, moz:accessibilityChecks: false, moz:processID: 7860, moz:profile: /tmp/rust_mozprofile.K3JT96..., pageLoadStrategy: normal, platform: LINUX, platformName: LINUX, platformVersion: 4.13.0-39-generic, rotatable: false, specificationLevel: 0, timeouts: {implicit: 0, pageLoad: 300000, script: 30000}}
Session ID: 2d32d26f-60da-46dc-82ba-5278cef4b469">
      <![CDATA[org.openqa.selenium.StaleElementReferenceException: The element reference of <a class="sf-with-ul"> stale: either the element is no longer attached to the DOM or the page has been refreshed
For documentation on this error, please visit: http://seleniumhq.org/exceptions/stale_element_reference.html
Build info: version: '3.11.0', revision: 'e59cfb3', time: '2018-03-11T20:26:55.152Z'
System info: host: 'streamoid-ThinkPad-T440s', ip: '127.0.1.1', os.name: 'Linux', os.arch: 'amd64', os.version: '4.13.0-39-generic', java.version: '1.8.0_162'
Driver info: org.openqa.selenium.firefox.FirefoxDriver
Capabilities {acceptInsecureCerts: true, browserName: firefox, browserVersion: 55.0.3, javascriptEnabled: true, moz:accessibilityChecks: false, moz:processID: 7860, moz:profile: /tmp/rust_mozprofile.K3JT96..., pageLoadStrategy: normal, platform: LINUX, platformName: LINUX, platformVersion: 4.13.0-39-generic, rotatable: false, specificationLevel: 0, timeouts: {implicit: 0, pageLoad: 300000, script: 30000}}
Session ID: 2d32d26f-60da-46dc-82ba-5278cef4b469
	at sun.reflect.NativeConstructorAccessorImpl.newInstance0(Native Method)
	at sun.reflect.NativeConstructorAccessorImpl.newInstance(NativeConstructorAccessorImpl.java:62)
	at sun.reflect.DelegatingConstructorAccessorImpl.newInstance(DelegatingConstructorAccessorImpl.java:45)
	at java.lang.reflect.Constructor.newInstance(Constructor.java:423)
	at org.openqa.selenium.remote.http.W3CHttpResponseCodec.createException(W3CHttpResponseCodec.java:187)
	at org.openqa.selenium.remote.http.W3CHttpResponseCodec.decode(W3CHttpResponseCodec.java:122)
	at org.openqa.selenium.remote.http.W3CHttpResponseCodec.decode(W3CHttpResponseCodec.java:49)
	at org.openqa.selenium.remote.HttpCommandExecutor.execute(HttpCommandExecutor.java:158)
	at org.openqa.selenium.remote.service.DriverCommandExecutor.execute(DriverCommandExecutor.java:83)
	at org.openqa.selenium.remote.RemoteWebDriver.execute(RemoteWebDriver.java:545)
	at org.openqa.selenium.remote.RemoteWebDriver.perform(RemoteWebDriver.java:611)
	at org.openqa.selenium.interactions.Actions$BuiltAction.perform(Actions.java:638)
	at com.services.utility.clickonFirstProduct.moveToElement_only(clickonFirstProduct.java:35)
	at com.services.test.TestFabIndiaInfo.testFabIndia(TestFabIndiaInfo.java:63)
	at sun.reflect.NativeMethodAccessorImpl.invoke0(Native Method)
	at sun.reflect.NativeMethodAccessorImpl.invoke(NativeMethodAccessorImpl.java:62)
	at sun.reflect.DelegatingMethodAccessorImpl.invoke(DelegatingMethodAccessorImpl.java:43)
	at java.lang.reflect.Method.invoke(Method.java:498)
	at org.testng.internal.MethodInvocationHelper.invokeMethod(MethodInvocationHelper.java:104)
	at org.testng.internal.Invoker.invokeMethod(Invoker.java:645)
	at org.testng.internal.Invoker.invokeTestMethod(Invoker.java:851)
	at org.testng.internal.Invoker.invokeTestMethods(Invoker.java:1177)
	at org.testng.internal.TestMethodWorker.invokeTestMethods(TestMethodWorker.java:129)
	at org.testng.internal.TestMethodWorker.run(TestMethodWorker.java:112)
	at org.testng.TestRunner.privateRun(TestRunner.java:756)
	at org.testng.TestRunner.run(TestRunner.java:610)
	at org.testng.SuiteRunner.runTest(SuiteRunner.java:387)
	at org.testng.SuiteRunner.runSequentially(SuiteRunner.java:382)
	at org.testng.SuiteRunner.privateRun(SuiteRunner.java:340)
	at org.testng.SuiteRunner.run(SuiteRunner.java:289)
	at org.testng.SuiteRunnerWorker.runSuite(SuiteRunnerWorker.java:52)
	at org.testng.SuiteRunnerWorker.run(SuiteRunnerWorker.java:86)
	at org.testng.TestNG.runSuitesSequentially(TestNG.java:1293)
	at org.testng.TestNG.runSuitesLocally(TestNG.java:1218)
	at org.testng.TestNG.runSuites(TestNG.java:1133)
	at org.testng.TestNG.run(TestNG.java:1104)
	at org.testng.remote.AbstractRemoteTestNG.run(AbstractRemoteTestNG.java:114)
	at org.testng.remote.RemoteTestNG.initAndRun(RemoteTestNG.java:251)
	at org.testng.remote.RemoteTestNG.main(RemoteTestNG.java:77)
]]>
    </error>
  </testcase> <!-- testFabIndia -->
</testsuite> <!-- com.services.test.TestFabIndiaInfo -->
