<?xml version="1.0" encoding="UTF-8"?>
<!-- Generated by org.testng.reporters.JUnitReportReporter -->
<testsuite name="com.services.test.Test1" tests="1" time="11.861" ignored="0" failures="0" timestamp="07 May 2018 14:47:10 GMT" skipped="0" hostname="streamoid-ThinkPad-T440s" errors="0">
  <testcase name="getIds" time="11.861" classname="com.services.test.Test1"/>
</testsuite> <!-- com.services.test.Test1 -->
