<?xml version="1.0" encoding="UTF-8"?>
<!-- Generated by org.testng.reporters.JUnitReportReporter -->
<testsuite name="com.services.test.testClientInfo" tests="1" time="33.001" ignored="0" failures="0" timestamp="20 Apr 2018 14:18:36 GMT" skipped="0" hostname="streamoid-ThinkPad-T440s" errors="0">
  <testcase name="testAllenSolly" time="33.001" classname="com.services.test.testClientInfo"/>
</testsuite> <!-- com.services.test.testClientInfo -->
