<?xml version="1.0" encoding="UTF-8"?>
<!-- Generated by org.testng.reporters.JUnitReportReporter -->
<testsuite name="com.services.utility.CreateFolder" tests="1" time="0.023" ignored="0" failures="0" timestamp="20 Apr 2018 15:16:04 GMT" skipped="0" hostname="streamoid-ThinkPad-T440s" errors="0">
  <testcase name="create" time="0.023" classname="com.services.utility.CreateFolder"/>
</testsuite> <!-- com.services.utility.CreateFolder -->
