<?xml version="1.0" encoding="UTF-8"?>
<!-- Generated by org.testng.reporters.JUnitReportReporter -->
<testsuite name="com.services.test.TestPeterEnglandInfo" tests="1" time="584.436" ignored="0" failures="0" timestamp="14 May 2018 08:28:54 GMT" skipped="0" hostname="streamoid-ThinkPad-T440s" errors="0">
  <testcase name="testPeterEngland" time="584.436" classname="com.services.test.TestPeterEnglandInfo"/>
</testsuite> <!-- com.services.test.TestPeterEnglandInfo -->
