<?xml version="1.0" encoding="UTF-8"?>
<!-- Generated by org.testng.reporters.JUnitReportReporter -->
<testsuite name="com.services.utility.GetBrowserWindowWidth" tests="1" time="10.197" ignored="0" failures="0" timestamp="25 May 2018 09:34:01 GMT" skipped="0" hostname="streamoid-ThinkPad-T440s" errors="0">
  <testcase name="getWebPageWidth" time="10.197" classname="com.services.utility.GetBrowserWindowWidth"/>
</testsuite> <!-- com.services.utility.GetBrowserWindowWidth -->
