<?xml version="1.0" encoding="UTF-8"?>
<!-- Generated by org.testng.reporters.JUnitReportReporter -->
<testsuite name="com.services.test.TestPeopleInfo" tests="1" time="1036.181" ignored="0" failures="0" timestamp="12 May 2018 14:20:56 GMT" skipped="0" hostname="streamoid-ThinkPad-T440s" errors="0">
  <testcase name="testPeople" time="1036.181" classname="com.services.test.TestPeopleInfo"/>
</testsuite> <!-- com.services.test.TestPeopleInfo -->
