<?xml version="1.0" encoding="UTF-8"?>
<!-- Generated by org.testng.reporters.JUnitReportReporter -->
<testsuite name="com.services.test.TestPeterEnglandInfo" tests="1" time="236.610" ignored="0" failures="0" timestamp="11 May 2018 14:54:03 GMT" skipped="0" hostname="streamoid-ThinkPad-T440s" errors="0">
  <testcase name="testPeterEngland" time="236.610" classname="com.services.test.TestPeterEnglandInfo"/>
</testsuite> <!-- com.services.test.TestPeterEnglandInfo -->
