<?xml version="1.0" encoding="UTF-8"?>
<!-- Generated by org.testng.reporters.JUnitReportReporter -->
<testsuite name="com.services.test.TestPothysInfo" tests="1" time="847.976" ignored="0" failures="0" timestamp="16 May 2018 08:40:38 GMT" skipped="0" hostname="streamoid-ThinkPad-T440s" errors="0">
  <testcase name="testPothys" time="847.976" classname="com.services.test.TestPothysInfo"/>
</testsuite> <!-- com.services.test.TestPothysInfo -->
