<?xml version="1.0" encoding="UTF-8"?>
<!-- Generated by org.testng.reporters.JUnitReportReporter -->
<testsuite name="com.services.test.TestPeterEnglandInfo" tests="1" time="510.542" ignored="0" failures="0" timestamp="24 May 2018 11:38:06 GMT" skipped="0" hostname="streamoid-ThinkPad-T440s" errors="0">
  <testcase name="testPeterEngland" time="510.542" classname="com.services.test.TestPeterEnglandInfo"/>
</testsuite> <!-- com.services.test.TestPeterEnglandInfo -->
