<?xml version="1.0" encoding="UTF-8"?>
<!-- Generated by org.testng.reporters.JUnitReportReporter -->
<testsuite name="com.services.test.TestVenHeusenInfo" tests="1" time="499.519" ignored="0" failures="0" timestamp="10 May 2018 11:31:57 GMT" skipped="0" hostname="streamoid-ThinkPad-T440s" errors="0">
  <testcase name="testAllenSolly" time="499.519" classname="com.services.test.TestVenHeusenInfo"/>
</testsuite> <!-- com.services.test.TestVenHeusenInfo -->
