<?xml version="1.0" encoding="UTF-8"?>
<!-- Generated by org.testng.reporters.JUnitReportReporter -->
<testsuite name="com.services.utility.ZoomInAndZoomOut" tests="1" time="8.509" ignored="0" failures="0" timestamp="23 May 2018 07:31:08 GMT" skipped="0" hostname="streamoid-ThinkPad-T440s" errors="0">
  <testcase name="zoomOut" time="8.509" classname="com.services.utility.ZoomInAndZoomOut"/>
</testsuite> <!-- com.services.utility.ZoomInAndZoomOut -->
