<?xml version="1.0" encoding="UTF-8"?>
<!-- Generated by org.testng.reporters.JUnitReportReporter -->
<testsuite name="com.services.test.TestLouisPhilippeInfo" tests="1" time="26.737" ignored="0" failures="0" timestamp="12 May 2018 08:16:44 GMT" skipped="0" hostname="streamoid-ThinkPad-T440s" errors="1">
  <testcase name="testLouisPhilippe" time="26.737" classname="com.services.test.TestLouisPhilippeInfo">
    <error type="org.openqa.selenium.StaleElementReferenceException" message="The element reference of &lt;img class=&quot;image-responsive b-error b-error b-error b-error b-error b-error&quot;&gt; stale: either the element is no longer attached to the DOM or the page has been refreshed
For documentation on this error, please visit: http://seleniumhq.org/exceptions/stale_element_reference.html
Build info: version: &#039;3.11.0&#039;, revision: &#039;e59cfb3&#039;, time: &#039;2018-03-11T20:26:55.152Z&#039;
System info: host: &#039;streamoid-ThinkPad-T440s&#039;, ip: &#039;127.0.1.1&#039;, os.name: &#039;Linux&#039;, os.arch: &#039;amd64&#039;, os.version: &#039;4.13.0-41-generic&#039;, java.version: &#039;1.8.0_162&#039;
Driver info: org.openqa.selenium.firefox.FirefoxDriver
Capabilities {acceptInsecureCerts: true, browserName: firefox, browserVersion: 55.0.3, javascriptEnabled: true, moz:accessibilityChecks: false, moz:processID: 7748, moz:profile: /tmp/rust_mozprofile.wZxMag..., pageLoadStrategy: normal, platform: LINUX, platformName: LINUX, platformVersion: 4.13.0-41-generic, rotatable: false, specificationLevel: 0, timeouts: {implicit: 0, pageLoad: 300000, script: 30000}}
Session ID: e1b8891e-9bf3-4c2a-987d-39310565c04d">
      <![CDATA[org.openqa.selenium.StaleElementReferenceException: The element reference of <img class="image-responsive b-error b-error b-error b-error b-error b-error"> stale: either the element is no longer attached to the DOM or the page has been refreshed
For documentation on this error, please visit: http://seleniumhq.org/exceptions/stale_element_reference.html
Build info: version: '3.11.0', revision: 'e59cfb3', time: '2018-03-11T20:26:55.152Z'
System info: host: 'streamoid-ThinkPad-T440s', ip: '127.0.1.1', os.name: 'Linux', os.arch: 'amd64', os.version: '4.13.0-41-generic', java.version: '1.8.0_162'
Driver info: org.openqa.selenium.firefox.FirefoxDriver
Capabilities {acceptInsecureCerts: true, browserName: firefox, browserVersion: 55.0.3, javascriptEnabled: true, moz:accessibilityChecks: false, moz:processID: 7748, moz:profile: /tmp/rust_mozprofile.wZxMag..., pageLoadStrategy: normal, platform: LINUX, platformName: LINUX, platformVersion: 4.13.0-41-generic, rotatable: false, specificationLevel: 0, timeouts: {implicit: 0, pageLoad: 300000, script: 30000}}
Session ID: e1b8891e-9bf3-4c2a-987d-39310565c04d
	at sun.reflect.NativeConstructorAccessorImpl.newInstance0(Native Method)
	at sun.reflect.NativeConstructorAccessorImpl.newInstance(NativeConstructorAccessorImpl.java:62)
	at sun.reflect.DelegatingConstructorAccessorImpl.newInstance(DelegatingConstructorAccessorImpl.java:45)
	at java.lang.reflect.Constructor.newInstance(Constructor.java:423)
	at org.openqa.selenium.remote.http.W3CHttpResponseCodec.createException(W3CHttpResponseCodec.java:187)
	at org.openqa.selenium.remote.http.W3CHttpResponseCodec.decode(W3CHttpResponseCodec.java:122)
	at org.openqa.selenium.remote.http.W3CHttpResponseCodec.decode(W3CHttpResponseCodec.java:49)
	at org.openqa.selenium.remote.HttpCommandExecutor.execute(HttpCommandExecutor.java:158)
	at org.openqa.selenium.remote.service.DriverCommandExecutor.execute(DriverCommandExecutor.java:83)
	at org.openqa.selenium.remote.RemoteWebDriver.execute(RemoteWebDriver.java:545)
	at org.openqa.selenium.remote.RemoteWebElement.execute(RemoteWebElement.java:279)
	at org.openqa.selenium.remote.RemoteWebElement.isDisplayed(RemoteWebElement.java:320)
	at com.services.test.TestLouisPhilippeInfo.testLouisPhilippe(TestLouisPhilippeInfo.java:63)
	at sun.reflect.NativeMethodAccessorImpl.invoke0(Native Method)
	at sun.reflect.NativeMethodAccessorImpl.invoke(NativeMethodAccessorImpl.java:62)
	at sun.reflect.DelegatingMethodAccessorImpl.invoke(DelegatingMethodAccessorImpl.java:43)
	at java.lang.reflect.Method.invoke(Method.java:498)
	at org.testng.internal.MethodInvocationHelper.invokeMethod(MethodInvocationHelper.java:104)
	at org.testng.internal.Invoker.invokeMethod(Invoker.java:645)
	at org.testng.internal.Invoker.invokeTestMethod(Invoker.java:851)
	at org.testng.internal.Invoker.invokeTestMethods(Invoker.java:1177)
	at org.testng.internal.TestMethodWorker.invokeTestMethods(TestMethodWorker.java:129)
	at org.testng.internal.TestMethodWorker.run(TestMethodWorker.java:112)
	at java.util.concurrent.ThreadPoolExecutor.runWorker(ThreadPoolExecutor.java:1149)
	at java.util.concurrent.ThreadPoolExecutor$Worker.run(ThreadPoolExecutor.java:624)
	at java.lang.Thread.run(Thread.java:748)
]]>
    </error>
  </testcase> <!-- testLouisPhilippe -->
</testsuite> <!-- com.services.test.TestLouisPhilippeInfo -->
