<?xml version="1.0" encoding="UTF-8"?>
<!-- Generated by org.testng.reporters.JUnitReportReporter -->
<testsuite name="com.services.test.TestPothysInfo" tests="1" time="1308.407" ignored="0" failures="0" timestamp="17 May 2018 06:53:36 GMT" skipped="0" hostname="streamoid-ThinkPad-T440s" errors="0">
  <testcase name="testPothys" time="1308.407" classname="com.services.test.TestPothysInfo"/>
</testsuite> <!-- com.services.test.TestPothysInfo -->
