<?xml version="1.0" encoding="UTF-8"?>
<!-- Generated by org.testng.reporters.JUnitReportReporter -->
<testsuite name="com.services.test.TestVanHeusenInfo" tests="1" time="1748.084" ignored="0" failures="0" timestamp="13 May 2018 19:25:17 GMT" skipped="0" hostname="streamoid-ThinkPad-T440s" errors="0">
  <testcase name="testVanHeusen" time="1748.084" classname="com.services.test.TestVanHeusenInfo"/>
</testsuite> <!-- com.services.test.TestVanHeusenInfo -->
