<?xml version="1.0" encoding="UTF-8"?>
<!-- Generated by org.testng.reporters.JUnitReportReporter -->
<testsuite name="com.services.utility.RestAPICheckForOutfitter" tests="1" time="1.436" ignored="0" failures="0" timestamp="11 May 2018 09:55:03 GMT" skipped="0" hostname="streamoid-ThinkPad-T440s" errors="0">
  <testcase name="outfitterProducts" time="1.436" classname="com.services.utility.RestAPICheckForOutfitter"/>
</testsuite> <!-- com.services.utility.RestAPICheckForOutfitter -->
