<?xml version="1.0" encoding="UTF-8"?>
<testsuite xmlns:xsi="http://www.w3.org/2001/XMLSchema-instance" xsi:schemaLocation="https://maven.apache.org/surefire/maven-surefire-plugin/xsd/surefire-test-report.xsd" name="TestSuite" time="172.567" tests="31" errors="0" skipped="12" failures="19">
  <properties>
    <property name="java.runtime.name" value="OpenJDK Runtime Environment"/>
    <property name="sun.boot.library.path" value="/usr/lib/jvm/java-8-openjdk-amd64/jre/lib/amd64"/>
    <property name="java.vm.version" value="25.171-b11"/>
    <property name="java.vm.vendor" value="Oracle Corporation"/>
    <property name="maven.multiModuleProjectDirectory" value="/home/streamoid/Desktop/Samir_Streamoid/Selenium_Setup/Eclipse_program/Streamoid Projects/automation-scripts/JS-SDK-Test"/>
    <property name="java.vendor.url" value="http://java.oracle.com/"/>
    <property name="path.separator" value=":"/>
    <property name="guice.disable.misplaced.annotation.check" value="true"/>
    <property name="java.vm.name" value="OpenJDK 64-Bit Server VM"/>
    <property name="file.encoding.pkg" value="sun.io"/>
    <property name="user.country" value="IN"/>
    <property name="sun.java.launcher" value="SUN_STANDARD"/>
    <property name="sun.os.patch.level" value="unknown"/>
    <property name="java.vm.specification.name" value="Java Virtual Machine Specification"/>
    <property name="user.dir" value="/home/streamoid/Desktop/Samir_Streamoid/Selenium_Setup/Eclipse_program/Streamoid Projects/automation-scripts/JS-SDK-Test"/>
    <property name="java.runtime.version" value="1.8.0_171-8u171-b11-0ubuntu0.16.04.1-b11"/>
    <property name="java.awt.graphicsenv" value="sun.awt.X11GraphicsEnvironment"/>
    <property name="java.endorsed.dirs" value="/usr/lib/jvm/java-8-openjdk-amd64/jre/lib/endorsed"/>
    <property name="os.arch" value="amd64"/>
    <property name="java.io.tmpdir" value="/tmp"/>
    <property name="line.separator" value="&#10;"/>
    <property name="java.vm.specification.vendor" value="Oracle Corporation"/>
    <property name="os.name" value="Linux"/>
    <property name="classworlds.conf" value="/usr/share/maven/bin/m2.conf"/>
    <property name="sun.jnu.encoding" value="UTF-8"/>
    <property name="java.library.path" value="/usr/java/packages/lib/amd64:/usr/lib/x86_64-linux-gnu/jni:/lib/x86_64-linux-gnu:/usr/lib/x86_64-linux-gnu:/usr/lib/jni:/lib:/usr/lib"/>
    <property name="java.specification.name" value="Java Platform API Specification"/>
    <property name="java.class.version" value="52.0"/>
    <property name="sun.management.compiler" value="HotSpot 64-Bit Tiered Compilers"/>
    <property name="os.version" value="4.13.0-43-generic"/>
    <property name="surefire.suiteXmlFiles" value="testng.xml"/>
    <property name="user.home" value="/home/streamoid"/>
    <property name="user.timezone" value="Asia/Kolkata"/>
    <property name="java.awt.printerjob" value="sun.print.PSPrinterJob"/>
    <property name="java.specification.version" value="1.8"/>
    <property name="file.encoding" value="UTF-8"/>
    <property name="user.name" value="streamoid"/>
    <property name="java.class.path" value="/usr/share/maven/boot/plexus-classworlds-2.x.jar"/>
    <property name="java.vm.specification.version" value="1.8"/>
    <property name="sun.arch.data.model" value="64"/>
    <property name="java.home" value="/usr/lib/jvm/java-8-openjdk-amd64/jre"/>
    <property name="sun.java.command" value="org.codehaus.plexus.classworlds.launcher.Launcher clean test -Dsurefire.suiteXmlFiles=testng.xml"/>
    <property name="java.specification.vendor" value="Oracle Corporation"/>
    <property name="user.language" value="en"/>
    <property name="awt.toolkit" value="sun.awt.X11.XToolkit"/>
    <property name="java.vm.info" value="mixed mode"/>
    <property name="java.version" value="1.8.0_171"/>
    <property name="java.ext.dirs" value="/usr/lib/jvm/java-8-openjdk-amd64/jre/lib/ext:/usr/java/packages/lib/ext"/>
    <property name="securerandom.source" value="file:/dev/./urandom"/>
    <property name="sun.boot.class.path" value="/usr/lib/jvm/java-8-openjdk-amd64/jre/lib/resources.jar:/usr/lib/jvm/java-8-openjdk-amd64/jre/lib/rt.jar:/usr/lib/jvm/java-8-openjdk-amd64/jre/lib/sunrsasign.jar:/usr/lib/jvm/java-8-openjdk-amd64/jre/lib/jsse.jar:/usr/lib/jvm/java-8-openjdk-amd64/jre/lib/jce.jar:/usr/lib/jvm/java-8-openjdk-amd64/jre/lib/charsets.jar:/usr/lib/jvm/java-8-openjdk-amd64/jre/lib/jfr.jar:/usr/lib/jvm/java-8-openjdk-amd64/jre/classes"/>
    <property name="java.vendor" value="Oracle Corporation"/>
    <property name="maven.home" value="/usr/share/maven"/>
    <property name="file.separator" value="/"/>
    <property name="java.vendor.url.bug" value="http://bugreport.sun.com/bugreport/"/>
    <property name="sun.cpu.endian" value="little"/>
    <property name="sun.io.unicode.encoding" value="UnicodeLittle"/>
    <property name="sun.desktop" value="gnome"/>
    <property name="sun.cpu.isalist" value=""/>
  </properties>
  <testcase name="testRaymondNext" classname="com.services.test.TestRaymondNextInfo" time="51.828">
    <failure message="Tried to run command without establishing a connection&#10;Build info: version: &apos;3.11.0&apos;, revision: &apos;e59cfb3&apos;, time: &apos;2018-03-11T20:26:55.152Z&apos;&#10;System info: host: &apos;streamoid-ThinkPad-T440s&apos;, ip: &apos;127.0.1.1&apos;, os.name: &apos;Linux&apos;, os.arch: &apos;amd64&apos;, os.version: &apos;4.13.0-43-generic&apos;, java.version: &apos;1.8.0_171&apos;&#10;Driver info: org.openqa.selenium.firefox.FirefoxDriver&#10;Capabilities {acceptInsecureCerts: true, browserName: firefox, browserVersion: 55.0.3, javascriptEnabled: true, moz:accessibilityChecks: false, moz:processID: 4525, moz:profile: /tmp/rust_mozprofile.ol2dq2..., pageLoadStrategy: normal, platform: LINUX, platformName: LINUX, platformVersion: 4.13.0-43-generic, rotatable: false, specificationLevel: 0, timeouts: {implicit: 0, pageLoad: 300000, script: 30000}}&#10;Session ID: 786eff70-68e5-4f2d-bac2-bbca0fb8b67a&#10;*** Element info: {Using=xpath, value=/html/body/div[1]/header/div/div/div[3]/div/div[1]/ul/li[1]/a}" type="org.openqa.selenium.SessionNotCreatedException">org.openqa.selenium.SessionNotCreatedException: 
Tried to run command without establishing a connection
Build info: version: '3.11.0', revision: 'e59cfb3', time: '2018-03-11T20:26:55.152Z'
System info: host: 'streamoid-ThinkPad-T440s', ip: '127.0.1.1', os.name: 'Linux', os.arch: 'amd64', os.version: '4.13.0-43-generic', java.version: '1.8.0_171'
Driver info: org.openqa.selenium.firefox.FirefoxDriver
Capabilities {acceptInsecureCerts: true, browserName: firefox, browserVersion: 55.0.3, javascriptEnabled: true, moz:accessibilityChecks: false, moz:processID: 4525, moz:profile: /tmp/rust_mozprofile.ol2dq2..., pageLoadStrategy: normal, platform: LINUX, platformName: LINUX, platformVersion: 4.13.0-43-generic, rotatable: false, specificationLevel: 0, timeouts: {implicit: 0, pageLoad: 300000, script: 30000}}
Session ID: 786eff70-68e5-4f2d-bac2-bbca0fb8b67a
*** Element info: {Using=xpath, value=/html/body/div[1]/header/div/div/div[3]/div/div[1]/ul/li[1]/a}
	at com.services.test.TestRaymondNextInfo.testRaymondNext(TestRaymondNextInfo.java:189)
</failure>
    <system-err><![CDATA[1527664490399	geckodriver	INFO	geckodriver 0.20.0
1527664490408	geckodriver	INFO	Listening on 127.0.0.1:27710
1527664490599	mozrunner::runner	INFO	Running command: "/opt/firefox/firefox" "-marionette" "-profile" "/tmp/rust_mozprofile.rVTqWQ2MRzlt"
1527664491773	addons.manager	DEBUG	Application has been upgraded
1527664491795	addons.manager	DEBUG	Loaded provider scope for resource://gre/modules/addons/XPIProvider.jsm: ["XPIProvider", "XPIInternal"]
1527664491800	addons.manager	DEBUG	Loaded provider scope for resource://gre/modules/LightweightThemeManager.jsm: ["LightweightThemeManager"]
1527664491838	addons.manager	DEBUG	Loaded provider scope for resource://gre/modules/addons/GMPProvider.jsm
1527664491844	addons.manager	DEBUG	Loaded provider scope for resource://gre/modules/addons/PluginProvider.jsm
1527664491846	addons.manager	DEBUG	Starting provider: XPIProvider
1527664491847	addons.xpi	DEBUG	startup
1527664491850	addons.xpi	INFO	SystemAddonInstallLocation directory is missing
1527664491850	addons.xpi	INFO	Removing all system add-on upgrades.
1527664491852	addons.xpi	DEBUG	checkForChanges
1527664491852	addons.xpi	WARN	Error parsing extensions state: [Exception... "Component returned failure code: 0x80520012 (NS_ERROR_FILE_NOT_FOUND) [amIAddonManagerStartup.readStartupData]"  nsresult: "0x80520012 (NS_ERROR_FILE_NOT_FOUND)"  location: "JS frame :: resource://gre/modules/addons/XPIProvider.jsm :: loadExtensionState :: line 1596"  data: no] Stack trace: loadExtensionState()@resource://gre/modules/addons/XPIProvider.jsm:1596 < getInstallState()@resource://gre/modules/addons/XPIProvider.jsm:1631 < checkForChanges()@resource://gre/modules/addons/XPIProvider.jsm:3152 < startup()@resource://gre/modules/addons/XPIProvider.jsm:2246 < callProvider()@resource://gre/modules/AddonManager.jsm:271 < _startProvider()@resource://gre/modules/AddonManager.jsm:741 < startup()@resource://gre/modules/AddonManager.jsm:908 < startup()@resource://gre/modules/AddonManager.jsm:3122 < observe()@jar:file:///opt/firefox/omni.ja!/components/addonManager.js:65
1527664491855	addons.xpi	DEBUG	Loaded add-on state: ${}
1527664491857	addons.xpi	INFO	Mapping e10srollout@mozilla.org to /opt/firefox/browser/features/e10srollout@mozilla.org.xpi
1527664491857	addons.xpi	INFO	Mapping firefox@getpocket.com to /opt/firefox/browser/features/firefox@getpocket.com.xpi
1527664491857	addons.xpi	INFO	Mapping clicktoplay-rollout@mozilla.org to /opt/firefox/browser/features/clicktoplay-rollout@mozilla.org.xpi
1527664491858	addons.xpi	INFO	Mapping screenshots@mozilla.org to /opt/firefox/browser/features/screenshots@mozilla.org.xpi
1527664491858	addons.xpi	INFO	Mapping aushelper@mozilla.org to /opt/firefox/browser/features/aushelper@mozilla.org.xpi
1527664491858	addons.xpi	INFO	Mapping webcompat@mozilla.org to /opt/firefox/browser/features/webcompat@mozilla.org.xpi
1527664491858	addons.xpi	INFO	Mapping followonsearch@mozilla.com to /opt/firefox/browser/features/followonsearch@mozilla.com.xpi
1527664491859	addons.xpi	INFO	Mapping shield-recipe-client@mozilla.org to /opt/firefox/browser/features/shield-recipe-client@mozilla.org.xpi
1527664491859	addons.xpi	DEBUG	New add-on e10srollout@mozilla.org in app-system-defaults
1527664491860	addons.xpi	INFO	Mapping e10srollout@mozilla.org to /opt/firefox/browser/features/e10srollout@mozilla.org.xpi
1527664491861	addons.xpi	DEBUG	New add-on firefox@getpocket.com in app-system-defaults
1527664491862	addons.xpi	INFO	Mapping firefox@getpocket.com to /opt/firefox/browser/features/firefox@getpocket.com.xpi
1527664491862	addons.xpi	DEBUG	New add-on clicktoplay-rollout@mozilla.org in app-system-defaults
1527664491863	addons.xpi	INFO	Mapping clicktoplay-rollout@mozilla.org to /opt/firefox/browser/features/clicktoplay-rollout@mozilla.org.xpi
1527664491863	addons.xpi	DEBUG	New add-on screenshots@mozilla.org in app-system-defaults
1527664491863	addons.xpi	INFO	Mapping screenshots@mozilla.org to /opt/firefox/browser/features/screenshots@mozilla.org.xpi
1527664491864	addons.xpi	DEBUG	New add-on aushelper@mozilla.org in app-system-defaults
1527664491864	addons.xpi	INFO	Mapping aushelper@mozilla.org to /opt/firefox/browser/features/aushelper@mozilla.org.xpi
1527664491864	addons.xpi	DEBUG	New add-on webcompat@mozilla.org in app-system-defaults
1527664491864	addons.xpi	INFO	Mapping webcompat@mozilla.org to /opt/firefox/browser/features/webcompat@mozilla.org.xpi
1527664491865	addons.xpi	DEBUG	New add-on followonsearch@mozilla.com in app-system-defaults
1527664491865	addons.xpi	INFO	Mapping followonsearch@mozilla.com to /opt/firefox/browser/features/followonsearch@mozilla.com.xpi
1527664491865	addons.xpi	DEBUG	New add-on shield-recipe-client@mozilla.org in app-system-defaults
1527664491865	addons.xpi	INFO	Mapping shield-recipe-client@mozilla.org to /opt/firefox/browser/features/shield-recipe-client@mozilla.org.xpi
1527664491866	addons.xpi	INFO	Mapping {972ce4c6-7e08-4474-a285-3208198ce6fd} to /opt/firefox/browser/extensions/{972ce4c6-7e08-4474-a285-3208198ce6fd}.xpi
1527664491866	addons.xpi	DEBUG	New add-on {972ce4c6-7e08-4474-a285-3208198ce6fd} in app-global
1527664491866	addons.xpi	INFO	Mapping {972ce4c6-7e08-4474-a285-3208198ce6fd} to /opt/firefox/browser/extensions/{972ce4c6-7e08-4474-a285-3208198ce6fd}.xpi
1527664491867	addons.xpi	DEBUG	getInstallState changed: true, state: {}
1527664491867	addons.xpi	INFO	SystemAddonInstallLocation directory is missing
1527664491881	addons.xpi-utils	DEBUG	Opening XPI database /tmp/rust_mozprofile.rVTqWQ2MRzlt/extensions.json
1527664491886	addons.xpi-utils	DEBUG	New add-on e10srollout@mozilla.org installed in app-system-defaults
*** Blocklist::_loadBlocklistFromFile: blocklist is disabled
1527664491929	DeferredSave.extensions.json	DEBUG	Save changes
1527664491931	addons.xpi-utils	DEBUG	New add-on firefox@getpocket.com installed in app-system-defaults
1527664491934	DeferredSave.extensions.json	DEBUG	Starting timer
1527664491938	DeferredSave.extensions.json	DEBUG	Save changes
1527664491938	addons.xpi-utils	DEBUG	New add-on clicktoplay-rollout@mozilla.org installed in app-system-defaults
1527664491943	DeferredSave.extensions.json	DEBUG	Save changes
1527664491943	addons.xpi-utils	DEBUG	New add-on screenshots@mozilla.org installed in app-system-defaults
1527664491951	DeferredSave.extensions.json	DEBUG	Save changes
1527664491952	addons.xpi-utils	DEBUG	New add-on aushelper@mozilla.org installed in app-system-defaults
1527664491955	DeferredSave.extensions.json	DEBUG	Save changes
1527664491956	addons.xpi-utils	DEBUG	New add-on webcompat@mozilla.org installed in app-system-defaults
1527664491971	DeferredSave.extensions.json	DEBUG	Save changes
1527664491971	addons.xpi-utils	DEBUG	New add-on followonsearch@mozilla.com installed in app-system-defaults
1527664491974	DeferredSave.extensions.json	DEBUG	Save changes
1527664491974	addons.xpi-utils	DEBUG	New add-on shield-recipe-client@mozilla.org installed in app-system-defaults
1527664491979	DeferredSave.extensions.json	DEBUG	Save changes
1527664491980	addons.xpi-utils	DEBUG	New add-on {972ce4c6-7e08-4474-a285-3208198ce6fd} installed in app-global
1527664491984	DeferredSave.extensions.json	DEBUG	Save changes
1527664491987	addons.manager	DEBUG	Registering startup change 'installed' for e10srollout@mozilla.org
1527664492010	addons.xpi	DEBUG	Loading bootstrap scope from /opt/firefox/browser/features/e10srollout@mozilla.org.xpi
1527664492014	addons.xpi	DEBUG	Calling bootstrap method install on e10srollout@mozilla.org version 2.0
1527664492016	addons.xpi-utils	DEBUG	Make addon app-system-defaults:e10srollout@mozilla.org visible
1527664492017	addons.xpi	DEBUG	Updating XPIState for {"id":"e10srollout@mozilla.org","syncGUID":"{7e74e98a-822f-4628-b48c-afb53ee220ec}","location":"app-system-defaults","version":"2.0","type":"extension","internalName":null,"updateURL":null,"updateKey":null,"optionsURL":null,"optionsType":null,"aboutURL":null,"defaultLocale":{"name":"Multi-process staged rollout","description":"Staged rollout of Firefox multi-process feature.","creator":null,"homepageURL":null},"visible":true,"active":false,"userDisabled":false,"appDisabled":false,"installDate":1503580993000,"updateDate":1503580993000,"applyBackgroundUpdates":1,"bootstrap":true,"path":"/opt/firefox/browser/features/e10srollout@mozilla.org.xpi","skinnable":false,"size":13287,"sourceURI":null,"releaseNotesURI":null,"softDisabled":false,"foreignInstall":false,"hasBinaryComponents":false,"strictCompatibility":false,"locales":[],"targetApplications":[{"id":"{ec8030f7-c20a-464f-9b0e-13a3a9e97384}","minVersion":"55.0.3","maxVersion":"55.*"}],"targetPlatforms":[],"multiprocessCompatible":true,"seen":true,"dependencies":[],"hasEmbeddedWebExtension":false,"mpcOptedOut":false,"userPermissions":null,"icons":{},"iconURL":null,"icon64URL":null}
1527664492025	DeferredSave.extensions.json	DEBUG	Save changes
1527664492025	addons.manager	DEBUG	Registering startup change 'installed' for firefox@getpocket.com
1527664492027	addons.xpi	DEBUG	Loading bootstrap scope from /opt/firefox/browser/features/firefox@getpocket.com.xpi
1527664492035	addons.xpi	DEBUG	Calling bootstrap method install on firefox@getpocket.com version 1.0.5
1527664492035	addons.xpi-utils	DEBUG	Make addon app-system-defaults:firefox@getpocket.com visible
1527664492037	addons.xpi	DEBUG	Updating XPIState for {"id":"firefox@getpocket.com","syncGUID":"{7dcb3d84-88eb-41bd-9512-73bba441eb66}","location":"app-system-defaults","version":"1.0.5","type":"extension","internalName":null,"updateURL":null,"updateKey":null,"optionsURL":null,"optionsType":null,"aboutURL":null,"defaultLocale":{"name":"Pocket","description":"When you find something you want to view later, put it in Pocket.","creator":null,"homepageURL":null},"visible":true,"active":false,"userDisabled":false,"appDisabled":false,"installDate":1503580993000,"updateDate":1503580993000,"applyBackgroundUpdates":1,"bootstrap":true,"path":"/opt/firefox/browser/features/firefox@getpocket.com.xpi","skinnable":false,"size":855802,"sourceURI":null,"releaseNotesURI":null,"softDisabled":false,"foreignInstall":false,"hasBinaryComponents":false,"strictCompatibility":false,"locales":[],"targetApplications":[{"id":"{ec8030f7-c20a-464f-9b0e-13a3a9e97384}","minVersion":"55.0.3","maxVersion":"55.*"}],"targetPlatforms":[],"multiprocessCompatible":true,"seen":true,"dependencies":[],"hasEmbeddedWebExtension":false,"mpcOptedOut":false,"userPermissions":null,"icons":{},"iconURL":null,"icon64URL":null}
1527664492043	DeferredSave.extensions.json	DEBUG	Save changes
1527664492044	addons.manager	DEBUG	Registering startup change 'installed' for clicktoplay-rollout@mozilla.org
1527664492045	addons.xpi	DEBUG	Loading bootstrap scope from /opt/firefox/browser/features/clicktoplay-rollout@mozilla.org.xpi
1527664492064	addons.xpi	DEBUG	Calling bootstrap method install on clicktoplay-rollout@mozilla.org version 1.2
1527664492064	addons.xpi-utils	DEBUG	Make addon app-system-defaults:clicktoplay-rollout@mozilla.org visible
1527664492065	addons.xpi	DEBUG	Updating XPIState for {"id":"clicktoplay-rollout@mozilla.org","syncGUID":"{2f7ac2e6-1a1b-49fa-bab5-e59eb114d26c}","location":"app-system-defaults","version":"1.2","type":"extension","internalName":null,"updateURL":null,"updateKey":null,"optionsURL":null,"optionsType":null,"aboutURL":null,"defaultLocale":{"name":"Click-to-Play staged rollout","description":"Staged rollout for Click-to-Play Flash.","creator":null,"homepageURL":null},"visible":true,"active":false,"userDisabled":false,"appDisabled":false,"installDate":1503580993000,"updateDate":1503580993000,"applyBackgroundUpdates":1,"bootstrap":true,"path":"/opt/firefox/browser/features/clicktoplay-rollout@mozilla.org.xpi","skinnable":false,"size":5621,"sourceURI":null,"releaseNotesURI":null,"softDisabled":false,"foreignInstall":false,"hasBinaryComponents":false,"strictCompatibility":false,"locales":[],"targetApplications":[{"id":"{ec8030f7-c20a-464f-9b0e-13a3a9e97384}","minVersion":"55.0.3","maxVersion":"55.*"}],"targetPlatforms":[],"multiprocessCompatible":true,"seen":true,"dependencies":[],"hasEmbeddedWebExtension":false,"mpcOptedOut":false,"userPermissions":null,"icons":{},"iconURL":null,"icon64URL":null}
1527664492069	DeferredSave.extensions.json	DEBUG	Save changes
1527664492070	addons.manager	DEBUG	Registering startup change 'installed' for screenshots@mozilla.org
1527664492072	addons.xpi	DEBUG	Loading bootstrap scope from /opt/firefox/browser/features/screenshots@mozilla.org.xpi
1527664492080	addons.xpi	DEBUG	Calling bootstrap method install on screenshots@mozilla.org version 10.12.0
1527664492080	addons.xpi-utils	DEBUG	Make addon app-system-defaults:screenshots@mozilla.org visible
1527664492081	addons.xpi	DEBUG	Updating XPIState for {"id":"screenshots@mozilla.org","syncGUID":"{4ff541e7-d3f4-4692-b75e-edac3f21d24f}","location":"app-system-defaults","version":"10.12.0","type":"extension","internalName":null,"updateURL":null,"updateKey":null,"optionsURL":null,"optionsType":null,"aboutURL":null,"defaultLocale":{"name":"Firefox Screenshots","description":null,"creator":null,"homepageURL":"https://pageshot.net/"},"visible":true,"active":false,"userDisabled":false,"appDisabled":false,"installDate":1503580993000,"updateDate":1503580993000,"applyBackgroundUpdates":1,"bootstrap":true,"path":"/opt/firefox/browser/features/screenshots@mozilla.org.xpi","skinnable":false,"size":714554,"sourceURI":null,"releaseNotesURI":null,"softDisabled":false,"foreignInstall":false,"hasBinaryComponents":false,"strictCompatibility":false,"locales":[],"targetApplications":[{"id":"{ec8030f7-c20a-464f-9b0e-13a3a9e97384}","minVersion":"51.0a1","maxVersion":"*"}],"targetPlatforms":[],"multiprocessCompatible":true,"seen":true,"dependencies":[],"hasEmbeddedWebExtension":false,"mpcOptedOut":false,"userPermissions":null,"icons":{},"iconURL":null,"icon64URL":null}
1527664492085	DeferredSave.extensions.json	DEBUG	Save changes
1527664492087	addons.manager	DEBUG	Registering startup change 'installed' for aushelper@mozilla.org
1527664492088	addons.xpi	DEBUG	Loading bootstrap scope from /opt/firefox/browser/features/aushelper@mozilla.org.xpi
1527664492091	addons.xpi	DEBUG	Calling bootstrap method install on aushelper@mozilla.org version 2.0
1527664492091	addons.xpi-utils	DEBUG	Make addon app-system-defaults:aushelper@mozilla.org visible
1527664492092	addons.xpi	DEBUG	Updating XPIState for {"id":"aushelper@mozilla.org","syncGUID":"{6804e1de-a872-4de6-b54b-315bcea5d4b7}","location":"app-system-defaults","version":"2.0","type":"extension","internalName":null,"updateURL":null,"updateKey":null,"optionsURL":null,"optionsType":null,"aboutURL":null,"defaultLocale":{"name":"Application Update Service Helper","description":"Sets value(s) in the update url based on custom checks.","creator":null,"homepageURL":null},"visible":true,"active":false,"userDisabled":false,"appDisabled":false,"installDate":1503580993000,"updateDate":1503580993000,"applyBackgroundUpdates":1,"bootstrap":true,"path":"/opt/firefox/browser/features/aushelper@mozilla.org.xpi","skinnable":false,"size":8488,"sourceURI":null,"releaseNotesURI":null,"softDisabled":false,"foreignInstall":false,"hasBinaryComponents":false,"strictCompatibility":false,"locales":[],"targetApplications":[{"id":"{ec8030f7-c20a-464f-9b0e-13a3a9e97384}","minVersion":"55.0.3","maxVersion":"55.*"}],"targetPlatforms":[],"multiprocessCompatible":true,"seen":true,"dependencies":[],"hasEmbeddedWebExtension":false,"mpcOptedOut":false,"userPermissions":null,"icons":{},"iconURL":null,"icon64URL":null}
1527664492098	DeferredSave.extensions.json	DEBUG	Save changes
1527664492098	addons.manager	DEBUG	Registering startup change 'installed' for webcompat@mozilla.org
1527664492099	addons.xpi	DEBUG	Loading bootstrap scope from /opt/firefox/browser/features/webcompat@mozilla.org.xpi
1527664492102	addons.xpi	DEBUG	Calling bootstrap method install on webcompat@mozilla.org version 1.1
1527664492102	addons.xpi-utils	DEBUG	Make addon app-system-defaults:webcompat@mozilla.org visible
1527664492103	addons.xpi	DEBUG	Updating XPIState for {"id":"webcompat@mozilla.org","syncGUID":"{58d038c3-498f-4435-8feb-ae04e53eff74}","location":"app-system-defaults","version":"1.1","type":"extension","internalName":null,"updateURL":null,"updateKey":null,"optionsURL":null,"optionsType":null,"aboutURL":null,"defaultLocale":{"name":"Web Compat","description":"Urgent post-release fixes for web compatibility.","creator":null,"homepageURL":null},"visible":true,"active":false,"userDisabled":false,"appDisabled":false,"installDate":1503580993000,"updateDate":1503580993000,"applyBackgroundUpdates":1,"bootstrap":true,"path":"/opt/firefox/browser/features/webcompat@mozilla.org.xpi","skinnable":false,"size":8992,"sourceURI":null,"releaseNotesURI":null,"softDisabled":false,"foreignInstall":false,"hasBinaryComponents":false,"strictCompatibility":false,"locales":[],"targetApplications":[{"id":"{ec8030f7-c20a-464f-9b0e-13a3a9e97384}","minVersion":"55.0.3","maxVersion":"55.*"}],"targetPlatforms":[],"multiprocessCompatible":true,"seen":true,"dependencies":[],"hasEmbeddedWebExtension":false,"mpcOptedOut":false,"userPermissions":null,"icons":{},"iconURL":null,"icon64URL":null}
1527664492109	DeferredSave.extensions.json	DEBUG	Save changes
1527664492109	addons.manager	DEBUG	Registering startup change 'installed' for followonsearch@mozilla.com
1527664492110	addons.xpi	DEBUG	Loading bootstrap scope from /opt/firefox/browser/features/followonsearch@mozilla.com.xpi
1527664492115	addons.xpi	DEBUG	Calling bootstrap method install on followonsearch@mozilla.com version 0.9.1
1527664492116	addons.xpi-utils	DEBUG	Make addon app-system-defaults:followonsearch@mozilla.com visible
1527664492118	addons.xpi	DEBUG	Updating XPIState for {"id":"followonsearch@mozilla.com","syncGUID":"{697c6ad7-ca7c-41f1-b994-dc117bef8596}","location":"app-system-defaults","version":"0.9.1","type":"extension","internalName":null,"updateURL":null,"updateKey":null,"optionsURL":null,"optionsType":null,"aboutURL":null,"defaultLocale":{"name":"Follow-on Search Telemetry","description":null,"creator":null,"homepageURL":null},"visible":true,"active":false,"userDisabled":false,"appDisabled":false,"installDate":1503580993000,"updateDate":1503580993000,"applyBackgroundUpdates":1,"bootstrap":true,"path":"/opt/firefox/browser/features/followonsearch@mozilla.com.xpi","skinnable":false,"size":16730,"sourceURI":null,"releaseNotesURI":null,"softDisabled":false,"foreignInstall":false,"hasBinaryComponents":false,"strictCompatibility":false,"locales":[],"targetApplications":[{"id":"{ec8030f7-c20a-464f-9b0e-13a3a9e97384}","minVersion":"52.0","maxVersion":"59.*"}],"targetPlatforms":[],"multiprocessCompatible":true,"seen":true,"dependencies":[],"hasEmbeddedWebExtension":false,"mpcOptedOut":false,"userPermissions":null,"icons":{},"iconURL":null,"icon64URL":null}
1527664492122	DeferredSave.extensions.json	DEBUG	Save changes
1527664492124	addons.manager	DEBUG	Registering startup change 'installed' for shield-recipe-client@mozilla.org
1527664492130	addons.xpi	DEBUG	Loading bootstrap scope from /opt/firefox/browser/features/shield-recipe-client@mozilla.org.xpi
1527664492135	addons.xpi	DEBUG	Calling bootstrap method install on shield-recipe-client@mozilla.org version 55.1
1527664492136	addons.xpi-utils	DEBUG	Make addon app-system-defaults:shield-recipe-client@mozilla.org visible
1527664492137	addons.xpi	DEBUG	Updating XPIState for {"id":"shield-recipe-client@mozilla.org","syncGUID":"{621c7efb-00b2-4ec5-bef5-b81617989f76}","location":"app-system-defaults","version":"55.1","type":"extension","internalName":null,"updateURL":null,"updateKey":null,"optionsURL":null,"optionsType":null,"aboutURL":null,"defaultLocale":{"name":"Shield Recipe Client","description":"Client to download and run recipes for SHIELD, Heartbeat, etc.","creator":null,"homepageURL":null},"visible":true,"active":false,"userDisabled":false,"appDisabled":false,"installDate":1503580993000,"updateDate":1503580993000,"applyBackgroundUpdates":1,"bootstrap":true,"path":"/opt/firefox/browser/features/shield-recipe-client@mozilla.org.xpi","skinnable":false,"size":140305,"sourceURI":null,"releaseNotesURI":null,"softDisabled":false,"foreignInstall":false,"hasBinaryComponents":false,"strictCompatibility":false,"locales":[],"targetApplications":[{"id":"{ec8030f7-c20a-464f-9b0e-13a3a9e97384}","minVersion":"55.0.3","maxVersion":"55.*"}],"targetPlatforms":[],"multiprocessCompatible":true,"seen":true,"dependencies":[],"hasEmbeddedWebExtension":false,"mpcOptedOut":false,"userPermissions":null,"icons":{},"iconURL":null,"icon64URL":null}
1527664492143	DeferredSave.extensions.json	DEBUG	Save changes
1527664492143	addons.xpi-utils	DEBUG	Make addon app-global:{972ce4c6-7e08-4474-a285-3208198ce6fd} visible
1527664492143	addons.xpi	DEBUG	Updating XPIState for {"id":"{972ce4c6-7e08-4474-a285-3208198ce6fd}","syncGUID":"{fefa6762-94d9-47c5-a4f4-4df25dc74104}","location":"app-global","version":"55.0.3","type":"theme","internalName":"classic/1.0","updateURL":null,"updateKey":null,"optionsURL":null,"optionsType":null,"optionsBrowserStyle":null,"aboutURL":null,"defaultLocale":{"name":"Default","description":"The default theme.","creator":"Mozilla","homepageURL":null,"contributors":["Mozilla Contributors"]},"visible":true,"active":false,"userDisabled":false,"appDisabled":false,"installDate":1503580993000,"updateDate":1503580993000,"applyBackgroundUpdates":1,"path":"/opt/firefox/browser/extensions/{972ce4c6-7e08-4474-a285-3208198ce6fd}.xpi","skinnable":true,"size":2918,"sourceURI":null,"releaseNotesURI":null,"softDisabled":false,"foreignInstall":false,"hasBinaryComponents":false,"strictCompatibility":true,"locales":[],"targetApplications":[{"id":"{ec8030f7-c20a-464f-9b0e-13a3a9e97384}","minVersion":"55.0.3","maxVersion":"55.0.3"}],"targetPlatforms":[],"seen":true,"dependencies":[],"hasEmbeddedWebExtension":false,"userPermissions":null,"icons":{},"iconURL":"chrome://browser/content/default-theme-icon.svg","icon64URL":null}
1527664492144	DeferredSave.extensions.json	DEBUG	Save changes
1527664492145	addons.xpi	DEBUG	Updating XPIState for {"id":"e10srollout@mozilla.org","syncGUID":"{7e74e98a-822f-4628-b48c-afb53ee220ec}","location":"app-system-defaults","version":"2.0","type":"extension","internalName":null,"updateURL":null,"updateKey":null,"optionsURL":null,"optionsType":null,"aboutURL":null,"defaultLocale":{"name":"Multi-process staged rollout","description":"Staged rollout of Firefox multi-process feature.","creator":null,"homepageURL":null},"visible":true,"active":true,"userDisabled":false,"appDisabled":false,"installDate":1503580993000,"updateDate":1503580993000,"applyBackgroundUpdates":1,"bootstrap":true,"path":"/opt/firefox/browser/features/e10srollout@mozilla.org.xpi","skinnable":false,"size":13287,"sourceURI":null,"releaseNotesURI":null,"softDisabled":false,"foreignInstall":false,"hasBinaryComponents":false,"strictCompatibility":false,"locales":[],"targetApplications":[{"id":"{ec8030f7-c20a-464f-9b0e-13a3a9e97384}","minVersion":"55.0.3","maxVersion":"55.*"}],"targetPlatforms":[],"multiprocessCompatible":true,"seen":true,"dependencies":[],"hasEmbeddedWebExtension":false,"mpcOptedOut":false,"userPermissions":null,"icons":{},"iconURL":null,"icon64URL":null}
1527664492146	addons.xpi	DEBUG	Updating XPIState for {"id":"firefox@getpocket.com","syncGUID":"{7dcb3d84-88eb-41bd-9512-73bba441eb66}","location":"app-system-defaults","version":"1.0.5","type":"extension","internalName":null,"updateURL":null,"updateKey":null,"optionsURL":null,"optionsType":null,"aboutURL":null,"defaultLocale":{"name":"Pocket","description":"When you find something you want to view later, put it in Pocket.","creator":null,"homepageURL":null},"visible":true,"active":true,"userDisabled":false,"appDisabled":false,"installDate":1503580993000,"updateDate":1503580993000,"applyBackgroundUpdates":1,"bootstrap":true,"path":"/opt/firefox/browser/features/firefox@getpocket.com.xpi","skinnable":false,"size":855802,"sourceURI":null,"releaseNotesURI":null,"softDisabled":false,"foreignInstall":false,"hasBinaryComponents":false,"strictCompatibility":false,"locales":[],"targetApplications":[{"id":"{ec8030f7-c20a-464f-9b0e-13a3a9e97384}","minVersion":"55.0.3","maxVersion":"55.*"}],"targetPlatforms":[],"multiprocessCompatible":true,"seen":true,"dependencies":[],"hasEmbeddedWebExtension":false,"mpcOptedOut":false,"userPermissions":null,"icons":{},"iconURL":null,"icon64URL":null}
1527664492146	addons.xpi	DEBUG	Updating XPIState for {"id":"clicktoplay-rollout@mozilla.org","syncGUID":"{2f7ac2e6-1a1b-49fa-bab5-e59eb114d26c}","location":"app-system-defaults","version":"1.2","type":"extension","internalName":null,"updateURL":null,"updateKey":null,"optionsURL":null,"optionsType":null,"aboutURL":null,"defaultLocale":{"name":"Click-to-Play staged rollout","description":"Staged rollout for Click-to-Play Flash.","creator":null,"homepageURL":null},"visible":true,"active":true,"userDisabled":false,"appDisabled":false,"installDate":1503580993000,"updateDate":1503580993000,"applyBackgroundUpdates":1,"bootstrap":true,"path":"/opt/firefox/browser/features/clicktoplay-rollout@mozilla.org.xpi","skinnable":false,"size":5621,"sourceURI":null,"releaseNotesURI":null,"softDisabled":false,"foreignInstall":false,"hasBinaryComponents":false,"strictCompatibility":false,"locales":[],"targetApplications":[{"id":"{ec8030f7-c20a-464f-9b0e-13a3a9e97384}","minVersion":"55.0.3","maxVersion":"55.*"}],"targetPlatforms":[],"multiprocessCompatible":true,"seen":true,"dependencies":[],"hasEmbeddedWebExtension":false,"mpcOptedOut":false,"userPermissions":null,"icons":{},"iconURL":null,"icon64URL":null}
1527664492147	addons.xpi	DEBUG	Updating XPIState for {"id":"screenshots@mozilla.org","syncGUID":"{4ff541e7-d3f4-4692-b75e-edac3f21d24f}","location":"app-system-defaults","version":"10.12.0","type":"extension","internalName":null,"updateURL":null,"updateKey":null,"optionsURL":null,"optionsType":null,"aboutURL":null,"defaultLocale":{"name":"Firefox Screenshots","description":null,"creator":null,"homepageURL":"https://pageshot.net/"},"visible":true,"active":true,"userDisabled":false,"appDisabled":false,"installDate":1503580993000,"updateDate":1503580993000,"applyBackgroundUpdates":1,"bootstrap":true,"path":"/opt/firefox/browser/features/screenshots@mozilla.org.xpi","skinnable":false,"size":714554,"sourceURI":null,"releaseNotesURI":null,"softDisabled":false,"foreignInstall":false,"hasBinaryComponents":false,"strictCompatibility":false,"locales":[],"targetApplications":[{"id":"{ec8030f7-c20a-464f-9b0e-13a3a9e97384}","minVersion":"51.0a1","maxVersion":"*"}],"targetPlatforms":[],"multiprocessCompatible":true,"seen":true,"dependencies":[],"hasEmbeddedWebExtension":false,"mpcOptedOut":false,"userPermissions":null,"icons":{},"iconURL":null,"icon64URL":null}
1527664492162	addons.xpi	DEBUG	Updating XPIState for {"id":"aushelper@mozilla.org","syncGUID":"{6804e1de-a872-4de6-b54b-315bcea5d4b7}","location":"app-system-defaults","version":"2.0","type":"extension","internalName":null,"updateURL":null,"updateKey":null,"optionsURL":null,"optionsType":null,"aboutURL":null,"defaultLocale":{"name":"Application Update Service Helper","description":"Sets value(s) in the update url based on custom checks.","creator":null,"homepageURL":null},"visible":true,"active":true,"userDisabled":false,"appDisabled":false,"installDate":1503580993000,"updateDate":1503580993000,"applyBackgroundUpdates":1,"bootstrap":true,"path":"/opt/firefox/browser/features/aushelper@mozilla.org.xpi","skinnable":false,"size":8488,"sourceURI":null,"releaseNotesURI":null,"softDisabled":false,"foreignInstall":false,"hasBinaryComponents":false,"strictCompatibility":false,"locales":[],"targetApplications":[{"id":"{ec8030f7-c20a-464f-9b0e-13a3a9e97384}","minVersion":"55.0.3","maxVersion":"55.*"}],"targetPlatforms":[],"multiprocessCompatible":true,"seen":true,"dependencies":[],"hasEmbeddedWebExtension":false,"mpcOptedOut":false,"userPermissions":null,"icons":{},"iconURL":null,"icon64URL":null}
1527664492163	addons.xpi	DEBUG	Updating XPIState for {"id":"webcompat@mozilla.org","syncGUID":"{58d038c3-498f-4435-8feb-ae04e53eff74}","location":"app-system-defaults","version":"1.1","type":"extension","internalName":null,"updateURL":null,"updateKey":null,"optionsURL":null,"optionsType":null,"aboutURL":null,"defaultLocale":{"name":"Web Compat","description":"Urgent post-release fixes for web compatibility.","creator":null,"homepageURL":null},"visible":true,"active":true,"userDisabled":false,"appDisabled":false,"installDate":1503580993000,"updateDate":1503580993000,"applyBackgroundUpdates":1,"bootstrap":true,"path":"/opt/firefox/browser/features/webcompat@mozilla.org.xpi","skinnable":false,"size":8992,"sourceURI":null,"releaseNotesURI":null,"softDisabled":false,"foreignInstall":false,"hasBinaryComponents":false,"strictCompatibility":false,"locales":[],"targetApplications":[{"id":"{ec8030f7-c20a-464f-9b0e-13a3a9e97384}","minVersion":"55.0.3","maxVersion":"55.*"}],"targetPlatforms":[],"multiprocessCompatible":true,"seen":true,"dependencies":[],"hasEmbeddedWebExtension":false,"mpcOptedOut":false,"userPermissions":null,"icons":{},"iconURL":null,"icon64URL":null}
1527664492164	addons.xpi	DEBUG	Updating XPIState for {"id":"followonsearch@mozilla.com","syncGUID":"{697c6ad7-ca7c-41f1-b994-dc117bef8596}","location":"app-system-defaults","version":"0.9.1","type":"extension","internalName":null,"updateURL":null,"updateKey":null,"optionsURL":null,"optionsType":null,"aboutURL":null,"defaultLocale":{"name":"Follow-on Search Telemetry","description":null,"creator":null,"homepageURL":null},"visible":true,"active":true,"userDisabled":false,"appDisabled":false,"installDate":1503580993000,"updateDate":1503580993000,"applyBackgroundUpdates":1,"bootstrap":true,"path":"/opt/firefox/browser/features/followonsearch@mozilla.com.xpi","skinnable":false,"size":16730,"sourceURI":null,"releaseNotesURI":null,"softDisabled":false,"foreignInstall":false,"hasBinaryComponents":false,"strictCompatibility":false,"locales":[],"targetApplications":[{"id":"{ec8030f7-c20a-464f-9b0e-13a3a9e97384}","minVersion":"52.0","maxVersion":"59.*"}],"targetPlatforms":[],"multiprocessCompatible":true,"seen":true,"dependencies":[],"hasEmbeddedWebExtension":false,"mpcOptedOut":false,"userPermissions":null,"icons":{},"iconURL":null,"icon64URL":null}
1527664492164	addons.xpi	DEBUG	Updating XPIState for {"id":"shield-recipe-client@mozilla.org","syncGUID":"{621c7efb-00b2-4ec5-bef5-b81617989f76}","location":"app-system-defaults","version":"55.1","type":"extension","internalName":null,"updateURL":null,"updateKey":null,"optionsURL":null,"optionsType":null,"aboutURL":null,"defaultLocale":{"name":"Shield Recipe Client","description":"Client to download and run recipes for SHIELD, Heartbeat, etc.","creator":null,"homepageURL":null},"visible":true,"active":true,"userDisabled":false,"appDisabled":false,"installDate":1503580993000,"updateDate":1503580993000,"applyBackgroundUpdates":1,"bootstrap":true,"path":"/opt/firefox/browser/features/shield-recipe-client@mozilla.org.xpi","skinnable":false,"size":140305,"sourceURI":null,"releaseNotesURI":null,"softDisabled":false,"foreignInstall":false,"hasBinaryComponents":false,"strictCompatibility":false,"locales":[],"targetApplications":[{"id":"{ec8030f7-c20a-464f-9b0e-13a3a9e97384}","minVersion":"55.0.3","maxVersion":"55.*"}],"targetPlatforms":[],"multiprocessCompatible":true,"seen":true,"dependencies":[],"hasEmbeddedWebExtension":false,"mpcOptedOut":false,"userPermissions":null,"icons":{},"iconURL":null,"icon64URL":null}
1527664492165	addons.xpi	DEBUG	Updating XPIState for {"id":"{972ce4c6-7e08-4474-a285-3208198ce6fd}","syncGUID":"{fefa6762-94d9-47c5-a4f4-4df25dc74104}","location":"app-global","version":"55.0.3","type":"theme","internalName":"classic/1.0","updateURL":null,"updateKey":null,"optionsURL":null,"optionsType":null,"optionsBrowserStyle":null,"aboutURL":null,"defaultLocale":{"name":"Default","description":"The default theme.","creator":"Mozilla","homepageURL":null,"contributors":["Mozilla Contributors"]},"visible":true,"active":true,"userDisabled":false,"appDisabled":false,"installDate":1503580993000,"updateDate":1503580993000,"applyBackgroundUpdates":1,"path":"/opt/firefox/browser/extensions/{972ce4c6-7e08-4474-a285-3208198ce6fd}.xpi","skinnable":true,"size":2918,"sourceURI":null,"releaseNotesURI":null,"softDisabled":false,"foreignInstall":false,"hasBinaryComponents":false,"strictCompatibility":true,"locales":[],"targetApplications":[{"id":"{ec8030f7-c20a-464f-9b0e-13a3a9e97384}","minVersion":"55.0.3","maxVersion":"55.0.3"}],"targetPlatforms":[],"seen":true,"dependencies":[],"hasEmbeddedWebExtension":false,"userPermissions":null,"icons":{},"iconURL":"chrome://browser/content/default-theme-icon.svg","icon64URL":null}
1527664492166	DeferredSave.extensions.json	DEBUG	Save changes
1527664492166	addons.xpi	DEBUG	Updating database with changes to installed add-ons
1527664492166	addons.xpi-utils	DEBUG	Updating add-on states
1527664492172	addons.xpi	DEBUG	Registering manifest for /opt/firefox/browser/features/aushelper@mozilla.org.xpi
1527664492173	addons.xpi	DEBUG	Calling bootstrap method startup on aushelper@mozilla.org version 2.0
1527664492174	addons.xpi	DEBUG	Registering manifest for /opt/firefox/browser/features/clicktoplay-rollout@mozilla.org.xpi
1527664492175	addons.xpi	DEBUG	Calling bootstrap method startup on clicktoplay-rollout@mozilla.org version 1.2
1527664492408	addons.xpi	DEBUG	Registering manifest for /opt/firefox/browser/features/e10srollout@mozilla.org.xpi
1527664492408	addons.xpi	DEBUG	Calling bootstrap method startup on e10srollout@mozilla.org version 2.0
1527664492408	addons.xpi	DEBUG	Registering manifest for /opt/firefox/browser/features/firefox@getpocket.com.xpi
1527664492409	addons.xpi	DEBUG	Calling bootstrap method startup on firefox@getpocket.com version 1.0.5
1527664492450	addons.xpi	DEBUG	Registering manifest for /opt/firefox/browser/features/followonsearch@mozilla.com.xpi
1527664492450	addons.xpi	DEBUG	Calling bootstrap method startup on followonsearch@mozilla.com version 0.9.1
1527664492451	addons.xpi	DEBUG	Registering manifest for /opt/firefox/browser/features/screenshots@mozilla.org.xpi
1527664492452	addons.xpi	DEBUG	Calling bootstrap method startup on screenshots@mozilla.org version 10.12.0
1527664492452	addons.xpi	DEBUG	Registering manifest for /opt/firefox/browser/features/shield-recipe-client@mozilla.org.xpi
1527664492453	addons.xpi	DEBUG	Calling bootstrap method startup on shield-recipe-client@mozilla.org version 55.1
1527664492460	addons.xpi	DEBUG	Registering manifest for /opt/firefox/browser/features/webcompat@mozilla.org.xpi
1527664492461	addons.xpi	DEBUG	Calling bootstrap method startup on webcompat@mozilla.org version 1.1
1527664492465	addons.manager	DEBUG	Registering shutdown blocker for XPIProvider
1527664492466	addons.manager	DEBUG	Provider finished startup: XPIProvider
1527664492466	addons.manager	DEBUG	Starting provider: LightweightThemeManager
1527664492466	addons.manager	DEBUG	Registering shutdown blocker for LightweightThemeManager
1527664492466	addons.manager	DEBUG	Provider finished startup: LightweightThemeManager
1527664492467	addons.manager	DEBUG	Starting provider: GMPProvider
1527664492471	addons.manager	DEBUG	Registering shutdown blocker for GMPProvider
1527664492471	addons.manager	DEBUG	Provider finished startup: GMPProvider
1527664492472	addons.manager	DEBUG	Starting provider: PluginProvider
1527664492472	addons.manager	DEBUG	Registering shutdown blocker for PluginProvider
1527664492472	addons.manager	DEBUG	Provider finished startup: PluginProvider
1527664492473	addons.manager	DEBUG	Completed startup sequence
1527664492780	Marionette	INFO	Enabled via --marionette
1527664493412	addons.manager	DEBUG	Starting provider: PreviousExperimentProvider
1527664493412	addons.manager	DEBUG	Registering shutdown blocker for PreviousExperimentProvider
1527664493412	addons.manager	DEBUG	Provider finished startup: PreviousExperimentProvider
1527664493414	DeferredSave.extensions.json	DEBUG	Starting write
1527664493524	DeferredSave.extensions.json	DEBUG	Write succeeded
1527664493524	addons.xpi-utils	DEBUG	XPI Database saved, setting schema version preference to 21
1527664494993	addons.manager	DEBUG	Starting provider: <unnamed-provider>
1527664494993	addons.manager	DEBUG	Registering shutdown blocker for <unnamed-provider>
1527664494993	addons.manager	DEBUG	Provider finished startup: <unnamed-provider>
1527664494997	addons.xpi	INFO	Mapping e10srollout@mozilla.org to /opt/firefox/browser/features/e10srollout@mozilla.org.xpi
1527664494997	addons.xpi	INFO	Mapping firefox@getpocket.com to /opt/firefox/browser/features/firefox@getpocket.com.xpi
1527664494998	addons.xpi	INFO	Mapping clicktoplay-rollout@mozilla.org to /opt/firefox/browser/features/clicktoplay-rollout@mozilla.org.xpi
1527664494998	addons.xpi	INFO	Mapping screenshots@mozilla.org to /opt/firefox/browser/features/screenshots@mozilla.org.xpi
1527664494998	addons.xpi	INFO	Mapping aushelper@mozilla.org to /opt/firefox/browser/features/aushelper@mozilla.org.xpi
1527664494998	addons.xpi	INFO	Mapping webcompat@mozilla.org to /opt/firefox/browser/features/webcompat@mozilla.org.xpi
1527664494998	addons.xpi	INFO	Mapping followonsearch@mozilla.com to /opt/firefox/browser/features/followonsearch@mozilla.com.xpi
1527664494998	addons.xpi	INFO	Mapping shield-recipe-client@mozilla.org to /opt/firefox/browser/features/shield-recipe-client@mozilla.org.xpi
1527664494999	addons.xpi	DEBUG	Existing add-on e10srollout@mozilla.org in app-system-defaults
1527664494999	addons.xpi	DEBUG	Existing add-on firefox@getpocket.com in app-system-defaults
1527664494999	addons.xpi	DEBUG	Existing add-on clicktoplay-rollout@mozilla.org in app-system-defaults
1527664495000	addons.xpi	DEBUG	Existing add-on screenshots@mozilla.org in app-system-defaults
1527664495000	addons.xpi	DEBUG	Existing add-on aushelper@mozilla.org in app-system-defaults
1527664495000	addons.xpi	DEBUG	Existing add-on webcompat@mozilla.org in app-system-defaults
1527664495000	addons.xpi	DEBUG	Existing add-on followonsearch@mozilla.com in app-system-defaults
1527664495001	addons.xpi	DEBUG	Existing add-on shield-recipe-client@mozilla.org in app-system-defaults
1527664495001	addons.xpi	INFO	Mapping {972ce4c6-7e08-4474-a285-3208198ce6fd} to /opt/firefox/browser/extensions/{972ce4c6-7e08-4474-a285-3208198ce6fd}.xpi
1527664495001	addons.xpi	DEBUG	Existing add-on {972ce4c6-7e08-4474-a285-3208198ce6fd} in app-global
1527664495001	addons.xpi	DEBUG	getInstallState changed: false, state: {}
1527664495591	addons.productaddons	INFO	sending request to: https://aus5.mozilla.org/update/3/GMP/55.0.3/20170824123605/Linux_x86_64-gcc3/en-US/release/Linux%204.13.0-43-generic%20(GTK%203.18.9%2Clibpulse%208.0.0)/default/default/update.xml
1527664495665	Marionette	INFO	Listening on port 41003
JavaScript error: chrome://marionette/content/server.js, line 337: NS_ERROR_SOCKET_ADDRESS_IN_USE: Component returned failure code: 0x804b0036 (NS_ERROR_SOCKET_ADDRESS_IN_USE) [nsIServerSocket.initSpecialConnection]
1527664495756	Marionette	WARN	TLS certificate errors will be ignored for this session
1527664495803	Marionette	DEBUG	loaded listener.js
May 30, 2018 12:44:55 PM org.openqa.selenium.remote.ProtocolHandshake createSession
INFO: Detected dialect: W3C
1527664496077	geckodriver	INFO	geckodriver 0.20.0
1527664496087	geckodriver	INFO	Listening on 127.0.0.1:7088
1527664496114	mozrunner::runner	INFO	Running command: "/opt/firefox/firefox" "-marionette" "-profile" "/tmp/rust_mozprofile.ol2dq26Bppxg"
1527664496399	addons.manager	DEBUG	Application has been upgraded
1527664496622	addons.productaddons	INFO	Completed downloading document
1527664496815	addons.manager	DEBUG	Loaded provider scope for resource://gre/modules/addons/XPIProvider.jsm: ["XPIProvider", "XPIInternal"]
1527664496819	addons.manager	DEBUG	Loaded provider scope for resource://gre/modules/LightweightThemeManager.jsm: ["LightweightThemeManager"]
1527664496845	addons.manager	DEBUG	Loaded provider scope for resource://gre/modules/addons/GMPProvider.jsm
1527664496850	addons.manager	DEBUG	Loaded provider scope for resource://gre/modules/addons/PluginProvider.jsm
1527664496851	addons.manager	DEBUG	Starting provider: XPIProvider
1527664496852	addons.xpi	DEBUG	startup
1527664496852	addons.xpi	INFO	SystemAddonInstallLocation directory is missing
1527664496852	addons.xpi	INFO	Removing all system add-on upgrades.
1527664496854	addons.xpi	DEBUG	checkForChanges
1527664496854	addons.xpi	WARN	Error parsing extensions state: [Exception... "Component returned failure code: 0x80520012 (NS_ERROR_FILE_NOT_FOUND) [amIAddonManagerStartup.readStartupData]"  nsresult: "0x80520012 (NS_ERROR_FILE_NOT_FOUND)"  location: "JS frame :: resource://gre/modules/addons/XPIProvider.jsm :: loadExtensionState :: line 1596"  data: no] Stack trace: loadExtensionState()@resource://gre/modules/addons/XPIProvider.jsm:1596 < getInstallState()@resource://gre/modules/addons/XPIProvider.jsm:1631 < checkForChanges()@resource://gre/modules/addons/XPIProvider.jsm:3152 < startup()@resource://gre/modules/addons/XPIProvider.jsm:2246 < callProvider()@resource://gre/modules/AddonManager.jsm:271 < _startProvider()@resource://gre/modules/AddonManager.jsm:741 < startup()@resource://gre/modules/AddonManager.jsm:908 < startup()@resource://gre/modules/AddonManager.jsm:3122 < observe()@jar:file:///opt/firefox/omni.ja!/components/addonManager.js:65
1527664496856	addons.xpi	DEBUG	Loaded add-on state: ${}
1527664496857	addons.xpi	INFO	Mapping e10srollout@mozilla.org to /opt/firefox/browser/features/e10srollout@mozilla.org.xpi
1527664496858	addons.xpi	INFO	Mapping firefox@getpocket.com to /opt/firefox/browser/features/firefox@getpocket.com.xpi
1527664496858	addons.xpi	INFO	Mapping clicktoplay-rollout@mozilla.org to /opt/firefox/browser/features/clicktoplay-rollout@mozilla.org.xpi
1527664496858	addons.xpi	INFO	Mapping screenshots@mozilla.org to /opt/firefox/browser/features/screenshots@mozilla.org.xpi
1527664496858	addons.xpi	INFO	Mapping aushelper@mozilla.org to /opt/firefox/browser/features/aushelper@mozilla.org.xpi
1527664496858	addons.xpi	INFO	Mapping webcompat@mozilla.org to /opt/firefox/browser/features/webcompat@mozilla.org.xpi
1527664496859	addons.xpi	INFO	Mapping followonsearch@mozilla.com to /opt/firefox/browser/features/followonsearch@mozilla.com.xpi
1527664496859	addons.xpi	INFO	Mapping shield-recipe-client@mozilla.org to /opt/firefox/browser/features/shield-recipe-client@mozilla.org.xpi
1527664496859	addons.xpi	DEBUG	New add-on e10srollout@mozilla.org in app-system-defaults
1527664496860	addons.xpi	INFO	Mapping e10srollout@mozilla.org to /opt/firefox/browser/features/e10srollout@mozilla.org.xpi
1527664496861	addons.xpi	DEBUG	New add-on firefox@getpocket.com in app-system-defaults
1527664496862	addons.xpi	INFO	Mapping firefox@getpocket.com to /opt/firefox/browser/features/firefox@getpocket.com.xpi
1527664496862	addons.xpi	DEBUG	New add-on clicktoplay-rollout@mozilla.org in app-system-defaults
1527664496863	addons.xpi	INFO	Mapping clicktoplay-rollout@mozilla.org to /opt/firefox/browser/features/clicktoplay-rollout@mozilla.org.xpi
1527664496863	addons.xpi	DEBUG	New add-on screenshots@mozilla.org in app-system-defaults
1527664496863	addons.xpi	INFO	Mapping screenshots@mozilla.org to /opt/firefox/browser/features/screenshots@mozilla.org.xpi
1527664496864	addons.xpi	DEBUG	New add-on aushelper@mozilla.org in app-system-defaults
1527664496864	addons.xpi	INFO	Mapping aushelper@mozilla.org to /opt/firefox/browser/features/aushelper@mozilla.org.xpi
1527664496864	addons.xpi	DEBUG	New add-on webcompat@mozilla.org in app-system-defaults
1527664496864	addons.xpi	INFO	Mapping webcompat@mozilla.org to /opt/firefox/browser/features/webcompat@mozilla.org.xpi
1527664496865	addons.xpi	DEBUG	New add-on followonsearch@mozilla.com in app-system-defaults
1527664496865	addons.xpi	INFO	Mapping followonsearch@mozilla.com to /opt/firefox/browser/features/followonsearch@mozilla.com.xpi
1527664496865	addons.xpi	DEBUG	New add-on shield-recipe-client@mozilla.org in app-system-defaults
1527664496865	addons.xpi	INFO	Mapping shield-recipe-client@mozilla.org to /opt/firefox/browser/features/shield-recipe-client@mozilla.org.xpi
1527664496866	addons.xpi	INFO	Mapping {972ce4c6-7e08-4474-a285-3208198ce6fd} to /opt/firefox/browser/extensions/{972ce4c6-7e08-4474-a285-3208198ce6fd}.xpi
1527664496866	addons.xpi	DEBUG	New add-on {972ce4c6-7e08-4474-a285-3208198ce6fd} in app-global
1527664496866	addons.xpi	INFO	Mapping {972ce4c6-7e08-4474-a285-3208198ce6fd} to /opt/firefox/browser/extensions/{972ce4c6-7e08-4474-a285-3208198ce6fd}.xpi
1527664496866	addons.xpi	DEBUG	getInstallState changed: true, state: {}
1527664496867	addons.xpi	INFO	SystemAddonInstallLocation directory is missing
1527664496878	addons.xpi-utils	DEBUG	Opening XPI database /tmp/rust_mozprofile.ol2dq26Bppxg/extensions.json
1527664496881	addons.xpi-utils	DEBUG	New add-on e10srollout@mozilla.org installed in app-system-defaults
*** Blocklist::_loadBlocklistFromFile: blocklist is disabled
1527664496911	DeferredSave.extensions.json	DEBUG	Save changes
1527664496913	addons.xpi-utils	DEBUG	New add-on firefox@getpocket.com installed in app-system-defaults
1527664496916	DeferredSave.extensions.json	DEBUG	Starting timer
1527664496920	DeferredSave.extensions.json	DEBUG	Save changes
1527664496921	addons.xpi-utils	DEBUG	New add-on clicktoplay-rollout@mozilla.org installed in app-system-defaults
1527664496925	DeferredSave.extensions.json	DEBUG	Save changes
1527664496925	addons.xpi-utils	DEBUG	New add-on screenshots@mozilla.org installed in app-system-defaults
1527664496930	DeferredSave.extensions.json	DEBUG	Save changes
1527664496931	addons.xpi-utils	DEBUG	New add-on aushelper@mozilla.org installed in app-system-defaults
1527664496933	DeferredSave.extensions.json	DEBUG	Save changes
1527664496934	addons.xpi-utils	DEBUG	New add-on webcompat@mozilla.org installed in app-system-defaults
1527664496937	DeferredSave.extensions.json	DEBUG	Save changes
1527664496938	addons.xpi-utils	DEBUG	New add-on followonsearch@mozilla.com installed in app-system-defaults
1527664496940	DeferredSave.extensions.json	DEBUG	Save changes
1527664496940	addons.xpi-utils	DEBUG	New add-on shield-recipe-client@mozilla.org installed in app-system-defaults
1527664496943	DeferredSave.extensions.json	DEBUG	Save changes
1527664496943	addons.xpi-utils	DEBUG	New add-on {972ce4c6-7e08-4474-a285-3208198ce6fd} installed in app-global
1527664496946	DeferredSave.extensions.json	DEBUG	Save changes
1527664496946	addons.manager	DEBUG	Registering startup change 'installed' for e10srollout@mozilla.org
1527664496957	addons.xpi	DEBUG	Loading bootstrap scope from /opt/firefox/browser/features/e10srollout@mozilla.org.xpi
1527664496960	addons.xpi	DEBUG	Calling bootstrap method install on e10srollout@mozilla.org version 2.0
1527664496961	addons.xpi-utils	DEBUG	Make addon app-system-defaults:e10srollout@mozilla.org visible
1527664496962	addons.xpi	DEBUG	Updating XPIState for {"id":"e10srollout@mozilla.org","syncGUID":"{23011677-8556-45eb-aa0e-05e7f5b030da}","location":"app-system-defaults","version":"2.0","type":"extension","internalName":null,"updateURL":null,"updateKey":null,"optionsURL":null,"optionsType":null,"aboutURL":null,"defaultLocale":{"name":"Multi-process staged rollout","description":"Staged rollout of Firefox multi-process feature.","creator":null,"homepageURL":null},"visible":true,"active":false,"userDisabled":false,"appDisabled":false,"installDate":1503580993000,"updateDate":1503580993000,"applyBackgroundUpdates":1,"bootstrap":true,"path":"/opt/firefox/browser/features/e10srollout@mozilla.org.xpi","skinnable":false,"size":13287,"sourceURI":null,"releaseNotesURI":null,"softDisabled":false,"foreignInstall":false,"hasBinaryComponents":false,"strictCompatibility":false,"locales":[],"targetApplications":[{"id":"{ec8030f7-c20a-464f-9b0e-13a3a9e97384}","minVersion":"55.0.3","maxVersion":"55.*"}],"targetPlatforms":[],"multiprocessCompatible":true,"seen":true,"dependencies":[],"hasEmbeddedWebExtension":false,"mpcOptedOut":false,"userPermissions":null,"icons":{},"iconURL":null,"icon64URL":null}
1527664496968	DeferredSave.extensions.json	DEBUG	Save changes
1527664496969	addons.manager	DEBUG	Registering startup change 'installed' for firefox@getpocket.com
1527664496970	addons.xpi	DEBUG	Loading bootstrap scope from /opt/firefox/browser/features/firefox@getpocket.com.xpi
1527664496975	addons.xpi	DEBUG	Calling bootstrap method install on firefox@getpocket.com version 1.0.5
1527664496975	addons.xpi-utils	DEBUG	Make addon app-system-defaults:firefox@getpocket.com visible
1527664496975	addons.xpi	DEBUG	Updating XPIState for {"id":"firefox@getpocket.com","syncGUID":"{68780430-14a7-4812-a020-2ff40313dd86}","location":"app-system-defaults","version":"1.0.5","type":"extension","internalName":null,"updateURL":null,"updateKey":null,"optionsURL":null,"optionsType":null,"aboutURL":null,"defaultLocale":{"name":"Pocket","description":"When you find something you want to view later, put it in Pocket.","creator":null,"homepageURL":null},"visible":true,"active":false,"userDisabled":false,"appDisabled":false,"installDate":1503580993000,"updateDate":1503580993000,"applyBackgroundUpdates":1,"bootstrap":true,"path":"/opt/firefox/browser/features/firefox@getpocket.com.xpi","skinnable":false,"size":855802,"sourceURI":null,"releaseNotesURI":null,"softDisabled":false,"foreignInstall":false,"hasBinaryComponents":false,"strictCompatibility":false,"locales":[],"targetApplications":[{"id":"{ec8030f7-c20a-464f-9b0e-13a3a9e97384}","minVersion":"55.0.3","maxVersion":"55.*"}],"targetPlatforms":[],"multiprocessCompatible":true,"seen":true,"dependencies":[],"hasEmbeddedWebExtension":false,"mpcOptedOut":false,"userPermissions":null,"icons":{},"iconURL":null,"icon64URL":null}
1527664496976	DeferredSave.extensions.json	DEBUG	Save changes
1527664496977	addons.manager	DEBUG	Registering startup change 'installed' for clicktoplay-rollout@mozilla.org
1527664496977	addons.xpi	DEBUG	Loading bootstrap scope from /opt/firefox/browser/features/clicktoplay-rollout@mozilla.org.xpi
1527664496992	addons.xpi	DEBUG	Calling bootstrap method install on clicktoplay-rollout@mozilla.org version 1.2
1527664496993	addons.xpi-utils	DEBUG	Make addon app-system-defaults:clicktoplay-rollout@mozilla.org visible
1527664496993	addons.xpi	DEBUG	Updating XPIState for {"id":"clicktoplay-rollout@mozilla.org","syncGUID":"{ee8daf36-f37c-40d4-92d8-7c79ca46828f}","location":"app-system-defaults","version":"1.2","type":"extension","internalName":null,"updateURL":null,"updateKey":null,"optionsURL":null,"optionsType":null,"aboutURL":null,"defaultLocale":{"name":"Click-to-Play staged rollout","description":"Staged rollout for Click-to-Play Flash.","creator":null,"homepageURL":null},"visible":true,"active":false,"userDisabled":false,"appDisabled":false,"installDate":1503580993000,"updateDate":1503580993000,"applyBackgroundUpdates":1,"bootstrap":true,"path":"/opt/firefox/browser/features/clicktoplay-rollout@mozilla.org.xpi","skinnable":false,"size":5621,"sourceURI":null,"releaseNotesURI":null,"softDisabled":false,"foreignInstall":false,"hasBinaryComponents":false,"strictCompatibility":false,"locales":[],"targetApplications":[{"id":"{ec8030f7-c20a-464f-9b0e-13a3a9e97384}","minVersion":"55.0.3","maxVersion":"55.*"}],"targetPlatforms":[],"multiprocessCompatible":true,"seen":true,"dependencies":[],"hasEmbeddedWebExtension":false,"mpcOptedOut":false,"userPermissions":null,"icons":{},"iconURL":null,"icon64URL":null}
1527664496993	DeferredSave.extensions.json	DEBUG	Save changes
1527664496994	addons.manager	DEBUG	Registering startup change 'installed' for screenshots@mozilla.org
1527664496995	addons.xpi	DEBUG	Loading bootstrap scope from /opt/firefox/browser/features/screenshots@mozilla.org.xpi
1527664496997	addons.xpi	DEBUG	Calling bootstrap method install on screenshots@mozilla.org version 10.12.0
1527664496997	addons.xpi-utils	DEBUG	Make addon app-system-defaults:screenshots@mozilla.org visible
1527664496997	addons.xpi	DEBUG	Updating XPIState for {"id":"screenshots@mozilla.org","syncGUID":"{3f413496-87f9-4a4b-8631-df449b52268a}","location":"app-system-defaults","version":"10.12.0","type":"extension","internalName":null,"updateURL":null,"updateKey":null,"optionsURL":null,"optionsType":null,"aboutURL":null,"defaultLocale":{"name":"Firefox Screenshots","description":null,"creator":null,"homepageURL":"https://pageshot.net/"},"visible":true,"active":false,"userDisabled":false,"appDisabled":false,"installDate":1503580993000,"updateDate":1503580993000,"applyBackgroundUpdates":1,"bootstrap":true,"path":"/opt/firefox/browser/features/screenshots@mozilla.org.xpi","skinnable":false,"size":714554,"sourceURI":null,"releaseNotesURI":null,"softDisabled":false,"foreignInstall":false,"hasBinaryComponents":false,"strictCompatibility":false,"locales":[],"targetApplications":[{"id":"{ec8030f7-c20a-464f-9b0e-13a3a9e97384}","minVersion":"51.0a1","maxVersion":"*"}],"targetPlatforms":[],"multiprocessCompatible":true,"seen":true,"dependencies":[],"hasEmbeddedWebExtension":false,"mpcOptedOut":false,"userPermissions":null,"icons":{},"iconURL":null,"icon64URL":null}
1527664496998	DeferredSave.extensions.json	DEBUG	Save changes
1527664496998	addons.manager	DEBUG	Registering startup change 'installed' for aushelper@mozilla.org
1527664496999	addons.xpi	DEBUG	Loading bootstrap scope from /opt/firefox/browser/features/aushelper@mozilla.org.xpi
1527664497001	addons.xpi	DEBUG	Calling bootstrap method install on aushelper@mozilla.org version 2.0
1527664497001	addons.xpi-utils	DEBUG	Make addon app-system-defaults:aushelper@mozilla.org visible
1527664497001	addons.xpi	DEBUG	Updating XPIState for {"id":"aushelper@mozilla.org","syncGUID":"{461c602b-df26-4a91-8a99-64d1647e2425}","location":"app-system-defaults","version":"2.0","type":"extension","internalName":null,"updateURL":null,"updateKey":null,"optionsURL":null,"optionsType":null,"aboutURL":null,"defaultLocale":{"name":"Application Update Service Helper","description":"Sets value(s) in the update url based on custom checks.","creator":null,"homepageURL":null},"visible":true,"active":false,"userDisabled":false,"appDisabled":false,"installDate":1503580993000,"updateDate":1503580993000,"applyBackgroundUpdates":1,"bootstrap":true,"path":"/opt/firefox/browser/features/aushelper@mozilla.org.xpi","skinnable":false,"size":8488,"sourceURI":null,"releaseNotesURI":null,"softDisabled":false,"foreignInstall":false,"hasBinaryComponents":false,"strictCompatibility":false,"locales":[],"targetApplications":[{"id":"{ec8030f7-c20a-464f-9b0e-13a3a9e97384}","minVersion":"55.0.3","maxVersion":"55.*"}],"targetPlatforms":[],"multiprocessCompatible":true,"seen":true,"dependencies":[],"hasEmbeddedWebExtension":false,"mpcOptedOut":false,"userPermissions":null,"icons":{},"iconURL":null,"icon64URL":null}
1527664497002	DeferredSave.extensions.json	DEBUG	Save changes
1527664497002	addons.manager	DEBUG	Registering startup change 'installed' for webcompat@mozilla.org
1527664497003	addons.xpi	DEBUG	Loading bootstrap scope from /opt/firefox/browser/features/webcompat@mozilla.org.xpi
1527664497005	addons.xpi	DEBUG	Calling bootstrap method install on webcompat@mozilla.org version 1.1
1527664497005	addons.xpi-utils	DEBUG	Make addon app-system-defaults:webcompat@mozilla.org visible
1527664497006	addons.xpi	DEBUG	Updating XPIState for {"id":"webcompat@mozilla.org","syncGUID":"{dbe402e0-2594-4d48-94cc-a88eea990c3d}","location":"app-system-defaults","version":"1.1","type":"extension","internalName":null,"updateURL":null,"updateKey":null,"optionsURL":null,"optionsType":null,"aboutURL":null,"defaultLocale":{"name":"Web Compat","description":"Urgent post-release fixes for web compatibility.","creator":null,"homepageURL":null},"visible":true,"active":false,"userDisabled":false,"appDisabled":false,"installDate":1503580993000,"updateDate":1503580993000,"applyBackgroundUpdates":1,"bootstrap":true,"path":"/opt/firefox/browser/features/webcompat@mozilla.org.xpi","skinnable":false,"size":8992,"sourceURI":null,"releaseNotesURI":null,"softDisabled":false,"foreignInstall":false,"hasBinaryComponents":false,"strictCompatibility":false,"locales":[],"targetApplications":[{"id":"{ec8030f7-c20a-464f-9b0e-13a3a9e97384}","minVersion":"55.0.3","maxVersion":"55.*"}],"targetPlatforms":[],"multiprocessCompatible":true,"seen":true,"dependencies":[],"hasEmbeddedWebExtension":false,"mpcOptedOut":false,"userPermissions":null,"icons":{},"iconURL":null,"icon64URL":null}
1527664497006	DeferredSave.extensions.json	DEBUG	Save changes
1527664497006	addons.manager	DEBUG	Registering startup change 'installed' for followonsearch@mozilla.com
1527664497007	addons.xpi	DEBUG	Loading bootstrap scope from /opt/firefox/browser/features/followonsearch@mozilla.com.xpi
1527664497009	addons.xpi	DEBUG	Calling bootstrap method install on followonsearch@mozilla.com version 0.9.1
1527664497009	addons.xpi-utils	DEBUG	Make addon app-system-defaults:followonsearch@mozilla.com visible
1527664497009	addons.xpi	DEBUG	Updating XPIState for {"id":"followonsearch@mozilla.com","syncGUID":"{1a132ea6-849e-45a6-99b8-26b43acd78a9}","location":"app-system-defaults","version":"0.9.1","type":"extension","internalName":null,"updateURL":null,"updateKey":null,"optionsURL":null,"optionsType":null,"aboutURL":null,"defaultLocale":{"name":"Follow-on Search Telemetry","description":null,"creator":null,"homepageURL":null},"visible":true,"active":false,"userDisabled":false,"appDisabled":false,"installDate":1503580993000,"updateDate":1503580993000,"applyBackgroundUpdates":1,"bootstrap":true,"path":"/opt/firefox/browser/features/followonsearch@mozilla.com.xpi","skinnable":false,"size":16730,"sourceURI":null,"releaseNotesURI":null,"softDisabled":false,"foreignInstall":false,"hasBinaryComponents":false,"strictCompatibility":false,"locales":[],"targetApplications":[{"id":"{ec8030f7-c20a-464f-9b0e-13a3a9e97384}","minVersion":"52.0","maxVersion":"59.*"}],"targetPlatforms":[],"multiprocessCompatible":true,"seen":true,"dependencies":[],"hasEmbeddedWebExtension":false,"mpcOptedOut":false,"userPermissions":null,"icons":{},"iconURL":null,"icon64URL":null}
1527664497010	DeferredSave.extensions.json	DEBUG	Save changes
1527664497010	addons.manager	DEBUG	Registering startup change 'installed' for shield-recipe-client@mozilla.org
1527664497012	addons.xpi	DEBUG	Loading bootstrap scope from /opt/firefox/browser/features/shield-recipe-client@mozilla.org.xpi
1527664497014	addons.xpi	DEBUG	Calling bootstrap method install on shield-recipe-client@mozilla.org version 55.1
1527664497014	addons.xpi-utils	DEBUG	Make addon app-system-defaults:shield-recipe-client@mozilla.org visible
1527664497014	addons.xpi	DEBUG	Updating XPIState for {"id":"shield-recipe-client@mozilla.org","syncGUID":"{70950c3e-067c-4597-aa13-6d2748f97f61}","location":"app-system-defaults","version":"55.1","type":"extension","internalName":null,"updateURL":null,"updateKey":null,"optionsURL":null,"optionsType":null,"aboutURL":null,"defaultLocale":{"name":"Shield Recipe Client","description":"Client to download and run recipes for SHIELD, Heartbeat, etc.","creator":null,"homepageURL":null},"visible":true,"active":false,"userDisabled":false,"appDisabled":false,"installDate":1503580993000,"updateDate":1503580993000,"applyBackgroundUpdates":1,"bootstrap":true,"path":"/opt/firefox/browser/features/shield-recipe-client@mozilla.org.xpi","skinnable":false,"size":140305,"sourceURI":null,"releaseNotesURI":null,"softDisabled":false,"foreignInstall":false,"hasBinaryComponents":false,"strictCompatibility":false,"locales":[],"targetApplications":[{"id":"{ec8030f7-c20a-464f-9b0e-13a3a9e97384}","minVersion":"55.0.3","maxVersion":"55.*"}],"targetPlatforms":[],"multiprocessCompatible":true,"seen":true,"dependencies":[],"hasEmbeddedWebExtension":false,"mpcOptedOut":false,"userPermissions":null,"icons":{},"iconURL":null,"icon64URL":null}
1527664497015	DeferredSave.extensions.json	DEBUG	Save changes
1527664497015	addons.xpi-utils	DEBUG	Make addon app-global:{972ce4c6-7e08-4474-a285-3208198ce6fd} visible
1527664497015	addons.xpi	DEBUG	Updating XPIState for {"id":"{972ce4c6-7e08-4474-a285-3208198ce6fd}","syncGUID":"{de638ea2-c12d-45a1-b4ed-882a100d063c}","location":"app-global","version":"55.0.3","type":"theme","internalName":"classic/1.0","updateURL":null,"updateKey":null,"optionsURL":null,"optionsType":null,"optionsBrowserStyle":null,"aboutURL":null,"defaultLocale":{"name":"Default","description":"The default theme.","creator":"Mozilla","homepageURL":null,"contributors":["Mozilla Contributors"]},"visible":true,"active":false,"userDisabled":false,"appDisabled":false,"installDate":1503580993000,"updateDate":1503580993000,"applyBackgroundUpdates":1,"path":"/opt/firefox/browser/extensions/{972ce4c6-7e08-4474-a285-3208198ce6fd}.xpi","skinnable":true,"size":2918,"sourceURI":null,"releaseNotesURI":null,"softDisabled":false,"foreignInstall":false,"hasBinaryComponents":false,"strictCompatibility":true,"locales":[],"targetApplications":[{"id":"{ec8030f7-c20a-464f-9b0e-13a3a9e97384}","minVersion":"55.0.3","maxVersion":"55.0.3"}],"targetPlatforms":[],"seen":true,"dependencies":[],"hasEmbeddedWebExtension":false,"userPermissions":null,"icons":{},"iconURL":"chrome://browser/content/default-theme-icon.svg","icon64URL":null}
1527664497016	DeferredSave.extensions.json	DEBUG	Save changes
1527664497016	addons.xpi	DEBUG	Updating XPIState for {"id":"e10srollout@mozilla.org","syncGUID":"{23011677-8556-45eb-aa0e-05e7f5b030da}","location":"app-system-defaults","version":"2.0","type":"extension","internalName":null,"updateURL":null,"updateKey":null,"optionsURL":null,"optionsType":null,"aboutURL":null,"defaultLocale":{"name":"Multi-process staged rollout","description":"Staged rollout of Firefox multi-process feature.","creator":null,"homepageURL":null},"visible":true,"active":true,"userDisabled":false,"appDisabled":false,"installDate":1503580993000,"updateDate":1503580993000,"applyBackgroundUpdates":1,"bootstrap":true,"path":"/opt/firefox/browser/features/e10srollout@mozilla.org.xpi","skinnable":false,"size":13287,"sourceURI":null,"releaseNotesURI":null,"softDisabled":false,"foreignInstall":false,"hasBinaryComponents":false,"strictCompatibility":false,"locales":[],"targetApplications":[{"id":"{ec8030f7-c20a-464f-9b0e-13a3a9e97384}","minVersion":"55.0.3","maxVersion":"55.*"}],"targetPlatforms":[],"multiprocessCompatible":true,"seen":true,"dependencies":[],"hasEmbeddedWebExtension":false,"mpcOptedOut":false,"userPermissions":null,"icons":{},"iconURL":null,"icon64URL":null}
1527664497017	addons.xpi	DEBUG	Updating XPIState for {"id":"firefox@getpocket.com","syncGUID":"{68780430-14a7-4812-a020-2ff40313dd86}","location":"app-system-defaults","version":"1.0.5","type":"extension","internalName":null,"updateURL":null,"updateKey":null,"optionsURL":null,"optionsType":null,"aboutURL":null,"defaultLocale":{"name":"Pocket","description":"When you find something you want to view later, put it in Pocket.","creator":null,"homepageURL":null},"visible":true,"active":true,"userDisabled":false,"appDisabled":false,"installDate":1503580993000,"updateDate":1503580993000,"applyBackgroundUpdates":1,"bootstrap":true,"path":"/opt/firefox/browser/features/firefox@getpocket.com.xpi","skinnable":false,"size":855802,"sourceURI":null,"releaseNotesURI":null,"softDisabled":false,"foreignInstall":false,"hasBinaryComponents":false,"strictCompatibility":false,"locales":[],"targetApplications":[{"id":"{ec8030f7-c20a-464f-9b0e-13a3a9e97384}","minVersion":"55.0.3","maxVersion":"55.*"}],"targetPlatforms":[],"multiprocessCompatible":true,"seen":true,"dependencies":[],"hasEmbeddedWebExtension":false,"mpcOptedOut":false,"userPermissions":null,"icons":{},"iconURL":null,"icon64URL":null}
1527664497017	addons.xpi	DEBUG	Updating XPIState for {"id":"clicktoplay-rollout@mozilla.org","syncGUID":"{ee8daf36-f37c-40d4-92d8-7c79ca46828f}","location":"app-system-defaults","version":"1.2","type":"extension","internalName":null,"updateURL":null,"updateKey":null,"optionsURL":null,"optionsType":null,"aboutURL":null,"defaultLocale":{"name":"Click-to-Play staged rollout","description":"Staged rollout for Click-to-Play Flash.","creator":null,"homepageURL":null},"visible":true,"active":true,"userDisabled":false,"appDisabled":false,"installDate":1503580993000,"updateDate":1503580993000,"applyBackgroundUpdates":1,"bootstrap":true,"path":"/opt/firefox/browser/features/clicktoplay-rollout@mozilla.org.xpi","skinnable":false,"size":5621,"sourceURI":null,"releaseNotesURI":null,"softDisabled":false,"foreignInstall":false,"hasBinaryComponents":false,"strictCompatibility":false,"locales":[],"targetApplications":[{"id":"{ec8030f7-c20a-464f-9b0e-13a3a9e97384}","minVersion":"55.0.3","maxVersion":"55.*"}],"targetPlatforms":[],"multiprocessCompatible":true,"seen":true,"dependencies":[],"hasEmbeddedWebExtension":false,"mpcOptedOut":false,"userPermissions":null,"icons":{},"iconURL":null,"icon64URL":null}
1527664497017	addons.xpi	DEBUG	Updating XPIState for {"id":"screenshots@mozilla.org","syncGUID":"{3f413496-87f9-4a4b-8631-df449b52268a}","location":"app-system-defaults","version":"10.12.0","type":"extension","internalName":null,"updateURL":null,"updateKey":null,"optionsURL":null,"optionsType":null,"aboutURL":null,"defaultLocale":{"name":"Firefox Screenshots","description":null,"creator":null,"homepageURL":"https://pageshot.net/"},"visible":true,"active":true,"userDisabled":false,"appDisabled":false,"installDate":1503580993000,"updateDate":1503580993000,"applyBackgroundUpdates":1,"bootstrap":true,"path":"/opt/firefox/browser/features/screenshots@mozilla.org.xpi","skinnable":false,"size":714554,"sourceURI":null,"releaseNotesURI":null,"softDisabled":false,"foreignInstall":false,"hasBinaryComponents":false,"strictCompatibility":false,"locales":[],"targetApplications":[{"id":"{ec8030f7-c20a-464f-9b0e-13a3a9e97384}","minVersion":"51.0a1","maxVersion":"*"}],"targetPlatforms":[],"multiprocessCompatible":true,"seen":true,"dependencies":[],"hasEmbeddedWebExtension":false,"mpcOptedOut":false,"userPermissions":null,"icons":{},"iconURL":null,"icon64URL":null}
1527664497019	addons.xpi	DEBUG	Updating XPIState for {"id":"aushelper@mozilla.org","syncGUID":"{461c602b-df26-4a91-8a99-64d1647e2425}","location":"app-system-defaults","version":"2.0","type":"extension","internalName":null,"updateURL":null,"updateKey":null,"optionsURL":null,"optionsType":null,"aboutURL":null,"defaultLocale":{"name":"Application Update Service Helper","description":"Sets value(s) in the update url based on custom checks.","creator":null,"homepageURL":null},"visible":true,"active":true,"userDisabled":false,"appDisabled":false,"installDate":1503580993000,"updateDate":1503580993000,"applyBackgroundUpdates":1,"bootstrap":true,"path":"/opt/firefox/browser/features/aushelper@mozilla.org.xpi","skinnable":false,"size":8488,"sourceURI":null,"releaseNotesURI":null,"softDisabled":false,"foreignInstall":false,"hasBinaryComponents":false,"strictCompatibility":false,"locales":[],"targetApplications":[{"id":"{ec8030f7-c20a-464f-9b0e-13a3a9e97384}","minVersion":"55.0.3","maxVersion":"55.*"}],"targetPlatforms":[],"multiprocessCompatible":true,"seen":true,"dependencies":[],"hasEmbeddedWebExtension":false,"mpcOptedOut":false,"userPermissions":null,"icons":{},"iconURL":null,"icon64URL":null}
1527664497020	addons.xpi	DEBUG	Updating XPIState for {"id":"webcompat@mozilla.org","syncGUID":"{dbe402e0-2594-4d48-94cc-a88eea990c3d}","location":"app-system-defaults","version":"1.1","type":"extension","internalName":null,"updateURL":null,"updateKey":null,"optionsURL":null,"optionsType":null,"aboutURL":null,"defaultLocale":{"name":"Web Compat","description":"Urgent post-release fixes for web compatibility.","creator":null,"homepageURL":null},"visible":true,"active":true,"userDisabled":false,"appDisabled":false,"installDate":1503580993000,"updateDate":1503580993000,"applyBackgroundUpdates":1,"bootstrap":true,"path":"/opt/firefox/browser/features/webcompat@mozilla.org.xpi","skinnable":false,"size":8992,"sourceURI":null,"releaseNotesURI":null,"softDisabled":false,"foreignInstall":false,"hasBinaryComponents":false,"strictCompatibility":false,"locales":[],"targetApplications":[{"id":"{ec8030f7-c20a-464f-9b0e-13a3a9e97384}","minVersion":"55.0.3","maxVersion":"55.*"}],"targetPlatforms":[],"multiprocessCompatible":true,"seen":true,"dependencies":[],"hasEmbeddedWebExtension":false,"mpcOptedOut":false,"userPermissions":null,"icons":{},"iconURL":null,"icon64URL":null}
1527664497021	addons.xpi	DEBUG	Updating XPIState for {"id":"followonsearch@mozilla.com","syncGUID":"{1a132ea6-849e-45a6-99b8-26b43acd78a9}","location":"app-system-defaults","version":"0.9.1","type":"extension","internalName":null,"updateURL":null,"updateKey":null,"optionsURL":null,"optionsType":null,"aboutURL":null,"defaultLocale":{"name":"Follow-on Search Telemetry","description":null,"creator":null,"homepageURL":null},"visible":true,"active":true,"userDisabled":false,"appDisabled":false,"installDate":1503580993000,"updateDate":1503580993000,"applyBackgroundUpdates":1,"bootstrap":true,"path":"/opt/firefox/browser/features/followonsearch@mozilla.com.xpi","skinnable":false,"size":16730,"sourceURI":null,"releaseNotesURI":null,"softDisabled":false,"foreignInstall":false,"hasBinaryComponents":false,"strictCompatibility":false,"locales":[],"targetApplications":[{"id":"{ec8030f7-c20a-464f-9b0e-13a3a9e97384}","minVersion":"52.0","maxVersion":"59.*"}],"targetPlatforms":[],"multiprocessCompatible":true,"seen":true,"dependencies":[],"hasEmbeddedWebExtension":false,"mpcOptedOut":false,"userPermissions":null,"icons":{},"iconURL":null,"icon64URL":null}
1527664497021	addons.xpi	DEBUG	Updating XPIState for {"id":"shield-recipe-client@mozilla.org","syncGUID":"{70950c3e-067c-4597-aa13-6d2748f97f61}","location":"app-system-defaults","version":"55.1","type":"extension","internalName":null,"updateURL":null,"updateKey":null,"optionsURL":null,"optionsType":null,"aboutURL":null,"defaultLocale":{"name":"Shield Recipe Client","description":"Client to download and run recipes for SHIELD, Heartbeat, etc.","creator":null,"homepageURL":null},"visible":true,"active":true,"userDisabled":false,"appDisabled":false,"installDate":1503580993000,"updateDate":1503580993000,"applyBackgroundUpdates":1,"bootstrap":true,"path":"/opt/firefox/browser/features/shield-recipe-client@mozilla.org.xpi","skinnable":false,"size":140305,"sourceURI":null,"releaseNotesURI":null,"softDisabled":false,"foreignInstall":false,"hasBinaryComponents":false,"strictCompatibility":false,"locales":[],"targetApplications":[{"id":"{ec8030f7-c20a-464f-9b0e-13a3a9e97384}","minVersion":"55.0.3","maxVersion":"55.*"}],"targetPlatforms":[],"multiprocessCompatible":true,"seen":true,"dependencies":[],"hasEmbeddedWebExtension":false,"mpcOptedOut":false,"userPermissions":null,"icons":{},"iconURL":null,"icon64URL":null}
1527664497021	addons.xpi	DEBUG	Updating XPIState for {"id":"{972ce4c6-7e08-4474-a285-3208198ce6fd}","syncGUID":"{de638ea2-c12d-45a1-b4ed-882a100d063c}","location":"app-global","version":"55.0.3","type":"theme","internalName":"classic/1.0","updateURL":null,"updateKey":null,"optionsURL":null,"optionsType":null,"optionsBrowserStyle":null,"aboutURL":null,"defaultLocale":{"name":"Default","description":"The default theme.","creator":"Mozilla","homepageURL":null,"contributors":["Mozilla Contributors"]},"visible":true,"active":true,"userDisabled":false,"appDisabled":false,"installDate":1503580993000,"updateDate":1503580993000,"applyBackgroundUpdates":1,"path":"/opt/firefox/browser/extensions/{972ce4c6-7e08-4474-a285-3208198ce6fd}.xpi","skinnable":true,"size":2918,"sourceURI":null,"releaseNotesURI":null,"softDisabled":false,"foreignInstall":false,"hasBinaryComponents":false,"strictCompatibility":true,"locales":[],"targetApplications":[{"id":"{ec8030f7-c20a-464f-9b0e-13a3a9e97384}","minVersion":"55.0.3","maxVersion":"55.0.3"}],"targetPlatforms":[],"seen":true,"dependencies":[],"hasEmbeddedWebExtension":false,"userPermissions":null,"icons":{},"iconURL":"chrome://browser/content/default-theme-icon.svg","icon64URL":null}
1527664497022	DeferredSave.extensions.json	DEBUG	Save changes
1527664497022	addons.xpi	DEBUG	Updating database with changes to installed add-ons
1527664497022	addons.xpi-utils	DEBUG	Updating add-on states
1527664497031	addons.xpi	DEBUG	Registering manifest for /opt/firefox/browser/features/aushelper@mozilla.org.xpi
1527664497032	addons.xpi	DEBUG	Calling bootstrap method startup on aushelper@mozilla.org version 2.0
1527664497033	addons.xpi	DEBUG	Registering manifest for /opt/firefox/browser/features/clicktoplay-rollout@mozilla.org.xpi
1527664497033	addons.xpi	DEBUG	Calling bootstrap method startup on clicktoplay-rollout@mozilla.org version 1.2
1527664497125	addons.xpi	DEBUG	Registering manifest for /opt/firefox/browser/features/e10srollout@mozilla.org.xpi
1527664497127	addons.xpi	DEBUG	Calling bootstrap method startup on e10srollout@mozilla.org version 2.0
1527664497127	addons.xpi	DEBUG	Registering manifest for /opt/firefox/browser/features/firefox@getpocket.com.xpi
1527664497127	addons.xpi	DEBUG	Calling bootstrap method startup on firefox@getpocket.com version 1.0.5
1527664497192	addons.xpi	DEBUG	Registering manifest for /opt/firefox/browser/features/followonsearch@mozilla.com.xpi
1527664497192	addons.xpi	DEBUG	Calling bootstrap method startup on followonsearch@mozilla.com version 0.9.1
1527664497193	addons.xpi	DEBUG	Registering manifest for /opt/firefox/browser/features/screenshots@mozilla.org.xpi
1527664497195	addons.xpi	DEBUG	Calling bootstrap method startup on screenshots@mozilla.org version 10.12.0
1527664497196	addons.xpi	DEBUG	Registering manifest for /opt/firefox/browser/features/shield-recipe-client@mozilla.org.xpi
1527664497196	addons.xpi	DEBUG	Calling bootstrap method startup on shield-recipe-client@mozilla.org version 55.1
1527664497207	addons.xpi	DEBUG	Registering manifest for /opt/firefox/browser/features/webcompat@mozilla.org.xpi
1527664497207	addons.xpi	DEBUG	Calling bootstrap method startup on webcompat@mozilla.org version 1.1
1527664497219	addons.manager	DEBUG	Registering shutdown blocker for XPIProvider
1527664497220	addons.manager	DEBUG	Provider finished startup: XPIProvider
1527664497220	addons.manager	DEBUG	Starting provider: LightweightThemeManager
1527664497220	addons.manager	DEBUG	Registering shutdown blocker for LightweightThemeManager
1527664497220	addons.manager	DEBUG	Provider finished startup: LightweightThemeManager
1527664497222	addons.manager	DEBUG	Starting provider: GMPProvider
1527664497266	addons.manager	DEBUG	Registering shutdown blocker for GMPProvider
1527664497266	addons.manager	DEBUG	Provider finished startup: GMPProvider
1527664497267	addons.manager	DEBUG	Starting provider: PluginProvider
1527664497268	addons.manager	DEBUG	Registering shutdown blocker for PluginProvider
1527664497269	addons.manager	DEBUG	Provider finished startup: PluginProvider
1527664497270	addons.manager	DEBUG	Completed startup sequence
1527664497601	Marionette	INFO	Enabled via --marionette
1527664498154	addons.manager	DEBUG	Starting provider: PreviousExperimentProvider
1527664498154	addons.manager	DEBUG	Registering shutdown blocker for PreviousExperimentProvider
1527664498154	addons.manager	DEBUG	Provider finished startup: PreviousExperimentProvider
1527664498157	DeferredSave.extensions.json	DEBUG	Starting write
1527664498286	DeferredSave.extensions.json	DEBUG	Write succeeded
1527664498286	addons.xpi-utils	DEBUG	XPI Database saved, setting schema version preference to 21
1527664498725	addons.productaddons	INFO	downloadXHR File download. status=200
1527664498728	addons.productaddons	INFO	Downloaded file will be saved to /tmp/tmpaddon
1527664499774	addons.manager	DEBUG	Starting provider: <unnamed-provider>
1527664499774	addons.manager	DEBUG	Registering shutdown blocker for <unnamed-provider>
1527664499774	addons.manager	DEBUG	Provider finished startup: <unnamed-provider>
1527664499779	addons.xpi	INFO	Mapping e10srollout@mozilla.org to /opt/firefox/browser/features/e10srollout@mozilla.org.xpi
1527664499780	addons.xpi	INFO	Mapping firefox@getpocket.com to /opt/firefox/browser/features/firefox@getpocket.com.xpi
1527664499780	addons.xpi	INFO	Mapping clicktoplay-rollout@mozilla.org to /opt/firefox/browser/features/clicktoplay-rollout@mozilla.org.xpi
1527664499780	addons.xpi	INFO	Mapping screenshots@mozilla.org to /opt/firefox/browser/features/screenshots@mozilla.org.xpi
1527664499780	addons.xpi	INFO	Mapping aushelper@mozilla.org to /opt/firefox/browser/features/aushelper@mozilla.org.xpi
1527664499780	addons.xpi	INFO	Mapping webcompat@mozilla.org to /opt/firefox/browser/features/webcompat@mozilla.org.xpi
1527664499780	addons.xpi	INFO	Mapping followonsearch@mozilla.com to /opt/firefox/browser/features/followonsearch@mozilla.com.xpi
1527664499780	addons.xpi	INFO	Mapping shield-recipe-client@mozilla.org to /opt/firefox/browser/features/shield-recipe-client@mozilla.org.xpi
1527664499781	addons.xpi	DEBUG	Existing add-on e10srollout@mozilla.org in app-system-defaults
1527664499781	addons.xpi	DEBUG	Existing add-on firefox@getpocket.com in app-system-defaults
1527664499782	addons.xpi	DEBUG	Existing add-on clicktoplay-rollout@mozilla.org in app-system-defaults
1527664499782	addons.xpi	DEBUG	Existing add-on screenshots@mozilla.org in app-system-defaults
1527664499782	addons.xpi	DEBUG	Existing add-on aushelper@mozilla.org in app-system-defaults
1527664499782	addons.xpi	DEBUG	Existing add-on webcompat@mozilla.org in app-system-defaults
1527664499783	addons.xpi	DEBUG	Existing add-on followonsearch@mozilla.com in app-system-defaults
1527664499783	addons.xpi	DEBUG	Existing add-on shield-recipe-client@mozilla.org in app-system-defaults
1527664499783	addons.xpi	INFO	Mapping {972ce4c6-7e08-4474-a285-3208198ce6fd} to /opt/firefox/browser/extensions/{972ce4c6-7e08-4474-a285-3208198ce6fd}.xpi
1527664499784	addons.xpi	DEBUG	Existing add-on {972ce4c6-7e08-4474-a285-3208198ce6fd} in app-global
1527664499784	addons.xpi	DEBUG	getInstallState changed: false, state: {}
1527664500356	addons.productaddons	INFO	sending request to: https://aus5.mozilla.org/update/3/GMP/55.0.3/20170824123605/Linux_x86_64-gcc3/en-US/release/Linux%204.13.0-43-generic%20(GTK%203.18.9%2Clibpulse%208.0.0)/default/default/update.xml
1527664500423	Marionette	INFO	Listening on port 40879
1527664500508	Marionette	WARN	TLS certificate errors will be ignored for this session
JavaScript error: chrome://marionette/content/server.js, line 337: NS_ERROR_SOCKET_ADDRESS_IN_USE: Component returned failure code: 0x804b0036 (NS_ERROR_SOCKET_ADDRESS_IN_USE) [nsIServerSocket.initSpecialConnection]
1527664500571	Marionette	DEBUG	loaded listener.js
May 30, 2018 12:45:00 PM org.openqa.selenium.remote.ProtocolHandshake createSession
INFO: Detected dialect: W3C
1527664500717	Marionette	DEBUG	Received DOM event "beforeunload" for "about:blank"
1527664501370	addons.productaddons	INFO	Completed downloading document
1527664507104	addons.productaddons	INFO	downloadXHR File download. status=200
1527664507108	addons.productaddons	INFO	Downloaded file will be saved to /tmp/tmpaddon
1527664511588	Marionette	DEBUG	Received DOM event "pagehide" for "about:blank"
1527664511588	Marionette	DEBUG	Received DOM event "unload" for "about:blank"
JavaScript error: https://raymondnext.com/, line 186: ReferenceError: fbq is not defined
JavaScript warning: https://www.googletagmanager.com/gtag/js?id=DC-5525655, line 69: unreachable code after return statement
JavaScript warning: https://www.googletagmanager.com/gtag/js?id=DC-5525655, line 69: unreachable code after return statement
1527664512367	Marionette	DEBUG	Received DOM event "pageshow" for "https://raymondnext.com/"
1527664513258	Marionette	DEBUG	Received DOM event "DOMContentLoaded" for "https://5525655.fls.doubleclick.net/activityi;src=5525655;type=count0;cat=raymo0;ord=6373475791784;gtm=d4s;~oref=https%3A%2F%2Fraymondnext.com%2F?"
JavaScript warning: https://ajax.googleapis.com/ajax/libs/jquery/1.9.1/jquery.min.js, line 1: Using //@ to indicate sourceMappingURL pragmas is deprecated. Use //# instead
1527664513669	Marionette	DEBUG	Received DOM event "DOMContentLoaded" for "https://adservice.google.com/ddm/fls/i/src=5525655;type=count0;cat=raymo0;ord=6373475791784;gtm=d4s;_dc_1=1;~oref=https%3A%2F%2Fraymondnext.com%2F"
1527664513749	Marionette	DEBUG	Received DOM event "DOMContentLoaded" for "https://adservice.google.co.in/ddm/fls/i/src=5525655;type=count0;cat=raymo0;ord=6373475791784;gtm=d4s;_dc_1=3;~oref=https%3A%2F%2Fraymondnext.com%2F"
1527664513753	Marionette	DEBUG	Received DOM event "pageshow" for "https://adservice.google.co.in/ddm/fls/i/src=5525655;type=count0;cat=raymo0;ord=6373475791784;gtm=d4s;_dc_1=3;~oref=https%3A%2F%2Fraymondnext.com%2F"
1527664513755	Marionette	DEBUG	Received DOM event "pageshow" for "https://adservice.google.com/ddm/fls/i/src=5525655;type=count0;cat=raymo0;ord=6373475791784;gtm=d4s;_dc_1=1;~oref=https%3A%2F%2Fraymondnext.com%2F"
1527664513761	Marionette	DEBUG	Received DOM event "pageshow" for "https://5525655.fls.doubleclick.net/activityi;src=5525655;type=count0;cat=raymo0;ord=6373475791784;gtm=d4s;~oref=https%3A%2F%2Fraymondnext.com%2F?"
1527664527815	Marionette	DEBUG	Received DOM event "DOMContentLoaded" for "https://raymondnext.com/"
1527664528229	Marionette	DEBUG	Received DOM event "DOMContentLoaded" for "https://raymondnext.com/"
1527664528233	Marionette	DEBUG	Received DOM event "pageshow" for "https://raymondnext.com/"
1527664528772	Marionette	DEBUG	Received DOM event "DOMContentLoaded" for "https://raymondnext.com/9719530/digital_wallets/dialog"
1527664528775	Marionette	DEBUG	Received DOM event "pageshow" for "https://raymondnext.com/9719530/digital_wallets/dialog"
1527664528832	Marionette	DEBUG	Received DOM event "DOMContentLoaded" for "https://vars.hotjar.com/rcj-99d43ead6bdf30da8ed5ffcb4f17100c.html"
1527664528837	Marionette	DEBUG	Received DOM event "pageshow" for "https://vars.hotjar.com/rcj-99d43ead6bdf30da8ed5ffcb4f17100c.html"
1527664532782	Marionette	DEBUG	Received DOM event "pageshow" for "https://raymondnext.com/"
JavaScript error: https://raymondnext.com/collections/new-arrival, line 180: ReferenceError: fbq is not defined
JavaScript warning: https://www.googletagmanager.com/gtag/js?id=DC-5525655, line 69: unreachable code after return statement
JavaScript warning: https://www.googletagmanager.com/gtag/js?id=DC-5525655, line 69: unreachable code after return statement
JavaScript warning: https://ajax.googleapis.com/ajax/libs/jquery/1.9.1/jquery.min.js, line 1: Using //@ to indicate sourceMappingURL pragmas is deprecated. Use //# instead
1527664545223	Marionette	DEBUG	Received DOM event "beforeunload" for "https://raymondnext.com/collections/new-arrival"
1527664546207	Marionette	DEBUG	Received DOM event "pagehide" for "https://raymondnext.com/collections/new-arrival"
1527664546208	Marionette	DEBUG	Received DOM event "unload" for "https://raymondnext.com/collections/new-arrival"
JavaScript error: https://raymondnext.com/collections/new-arrival/products/parx-dark-blue-slim-tapered-fit-jeans-xmya02515-b682f028, line 239: ReferenceError: fbq is not defined
1527664546498	Marionette	DEBUG	Received observer notification "outer-window-destroyed" for "2147483666"
1527664546500	Marionette	DEBUG	Received observer notification "outer-window-destroyed" for "2147483669"
1527664546500	Marionette	DEBUG	Received observer notification "outer-window-destroyed" for "2147483671"
JavaScript warning: https://www.googletagmanager.com/gtag/js?id=DC-5525655, line 69: unreachable code after return statement
JavaScript warning: https://www.googletagmanager.com/gtag/js?id=DC-5525655, line 69: unreachable code after return statement
1527664546690	Marionette	DEBUG	Received DOM event "pageshow" for "https://raymondnext.com/collections/new-arrival/products/parx-dark-blue-slim-tapered-fit-jeans-xmya02515-b682f028"
1527664546840	Marionette	DEBUG	Received DOM event "DOMContentLoaded" for "https://5525655.fls.doubleclick.net/activityi;src=5525655;type=count0;cat=raymo00;ord=2125905580082;gtm=d4s;~oref=https%3A%2F%2Fraymondnext.com%2Fcollections%2Fnew-arrival%2Fproducts%2Fparx-dark-blue-slim-tapered-fit-jeans-xmya02515-b682f028?"
1527664546846	Marionette	DEBUG	Received DOM event "pageshow" for "https://5525655.fls.doubleclick.net/activityi;src=5525655;type=count0;cat=raymo00;ord=2125905580082;gtm=d4s;~oref=https%3A%2F%2Fraymondnext.com%2Fcollections%2Fnew-arrival%2Fproducts%2Fparx-dark-blue-slim-tapered-fit-jeans-xmya02515-b682f028?"
1527664547015	Marionette	DEBUG	Received DOM event "DOMContentLoaded" for "https://raymondnext.com/collections/new-arrival/products/parx-dark-blue-slim-tapered-fit-jeans-xmya02515-b682f028"
1527664547031	Marionette	DEBUG	Received DOM event "pageshow" for "https://raymondnext.com/collections/new-arrival/products/parx-dark-blue-slim-tapered-fit-jeans-xmya02515-b682f028"
1527664548031	Marionette	DEBUG	Received DOM event "DOMContentLoaded" for "https://www.facebook.com/tr/"
1527664548033	Marionette	DEBUG	Received observer notification "outer-window-destroyed" for "2147483678"
JavaScript warning: https://ajax.googleapis.com/ajax/libs/jquery/1.9.1/jquery.min.js, line 1: Using //@ to indicate sourceMappingURL pragmas is deprecated. Use //# instead
JavaScript error: https://cdn.shopify.com/s/files/1/0971/9530/t/82/assets/jquery.fancybox.pack.js?14980725739117687730, line 5: TypeError: f.browser is undefined
JavaScript error: https://raymondnext.com/collections/new-arrival/products/parx-dark-blue-slim-tapered-fit-jeans-xmya02515-b682f028, line 2909: TypeError: $.cookie is not a function
1527664548729	Marionette	DEBUG	Received DOM event "DOMContentLoaded" for "https://raymondnext.com/collections/new-arrival/products/parx-dark-blue-slim-tapered-fit-jeans-xmya02515-b682f028"
1527664548798	Marionette	DEBUG	Received DOM event "DOMContentLoaded" for "https://raymondnext.com/collections/new-arrival/products/parx-dark-blue-slim-tapered-fit-jeans-xmya02515-b682f028"
1527664548800	Marionette	DEBUG	Received DOM event "pageshow" for "https://raymondnext.com/collections/new-arrival/products/parx-dark-blue-slim-tapered-fit-jeans-xmya02515-b682f028"
1527664548938	Marionette	DEBUG	Received DOM event "DOMContentLoaded" for "https://vars.hotjar.com/rcj-99d43ead6bdf30da8ed5ffcb4f17100c.html"
1527664548947	Marionette	DEBUG	Received DOM event "pageshow" for "https://vars.hotjar.com/rcj-99d43ead6bdf30da8ed5ffcb4f17100c.html"
1527664549103	Marionette	DEBUG	Received DOM event "DOMContentLoaded" for "https://raymondnext.com/9719530/digital_wallets/dialog"
1527664549105	Marionette	DEBUG	Received DOM event "pageshow" for "https://raymondnext.com/9719530/digital_wallets/dialog"
1527664551371	addons.xpi	DEBUG	Calling bootstrap method shutdown on webcompat@mozilla.org version 1.1
1527664551371	addons.xpi	DEBUG	Calling bootstrap method shutdown on shield-recipe-client@mozilla.org version 55.1
1527664551374	addons.xpi	DEBUG	Calling bootstrap method shutdown on screenshots@mozilla.org version 10.12.0
1527664551376	addons.xpi	DEBUG	Calling bootstrap method shutdown on followonsearch@mozilla.com version 0.9.1
1527664551377	addons.xpi	DEBUG	Calling bootstrap method shutdown on firefox@getpocket.com version 1.0.5
1527664551377	addons.xpi	DEBUG	Calling bootstrap method shutdown on e10srollout@mozilla.org version 2.0
1527664551378	addons.xpi	DEBUG	Calling bootstrap method shutdown on clicktoplay-rollout@mozilla.org version 1.2
1527664551378	addons.xpi	DEBUG	Calling bootstrap method shutdown on aushelper@mozilla.org version 2.0
1527664551502	Marionette	DEBUG	Received observer notification "outer-window-destroyed" for "2147483675"
1527664551503	Marionette	DEBUG	Received observer notification "outer-window-destroyed" for "2147483681"
1527664551504	Marionette	DEBUG	Received observer notification "outer-window-destroyed" for "2147483683"
1527664551514	Marionette	DEBUG	Received observer notification "outer-window-destroyed" for "2147483649"

###!!! [Child][MessageChannel] Error: (msgtype=0x920027,name=PNecko::Msg_RemoveRequestContext) Channel closing: too late to send/recv, messages will be lost


###!!! [Child][RunMessage] Error: Channel closing: too late to send/recv, messages will be lost

1527664551676	addons.manager	DEBUG	shutdown
1527664551677	addons.manager	DEBUG	Calling shutdown blocker for XPIProvider
1527664551677	addons.xpi	DEBUG	shutdown
1527664551677	addons.xpi-utils	DEBUG	shutdown
1527664551678	addons.manager	DEBUG	Calling shutdown blocker for LightweightThemeManager
1527664551679	addons.manager	DEBUG	Calling shutdown blocker for GMPProvider
1527664551681	addons.manager	DEBUG	Calling shutdown blocker for PluginProvider
1527664551681	addons.manager	DEBUG	Calling shutdown blocker for PreviousExperimentProvider
1527664551682	addons.manager	DEBUG	Calling shutdown blocker for <unnamed-provider>
1527664551685	addons.xpi	DEBUG	Notifying XPI shutdown observers
1527664551699	addons.manager	DEBUG	Async provider shutdown done
1527664552463	geckodriver::marionette	ERROR	Failed to stop browser process
]]></system-err>
  </testcase>
  <testcase name="tearDown" classname="com.services.test.TestRaymondNextInfo" time="51.831">
    <failure message="Tried to run command without establishing a connection&#10;Build info: version: &apos;3.11.0&apos;, revision: &apos;e59cfb3&apos;, time: &apos;2018-03-11T20:26:55.152Z&apos;&#10;System info: host: &apos;streamoid-ThinkPad-T440s&apos;, ip: &apos;127.0.1.1&apos;, os.name: &apos;Linux&apos;, os.arch: &apos;amd64&apos;, os.version: &apos;4.13.0-43-generic&apos;, java.version: &apos;1.8.0_171&apos;&#10;Driver info: org.openqa.selenium.firefox.FirefoxDriver&#10;Capabilities {acceptInsecureCerts: true, browserName: firefox, browserVersion: 55.0.3, javascriptEnabled: true, moz:accessibilityChecks: false, moz:processID: 4525, moz:profile: /tmp/rust_mozprofile.ol2dq2..., pageLoadStrategy: normal, platform: LINUX, platformName: LINUX, platformVersion: 4.13.0-43-generic, rotatable: false, specificationLevel: 0, timeouts: {implicit: 0, pageLoad: 300000, script: 30000}}&#10;Session ID: 786eff70-68e5-4f2d-bac2-bbca0fb8b67a" type="org.openqa.selenium.SessionNotCreatedException">org.openqa.selenium.SessionNotCreatedException: 
Tried to run command without establishing a connection
Build info: version: '3.11.0', revision: 'e59cfb3', time: '2018-03-11T20:26:55.152Z'
System info: host: 'streamoid-ThinkPad-T440s', ip: '127.0.1.1', os.name: 'Linux', os.arch: 'amd64', os.version: '4.13.0-43-generic', java.version: '1.8.0_171'
Driver info: org.openqa.selenium.firefox.FirefoxDriver
Capabilities {acceptInsecureCerts: true, browserName: firefox, browserVersion: 55.0.3, javascriptEnabled: true, moz:accessibilityChecks: false, moz:processID: 4525, moz:profile: /tmp/rust_mozprofile.ol2dq2..., pageLoadStrategy: normal, platform: LINUX, platformName: LINUX, platformVersion: 4.13.0-43-generic, rotatable: false, specificationLevel: 0, timeouts: {implicit: 0, pageLoad: 300000, script: 30000}}
Session ID: 786eff70-68e5-4f2d-bac2-bbca0fb8b67a
	at com.services.test.TestRaymondNextInfo.tearDown(TestRaymondNextInfo.java:206)
</failure>
  </testcase>
  <testcase name="tearDown" classname="com.services.test.TestRaymondNextInfo" time="0">
    <skipped/>
  </testcase>
  <testcase name="testAllenSolly" classname="com.services.test.TestAllenSollyInfo" time="8.638">
    <failure message="Failed to decode response from marionette&#10;Build info: version: &apos;3.11.0&apos;, revision: &apos;e59cfb3&apos;, time: &apos;2018-03-11T20:26:55.152Z&apos;&#10;System info: host: &apos;streamoid-ThinkPad-T440s&apos;, ip: &apos;127.0.1.1&apos;, os.name: &apos;Linux&apos;, os.arch: &apos;amd64&apos;, os.version: &apos;4.13.0-43-generic&apos;, java.version: &apos;1.8.0_171&apos;&#10;Driver info: org.openqa.selenium.firefox.FirefoxDriver&#10;Capabilities {acceptInsecureCerts: true, browserName: firefox, browserVersion: 55.0.3, javascriptEnabled: true, moz:accessibilityChecks: false, moz:processID: 4773, moz:profile: /tmp/rust_mozprofile.qrNzyj..., pageLoadStrategy: normal, platform: LINUX, platformName: LINUX, platformVersion: 4.13.0-43-generic, rotatable: false, specificationLevel: 0, timeouts: {implicit: 0, pageLoad: 300000, script: 30000}}&#10;Session ID: e9f74cb4-15b2-46f4-8763-3e38a85be6ce" type="org.openqa.selenium.WebDriverException">org.openqa.selenium.WebDriverException: 
Failed to decode response from marionette
Build info: version: '3.11.0', revision: 'e59cfb3', time: '2018-03-11T20:26:55.152Z'
System info: host: 'streamoid-ThinkPad-T440s', ip: '127.0.1.1', os.name: 'Linux', os.arch: 'amd64', os.version: '4.13.0-43-generic', java.version: '1.8.0_171'
Driver info: org.openqa.selenium.firefox.FirefoxDriver
Capabilities {acceptInsecureCerts: true, browserName: firefox, browserVersion: 55.0.3, javascriptEnabled: true, moz:accessibilityChecks: false, moz:processID: 4773, moz:profile: /tmp/rust_mozprofile.qrNzyj..., pageLoadStrategy: normal, platform: LINUX, platformName: LINUX, platformVersion: 4.13.0-43-generic, rotatable: false, specificationLevel: 0, timeouts: {implicit: 0, pageLoad: 300000, script: 30000}}
Session ID: e9f74cb4-15b2-46f4-8763-3e38a85be6ce
	at com.services.test.TestAllenSollyInfo.testAllenSolly(TestAllenSollyInfo.java:66)
</failure>
    <system-err><![CDATA[1527664552558	geckodriver	INFO	geckodriver 0.20.0
1527664552575	geckodriver	INFO	Listening on 127.0.0.1:9217
1527664552598	mozrunner::runner	INFO	Running command: "/opt/firefox/firefox" "-marionette" "-profile" "/tmp/rust_mozprofile.L3tfyzmeN8lF"
1527664552823	addons.manager	DEBUG	Application has been upgraded
1527664552847	addons.manager	DEBUG	Loaded provider scope for resource://gre/modules/addons/XPIProvider.jsm: ["XPIProvider", "XPIInternal"]
1527664552851	addons.manager	DEBUG	Loaded provider scope for resource://gre/modules/LightweightThemeManager.jsm: ["LightweightThemeManager"]
1527664552887	addons.manager	DEBUG	Loaded provider scope for resource://gre/modules/addons/GMPProvider.jsm
1527664552895	addons.manager	DEBUG	Loaded provider scope for resource://gre/modules/addons/PluginProvider.jsm
1527664552896	addons.manager	DEBUG	Starting provider: XPIProvider
1527664552897	addons.xpi	DEBUG	startup
1527664552897	addons.xpi	INFO	SystemAddonInstallLocation directory is missing
1527664552897	addons.xpi	INFO	Removing all system add-on upgrades.
1527664552899	addons.xpi	DEBUG	checkForChanges
1527664552900	addons.xpi	WARN	Error parsing extensions state: [Exception... "Component returned failure code: 0x80520012 (NS_ERROR_FILE_NOT_FOUND) [amIAddonManagerStartup.readStartupData]"  nsresult: "0x80520012 (NS_ERROR_FILE_NOT_FOUND)"  location: "JS frame :: resource://gre/modules/addons/XPIProvider.jsm :: loadExtensionState :: line 1596"  data: no] Stack trace: loadExtensionState()@resource://gre/modules/addons/XPIProvider.jsm:1596 < getInstallState()@resource://gre/modules/addons/XPIProvider.jsm:1631 < checkForChanges()@resource://gre/modules/addons/XPIProvider.jsm:3152 < startup()@resource://gre/modules/addons/XPIProvider.jsm:2246 < callProvider()@resource://gre/modules/AddonManager.jsm:271 < _startProvider()@resource://gre/modules/AddonManager.jsm:741 < startup()@resource://gre/modules/AddonManager.jsm:908 < startup()@resource://gre/modules/AddonManager.jsm:3122 < observe()@jar:file:///opt/firefox/omni.ja!/components/addonManager.js:65
1527664552902	addons.xpi	DEBUG	Loaded add-on state: ${}
1527664552904	addons.xpi	INFO	Mapping e10srollout@mozilla.org to /opt/firefox/browser/features/e10srollout@mozilla.org.xpi
1527664552904	addons.xpi	INFO	Mapping firefox@getpocket.com to /opt/firefox/browser/features/firefox@getpocket.com.xpi
1527664552904	addons.xpi	INFO	Mapping clicktoplay-rollout@mozilla.org to /opt/firefox/browser/features/clicktoplay-rollout@mozilla.org.xpi
1527664552904	addons.xpi	INFO	Mapping screenshots@mozilla.org to /opt/firefox/browser/features/screenshots@mozilla.org.xpi
1527664552904	addons.xpi	INFO	Mapping aushelper@mozilla.org to /opt/firefox/browser/features/aushelper@mozilla.org.xpi
1527664552904	addons.xpi	INFO	Mapping webcompat@mozilla.org to /opt/firefox/browser/features/webcompat@mozilla.org.xpi
1527664552905	addons.xpi	INFO	Mapping followonsearch@mozilla.com to /opt/firefox/browser/features/followonsearch@mozilla.com.xpi
1527664552905	addons.xpi	INFO	Mapping shield-recipe-client@mozilla.org to /opt/firefox/browser/features/shield-recipe-client@mozilla.org.xpi
1527664552906	addons.xpi	DEBUG	New add-on e10srollout@mozilla.org in app-system-defaults
1527664552906	addons.xpi	INFO	Mapping e10srollout@mozilla.org to /opt/firefox/browser/features/e10srollout@mozilla.org.xpi
1527664552907	addons.xpi	DEBUG	New add-on firefox@getpocket.com in app-system-defaults
1527664552908	addons.xpi	INFO	Mapping firefox@getpocket.com to /opt/firefox/browser/features/firefox@getpocket.com.xpi
1527664552908	addons.xpi	DEBUG	New add-on clicktoplay-rollout@mozilla.org in app-system-defaults
1527664552909	addons.xpi	INFO	Mapping clicktoplay-rollout@mozilla.org to /opt/firefox/browser/features/clicktoplay-rollout@mozilla.org.xpi
1527664552909	addons.xpi	DEBUG	New add-on screenshots@mozilla.org in app-system-defaults
1527664552909	addons.xpi	INFO	Mapping screenshots@mozilla.org to /opt/firefox/browser/features/screenshots@mozilla.org.xpi
1527664552910	addons.xpi	DEBUG	New add-on aushelper@mozilla.org in app-system-defaults
1527664552910	addons.xpi	INFO	Mapping aushelper@mozilla.org to /opt/firefox/browser/features/aushelper@mozilla.org.xpi
1527664552910	addons.xpi	DEBUG	New add-on webcompat@mozilla.org in app-system-defaults
1527664552910	addons.xpi	INFO	Mapping webcompat@mozilla.org to /opt/firefox/browser/features/webcompat@mozilla.org.xpi
1527664552911	addons.xpi	DEBUG	New add-on followonsearch@mozilla.com in app-system-defaults
1527664552912	addons.xpi	INFO	Mapping followonsearch@mozilla.com to /opt/firefox/browser/features/followonsearch@mozilla.com.xpi
1527664552912	addons.xpi	DEBUG	New add-on shield-recipe-client@mozilla.org in app-system-defaults
1527664552913	addons.xpi	INFO	Mapping shield-recipe-client@mozilla.org to /opt/firefox/browser/features/shield-recipe-client@mozilla.org.xpi
1527664552914	addons.xpi	INFO	Mapping {972ce4c6-7e08-4474-a285-3208198ce6fd} to /opt/firefox/browser/extensions/{972ce4c6-7e08-4474-a285-3208198ce6fd}.xpi
1527664552914	addons.xpi	DEBUG	New add-on {972ce4c6-7e08-4474-a285-3208198ce6fd} in app-global
1527664552915	addons.xpi	INFO	Mapping {972ce4c6-7e08-4474-a285-3208198ce6fd} to /opt/firefox/browser/extensions/{972ce4c6-7e08-4474-a285-3208198ce6fd}.xpi
1527664552915	addons.xpi	DEBUG	getInstallState changed: true, state: {}
1527664552915	addons.xpi	INFO	SystemAddonInstallLocation directory is missing
1527664552927	addons.xpi-utils	DEBUG	Opening XPI database /tmp/rust_mozprofile.L3tfyzmeN8lF/extensions.json
1527664552931	addons.xpi-utils	DEBUG	New add-on e10srollout@mozilla.org installed in app-system-defaults
*** Blocklist::_loadBlocklistFromFile: blocklist is disabled
1527664552957	DeferredSave.extensions.json	DEBUG	Save changes
1527664552959	addons.xpi-utils	DEBUG	New add-on firefox@getpocket.com installed in app-system-defaults
1527664552964	DeferredSave.extensions.json	DEBUG	Starting timer
1527664552966	DeferredSave.extensions.json	DEBUG	Save changes
1527664552967	addons.xpi-utils	DEBUG	New add-on clicktoplay-rollout@mozilla.org installed in app-system-defaults
1527664552970	DeferredSave.extensions.json	DEBUG	Save changes
1527664552970	addons.xpi-utils	DEBUG	New add-on screenshots@mozilla.org installed in app-system-defaults
1527664552977	DeferredSave.extensions.json	DEBUG	Save changes
1527664552978	addons.xpi-utils	DEBUG	New add-on aushelper@mozilla.org installed in app-system-defaults
1527664552981	DeferredSave.extensions.json	DEBUG	Save changes
1527664552981	addons.xpi-utils	DEBUG	New add-on webcompat@mozilla.org installed in app-system-defaults
1527664552986	DeferredSave.extensions.json	DEBUG	Save changes
1527664552986	addons.xpi-utils	DEBUG	New add-on followonsearch@mozilla.com installed in app-system-defaults
1527664552988	DeferredSave.extensions.json	DEBUG	Save changes
1527664552988	addons.xpi-utils	DEBUG	New add-on shield-recipe-client@mozilla.org installed in app-system-defaults
1527664552992	DeferredSave.extensions.json	DEBUG	Save changes
1527664552992	addons.xpi-utils	DEBUG	New add-on {972ce4c6-7e08-4474-a285-3208198ce6fd} installed in app-global
1527664552996	DeferredSave.extensions.json	DEBUG	Save changes
1527664552997	addons.manager	DEBUG	Registering startup change 'installed' for e10srollout@mozilla.org
1527664553008	addons.xpi	DEBUG	Loading bootstrap scope from /opt/firefox/browser/features/e10srollout@mozilla.org.xpi
1527664553011	addons.xpi	DEBUG	Calling bootstrap method install on e10srollout@mozilla.org version 2.0
1527664553012	addons.xpi-utils	DEBUG	Make addon app-system-defaults:e10srollout@mozilla.org visible
1527664553013	addons.xpi	DEBUG	Updating XPIState for {"id":"e10srollout@mozilla.org","syncGUID":"{f9bdce7b-afae-4024-bd87-f30f3c94de68}","location":"app-system-defaults","version":"2.0","type":"extension","internalName":null,"updateURL":null,"updateKey":null,"optionsURL":null,"optionsType":null,"aboutURL":null,"defaultLocale":{"name":"Multi-process staged rollout","description":"Staged rollout of Firefox multi-process feature.","creator":null,"homepageURL":null},"visible":true,"active":false,"userDisabled":false,"appDisabled":false,"installDate":1503580993000,"updateDate":1503580993000,"applyBackgroundUpdates":1,"bootstrap":true,"path":"/opt/firefox/browser/features/e10srollout@mozilla.org.xpi","skinnable":false,"size":13287,"sourceURI":null,"releaseNotesURI":null,"softDisabled":false,"foreignInstall":false,"hasBinaryComponents":false,"strictCompatibility":false,"locales":[],"targetApplications":[{"id":"{ec8030f7-c20a-464f-9b0e-13a3a9e97384}","minVersion":"55.0.3","maxVersion":"55.*"}],"targetPlatforms":[],"multiprocessCompatible":true,"seen":true,"dependencies":[],"hasEmbeddedWebExtension":false,"mpcOptedOut":false,"userPermissions":null,"icons":{},"iconURL":null,"icon64URL":null}
1527664553016	DeferredSave.extensions.json	DEBUG	Save changes
1527664553016	addons.manager	DEBUG	Registering startup change 'installed' for firefox@getpocket.com
1527664553018	addons.xpi	DEBUG	Loading bootstrap scope from /opt/firefox/browser/features/firefox@getpocket.com.xpi
1527664553024	addons.xpi	DEBUG	Calling bootstrap method install on firefox@getpocket.com version 1.0.5
1527664553025	addons.xpi-utils	DEBUG	Make addon app-system-defaults:firefox@getpocket.com visible
1527664553025	addons.xpi	DEBUG	Updating XPIState for {"id":"firefox@getpocket.com","syncGUID":"{10a5573d-dfc4-4a51-8d2e-df29809acae1}","location":"app-system-defaults","version":"1.0.5","type":"extension","internalName":null,"updateURL":null,"updateKey":null,"optionsURL":null,"optionsType":null,"aboutURL":null,"defaultLocale":{"name":"Pocket","description":"When you find something you want to view later, put it in Pocket.","creator":null,"homepageURL":null},"visible":true,"active":false,"userDisabled":false,"appDisabled":false,"installDate":1503580993000,"updateDate":1503580993000,"applyBackgroundUpdates":1,"bootstrap":true,"path":"/opt/firefox/browser/features/firefox@getpocket.com.xpi","skinnable":false,"size":855802,"sourceURI":null,"releaseNotesURI":null,"softDisabled":false,"foreignInstall":false,"hasBinaryComponents":false,"strictCompatibility":false,"locales":[],"targetApplications":[{"id":"{ec8030f7-c20a-464f-9b0e-13a3a9e97384}","minVersion":"55.0.3","maxVersion":"55.*"}],"targetPlatforms":[],"multiprocessCompatible":true,"seen":true,"dependencies":[],"hasEmbeddedWebExtension":false,"mpcOptedOut":false,"userPermissions":null,"icons":{},"iconURL":null,"icon64URL":null}
1527664553030	DeferredSave.extensions.json	DEBUG	Save changes
1527664553030	addons.manager	DEBUG	Registering startup change 'installed' for clicktoplay-rollout@mozilla.org
1527664553031	addons.xpi	DEBUG	Loading bootstrap scope from /opt/firefox/browser/features/clicktoplay-rollout@mozilla.org.xpi
1527664553044	addons.xpi	DEBUG	Calling bootstrap method install on clicktoplay-rollout@mozilla.org version 1.2
1527664553044	addons.xpi-utils	DEBUG	Make addon app-system-defaults:clicktoplay-rollout@mozilla.org visible
1527664553045	addons.xpi	DEBUG	Updating XPIState for {"id":"clicktoplay-rollout@mozilla.org","syncGUID":"{191e3950-736a-476b-93ce-fc108628a7cc}","location":"app-system-defaults","version":"1.2","type":"extension","internalName":null,"updateURL":null,"updateKey":null,"optionsURL":null,"optionsType":null,"aboutURL":null,"defaultLocale":{"name":"Click-to-Play staged rollout","description":"Staged rollout for Click-to-Play Flash.","creator":null,"homepageURL":null},"visible":true,"active":false,"userDisabled":false,"appDisabled":false,"installDate":1503580993000,"updateDate":1503580993000,"applyBackgroundUpdates":1,"bootstrap":true,"path":"/opt/firefox/browser/features/clicktoplay-rollout@mozilla.org.xpi","skinnable":false,"size":5621,"sourceURI":null,"releaseNotesURI":null,"softDisabled":false,"foreignInstall":false,"hasBinaryComponents":false,"strictCompatibility":false,"locales":[],"targetApplications":[{"id":"{ec8030f7-c20a-464f-9b0e-13a3a9e97384}","minVersion":"55.0.3","maxVersion":"55.*"}],"targetPlatforms":[],"multiprocessCompatible":true,"seen":true,"dependencies":[],"hasEmbeddedWebExtension":false,"mpcOptedOut":false,"userPermissions":null,"icons":{},"iconURL":null,"icon64URL":null}
1527664553045	DeferredSave.extensions.json	DEBUG	Save changes
1527664553045	addons.manager	DEBUG	Registering startup change 'installed' for screenshots@mozilla.org
1527664553046	addons.xpi	DEBUG	Loading bootstrap scope from /opt/firefox/browser/features/screenshots@mozilla.org.xpi
1527664553049	addons.xpi	DEBUG	Calling bootstrap method install on screenshots@mozilla.org version 10.12.0
1527664553049	addons.xpi-utils	DEBUG	Make addon app-system-defaults:screenshots@mozilla.org visible
1527664553049	addons.xpi	DEBUG	Updating XPIState for {"id":"screenshots@mozilla.org","syncGUID":"{eb8a2cda-d242-4294-ae96-f51192b81859}","location":"app-system-defaults","version":"10.12.0","type":"extension","internalName":null,"updateURL":null,"updateKey":null,"optionsURL":null,"optionsType":null,"aboutURL":null,"defaultLocale":{"name":"Firefox Screenshots","description":null,"creator":null,"homepageURL":"https://pageshot.net/"},"visible":true,"active":false,"userDisabled":false,"appDisabled":false,"installDate":1503580993000,"updateDate":1503580993000,"applyBackgroundUpdates":1,"bootstrap":true,"path":"/opt/firefox/browser/features/screenshots@mozilla.org.xpi","skinnable":false,"size":714554,"sourceURI":null,"releaseNotesURI":null,"softDisabled":false,"foreignInstall":false,"hasBinaryComponents":false,"strictCompatibility":false,"locales":[],"targetApplications":[{"id":"{ec8030f7-c20a-464f-9b0e-13a3a9e97384}","minVersion":"51.0a1","maxVersion":"*"}],"targetPlatforms":[],"multiprocessCompatible":true,"seen":true,"dependencies":[],"hasEmbeddedWebExtension":false,"mpcOptedOut":false,"userPermissions":null,"icons":{},"iconURL":null,"icon64URL":null}
1527664553049	DeferredSave.extensions.json	DEBUG	Save changes
1527664553050	addons.manager	DEBUG	Registering startup change 'installed' for aushelper@mozilla.org
1527664553050	addons.xpi	DEBUG	Loading bootstrap scope from /opt/firefox/browser/features/aushelper@mozilla.org.xpi
1527664553053	addons.xpi	DEBUG	Calling bootstrap method install on aushelper@mozilla.org version 2.0
1527664553053	addons.xpi-utils	DEBUG	Make addon app-system-defaults:aushelper@mozilla.org visible
1527664553053	addons.xpi	DEBUG	Updating XPIState for {"id":"aushelper@mozilla.org","syncGUID":"{7203d01d-dd95-4abb-8fdd-7147f5180ba7}","location":"app-system-defaults","version":"2.0","type":"extension","internalName":null,"updateURL":null,"updateKey":null,"optionsURL":null,"optionsType":null,"aboutURL":null,"defaultLocale":{"name":"Application Update Service Helper","description":"Sets value(s) in the update url based on custom checks.","creator":null,"homepageURL":null},"visible":true,"active":false,"userDisabled":false,"appDisabled":false,"installDate":1503580993000,"updateDate":1503580993000,"applyBackgroundUpdates":1,"bootstrap":true,"path":"/opt/firefox/browser/features/aushelper@mozilla.org.xpi","skinnable":false,"size":8488,"sourceURI":null,"releaseNotesURI":null,"softDisabled":false,"foreignInstall":false,"hasBinaryComponents":false,"strictCompatibility":false,"locales":[],"targetApplications":[{"id":"{ec8030f7-c20a-464f-9b0e-13a3a9e97384}","minVersion":"55.0.3","maxVersion":"55.*"}],"targetPlatforms":[],"multiprocessCompatible":true,"seen":true,"dependencies":[],"hasEmbeddedWebExtension":false,"mpcOptedOut":false,"userPermissions":null,"icons":{},"iconURL":null,"icon64URL":null}
1527664553054	DeferredSave.extensions.json	DEBUG	Save changes
1527664553055	addons.manager	DEBUG	Registering startup change 'installed' for webcompat@mozilla.org
1527664553055	addons.xpi	DEBUG	Loading bootstrap scope from /opt/firefox/browser/features/webcompat@mozilla.org.xpi
1527664553058	addons.xpi	DEBUG	Calling bootstrap method install on webcompat@mozilla.org version 1.1
1527664553058	addons.xpi-utils	DEBUG	Make addon app-system-defaults:webcompat@mozilla.org visible
1527664553058	addons.xpi	DEBUG	Updating XPIState for {"id":"webcompat@mozilla.org","syncGUID":"{7179013a-c8e7-4aa0-be5e-8176f8dad8dc}","location":"app-system-defaults","version":"1.1","type":"extension","internalName":null,"updateURL":null,"updateKey":null,"optionsURL":null,"optionsType":null,"aboutURL":null,"defaultLocale":{"name":"Web Compat","description":"Urgent post-release fixes for web compatibility.","creator":null,"homepageURL":null},"visible":true,"active":false,"userDisabled":false,"appDisabled":false,"installDate":1503580993000,"updateDate":1503580993000,"applyBackgroundUpdates":1,"bootstrap":true,"path":"/opt/firefox/browser/features/webcompat@mozilla.org.xpi","skinnable":false,"size":8992,"sourceURI":null,"releaseNotesURI":null,"softDisabled":false,"foreignInstall":false,"hasBinaryComponents":false,"strictCompatibility":false,"locales":[],"targetApplications":[{"id":"{ec8030f7-c20a-464f-9b0e-13a3a9e97384}","minVersion":"55.0.3","maxVersion":"55.*"}],"targetPlatforms":[],"multiprocessCompatible":true,"seen":true,"dependencies":[],"hasEmbeddedWebExtension":false,"mpcOptedOut":false,"userPermissions":null,"icons":{},"iconURL":null,"icon64URL":null}
1527664553059	DeferredSave.extensions.json	DEBUG	Save changes
1527664553059	addons.manager	DEBUG	Registering startup change 'installed' for followonsearch@mozilla.com
1527664553060	addons.xpi	DEBUG	Loading bootstrap scope from /opt/firefox/browser/features/followonsearch@mozilla.com.xpi
1527664553062	addons.xpi	DEBUG	Calling bootstrap method install on followonsearch@mozilla.com version 0.9.1
1527664553062	addons.xpi-utils	DEBUG	Make addon app-system-defaults:followonsearch@mozilla.com visible
1527664553063	addons.xpi	DEBUG	Updating XPIState for {"id":"followonsearch@mozilla.com","syncGUID":"{35659ec6-7e32-42ed-bd17-69336311a86d}","location":"app-system-defaults","version":"0.9.1","type":"extension","internalName":null,"updateURL":null,"updateKey":null,"optionsURL":null,"optionsType":null,"aboutURL":null,"defaultLocale":{"name":"Follow-on Search Telemetry","description":null,"creator":null,"homepageURL":null},"visible":true,"active":false,"userDisabled":false,"appDisabled":false,"installDate":1503580993000,"updateDate":1503580993000,"applyBackgroundUpdates":1,"bootstrap":true,"path":"/opt/firefox/browser/features/followonsearch@mozilla.com.xpi","skinnable":false,"size":16730,"sourceURI":null,"releaseNotesURI":null,"softDisabled":false,"foreignInstall":false,"hasBinaryComponents":false,"strictCompatibility":false,"locales":[],"targetApplications":[{"id":"{ec8030f7-c20a-464f-9b0e-13a3a9e97384}","minVersion":"52.0","maxVersion":"59.*"}],"targetPlatforms":[],"multiprocessCompatible":true,"seen":true,"dependencies":[],"hasEmbeddedWebExtension":false,"mpcOptedOut":false,"userPermissions":null,"icons":{},"iconURL":null,"icon64URL":null}
1527664553064	DeferredSave.extensions.json	DEBUG	Save changes
1527664553064	addons.manager	DEBUG	Registering startup change 'installed' for shield-recipe-client@mozilla.org
1527664553066	addons.xpi	DEBUG	Loading bootstrap scope from /opt/firefox/browser/features/shield-recipe-client@mozilla.org.xpi
1527664553068	addons.xpi	DEBUG	Calling bootstrap method install on shield-recipe-client@mozilla.org version 55.1
1527664553068	addons.xpi-utils	DEBUG	Make addon app-system-defaults:shield-recipe-client@mozilla.org visible
1527664553069	addons.xpi	DEBUG	Updating XPIState for {"id":"shield-recipe-client@mozilla.org","syncGUID":"{b39747f8-c64a-4786-bb64-bfaa8147d70d}","location":"app-system-defaults","version":"55.1","type":"extension","internalName":null,"updateURL":null,"updateKey":null,"optionsURL":null,"optionsType":null,"aboutURL":null,"defaultLocale":{"name":"Shield Recipe Client","description":"Client to download and run recipes for SHIELD, Heartbeat, etc.","creator":null,"homepageURL":null},"visible":true,"active":false,"userDisabled":false,"appDisabled":false,"installDate":1503580993000,"updateDate":1503580993000,"applyBackgroundUpdates":1,"bootstrap":true,"path":"/opt/firefox/browser/features/shield-recipe-client@mozilla.org.xpi","skinnable":false,"size":140305,"sourceURI":null,"releaseNotesURI":null,"softDisabled":false,"foreignInstall":false,"hasBinaryComponents":false,"strictCompatibility":false,"locales":[],"targetApplications":[{"id":"{ec8030f7-c20a-464f-9b0e-13a3a9e97384}","minVersion":"55.0.3","maxVersion":"55.*"}],"targetPlatforms":[],"multiprocessCompatible":true,"seen":true,"dependencies":[],"hasEmbeddedWebExtension":false,"mpcOptedOut":false,"userPermissions":null,"icons":{},"iconURL":null,"icon64URL":null}
1527664553069	DeferredSave.extensions.json	DEBUG	Save changes
1527664553070	addons.xpi-utils	DEBUG	Make addon app-global:{972ce4c6-7e08-4474-a285-3208198ce6fd} visible
1527664553070	addons.xpi	DEBUG	Updating XPIState for {"id":"{972ce4c6-7e08-4474-a285-3208198ce6fd}","syncGUID":"{5c981130-6174-42f8-b4c4-a346f269738b}","location":"app-global","version":"55.0.3","type":"theme","internalName":"classic/1.0","updateURL":null,"updateKey":null,"optionsURL":null,"optionsType":null,"optionsBrowserStyle":null,"aboutURL":null,"defaultLocale":{"name":"Default","description":"The default theme.","creator":"Mozilla","homepageURL":null,"contributors":["Mozilla Contributors"]},"visible":true,"active":false,"userDisabled":false,"appDisabled":false,"installDate":1503580993000,"updateDate":1503580993000,"applyBackgroundUpdates":1,"path":"/opt/firefox/browser/extensions/{972ce4c6-7e08-4474-a285-3208198ce6fd}.xpi","skinnable":true,"size":2918,"sourceURI":null,"releaseNotesURI":null,"softDisabled":false,"foreignInstall":false,"hasBinaryComponents":false,"strictCompatibility":true,"locales":[],"targetApplications":[{"id":"{ec8030f7-c20a-464f-9b0e-13a3a9e97384}","minVersion":"55.0.3","maxVersion":"55.0.3"}],"targetPlatforms":[],"seen":true,"dependencies":[],"hasEmbeddedWebExtension":false,"userPermissions":null,"icons":{},"iconURL":"chrome://browser/content/default-theme-icon.svg","icon64URL":null}
1527664553071	DeferredSave.extensions.json	DEBUG	Save changes
1527664553072	addons.xpi	DEBUG	Updating XPIState for {"id":"e10srollout@mozilla.org","syncGUID":"{f9bdce7b-afae-4024-bd87-f30f3c94de68}","location":"app-system-defaults","version":"2.0","type":"extension","internalName":null,"updateURL":null,"updateKey":null,"optionsURL":null,"optionsType":null,"aboutURL":null,"defaultLocale":{"name":"Multi-process staged rollout","description":"Staged rollout of Firefox multi-process feature.","creator":null,"homepageURL":null},"visible":true,"active":true,"userDisabled":false,"appDisabled":false,"installDate":1503580993000,"updateDate":1503580993000,"applyBackgroundUpdates":1,"bootstrap":true,"path":"/opt/firefox/browser/features/e10srollout@mozilla.org.xpi","skinnable":false,"size":13287,"sourceURI":null,"releaseNotesURI":null,"softDisabled":false,"foreignInstall":false,"hasBinaryComponents":false,"strictCompatibility":false,"locales":[],"targetApplications":[{"id":"{ec8030f7-c20a-464f-9b0e-13a3a9e97384}","minVersion":"55.0.3","maxVersion":"55.*"}],"targetPlatforms":[],"multiprocessCompatible":true,"seen":true,"dependencies":[],"hasEmbeddedWebExtension":false,"mpcOptedOut":false,"userPermissions":null,"icons":{},"iconURL":null,"icon64URL":null}
1527664553073	addons.xpi	DEBUG	Updating XPIState for {"id":"firefox@getpocket.com","syncGUID":"{10a5573d-dfc4-4a51-8d2e-df29809acae1}","location":"app-system-defaults","version":"1.0.5","type":"extension","internalName":null,"updateURL":null,"updateKey":null,"optionsURL":null,"optionsType":null,"aboutURL":null,"defaultLocale":{"name":"Pocket","description":"When you find something you want to view later, put it in Pocket.","creator":null,"homepageURL":null},"visible":true,"active":true,"userDisabled":false,"appDisabled":false,"installDate":1503580993000,"updateDate":1503580993000,"applyBackgroundUpdates":1,"bootstrap":true,"path":"/opt/firefox/browser/features/firefox@getpocket.com.xpi","skinnable":false,"size":855802,"sourceURI":null,"releaseNotesURI":null,"softDisabled":false,"foreignInstall":false,"hasBinaryComponents":false,"strictCompatibility":false,"locales":[],"targetApplications":[{"id":"{ec8030f7-c20a-464f-9b0e-13a3a9e97384}","minVersion":"55.0.3","maxVersion":"55.*"}],"targetPlatforms":[],"multiprocessCompatible":true,"seen":true,"dependencies":[],"hasEmbeddedWebExtension":false,"mpcOptedOut":false,"userPermissions":null,"icons":{},"iconURL":null,"icon64URL":null}
1527664553073	addons.xpi	DEBUG	Updating XPIState for {"id":"clicktoplay-rollout@mozilla.org","syncGUID":"{191e3950-736a-476b-93ce-fc108628a7cc}","location":"app-system-defaults","version":"1.2","type":"extension","internalName":null,"updateURL":null,"updateKey":null,"optionsURL":null,"optionsType":null,"aboutURL":null,"defaultLocale":{"name":"Click-to-Play staged rollout","description":"Staged rollout for Click-to-Play Flash.","creator":null,"homepageURL":null},"visible":true,"active":true,"userDisabled":false,"appDisabled":false,"installDate":1503580993000,"updateDate":1503580993000,"applyBackgroundUpdates":1,"bootstrap":true,"path":"/opt/firefox/browser/features/clicktoplay-rollout@mozilla.org.xpi","skinnable":false,"size":5621,"sourceURI":null,"releaseNotesURI":null,"softDisabled":false,"foreignInstall":false,"hasBinaryComponents":false,"strictCompatibility":false,"locales":[],"targetApplications":[{"id":"{ec8030f7-c20a-464f-9b0e-13a3a9e97384}","minVersion":"55.0.3","maxVersion":"55.*"}],"targetPlatforms":[],"multiprocessCompatible":true,"seen":true,"dependencies":[],"hasEmbeddedWebExtension":false,"mpcOptedOut":false,"userPermissions":null,"icons":{},"iconURL":null,"icon64URL":null}
1527664553074	addons.xpi	DEBUG	Updating XPIState for {"id":"screenshots@mozilla.org","syncGUID":"{eb8a2cda-d242-4294-ae96-f51192b81859}","location":"app-system-defaults","version":"10.12.0","type":"extension","internalName":null,"updateURL":null,"updateKey":null,"optionsURL":null,"optionsType":null,"aboutURL":null,"defaultLocale":{"name":"Firefox Screenshots","description":null,"creator":null,"homepageURL":"https://pageshot.net/"},"visible":true,"active":true,"userDisabled":false,"appDisabled":false,"installDate":1503580993000,"updateDate":1503580993000,"applyBackgroundUpdates":1,"bootstrap":true,"path":"/opt/firefox/browser/features/screenshots@mozilla.org.xpi","skinnable":false,"size":714554,"sourceURI":null,"releaseNotesURI":null,"softDisabled":false,"foreignInstall":false,"hasBinaryComponents":false,"strictCompatibility":false,"locales":[],"targetApplications":[{"id":"{ec8030f7-c20a-464f-9b0e-13a3a9e97384}","minVersion":"51.0a1","maxVersion":"*"}],"targetPlatforms":[],"multiprocessCompatible":true,"seen":true,"dependencies":[],"hasEmbeddedWebExtension":false,"mpcOptedOut":false,"userPermissions":null,"icons":{},"iconURL":null,"icon64URL":null}
1527664553078	addons.xpi	DEBUG	Updating XPIState for {"id":"aushelper@mozilla.org","syncGUID":"{7203d01d-dd95-4abb-8fdd-7147f5180ba7}","location":"app-system-defaults","version":"2.0","type":"extension","internalName":null,"updateURL":null,"updateKey":null,"optionsURL":null,"optionsType":null,"aboutURL":null,"defaultLocale":{"name":"Application Update Service Helper","description":"Sets value(s) in the update url based on custom checks.","creator":null,"homepageURL":null},"visible":true,"active":true,"userDisabled":false,"appDisabled":false,"installDate":1503580993000,"updateDate":1503580993000,"applyBackgroundUpdates":1,"bootstrap":true,"path":"/opt/firefox/browser/features/aushelper@mozilla.org.xpi","skinnable":false,"size":8488,"sourceURI":null,"releaseNotesURI":null,"softDisabled":false,"foreignInstall":false,"hasBinaryComponents":false,"strictCompatibility":false,"locales":[],"targetApplications":[{"id":"{ec8030f7-c20a-464f-9b0e-13a3a9e97384}","minVersion":"55.0.3","maxVersion":"55.*"}],"targetPlatforms":[],"multiprocessCompatible":true,"seen":true,"dependencies":[],"hasEmbeddedWebExtension":false,"mpcOptedOut":false,"userPermissions":null,"icons":{},"iconURL":null,"icon64URL":null}
1527664553079	addons.xpi	DEBUG	Updating XPIState for {"id":"webcompat@mozilla.org","syncGUID":"{7179013a-c8e7-4aa0-be5e-8176f8dad8dc}","location":"app-system-defaults","version":"1.1","type":"extension","internalName":null,"updateURL":null,"updateKey":null,"optionsURL":null,"optionsType":null,"aboutURL":null,"defaultLocale":{"name":"Web Compat","description":"Urgent post-release fixes for web compatibility.","creator":null,"homepageURL":null},"visible":true,"active":true,"userDisabled":false,"appDisabled":false,"installDate":1503580993000,"updateDate":1503580993000,"applyBackgroundUpdates":1,"bootstrap":true,"path":"/opt/firefox/browser/features/webcompat@mozilla.org.xpi","skinnable":false,"size":8992,"sourceURI":null,"releaseNotesURI":null,"softDisabled":false,"foreignInstall":false,"hasBinaryComponents":false,"strictCompatibility":false,"locales":[],"targetApplications":[{"id":"{ec8030f7-c20a-464f-9b0e-13a3a9e97384}","minVersion":"55.0.3","maxVersion":"55.*"}],"targetPlatforms":[],"multiprocessCompatible":true,"seen":true,"dependencies":[],"hasEmbeddedWebExtension":false,"mpcOptedOut":false,"userPermissions":null,"icons":{},"iconURL":null,"icon64URL":null}
1527664553080	addons.xpi	DEBUG	Updating XPIState for {"id":"followonsearch@mozilla.com","syncGUID":"{35659ec6-7e32-42ed-bd17-69336311a86d}","location":"app-system-defaults","version":"0.9.1","type":"extension","internalName":null,"updateURL":null,"updateKey":null,"optionsURL":null,"optionsType":null,"aboutURL":null,"defaultLocale":{"name":"Follow-on Search Telemetry","description":null,"creator":null,"homepageURL":null},"visible":true,"active":true,"userDisabled":false,"appDisabled":false,"installDate":1503580993000,"updateDate":1503580993000,"applyBackgroundUpdates":1,"bootstrap":true,"path":"/opt/firefox/browser/features/followonsearch@mozilla.com.xpi","skinnable":false,"size":16730,"sourceURI":null,"releaseNotesURI":null,"softDisabled":false,"foreignInstall":false,"hasBinaryComponents":false,"strictCompatibility":false,"locales":[],"targetApplications":[{"id":"{ec8030f7-c20a-464f-9b0e-13a3a9e97384}","minVersion":"52.0","maxVersion":"59.*"}],"targetPlatforms":[],"multiprocessCompatible":true,"seen":true,"dependencies":[],"hasEmbeddedWebExtension":false,"mpcOptedOut":false,"userPermissions":null,"icons":{},"iconURL":null,"icon64URL":null}
1527664553080	addons.xpi	DEBUG	Updating XPIState for {"id":"shield-recipe-client@mozilla.org","syncGUID":"{b39747f8-c64a-4786-bb64-bfaa8147d70d}","location":"app-system-defaults","version":"55.1","type":"extension","internalName":null,"updateURL":null,"updateKey":null,"optionsURL":null,"optionsType":null,"aboutURL":null,"defaultLocale":{"name":"Shield Recipe Client","description":"Client to download and run recipes for SHIELD, Heartbeat, etc.","creator":null,"homepageURL":null},"visible":true,"active":true,"userDisabled":false,"appDisabled":false,"installDate":1503580993000,"updateDate":1503580993000,"applyBackgroundUpdates":1,"bootstrap":true,"path":"/opt/firefox/browser/features/shield-recipe-client@mozilla.org.xpi","skinnable":false,"size":140305,"sourceURI":null,"releaseNotesURI":null,"softDisabled":false,"foreignInstall":false,"hasBinaryComponents":false,"strictCompatibility":false,"locales":[],"targetApplications":[{"id":"{ec8030f7-c20a-464f-9b0e-13a3a9e97384}","minVersion":"55.0.3","maxVersion":"55.*"}],"targetPlatforms":[],"multiprocessCompatible":true,"seen":true,"dependencies":[],"hasEmbeddedWebExtension":false,"mpcOptedOut":false,"userPermissions":null,"icons":{},"iconURL":null,"icon64URL":null}
1527664553080	addons.xpi	DEBUG	Updating XPIState for {"id":"{972ce4c6-7e08-4474-a285-3208198ce6fd}","syncGUID":"{5c981130-6174-42f8-b4c4-a346f269738b}","location":"app-global","version":"55.0.3","type":"theme","internalName":"classic/1.0","updateURL":null,"updateKey":null,"optionsURL":null,"optionsType":null,"optionsBrowserStyle":null,"aboutURL":null,"defaultLocale":{"name":"Default","description":"The default theme.","creator":"Mozilla","homepageURL":null,"contributors":["Mozilla Contributors"]},"visible":true,"active":true,"userDisabled":false,"appDisabled":false,"installDate":1503580993000,"updateDate":1503580993000,"applyBackgroundUpdates":1,"path":"/opt/firefox/browser/extensions/{972ce4c6-7e08-4474-a285-3208198ce6fd}.xpi","skinnable":true,"size":2918,"sourceURI":null,"releaseNotesURI":null,"softDisabled":false,"foreignInstall":false,"hasBinaryComponents":false,"strictCompatibility":true,"locales":[],"targetApplications":[{"id":"{ec8030f7-c20a-464f-9b0e-13a3a9e97384}","minVersion":"55.0.3","maxVersion":"55.0.3"}],"targetPlatforms":[],"seen":true,"dependencies":[],"hasEmbeddedWebExtension":false,"userPermissions":null,"icons":{},"iconURL":"chrome://browser/content/default-theme-icon.svg","icon64URL":null}
1527664553081	DeferredSave.extensions.json	DEBUG	Save changes
1527664553081	addons.xpi	DEBUG	Updating database with changes to installed add-ons
1527664553081	addons.xpi-utils	DEBUG	Updating add-on states
1527664553088	addons.xpi	DEBUG	Registering manifest for /opt/firefox/browser/features/aushelper@mozilla.org.xpi
1527664553089	addons.xpi	DEBUG	Calling bootstrap method startup on aushelper@mozilla.org version 2.0
1527664553090	addons.xpi	DEBUG	Registering manifest for /opt/firefox/browser/features/clicktoplay-rollout@mozilla.org.xpi
1527664553091	addons.xpi	DEBUG	Calling bootstrap method startup on clicktoplay-rollout@mozilla.org version 1.2
1527664553185	addons.xpi	DEBUG	Registering manifest for /opt/firefox/browser/features/e10srollout@mozilla.org.xpi
1527664553185	addons.xpi	DEBUG	Calling bootstrap method startup on e10srollout@mozilla.org version 2.0
1527664553186	addons.xpi	DEBUG	Registering manifest for /opt/firefox/browser/features/firefox@getpocket.com.xpi
1527664553186	addons.xpi	DEBUG	Calling bootstrap method startup on firefox@getpocket.com version 1.0.5
1527664553225	addons.xpi	DEBUG	Registering manifest for /opt/firefox/browser/features/followonsearch@mozilla.com.xpi
1527664553225	addons.xpi	DEBUG	Calling bootstrap method startup on followonsearch@mozilla.com version 0.9.1
1527664553226	addons.xpi	DEBUG	Registering manifest for /opt/firefox/browser/features/screenshots@mozilla.org.xpi
1527664553226	addons.xpi	DEBUG	Calling bootstrap method startup on screenshots@mozilla.org version 10.12.0
1527664553226	addons.xpi	DEBUG	Registering manifest for /opt/firefox/browser/features/shield-recipe-client@mozilla.org.xpi
1527664553226	addons.xpi	DEBUG	Calling bootstrap method startup on shield-recipe-client@mozilla.org version 55.1
1527664553234	addons.xpi	DEBUG	Registering manifest for /opt/firefox/browser/features/webcompat@mozilla.org.xpi
1527664553235	addons.xpi	DEBUG	Calling bootstrap method startup on webcompat@mozilla.org version 1.1
1527664553243	addons.manager	DEBUG	Registering shutdown blocker for XPIProvider
1527664553243	addons.manager	DEBUG	Provider finished startup: XPIProvider
1527664553244	addons.manager	DEBUG	Starting provider: LightweightThemeManager
1527664553244	addons.manager	DEBUG	Registering shutdown blocker for LightweightThemeManager
1527664553244	addons.manager	DEBUG	Provider finished startup: LightweightThemeManager
1527664553245	addons.manager	DEBUG	Starting provider: GMPProvider
1527664553253	addons.manager	DEBUG	Registering shutdown blocker for GMPProvider
1527664553254	addons.manager	DEBUG	Provider finished startup: GMPProvider
1527664553254	addons.manager	DEBUG	Starting provider: PluginProvider
1527664553254	addons.manager	DEBUG	Registering shutdown blocker for PluginProvider
1527664553255	addons.manager	DEBUG	Provider finished startup: PluginProvider
1527664553260	addons.manager	DEBUG	Completed startup sequence
1527664553561	Marionette	INFO	Enabled via --marionette
1527664554076	addons.manager	DEBUG	Starting provider: PreviousExperimentProvider
1527664554076	addons.manager	DEBUG	Registering shutdown blocker for PreviousExperimentProvider
1527664554077	addons.manager	DEBUG	Provider finished startup: PreviousExperimentProvider
1527664554079	DeferredSave.extensions.json	DEBUG	Starting write
1527664554198	DeferredSave.extensions.json	DEBUG	Write succeeded
1527664554198	addons.xpi-utils	DEBUG	XPI Database saved, setting schema version preference to 21
1527664555694	addons.manager	DEBUG	Starting provider: <unnamed-provider>
1527664555694	addons.manager	DEBUG	Registering shutdown blocker for <unnamed-provider>
1527664555694	addons.manager	DEBUG	Provider finished startup: <unnamed-provider>
1527664555698	addons.xpi	INFO	Mapping e10srollout@mozilla.org to /opt/firefox/browser/features/e10srollout@mozilla.org.xpi
1527664555699	addons.xpi	INFO	Mapping firefox@getpocket.com to /opt/firefox/browser/features/firefox@getpocket.com.xpi
1527664555699	addons.xpi	INFO	Mapping clicktoplay-rollout@mozilla.org to /opt/firefox/browser/features/clicktoplay-rollout@mozilla.org.xpi
1527664555699	addons.xpi	INFO	Mapping screenshots@mozilla.org to /opt/firefox/browser/features/screenshots@mozilla.org.xpi
1527664555699	addons.xpi	INFO	Mapping aushelper@mozilla.org to /opt/firefox/browser/features/aushelper@mozilla.org.xpi
1527664555699	addons.xpi	INFO	Mapping webcompat@mozilla.org to /opt/firefox/browser/features/webcompat@mozilla.org.xpi
1527664555700	addons.xpi	INFO	Mapping followonsearch@mozilla.com to /opt/firefox/browser/features/followonsearch@mozilla.com.xpi
1527664555700	addons.xpi	INFO	Mapping shield-recipe-client@mozilla.org to /opt/firefox/browser/features/shield-recipe-client@mozilla.org.xpi
1527664555700	addons.xpi	DEBUG	Existing add-on e10srollout@mozilla.org in app-system-defaults
1527664555701	addons.xpi	DEBUG	Existing add-on firefox@getpocket.com in app-system-defaults
1527664555701	addons.xpi	DEBUG	Existing add-on clicktoplay-rollout@mozilla.org in app-system-defaults
1527664555701	addons.xpi	DEBUG	Existing add-on screenshots@mozilla.org in app-system-defaults
1527664555702	addons.xpi	DEBUG	Existing add-on aushelper@mozilla.org in app-system-defaults
1527664555702	addons.xpi	DEBUG	Existing add-on webcompat@mozilla.org in app-system-defaults
1527664555702	addons.xpi	DEBUG	Existing add-on followonsearch@mozilla.com in app-system-defaults
1527664555702	addons.xpi	DEBUG	Existing add-on shield-recipe-client@mozilla.org in app-system-defaults
1527664555703	addons.xpi	INFO	Mapping {972ce4c6-7e08-4474-a285-3208198ce6fd} to /opt/firefox/browser/extensions/{972ce4c6-7e08-4474-a285-3208198ce6fd}.xpi
1527664555703	addons.xpi	DEBUG	Existing add-on {972ce4c6-7e08-4474-a285-3208198ce6fd} in app-global
1527664555703	addons.xpi	DEBUG	getInstallState changed: false, state: {}
1527664556311	addons.productaddons	INFO	sending request to: https://aus5.mozilla.org/update/3/GMP/55.0.3/20170824123605/Linux_x86_64-gcc3/en-US/release/Linux%204.13.0-43-generic%20(GTK%203.18.9%2Clibpulse%208.0.0)/default/default/update.xml
1527664556446	Marionette	INFO	Listening on port 44307
JavaScript error: chrome://marionette/content/server.js, line 337: NS_ERROR_SOCKET_ADDRESS_IN_USE: Component returned failure code: 0x804b0036 (NS_ERROR_SOCKET_ADDRESS_IN_USE) [nsIServerSocket.initSpecialConnection]
1527664556518	Marionette	WARN	TLS certificate errors will be ignored for this session
1527664556562	Marionette	DEBUG	loaded listener.js
May 30, 2018 12:45:56 PM org.openqa.selenium.remote.ProtocolHandshake createSession
INFO: Detected dialect: W3C
1527664556725	geckodriver	INFO	geckodriver 0.20.0
1527664556734	geckodriver	INFO	Listening on 127.0.0.1:5062
1527664556765	mozrunner::runner	INFO	Running command: "/opt/firefox/firefox" "-marionette" "-profile" "/tmp/rust_mozprofile.qrNzyjEBMuZR"
1527664557013	addons.manager	DEBUG	Application has been upgraded
1527664557035	addons.manager	DEBUG	Loaded provider scope for resource://gre/modules/addons/XPIProvider.jsm: ["XPIProvider", "XPIInternal"]
1527664557038	addons.manager	DEBUG	Loaded provider scope for resource://gre/modules/LightweightThemeManager.jsm: ["LightweightThemeManager"]
1527664557071	addons.manager	DEBUG	Loaded provider scope for resource://gre/modules/addons/GMPProvider.jsm
1527664557075	addons.manager	DEBUG	Loaded provider scope for resource://gre/modules/addons/PluginProvider.jsm
1527664557077	addons.manager	DEBUG	Starting provider: XPIProvider
1527664557077	addons.xpi	DEBUG	startup
1527664557078	addons.xpi	INFO	SystemAddonInstallLocation directory is missing
1527664557078	addons.xpi	INFO	Removing all system add-on upgrades.
1527664557080	addons.xpi	DEBUG	checkForChanges
1527664557081	addons.xpi	WARN	Error parsing extensions state: [Exception... "Component returned failure code: 0x80520012 (NS_ERROR_FILE_NOT_FOUND) [amIAddonManagerStartup.readStartupData]"  nsresult: "0x80520012 (NS_ERROR_FILE_NOT_FOUND)"  location: "JS frame :: resource://gre/modules/addons/XPIProvider.jsm :: loadExtensionState :: line 1596"  data: no] Stack trace: loadExtensionState()@resource://gre/modules/addons/XPIProvider.jsm:1596 < getInstallState()@resource://gre/modules/addons/XPIProvider.jsm:1631 < checkForChanges()@resource://gre/modules/addons/XPIProvider.jsm:3152 < startup()@resource://gre/modules/addons/XPIProvider.jsm:2246 < callProvider()@resource://gre/modules/AddonManager.jsm:271 < _startProvider()@resource://gre/modules/AddonManager.jsm:741 < startup()@resource://gre/modules/AddonManager.jsm:908 < startup()@resource://gre/modules/AddonManager.jsm:3122 < observe()@jar:file:///opt/firefox/omni.ja!/components/addonManager.js:65
1527664557084	addons.xpi	DEBUG	Loaded add-on state: ${}
1527664557086	addons.xpi	INFO	Mapping e10srollout@mozilla.org to /opt/firefox/browser/features/e10srollout@mozilla.org.xpi
1527664557086	addons.xpi	INFO	Mapping firefox@getpocket.com to /opt/firefox/browser/features/firefox@getpocket.com.xpi
1527664557086	addons.xpi	INFO	Mapping clicktoplay-rollout@mozilla.org to /opt/firefox/browser/features/clicktoplay-rollout@mozilla.org.xpi
1527664557086	addons.xpi	INFO	Mapping screenshots@mozilla.org to /opt/firefox/browser/features/screenshots@mozilla.org.xpi
1527664557086	addons.xpi	INFO	Mapping aushelper@mozilla.org to /opt/firefox/browser/features/aushelper@mozilla.org.xpi
1527664557087	addons.xpi	INFO	Mapping webcompat@mozilla.org to /opt/firefox/browser/features/webcompat@mozilla.org.xpi
1527664557087	addons.xpi	INFO	Mapping followonsearch@mozilla.com to /opt/firefox/browser/features/followonsearch@mozilla.com.xpi
1527664557087	addons.xpi	INFO	Mapping shield-recipe-client@mozilla.org to /opt/firefox/browser/features/shield-recipe-client@mozilla.org.xpi
1527664557087	addons.xpi	DEBUG	New add-on e10srollout@mozilla.org in app-system-defaults
1527664557088	addons.xpi	INFO	Mapping e10srollout@mozilla.org to /opt/firefox/browser/features/e10srollout@mozilla.org.xpi
1527664557089	addons.xpi	DEBUG	New add-on firefox@getpocket.com in app-system-defaults
1527664557089	addons.xpi	INFO	Mapping firefox@getpocket.com to /opt/firefox/browser/features/firefox@getpocket.com.xpi
1527664557090	addons.xpi	DEBUG	New add-on clicktoplay-rollout@mozilla.org in app-system-defaults
1527664557090	addons.xpi	INFO	Mapping clicktoplay-rollout@mozilla.org to /opt/firefox/browser/features/clicktoplay-rollout@mozilla.org.xpi
1527664557091	addons.xpi	DEBUG	New add-on screenshots@mozilla.org in app-system-defaults
1527664557091	addons.xpi	INFO	Mapping screenshots@mozilla.org to /opt/firefox/browser/features/screenshots@mozilla.org.xpi
1527664557091	addons.xpi	DEBUG	New add-on aushelper@mozilla.org in app-system-defaults
1527664557091	addons.xpi	INFO	Mapping aushelper@mozilla.org to /opt/firefox/browser/features/aushelper@mozilla.org.xpi
1527664557091	addons.xpi	DEBUG	New add-on webcompat@mozilla.org in app-system-defaults
1527664557092	addons.xpi	INFO	Mapping webcompat@mozilla.org to /opt/firefox/browser/features/webcompat@mozilla.org.xpi
1527664557092	addons.xpi	DEBUG	New add-on followonsearch@mozilla.com in app-system-defaults
1527664557092	addons.xpi	INFO	Mapping followonsearch@mozilla.com to /opt/firefox/browser/features/followonsearch@mozilla.com.xpi
1527664557092	addons.xpi	DEBUG	New add-on shield-recipe-client@mozilla.org in app-system-defaults
1527664557092	addons.xpi	INFO	Mapping shield-recipe-client@mozilla.org to /opt/firefox/browser/features/shield-recipe-client@mozilla.org.xpi
1527664557093	addons.xpi	INFO	Mapping {972ce4c6-7e08-4474-a285-3208198ce6fd} to /opt/firefox/browser/extensions/{972ce4c6-7e08-4474-a285-3208198ce6fd}.xpi
1527664557093	addons.xpi	DEBUG	New add-on {972ce4c6-7e08-4474-a285-3208198ce6fd} in app-global
1527664557093	addons.xpi	INFO	Mapping {972ce4c6-7e08-4474-a285-3208198ce6fd} to /opt/firefox/browser/extensions/{972ce4c6-7e08-4474-a285-3208198ce6fd}.xpi
1527664557094	addons.xpi	DEBUG	getInstallState changed: true, state: {}
1527664557094	addons.xpi	INFO	SystemAddonInstallLocation directory is missing
1527664557104	addons.xpi-utils	DEBUG	Opening XPI database /tmp/rust_mozprofile.qrNzyjEBMuZR/extensions.json
1527664557106	addons.xpi-utils	DEBUG	New add-on e10srollout@mozilla.org installed in app-system-defaults
*** Blocklist::_loadBlocklistFromFile: blocklist is disabled
1527664557133	DeferredSave.extensions.json	DEBUG	Save changes
1527664557134	addons.xpi-utils	DEBUG	New add-on firefox@getpocket.com installed in app-system-defaults
1527664557137	DeferredSave.extensions.json	DEBUG	Starting timer
1527664557140	DeferredSave.extensions.json	DEBUG	Save changes
1527664557140	addons.xpi-utils	DEBUG	New add-on clicktoplay-rollout@mozilla.org installed in app-system-defaults
1527664557144	DeferredSave.extensions.json	DEBUG	Save changes
1527664557144	addons.xpi-utils	DEBUG	New add-on screenshots@mozilla.org installed in app-system-defaults
1527664557151	DeferredSave.extensions.json	DEBUG	Save changes
1527664557151	addons.xpi-utils	DEBUG	New add-on aushelper@mozilla.org installed in app-system-defaults
1527664557155	DeferredSave.extensions.json	DEBUG	Save changes
1527664557155	addons.xpi-utils	DEBUG	New add-on webcompat@mozilla.org installed in app-system-defaults
1527664557159	DeferredSave.extensions.json	DEBUG	Save changes
1527664557159	addons.xpi-utils	DEBUG	New add-on followonsearch@mozilla.com installed in app-system-defaults
1527664557162	DeferredSave.extensions.json	DEBUG	Save changes
1527664557162	addons.xpi-utils	DEBUG	New add-on shield-recipe-client@mozilla.org installed in app-system-defaults
1527664557164	DeferredSave.extensions.json	DEBUG	Save changes
1527664557165	addons.xpi-utils	DEBUG	New add-on {972ce4c6-7e08-4474-a285-3208198ce6fd} installed in app-global
1527664557167	DeferredSave.extensions.json	DEBUG	Save changes
1527664557168	addons.manager	DEBUG	Registering startup change 'installed' for e10srollout@mozilla.org
1527664557177	addons.xpi	DEBUG	Loading bootstrap scope from /opt/firefox/browser/features/e10srollout@mozilla.org.xpi
1527664557180	addons.xpi	DEBUG	Calling bootstrap method install on e10srollout@mozilla.org version 2.0
1527664557181	addons.xpi-utils	DEBUG	Make addon app-system-defaults:e10srollout@mozilla.org visible
1527664557182	addons.xpi	DEBUG	Updating XPIState for {"id":"e10srollout@mozilla.org","syncGUID":"{eb42d559-0460-45d7-b275-761712e43c5c}","location":"app-system-defaults","version":"2.0","type":"extension","internalName":null,"updateURL":null,"updateKey":null,"optionsURL":null,"optionsType":null,"aboutURL":null,"defaultLocale":{"name":"Multi-process staged rollout","description":"Staged rollout of Firefox multi-process feature.","creator":null,"homepageURL":null},"visible":true,"active":false,"userDisabled":false,"appDisabled":false,"installDate":1503580993000,"updateDate":1503580993000,"applyBackgroundUpdates":1,"bootstrap":true,"path":"/opt/firefox/browser/features/e10srollout@mozilla.org.xpi","skinnable":false,"size":13287,"sourceURI":null,"releaseNotesURI":null,"softDisabled":false,"foreignInstall":false,"hasBinaryComponents":false,"strictCompatibility":false,"locales":[],"targetApplications":[{"id":"{ec8030f7-c20a-464f-9b0e-13a3a9e97384}","minVersion":"55.0.3","maxVersion":"55.*"}],"targetPlatforms":[],"multiprocessCompatible":true,"seen":true,"dependencies":[],"hasEmbeddedWebExtension":false,"mpcOptedOut":false,"userPermissions":null,"icons":{},"iconURL":null,"icon64URL":null}
1527664557189	DeferredSave.extensions.json	DEBUG	Save changes
1527664557189	addons.manager	DEBUG	Registering startup change 'installed' for firefox@getpocket.com
1527664557191	addons.xpi	DEBUG	Loading bootstrap scope from /opt/firefox/browser/features/firefox@getpocket.com.xpi
1527664557196	addons.xpi	DEBUG	Calling bootstrap method install on firefox@getpocket.com version 1.0.5
1527664557196	addons.xpi-utils	DEBUG	Make addon app-system-defaults:firefox@getpocket.com visible
1527664557196	addons.xpi	DEBUG	Updating XPIState for {"id":"firefox@getpocket.com","syncGUID":"{e0b97d7c-2b29-4380-b627-4caf675a69b7}","location":"app-system-defaults","version":"1.0.5","type":"extension","internalName":null,"updateURL":null,"updateKey":null,"optionsURL":null,"optionsType":null,"aboutURL":null,"defaultLocale":{"name":"Pocket","description":"When you find something you want to view later, put it in Pocket.","creator":null,"homepageURL":null},"visible":true,"active":false,"userDisabled":false,"appDisabled":false,"installDate":1503580993000,"updateDate":1503580993000,"applyBackgroundUpdates":1,"bootstrap":true,"path":"/opt/firefox/browser/features/firefox@getpocket.com.xpi","skinnable":false,"size":855802,"sourceURI":null,"releaseNotesURI":null,"softDisabled":false,"foreignInstall":false,"hasBinaryComponents":false,"strictCompatibility":false,"locales":[],"targetApplications":[{"id":"{ec8030f7-c20a-464f-9b0e-13a3a9e97384}","minVersion":"55.0.3","maxVersion":"55.*"}],"targetPlatforms":[],"multiprocessCompatible":true,"seen":true,"dependencies":[],"hasEmbeddedWebExtension":false,"mpcOptedOut":false,"userPermissions":null,"icons":{},"iconURL":null,"icon64URL":null}
1527664557197	DeferredSave.extensions.json	DEBUG	Save changes
1527664557198	addons.manager	DEBUG	Registering startup change 'installed' for clicktoplay-rollout@mozilla.org
1527664557198	addons.xpi	DEBUG	Loading bootstrap scope from /opt/firefox/browser/features/clicktoplay-rollout@mozilla.org.xpi
1527664557211	addons.xpi	DEBUG	Calling bootstrap method install on clicktoplay-rollout@mozilla.org version 1.2
1527664557211	addons.xpi-utils	DEBUG	Make addon app-system-defaults:clicktoplay-rollout@mozilla.org visible
1527664557211	addons.xpi	DEBUG	Updating XPIState for {"id":"clicktoplay-rollout@mozilla.org","syncGUID":"{9fc513bf-5998-4cf4-bf4e-dac13171e1b3}","location":"app-system-defaults","version":"1.2","type":"extension","internalName":null,"updateURL":null,"updateKey":null,"optionsURL":null,"optionsType":null,"aboutURL":null,"defaultLocale":{"name":"Click-to-Play staged rollout","description":"Staged rollout for Click-to-Play Flash.","creator":null,"homepageURL":null},"visible":true,"active":false,"userDisabled":false,"appDisabled":false,"installDate":1503580993000,"updateDate":1503580993000,"applyBackgroundUpdates":1,"bootstrap":true,"path":"/opt/firefox/browser/features/clicktoplay-rollout@mozilla.org.xpi","skinnable":false,"size":5621,"sourceURI":null,"releaseNotesURI":null,"softDisabled":false,"foreignInstall":false,"hasBinaryComponents":false,"strictCompatibility":false,"locales":[],"targetApplications":[{"id":"{ec8030f7-c20a-464f-9b0e-13a3a9e97384}","minVersion":"55.0.3","maxVersion":"55.*"}],"targetPlatforms":[],"multiprocessCompatible":true,"seen":true,"dependencies":[],"hasEmbeddedWebExtension":false,"mpcOptedOut":false,"userPermissions":null,"icons":{},"iconURL":null,"icon64URL":null}
1527664557212	DeferredSave.extensions.json	DEBUG	Save changes
1527664557212	addons.manager	DEBUG	Registering startup change 'installed' for screenshots@mozilla.org
1527664557213	addons.xpi	DEBUG	Loading bootstrap scope from /opt/firefox/browser/features/screenshots@mozilla.org.xpi
1527664557215	addons.xpi	DEBUG	Calling bootstrap method install on screenshots@mozilla.org version 10.12.0
1527664557215	addons.xpi-utils	DEBUG	Make addon app-system-defaults:screenshots@mozilla.org visible
1527664557216	addons.xpi	DEBUG	Updating XPIState for {"id":"screenshots@mozilla.org","syncGUID":"{1cec1fa6-152b-4ce8-9955-b9cf6a9060b6}","location":"app-system-defaults","version":"10.12.0","type":"extension","internalName":null,"updateURL":null,"updateKey":null,"optionsURL":null,"optionsType":null,"aboutURL":null,"defaultLocale":{"name":"Firefox Screenshots","description":null,"creator":null,"homepageURL":"https://pageshot.net/"},"visible":true,"active":false,"userDisabled":false,"appDisabled":false,"installDate":1503580993000,"updateDate":1503580993000,"applyBackgroundUpdates":1,"bootstrap":true,"path":"/opt/firefox/browser/features/screenshots@mozilla.org.xpi","skinnable":false,"size":714554,"sourceURI":null,"releaseNotesURI":null,"softDisabled":false,"foreignInstall":false,"hasBinaryComponents":false,"strictCompatibility":false,"locales":[],"targetApplications":[{"id":"{ec8030f7-c20a-464f-9b0e-13a3a9e97384}","minVersion":"51.0a1","maxVersion":"*"}],"targetPlatforms":[],"multiprocessCompatible":true,"seen":true,"dependencies":[],"hasEmbeddedWebExtension":false,"mpcOptedOut":false,"userPermissions":null,"icons":{},"iconURL":null,"icon64URL":null}
1527664557216	DeferredSave.extensions.json	DEBUG	Save changes
1527664557216	addons.manager	DEBUG	Registering startup change 'installed' for aushelper@mozilla.org
1527664557217	addons.xpi	DEBUG	Loading bootstrap scope from /opt/firefox/browser/features/aushelper@mozilla.org.xpi
1527664557220	addons.xpi	DEBUG	Calling bootstrap method install on aushelper@mozilla.org version 2.0
1527664557220	addons.xpi-utils	DEBUG	Make addon app-system-defaults:aushelper@mozilla.org visible
1527664557220	addons.xpi	DEBUG	Updating XPIState for {"id":"aushelper@mozilla.org","syncGUID":"{9f081b59-44b8-41fe-9ed7-e344eb7df716}","location":"app-system-defaults","version":"2.0","type":"extension","internalName":null,"updateURL":null,"updateKey":null,"optionsURL":null,"optionsType":null,"aboutURL":null,"defaultLocale":{"name":"Application Update Service Helper","description":"Sets value(s) in the update url based on custom checks.","creator":null,"homepageURL":null},"visible":true,"active":false,"userDisabled":false,"appDisabled":false,"installDate":1503580993000,"updateDate":1503580993000,"applyBackgroundUpdates":1,"bootstrap":true,"path":"/opt/firefox/browser/features/aushelper@mozilla.org.xpi","skinnable":false,"size":8488,"sourceURI":null,"releaseNotesURI":null,"softDisabled":false,"foreignInstall":false,"hasBinaryComponents":false,"strictCompatibility":false,"locales":[],"targetApplications":[{"id":"{ec8030f7-c20a-464f-9b0e-13a3a9e97384}","minVersion":"55.0.3","maxVersion":"55.*"}],"targetPlatforms":[],"multiprocessCompatible":true,"seen":true,"dependencies":[],"hasEmbeddedWebExtension":false,"mpcOptedOut":false,"userPermissions":null,"icons":{},"iconURL":null,"icon64URL":null}
1527664557221	DeferredSave.extensions.json	DEBUG	Save changes
1527664557221	addons.manager	DEBUG	Registering startup change 'installed' for webcompat@mozilla.org
1527664557222	addons.xpi	DEBUG	Loading bootstrap scope from /opt/firefox/browser/features/webcompat@mozilla.org.xpi
1527664557225	addons.xpi	DEBUG	Calling bootstrap method install on webcompat@mozilla.org version 1.1
1527664557225	addons.xpi-utils	DEBUG	Make addon app-system-defaults:webcompat@mozilla.org visible
1527664557226	addons.xpi	DEBUG	Updating XPIState for {"id":"webcompat@mozilla.org","syncGUID":"{4402a810-3a53-4b01-a8e7-bd74b9c95113}","location":"app-system-defaults","version":"1.1","type":"extension","internalName":null,"updateURL":null,"updateKey":null,"optionsURL":null,"optionsType":null,"aboutURL":null,"defaultLocale":{"name":"Web Compat","description":"Urgent post-release fixes for web compatibility.","creator":null,"homepageURL":null},"visible":true,"active":false,"userDisabled":false,"appDisabled":false,"installDate":1503580993000,"updateDate":1503580993000,"applyBackgroundUpdates":1,"bootstrap":true,"path":"/opt/firefox/browser/features/webcompat@mozilla.org.xpi","skinnable":false,"size":8992,"sourceURI":null,"releaseNotesURI":null,"softDisabled":false,"foreignInstall":false,"hasBinaryComponents":false,"strictCompatibility":false,"locales":[],"targetApplications":[{"id":"{ec8030f7-c20a-464f-9b0e-13a3a9e97384}","minVersion":"55.0.3","maxVersion":"55.*"}],"targetPlatforms":[],"multiprocessCompatible":true,"seen":true,"dependencies":[],"hasEmbeddedWebExtension":false,"mpcOptedOut":false,"userPermissions":null,"icons":{},"iconURL":null,"icon64URL":null}
1527664557226	DeferredSave.extensions.json	DEBUG	Save changes
1527664557226	addons.manager	DEBUG	Registering startup change 'installed' for followonsearch@mozilla.com
1527664557227	addons.xpi	DEBUG	Loading bootstrap scope from /opt/firefox/browser/features/followonsearch@mozilla.com.xpi
1527664557229	addons.xpi	DEBUG	Calling bootstrap method install on followonsearch@mozilla.com version 0.9.1
1527664557229	addons.xpi-utils	DEBUG	Make addon app-system-defaults:followonsearch@mozilla.com visible
1527664557229	addons.xpi	DEBUG	Updating XPIState for {"id":"followonsearch@mozilla.com","syncGUID":"{36f2d743-0b47-48f3-90c3-caa95d93ba5a}","location":"app-system-defaults","version":"0.9.1","type":"extension","internalName":null,"updateURL":null,"updateKey":null,"optionsURL":null,"optionsType":null,"aboutURL":null,"defaultLocale":{"name":"Follow-on Search Telemetry","description":null,"creator":null,"homep1527664557237	addons.productaddons	INFO	Completed downloading document
ageURL":null},"visible":true,"active":false,"userDisabled":false,"appDisabled":false,"installDate":1503580993000,"updateDate":1503580993000,"applyBackgroundUpdates":1,"bootstrap":true,"path":"/opt/firefox/browser/features/followonsearch@mozilla.com.xpi","skinnable":false,"size":16730,"sourceURI":null,"releaseNotesURI":null,"softDisabled":false,"foreignInstall":false,"hasBinaryComponents":false,"strictCompatibility":false,"locales":[],"targetApplications":[{"id":"{ec8030f7-c20a-464f-9b0e-13a3a9e97384}","minVersion":"52.0","maxVersion":"59.*"}],"targetPlatforms":[],"multiprocessCompatible":true,"seen":true,"dependencies":[],"hasEmbeddedWebExtension":false,"mpcOptedOut":false,"userPermissions":null,"icons":{},"iconURL":null,"icon64URL":null}
1527664557230	DeferredSave.extensions.json	DEBUG	Save changes
1527664557230	addons.manager	DEBUG	Registering startup change 'installed' for shield-recipe-client@mozilla.org
1527664557232	addons.xpi	DEBUG	Loading bootstrap scope from /opt/firefox/browser/features/shield-recipe-client@mozilla.org.xpi
1527664557234	addons.xpi	DEBUG	Calling bootstrap method install on shield-recipe-client@mozilla.org version 55.1
1527664557234	addons.xpi-utils	DEBUG	Make addon app-system-defaults:shield-recipe-client@mozilla.org visible
1527664557237	addons.xpi	DEBUG	Updating XPIState for {"id":"shield-recipe-client@mozilla.org","syncGUID":"{1c8e8b7b-7fa7-4bf9-936f-e84d6a81412a}","location":"app-system-defaults","version":"55.1","type":"extension","internalName":null,"updateURL":null,"updateKey":null,"optionsURL":null,"optionsType":null,"aboutURL":null,"defaultLocale":{"name":"Shield Recipe Client","description":"Client to download and run recipes for SHIELD, Heartbeat, etc.","creator":null,"homepageURL":null},"visible":true,"active":false,"userDisabled":false,"appDisabled":false,"installDate":1503580993000,"updateDate":1503580993000,"applyBackgroundUpdates":1,"bootstrap":true,"path":"/opt/firefox/browser/features/shield-recipe-client@mozilla.org.xpi","skinnable":false,"size":140305,"sourceURI":null,"releaseNotesURI":null,"softDisabled":false,"foreignInstall":false,"hasBinaryComponents":false,"strictCompatibility":false,"locales":[],"targetApplications":[{"id":"{ec8030f7-c20a-464f-9b0e-13a3a9e97384}","minVersion":"55.0.3","maxVersion":"55.*"}],"targetPlatforms":[],"multiprocessCompatible":true,"seen":true,"dependencies":[],"hasEmbeddedWebExtension":false,"mpcOptedOut":false,"userPermissions":null,"icons":{},"iconURL":null,"icon64URL":null}
1527664557238	DeferredSave.extensions.json	DEBUG	Save changes
1527664557238	addons.xpi-utils	DEBUG	Make addon app-global:{972ce4c6-7e08-4474-a285-3208198ce6fd} visible
1527664557238	addons.xpi	DEBUG	Updating XPIState for {"id":"{972ce4c6-7e08-4474-a285-3208198ce6fd}","syncGUID":"{10ce5522-2da1-4846-8a0b-d2a7655afdb0}","location":"app-global","version":"55.0.3","type":"theme","internalName":"classic/1.0","updateURL":null,"updateKey":null,"optionsURL":null,"optionsType":null,"optionsBrowserStyle":null,"aboutURL":null,"defaultLocale":{"name":"Default","description":"The default theme.","creator":"Mozilla","homepageURL":null,"contributors":["Mozilla Contributors"]},"visible":true,"active":false,"userDisabled":false,"appDisabled":false,"installDate":1503580993000,"updateDate":1503580993000,"applyBackgroundUpdates":1,"path":"/opt/firefox/browser/extensions/{972ce4c6-7e08-4474-a285-3208198ce6fd}.xpi","skinnable":true,"size":2918,"sourceURI":null,"releaseNotesURI":null,"softDisabled":false,"foreignInstall":false,"hasBinaryComponents":false,"strictCompatibility":true,"locales":[],"targetApplications":[{"id":"{ec8030f7-c20a-464f-9b0e-13a3a9e97384}","minVersion":"55.0.3","maxVersion":"55.0.3"}],"targetPlatforms":[],"seen":true,"dependencies":[],"hasEmbeddedWebExtension":false,"userPermissions":null,"icons":{},"iconURL":"chrome://browser/content/default-theme-icon.svg","icon64URL":null}
1527664557239	DeferredSave.extensions.json	DEBUG	Save changes
1527664557240	addons.xpi	DEBUG	Updating XPIState for {"id":"e10srollout@mozilla.org","syncGUID":"{eb42d559-0460-45d7-b275-761712e43c5c}","location":"app-system-defaults","version":"2.0","type":"extension","internalName":null,"updateURL":null,"updateKey":null,"optionsURL":null,"optionsType":null,"aboutURL":null,"defaultLocale":{"name":"Multi-process staged rollout","description":"Staged rollout of Firefox multi-process feature.","creator":null,"homepageURL":null},"visible":true,"active":true,"userDisabled":false,"appDisabled":false,"installDate":1503580993000,"updateDate":1503580993000,"applyBackgroundUpdates":1,"bootstrap":true,"path":"/opt/firefox/browser/features/e10srollout@mozilla.org.xpi","skinnable":false,"size":13287,"sourceURI":null,"releaseNotesURI":null,"softDisabled":false,"foreignInstall":false,"hasBinaryComponents":false,"strictCompatibility":false,"locales":[],"targetApplications":[{"id":"{ec8030f7-c20a-464f-9b0e-13a3a9e97384}","minVersion":"55.0.3","maxVersion":"55.*"}],"targetPlatforms":[],"multiprocessCompatible":true,"seen":true,"dependencies":[],"hasEmbeddedWebExtension":false,"mpcOptedOut":false,"userPermissions":null,"icons":{},"iconURL":null,"icon64URL":null}
1527664557240	addons.xpi	DEBUG	Updating XPIState for {"id":"firefox@getpocket.com","syncGUID":"{e0b97d7c-2b29-4380-b627-4caf675a69b7}","location":"app-system-defaults","version":"1.0.5","type":"extension","internalName":null,"updateURL":null,"updateKey":null,"optionsURL":null,"optionsType":null,"aboutURL":null,"defaultLocale":{"name":"Pocket","description":"When you find something you want to view later, put it in Pocket.","creator":null,"homepageURL":null},"visible":true,"active":true,"userDisabled":false,"appDisabled":false,"installDate":1503580993000,"updateDate":1503580993000,"applyBackgroundUpdates":1,"bootstrap":true,"path":"/opt/firefox/browser/features/firefox@getpocket.com.xpi","skinnable":false,"size":855802,"sourceURI":null,"releaseNotesURI":null,"softDisabled":false,"foreignInstall":false,"hasBinaryComponents":false,"strictCompatibility":false,"locales":[],"targetApplications":[{"id":"{ec8030f7-c20a-464f-9b0e-13a3a9e97384}","minVersion":"55.0.3","maxVersion":"55.*"}],"targetPlatforms":[],"multiprocessCompatible":true,"seen":true,"dependencies":[],"hasEmbeddedWebExtension":false,"mpcOptedOut":false,"userPermissions":null,"icons":{},"iconURL":null,"icon64URL":null}
1527664557241	addons.xpi	DEBUG	Updating XPIState for {"id":"clicktoplay-rollout@mozilla.org","syncGUID":"{9fc513bf-5998-4cf4-bf4e-dac13171e1b3}","location":"app-system-defaults","version":"1.2","type":"extension","internalName":null,"updateURL":null,"updateKey":null,"optionsURL":null,"optionsType":null,"aboutURL":null,"defaultLocale":{"name":"Click-to-Play staged rollout","description":"Staged rollout for Click-to-Play Flash.","creator":null,"homepageURL":null},"visible":true,"active":true,"userDisabled":false,"appDisabled":false,"installDate":1503580993000,"updateDate":1503580993000,"applyBackgroundUpdates":1,"bootstrap":true,"path":"/opt/firefox/browser/features/clicktoplay-rollout@mozilla.org.xpi","skinnable":false,"size":5621,"sourceURI":null,"releaseNotesURI":null,"softDisabled":false,"foreignInstall":false,"hasBinaryComponents":false,"strictCompatibility":false,"locales":[],"targetApplications":[{"id":"{ec8030f7-c20a-464f-9b0e-13a3a9e97384}","minVersion":"55.0.3","maxVersion":"55.*"}],"targetPlatforms":[],"multiprocessCompatible":true,"seen":true,"dependencies":[],"hasEmbeddedWebExtension":false,"mpcOptedOut":false,"userPermissions":null,"icons":{},"iconURL":null,"icon64URL":null}
1527664557241	addons.xpi	DEBUG	Updating XPIState for {"id":"screenshots@mozilla.org","syncGUID":"{1cec1fa6-152b-4ce8-9955-b9cf6a9060b6}","location":"app-system-defaults","version":"10.12.0","type":"extension","internalName":null,"updateURL":null,"updateKey":null,"optionsURL":null,"optionsType":null,"aboutURL":null,"defaultLocale":{"name":"Firefox Screenshots","description":null,"creator":null,"homepageURL":"https://pageshot.net/"},"visible":true,"active":true,"userDisabled":false,"appDisabled":false,"installDate":1503580993000,"updateDate":1503580993000,"applyBackgroundUpdates":1,"bootstrap":true,"path":"/opt/firefox/browser/features/screenshots@mozilla.org.xpi","skinnable":false,"size":714554,"sourceURI":null,"releaseNotesURI":null,"softDisabled":false,"foreignInstall":false,"hasBinaryComponents":false,"strictCompatibility":false,"locales":[],"targetApplications":[{"id":"{ec8030f7-c20a-464f-9b0e-13a3a9e97384}","minVersion":"51.0a1","maxVersion":"*"}],"targetPlatforms":[],"multiprocessCompatible":true,"seen":true,"dependencies":[],"hasEmbeddedWebExtension":false,"mpcOptedOut":false,"userPermissions":null,"icons":{},"iconURL":null,"icon64URL":null}
1527664557242	addons.xpi	DEBUG	Updating XPIState for {"id":"aushelper@mozilla.org","syncGUID":"{9f081b59-44b8-41fe-9ed7-e344eb7df716}","location":"app-system-defaults","version":"2.0","type":"extension","internalName":null,"updateURL":null,"updateKey":null,"optionsURL":null,"optionsType":null,"aboutURL":null,"defaultLocale":{"name":"Application Update Service Helper","description":"Sets value(s) in the update url based on custom checks.","creator":null,"homepageURL":null},"visible":true,"active":true,"userDisabled":false,"appDisabled":false,"installDate":1503580993000,"updateDate":1503580993000,"applyBackgroundUpdates":1,"bootstrap":true,"path":"/opt/firefox/browser/features/aushelper@mozilla.org.xpi","skinnable":false,"size":8488,"sourceURI":null,"releaseNotesURI":null,"softDisabled":false,"foreignInstall":false,"hasBinaryComponents":false,"strictCompatibility":false,"locales":[],"targetApplications":[{"id":"{ec8030f7-c20a-464f-9b0e-13a3a9e97384}","minVersion":"55.0.3","maxVersion":"55.*"}],"targetPlatforms":[],"multiprocessCompatible":true,"seen":true,"dependencies":[],"hasEmbeddedWebExtension":false,"mpcOptedOut":false,"userPermissions":null,"icons":{},"iconURL":null,"icon64URL":null}
1527664557244	addons.xpi	DEBUG	Updating XPIState for {"id":"webcompat@mozilla.org","syncGUID":"{4402a810-3a53-4b01-a8e7-bd74b9c95113}","location":"app-system-defaults","version":"1.1","type":"extension","internalName":null,"updateURL":null,"updateKey":null,"optionsURL":null,"optionsType":null,"aboutURL":null,"defaultLocale":{"name":"Web Compat","description":"Urgent post-release fixes for web compatibility.","creator":null,"homepageURL":null},"visible":true,"active":true,"userDisabled":false,"appDisabled":false,"installDate":1503580993000,"updateDate":1503580993000,"applyBackgroundUpdates":1,"bootstrap":true,"path":"/opt/firefox/browser/features/webcompat@mozilla.org.xpi","skinnable":false,"size":8992,"sourceURI":null,"releaseNotesURI":null,"softDisabled":false,"foreignInstall":false,"hasBinaryComponents":false,"strictCompatibility":false,"locales":[],"targetApplications":[{"id":"{ec8030f7-c20a-464f-9b0e-13a3a9e97384}","minVersion":"55.0.3","maxVersion":"55.*"}],"targetPlatforms":[],"multiprocessCompatible":true,"seen":true,"dependencies":[],"hasEmbeddedWebExtension":false,"mpcOptedOut":false,"userPermissions":null,"icons":{},"iconURL":null,"icon64URL":null}
1527664557244	addons.xpi	DEBUG	Updating XPIState for {"id":"followonsearch@mozilla.com","syncGUID":"{36f2d743-0b47-48f3-90c3-caa95d93ba5a}","location":"app-system-defaults","version":"0.9.1","type":"extension","internalName":null,"updateURL":null,"updateKey":null,"optionsURL":null,"optionsType":null,"aboutURL":null,"defaultLocale":{"name":"Follow-on Search Telemetry","description":null,"creator":null,"homepageURL":null},"visible":true,"active":true,"userDisabled":false,"appDisabled":false,"installDate":1503580993000,"updateDate":1503580993000,"applyBackgroundUpdates":1,"bootstrap":true,"path":"/opt/firefox/browser/features/followonsearch@mozilla.com.xpi","skinnable":false,"size":16730,"sourceURI":null,"releaseNotesURI":null,"softDisabled":false,"foreignInstall":false,"hasBinaryComponents":false,"strictCompatibility":false,"locales":[],"targetApplications":[{"id":"{ec8030f7-c20a-464f-9b0e-13a3a9e97384}","minVersion":"52.0","maxVersion":"59.*"}],"targetPlatforms":[],"multiprocessCompatible":true,"seen":true,"dependencies":[],"hasEmbeddedWebExtension":false,"mpcOptedOut":false,"userPermissions":null,"icons":{},"iconURL":null,"icon64URL":null}
1527664557245	addons.xpi	DEBUG	Updating XPIState for {"id":"shield-recipe-client@mozilla.org","syncGUID":"{1c8e8b7b-7fa7-4bf9-936f-e84d6a81412a}","location":"app-system-defaults","version":"55.1","type":"extension","internalName":null,"updateURL":null,"updateKey":null,"optionsURL":null,"optionsType":null,"aboutURL":null,"defaultLocale":{"name":"Shield Recipe Client","description":"Client to download and run recipes for SHIELD, Heartbeat, etc.","creator":null,"homepageURL":null},"visible":true,"active":true,"userDisabled":false,"appDisabled":false,"installDate":1503580993000,"updateDate":1503580993000,"applyBackgroundUpdates":1,"bootstrap":true,"path":"/opt/firefox/browser/features/shield-recipe-client@mozilla.org.xpi","skinnable":false,"size":140305,"sourceURI":null,"releaseNotesURI":null,"softDisabled":false,"foreignInstall":false,"hasBinaryComponents":false,"strictCompatibility":false,"locales":[],"targetApplications":[{"id":"{ec8030f7-c20a-464f-9b0e-13a3a9e97384}","minVersion":"55.0.3","maxVersion":"55.*"}],"targetPlatforms":[],"multiprocessCompatible":true,"seen":true,"dependencies":[],"hasEmbeddedWebExtension":false,"mpcOptedOut":false,"userPermissions":null,"icons":{},"iconURL":null,"icon64URL":null}
1527664557245	addons.xpi	DEBUG	Updating XPIState for {"id":"{972ce4c6-7e08-4474-a285-3208198ce6fd}","syncGUID":"{10ce5522-2da1-4846-8a0b-d2a7655afdb0}","location":"app-global","version":"55.0.3","type":"theme","internalName":"classic/1.0","updateURL":null,"updateKey":null,"optionsURL":null,"optionsType":null,"optionsBrowserStyle":null,"aboutURL":null,"defaultLocale":{"name":"Default","description":"The default theme.","creator":"Mozilla","homepageURL":null,"contributors":["Mozilla Contributors"]},"visible":true,"active":true,"userDisabled":false,"appDisabled":false,"installDate":1503580993000,"updateDate":1503580993000,"applyBackgroundUpdates":1,"path":"/opt/firefox/browser/extensions/{972ce4c6-7e08-4474-a285-3208198ce6fd}.xpi","skinnable":true,"size":2918,"sourceURI":null,"releaseNotesURI":null,"softDisabled":false,"foreignInstall":false,"hasBinaryComponents":false,"strictCompatibility":true,"locales":[],"targetApplications":[{"id":"{ec8030f7-c20a-464f-9b0e-13a3a9e97384}","minVersion":"55.0.3","maxVersion":"55.0.3"}],"targetPlatforms":[],"seen":true,"dependencies":[],"hasEmbeddedWebExtension":false,"userPermissions":null,"icons":{},"iconURL":"chrome://browser/content/default-theme-icon.svg","icon64URL":null}
1527664557246	DeferredSave.extensions.json	DEBUG	Save changes
1527664557246	addons.xpi	DEBUG	Updating database with changes to installed add-ons
1527664557246	addons.xpi-utils	DEBUG	Updating add-on states
1527664557252	addons.xpi	DEBUG	Registering manifest for /opt/firefox/browser/features/aushelper@mozilla.org.xpi
1527664557253	addons.xpi	DEBUG	Calling bootstrap method startup on aushelper@mozilla.org version 2.0
1527664557254	addons.xpi	DEBUG	Registering manifest for /opt/firefox/browser/features/clicktoplay-rollout@mozilla.org.xpi
1527664557254	addons.xpi	DEBUG	Calling bootstrap method startup on clicktoplay-rollout@mozilla.org version 1.2
1527664557320	addons.xpi	DEBUG	Registering manifest for /opt/firefox/browser/features/e10srollout@mozilla.org.xpi
1527664557321	addons.xpi	DEBUG	Calling bootstrap method startup on e10srollout@mozilla.org version 2.0
1527664557321	addons.xpi	DEBUG	Registering manifest for /opt/firefox/browser/features/firefox@getpocket.com.xpi
1527664557322	addons.xpi	DEBUG	Calling bootstrap method startup on firefox@getpocket.com version 1.0.5
1527664557365	addons.xpi	DEBUG	Registering manifest for /opt/firefox/browser/features/followonsearch@mozilla.com.xpi
1527664557365	addons.xpi	DEBUG	Calling bootstrap method startup on followonsearch@mozilla.com version 0.9.1
1527664557366	addons.xpi	DEBUG	Registering manifest for /opt/firefox/browser/features/screenshots@mozilla.org.xpi
1527664557366	addons.xpi	DEBUG	Calling bootstrap method startup on screenshots@mozilla.org version 10.12.0
1527664557366	addons.xpi	DEBUG	Registering manifest for /opt/firefox/browser/features/shield-recipe-client@mozilla.org.xpi
1527664557366	addons.xpi	DEBUG	Calling bootstrap method startup on shield-recipe-client@mozilla.org version 55.1
1527664557376	addons.xpi	DEBUG	Registering manifest for /opt/firefox/browser/features/webcompat@mozilla.org.xpi
1527664557377	addons.xpi	DEBUG	Calling bootstrap method startup on webcompat@mozilla.org version 1.1
1527664557384	addons.manager	DEBUG	Registering shutdown blocker for XPIProvider
1527664557384	addons.manager	DEBUG	Provider finished startup: XPIProvider
1527664557384	addons.manager	DEBUG	Starting provider: LightweightThemeManager
1527664557384	addons.manager	DEBUG	Registering shutdown blocker for LightweightThemeManager
1527664557384	addons.manager	DEBUG	Provider finished startup: LightweightThemeManager
1527664557385	addons.manager	DEBUG	Starting provider: GMPProvider
1527664557388	addons.manager	DEBUG	Registering shutdown blocker for GMPProvider
1527664557388	addons.manager	DEBUG	Provider finished startup: GMPProvider
1527664557388	addons.manager	DEBUG	Starting provider: PluginProvider
1527664557388	addons.manager	DEBUG	Registering shutdown blocker for PluginProvider
1527664557389	addons.manager	DEBUG	Provider finished startup: PluginProvider
1527664557389	addons.manager	DEBUG	Completed startup sequence
1527664557677	Marionette	INFO	Enabled via --marionette
1527664558262	addons.manager	DEBUG	Starting provider: PreviousExperimentProvider
1527664558262	addons.manager	DEBUG	Registering shutdown blocker for PreviousExperimentProvider
1527664558262	addons.manager	DEBUG	Provider finished startup: PreviousExperimentProvider
1527664558265	DeferredSave.extensions.json	DEBUG	Starting write
1527664558391	DeferredSave.extensions.json	DEBUG	Write succeeded
1527664558391	addons.xpi-utils	DEBUG	XPI Database saved, setting schema version preference to 21
1527664559935	addons.manager	DEBUG	Starting provider: <unnamed-provider>
1527664559935	addons.manager	DEBUG	Registering shutdown blocker for <unnamed-provider>
1527664559935	addons.manager	DEBUG	Provider finished startup: <unnamed-provider>
1527664559939	addons.xpi	INFO	Mapping e10srollout@mozilla.org to /opt/firefox/browser/features/e10srollout@mozilla.org.xpi
1527664559939	addons.xpi	INFO	Mapping firefox@getpocket.com to /opt/firefox/browser/features/firefox@getpocket.com.xpi
1527664559940	addons.xpi	INFO	Mapping clicktoplay-rollout@mozilla.org to /opt/firefox/browser/features/clicktoplay-rollout@mozilla.org.xpi
1527664559940	addons.xpi	INFO	Mapping screenshots@mozilla.org to /opt/firefox/browser/features/screenshots@mozilla.org.xpi
1527664559940	addons.xpi	INFO	Mapping aushelper@mozilla.org to /opt/firefox/browser/features/aushelper@mozilla.org.xpi
1527664559940	addons.xpi	INFO	Mapping webcompat@mozilla.org to /opt/firefox/browser/features/webcompat@mozilla.org.xpi
1527664559940	addons.xpi	INFO	Mapping followonsearch@mozilla.com to /opt/firefox/browser/features/followonsearch@mozilla.com.xpi
1527664559940	addons.xpi	INFO	Mapping shield-recipe-client@mozilla.org to /opt/firefox/browser/features/shield-recipe-client@mozilla.org.xpi
1527664559940	addons.xpi	DEBUG	Existing add-on e10srollout@mozilla.org in app-system-defaults
1527664559941	addons.xpi	DEBUG	Existing add-on firefox@getpocket.com in app-system-defaults
1527664559941	addons.xpi	DEBUG	Existing add-on clicktoplay-rollout@mozilla.org in app-system-defaults
1527664559941	addons.xpi	DEBUG	Existing add-on screenshots@mozilla.org in app-system-defaults
1527664559942	addons.xpi	DEBUG	Existing add-on aushelper@mozilla.org in app-system-defaults
1527664559942	addons.xpi	DEBUG	Existing add-on webcompat@mozilla.org in app-system-defaults
1527664559942	addons.xpi	DEBUG	Existing add-on followonsearch@mozilla.com in app-system-defaults
1527664559942	addons.xpi	DEBUG	Existing add-on shield-recipe-client@mozilla.org in app-system-defaults
1527664559943	addons.xpi	INFO	Mapping {972ce4c6-7e08-4474-a285-3208198ce6fd} to /opt/firefox/browser/extensions/{972ce4c6-7e08-4474-a285-3208198ce6fd}.xpi
1527664559943	addons.xpi	DEBUG	Existing add-on {972ce4c6-7e08-4474-a285-3208198ce6fd} in app-global
1527664559943	addons.xpi	DEBUG	getInstallState changed: false, state: {}
1527664560515	addons.productaddons	INFO	sending request to: https://aus5.mozilla.org/update/3/GMP/55.0.3/20170824123605/Linux_x86_64-gcc3/en-US/release/Linux%204.13.0-43-generic%20(GTK%203.18.9%2Clibpulse%208.0.0)/default/default/update.xml
1527664560587	Marionette	INFO	Listening on port 44607
JavaScript error: chrome://marionette/content/server.js, line 337: NS_ERROR_SOCKET_ADDRESS_IN_USE: Component returned failure code: 0x804b0036 (NS_ERROR_SOCKET_ADDRESS_IN_USE) [nsIServerSocket.initSpecialConnection]
1527664560689	Marionette	WARN	TLS certificate errors will be ignored for this session
1527664560739	Marionette	DEBUG	loaded listener.js
May 30, 2018 12:46:00 PM org.openqa.selenium.remote.ProtocolHandshake createSession
INFO: Detected dialect: W3C
1527664560860	Marionette	DEBUG	Received DOM event "beforeunload" for "about:blank"
1527664561430	Marionette	DEBUG	Received DOM event "pagehide" for "about:blank"
1527664561431	Marionette	DEBUG	Received DOM event "unload" for "about:blank"
1527664561859	addons.productaddons	INFO	Completed downloading document
1527664562318	addons.productaddons	INFO	downloadXHR File download. status=200
1527664562323	addons.productaddons	INFO	Downloaded file will be saved to /tmp/tmpaddon
1527664563015	Marionette	DEBUG	Received DOM event "DOMContentLoaded" for "https://www.allensolly.com/"
1527664563019	Marionette	DEBUG	Received DOM event "pageshow" for "https://www.allensolly.com/"
1527664563207	Marionette	DEBUG	Received DOM event "DOMContentLoaded" for "https://bid.g.doubleclick.net/xbbe/pixel?d=KAE"
1527664563210	Marionette	DEBUG	Received DOM event "pageshow" for "https://bid.g.doubleclick.net/xbbe/pixel?d=KAE"
1527664563779	Marionette	DEBUG	Received DOM event "DOMContentLoaded" for "https://www.allensolly.com/"
1527664566024	addons.productaddons	INFO	downloadXHR File download. status=200
1527664566028	addons.productaddons	INFO	Downloaded file will be saved to /tmp/tmpaddon
1527664567169	Marionette	DEBUG	Received DOM event "DOMContentLoaded" for "https://www.youtube.com/embed/OmeLv4y1Ze4&rel=0"
1527664567343	Marionette	DEBUG	Received DOM event "DOMContentLoaded" for "https://www.youtube.com/embed/6LbqkDc0ZRU?rel=0&showinfo=0&enablejsapi=1&origin=https%3A%2F%2Fwww.allensolly.com&widgetid=1"
1527664567862	Marionette	DEBUG	Received DOM event "pageshow" for "https://www.youtube.com/embed/OmeLv4y1Ze4&rel=0"
1527664567903	addons.xpi	DEBUG	Calling bootstrap method shutdown on webcompat@mozilla.org version 1.1
1527664567904	addons.xpi	DEBUG	Calling bootstrap method shutdown on shield-recipe-client@mozilla.org version 55.1
1527664567909	addons.xpi	DEBUG	Calling bootstrap method shutdown on screenshots@mozilla.org version 10.12.0
1527664567910	addons.xpi	DEBUG	Calling bootstrap method shutdown on followonsearch@mozilla.com version 0.9.1
1527664567912	addons.xpi	DEBUG	Calling bootstrap method shutdown on firefox@getpocket.com version 1.0.5
1527664567913	addons.xpi	DEBUG	Calling bootstrap method shutdown on e10srollout@mozilla.org version 2.0
1527664567914	addons.xpi	DEBUG	Calling bootstrap method shutdown on clicktoplay-rollout@mozilla.org version 1.2
1527664567915	addons.xpi	DEBUG	Calling bootstrap method shutdown on aushelper@mozilla.org version 2.0
IPDL protocol error: Handler returned error code!

###!!! [Parent][DispatchAsyncMessage] Error: PLayerTransaction::Msg_ReleaseLayer Processing error: message was deserialized, but the handler returned false (indicating failure)

IPDL protocol error: Handler returned error code!

###!!! [Parent][DispatchAsyncMessage] Error: PLayerTransaction::Msg_ReleaseLayer Processing error: message was deserialized, but the handler returned false (indicating failure)

1527664568689	Marionette	DEBUG	Received observer notification "outer-window-destroyed" for "2147483660"
1527664568690	Marionette	DEBUG	Received observer notification "outer-window-destroyed" for "2147483658"
1527664568691	Marionette	DEBUG	Received observer notification "outer-window-destroyed" for "2147483653"
1527664568691	Marionette	DEBUG	Received observer notification "outer-window-destroyed" for "2147483654"
1527664568692	Marionette	DEBUG	Received observer notification "outer-window-destroyed" for "2147483649"
[Child 4822] WARNING: pipe error: Broken pipe: file /home/worker/workspace/build/src/ipc/chromium/src/chrome/common/ipc_channel_posix.cc, line 709
1527664568713	addons.manager	DEBUG	shutdown
1527664568714	addons.manager	DEBUG	Calling shutdown blocker for XPIProvider
1527664568714	addons.xpi	DEBUG	shutdown
1527664568715	addons.xpi-utils	DEBUG	shutdown
1527664568716	addons.manager	DEBUG	Calling shutdown blocker for LightweightThemeManager
1527664568716	addons.manager	DEBUG	Calling shutdown blocker for GMPProvider
1527664568718	addons.manager	DEBUG	Calling shutdown blocker for PluginProvider
1527664568718	addons.manager	DEBUG	Calling shutdown blocker for PreviousExperimentProvider
1527664568719	addons.manager	DEBUG	Calling shutdown blocker for <unnamed-provider>
1527664568722	addons.xpi	DEBUG	Notifying XPI shutdown observers
1527664568729	addons.manager	DEBUG	Async provider shutdown done
1527664569491	geckodriver::marionette	ERROR	Failed to stop browser process
]]></system-err>
  </testcase>
  <testcase name="tearDown" classname="com.services.test.TestAllenSollyInfo" time="8.647">
    <failure message="Tried to run command without establishing a connection&#10;Build info: version: &apos;3.11.0&apos;, revision: &apos;e59cfb3&apos;, time: &apos;2018-03-11T20:26:55.152Z&apos;&#10;System info: host: &apos;streamoid-ThinkPad-T440s&apos;, ip: &apos;127.0.1.1&apos;, os.name: &apos;Linux&apos;, os.arch: &apos;amd64&apos;, os.version: &apos;4.13.0-43-generic&apos;, java.version: &apos;1.8.0_171&apos;&#10;Driver info: org.openqa.selenium.firefox.FirefoxDriver&#10;Capabilities {acceptInsecureCerts: true, browserName: firefox, browserVersion: 55.0.3, javascriptEnabled: true, moz:accessibilityChecks: false, moz:processID: 4773, moz:profile: /tmp/rust_mozprofile.qrNzyj..., pageLoadStrategy: normal, platform: LINUX, platformName: LINUX, platformVersion: 4.13.0-43-generic, rotatable: false, specificationLevel: 0, timeouts: {implicit: 0, pageLoad: 300000, script: 30000}}&#10;Session ID: e9f74cb4-15b2-46f4-8763-3e38a85be6ce" type="org.openqa.selenium.SessionNotCreatedException">org.openqa.selenium.SessionNotCreatedException: 
Tried to run command without establishing a connection
Build info: version: '3.11.0', revision: 'e59cfb3', time: '2018-03-11T20:26:55.152Z'
System info: host: 'streamoid-ThinkPad-T440s', ip: '127.0.1.1', os.name: 'Linux', os.arch: 'amd64', os.version: '4.13.0-43-generic', java.version: '1.8.0_171'
Driver info: org.openqa.selenium.firefox.FirefoxDriver
Capabilities {acceptInsecureCerts: true, browserName: firefox, browserVersion: 55.0.3, javascriptEnabled: true, moz:accessibilityChecks: false, moz:processID: 4773, moz:profile: /tmp/rust_mozprofile.qrNzyj..., pageLoadStrategy: normal, platform: LINUX, platformName: LINUX, platformVersion: 4.13.0-43-generic, rotatable: false, specificationLevel: 0, timeouts: {implicit: 0, pageLoad: 300000, script: 30000}}
Session ID: e9f74cb4-15b2-46f4-8763-3e38a85be6ce
	at com.services.test.TestAllenSollyInfo.tearDown(TestAllenSollyInfo.java:262)
</failure>
  </testcase>
  <testcase name="tearDown" classname="com.services.test.TestAllenSollyInfo" time="0">
    <skipped/>
  </testcase>
  <testcase name="testLouisPhilippe" classname="com.services.test.TestLouisPhilippeInfo" time="2.838">
    <failure message="Failed to decode response from marionette&#10;Build info: version: &apos;3.11.0&apos;, revision: &apos;e59cfb3&apos;, time: &apos;2018-03-11T20:26:55.152Z&apos;&#10;System info: host: &apos;streamoid-ThinkPad-T440s&apos;, ip: &apos;127.0.1.1&apos;, os.name: &apos;Linux&apos;, os.arch: &apos;amd64&apos;, os.version: &apos;4.13.0-43-generic&apos;, java.version: &apos;1.8.0_171&apos;&#10;Driver info: org.openqa.selenium.firefox.FirefoxDriver&#10;Capabilities {acceptInsecureCerts: true, browserName: firefox, browserVersion: 55.0.3, javascriptEnabled: true, moz:accessibilityChecks: false, moz:processID: 4998, moz:profile: /tmp/rust_mozprofile.nM1Z07..., pageLoadStrategy: normal, platform: LINUX, platformName: LINUX, platformVersion: 4.13.0-43-generic, rotatable: false, specificationLevel: 0, timeouts: {implicit: 0, pageLoad: 300000, script: 30000}}&#10;Session ID: eff4fa5d-09de-4b93-aa6a-793b70d837f6" type="org.openqa.selenium.WebDriverException">org.openqa.selenium.WebDriverException: 
Failed to decode response from marionette
Build info: version: '3.11.0', revision: 'e59cfb3', time: '2018-03-11T20:26:55.152Z'
System info: host: 'streamoid-ThinkPad-T440s', ip: '127.0.1.1', os.name: 'Linux', os.arch: 'amd64', os.version: '4.13.0-43-generic', java.version: '1.8.0_171'
Driver info: org.openqa.selenium.firefox.FirefoxDriver
Capabilities {acceptInsecureCerts: true, browserName: firefox, browserVersion: 55.0.3, javascriptEnabled: true, moz:accessibilityChecks: false, moz:processID: 4998, moz:profile: /tmp/rust_mozprofile.nM1Z07..., pageLoadStrategy: normal, platform: LINUX, platformName: LINUX, platformVersion: 4.13.0-43-generic, rotatable: false, specificationLevel: 0, timeouts: {implicit: 0, pageLoad: 300000, script: 30000}}
Session ID: eff4fa5d-09de-4b93-aa6a-793b70d837f6
	at com.services.test.TestLouisPhilippeInfo.testLouisPhilippe(TestLouisPhilippeInfo.java:70)
</failure>
    <system-err><![CDATA[1527664569528	geckodriver	INFO	geckodriver 0.20.0
1527664569536	geckodriver	INFO	Listening on 127.0.0.1:5992
1527664569552	mozrunner::runner	INFO	Running command: "/opt/firefox/firefox" "-marionette" "-profile" "/tmp/rust_mozprofile.CfFvOgCWTAMF"
1527664569760	addons.manager	DEBUG	Application has been upgraded
1527664569780	addons.manager	DEBUG	Loaded provider scope for resource://gre/modules/addons/XPIProvider.jsm: ["XPIProvider", "XPIInternal"]
1527664569784	addons.manager	DEBUG	Loaded provider scope for resource://gre/modules/LightweightThemeManager.jsm: ["LightweightThemeManager"]
1527664569815	addons.manager	DEBUG	Loaded provider scope for resource://gre/modules/addons/GMPProvider.jsm
1527664569818	addons.manager	DEBUG	Loaded provider scope for resource://gre/modules/addons/PluginProvider.jsm
1527664569819	addons.manager	DEBUG	Starting provider: XPIProvider
1527664569819	addons.xpi	DEBUG	startup
1527664569819	addons.xpi	INFO	SystemAddonInstallLocation directory is missing
1527664569820	addons.xpi	INFO	Removing all system add-on upgrades.
1527664569821	addons.xpi	DEBUG	checkForChanges
1527664569822	addons.xpi	WARN	Error parsing extensions state: [Exception... "Component returned failure code: 0x80520012 (NS_ERROR_FILE_NOT_FOUND) [amIAddonManagerStartup.readStartupData]"  nsresult: "0x80520012 (NS_ERROR_FILE_NOT_FOUND)"  location: "JS frame :: resource://gre/modules/addons/XPIProvider.jsm :: loadExtensionState :: line 1596"  data: no] Stack trace: loadExtensionState()@resource://gre/modules/addons/XPIProvider.jsm:1596 < getInstallState()@resource://gre/modules/addons/XPIProvider.jsm:1631 < checkForChanges()@resource://gre/modules/addons/XPIProvider.jsm:3152 < startup()@resource://gre/modules/addons/XPIProvider.jsm:2246 < callProvider()@resource://gre/modules/AddonManager.jsm:271 < _startProvider()@resource://gre/modules/AddonManager.jsm:741 < startup()@resource://gre/modules/AddonManager.jsm:908 < startup()@resource://gre/modules/AddonManager.jsm:3122 < observe()@jar:file:///opt/firefox/omni.ja!/components/addonManager.js:65
1527664569824	addons.xpi	DEBUG	Loaded add-on state: ${}
1527664569828	addons.xpi	INFO	Mapping e10srollout@mozilla.org to /opt/firefox/browser/features/e10srollout@mozilla.org.xpi
1527664569829	addons.xpi	INFO	Mapping firefox@getpocket.com to /opt/firefox/browser/features/firefox@getpocket.com.xpi
1527664569829	addons.xpi	INFO	Mapping clicktoplay-rollout@mozilla.org to /opt/firefox/browser/features/clicktoplay-rollout@mozilla.org.xpi
1527664569830	addons.xpi	INFO	Mapping screenshots@mozilla.org to /opt/firefox/browser/features/screenshots@mozilla.org.xpi
1527664569830	addons.xpi	INFO	Mapping aushelper@mozilla.org to /opt/firefox/browser/features/aushelper@mozilla.org.xpi
1527664569830	addons.xpi	INFO	Mapping webcompat@mozilla.org to /opt/firefox/browser/features/webcompat@mozilla.org.xpi
1527664569830	addons.xpi	INFO	Mapping followonsearch@mozilla.com to /opt/firefox/browser/features/followonsearch@mozilla.com.xpi
1527664569831	addons.xpi	INFO	Mapping shield-recipe-client@mozilla.org to /opt/firefox/browser/features/shield-recipe-client@mozilla.org.xpi
1527664569831	addons.xpi	DEBUG	New add-on e10srollout@mozilla.org in app-system-defaults
1527664569832	addons.xpi	INFO	Mapping e10srollout@mozilla.org to /opt/firefox/browser/features/e10srollout@mozilla.org.xpi
1527664569833	addons.xpi	DEBUG	New add-on firefox@getpocket.com in app-system-defaults
1527664569833	addons.xpi	INFO	Mapping firefox@getpocket.com to /opt/firefox/browser/features/firefox@getpocket.com.xpi
1527664569833	addons.xpi	DEBUG	New add-on clicktoplay-rollout@mozilla.org in app-system-defaults
1527664569834	addons.xpi	INFO	Mapping clicktoplay-rollout@mozilla.org to /opt/firefox/browser/features/clicktoplay-rollout@mozilla.org.xpi
1527664569834	addons.xpi	DEBUG	New add-on screenshots@mozilla.org in app-system-defaults
1527664569834	addons.xpi	INFO	Mapping screenshots@mozilla.org to /opt/firefox/browser/features/screenshots@mozilla.org.xpi
1527664569835	addons.xpi	DEBUG	New add-on aushelper@mozilla.org in app-system-defaults
1527664569835	addons.xpi	INFO	Mapping aushelper@mozilla.org to /opt/firefox/browser/features/aushelper@mozilla.org.xpi
1527664569835	addons.xpi	DEBUG	New add-on webcompat@mozilla.org in app-system-defaults
1527664569835	addons.xpi	INFO	Mapping webcompat@mozilla.org to /opt/firefox/browser/features/webcompat@mozilla.org.xpi
1527664569836	addons.xpi	DEBUG	New add-on followonsearch@mozilla.com in app-system-defaults
1527664569836	addons.xpi	INFO	Mapping followonsearch@mozilla.com to /opt/firefox/browser/features/followonsearch@mozilla.com.xpi
1527664569836	addons.xpi	DEBUG	New add-on shield-recipe-client@mozilla.org in app-system-defaults
1527664569836	addons.xpi	INFO	Mapping shield-recipe-client@mozilla.org to /opt/firefox/browser/features/shield-recipe-client@mozilla.org.xpi
1527664569837	addons.xpi	INFO	Mapping {972ce4c6-7e08-4474-a285-3208198ce6fd} to /opt/firefox/browser/extensions/{972ce4c6-7e08-4474-a285-3208198ce6fd}.xpi
1527664569837	addons.xpi	DEBUG	New add-on {972ce4c6-7e08-4474-a285-3208198ce6fd} in app-global
1527664569837	addons.xpi	INFO	Mapping {972ce4c6-7e08-4474-a285-3208198ce6fd} to /opt/firefox/browser/extensions/{972ce4c6-7e08-4474-a285-3208198ce6fd}.xpi
1527664569837	addons.xpi	DEBUG	getInstallState changed: true, state: {}
1527664569838	addons.xpi	INFO	SystemAddonInstallLocation directory is missing
1527664569847	addons.xpi-utils	DEBUG	Opening XPI database /tmp/rust_mozprofile.CfFvOgCWTAMF/extensions.json
1527664569849	addons.xpi-utils	DEBUG	New add-on e10srollout@mozilla.org installed in app-system-defaults
*** Blocklist::_loadBlocklistFromFile: blocklist is disabled
1527664569876	DeferredSave.extensions.json	DEBUG	Save changes
1527664569878	addons.xpi-utils	DEBUG	New add-on firefox@getpocket.com installed in app-system-defaults
1527664569880	DeferredSave.extensions.json	DEBUG	Starting timer
1527664569883	DeferredSave.extensions.json	DEBUG	Save changes
1527664569883	addons.xpi-utils	DEBUG	New add-on clicktoplay-rollout@mozilla.org installed in app-system-defaults
1527664569886	DeferredSave.extensions.json	DEBUG	Save changes
1527664569887	addons.xpi-utils	DEBUG	New add-on screenshots@mozilla.org installed in app-system-defaults
1527664569893	DeferredSave.extensions.json	DEBUG	Save changes
1527664569893	addons.xpi-utils	DEBUG	New add-on aushelper@mozilla.org installed in app-system-defaults
1527664569899	DeferredSave.extensions.json	DEBUG	Save changes
1527664569899	addons.xpi-utils	DEBUG	New add-on webcompat@mozilla.org installed in app-system-defaults
1527664569904	DeferredSave.extensions.json	DEBUG	Save changes
1527664569904	addons.xpi-utils	DEBUG	New add-on followonsearch@mozilla.com installed in app-system-defaults
1527664569907	DeferredSave.extensions.json	DEBUG	Save changes
1527664569907	addons.xpi-utils	DEBUG	New add-on shield-recipe-client@mozilla.org installed in app-system-defaults
1527664569911	DeferredSave.extensions.json	DEBUG	Save changes
1527664569912	addons.xpi-utils	DEBUG	New add-on {972ce4c6-7e08-4474-a285-3208198ce6fd} installed in app-global
1527664569915	DeferredSave.extensions.json	DEBUG	Save changes
1527664569915	addons.manager	DEBUG	Registering startup change 'installed' for e10srollout@mozilla.org
1527664569924	addons.xpi	DEBUG	Loading bootstrap scope from /opt/firefox/browser/features/e10srollout@mozilla.org.xpi
1527664569927	addons.xpi	DEBUG	Calling bootstrap method install on e10srollout@mozilla.org version 2.0
1527664569928	addons.xpi-utils	DEBUG	Make addon app-system-defaults:e10srollout@mozilla.org visible
1527664569929	addons.xpi	DEBUG	Updating XPIState for {"id":"e10srollout@mozilla.org","syncGUID":"{a2abe11a-38b3-4a5f-a5bf-d9ae51e1c728}","location":"app-system-defaults","version":"2.0","type":"extension","internalName":null,"updateURL":null,"updateKey":null,"optionsURL":null,"optionsType":null,"aboutURL":null,"defaultLocale":{"name":"Multi-process staged rollout","description":"Staged rollout of Firefox multi-process feature.","creator":null,"homepageURL":null},"visible":true,"active":false,"userDisabled":false,"appDisabled":false,"installDate":1503580993000,"updateDate":1503580993000,"applyBackgroundUpdates":1,"bootstrap":true,"path":"/opt/firefox/browser/features/e10srollout@mozilla.org.xpi","skinnable":false,"size":13287,"sourceURI":null,"releaseNotesURI":null,"softDisabled":false,"foreignInstall":false,"hasBinaryComponents":false,"strictCompatibility":false,"locales":[],"targetApplications":[{"id":"{ec8030f7-c20a-464f-9b0e-13a3a9e97384}","minVersion":"55.0.3","maxVersion":"55.*"}],"targetPlatforms":[],"multiprocessCompatible":true,"seen":true,"dependencies":[],"hasEmbeddedWebExtension":false,"mpcOptedOut":false,"userPermissions":null,"icons":{},"iconURL":null,"icon64URL":null}
1527664569932	DeferredSave.extensions.json	DEBUG	Save changes
1527664569936	addons.manager	DEBUG	Registering startup change 'installed' for firefox@getpocket.com
1527664569937	addons.xpi	DEBUG	Loading bootstrap scope from /opt/firefox/browser/features/firefox@getpocket.com.xpi
1527664569943	addons.xpi	DEBUG	Calling bootstrap method install on firefox@getpocket.com version 1.0.5
1527664569943	addons.xpi-utils	DEBUG	Make addon app-system-defaults:firefox@getpocket.com visible
1527664569944	addons.xpi	DEBUG	Updating XPIState for {"id":"firefox@getpocket.com","syncGUID":"{b233d2b0-4196-47b5-af3f-8254a50fdc82}","location":"app-system-defaults","version":"1.0.5","type":"extension","internalName":null,"updateURL":null,"updateKey":null,"optionsURL":null,"optionsType":null,"aboutURL":null,"defaultLocale":{"name":"Pocket","description":"When you find something you want to view later, put it in Pocket.","creator":null,"homepageURL":null},"visible":true,"active":false,"userDisabled":false,"appDisabled":false,"installDate":1503580993000,"updateDate":1503580993000,"applyBackgroundUpdates":1,"bootstrap":true,"path":"/opt/firefox/browser/features/firefox@getpocket.com.xpi","skinnable":false,"size":855802,"sourceURI":null,"releaseNotesURI":null,"softDisabled":false,"foreignInstall":false,"hasBinaryComponents":false,"strictCompatibility":false,"locales":[],"targetApplications":[{"id":"{ec8030f7-c20a-464f-9b0e-13a3a9e97384}","minVersion":"55.0.3","maxVersion":"55.*"}],"targetPlatforms":[],"multiprocessCompatible":true,"seen":true,"dependencies":[],"hasEmbeddedWebExtension":false,"mpcOptedOut":false,"userPermissions":null,"icons":{},"iconURL":null,"icon64URL":null}
1527664569944	DeferredSave.extensions.json	DEBUG	Save changes
1527664569945	addons.manager	DEBUG	Registering startup change 'installed' for clicktoplay-rollout@mozilla.org
1527664569945	addons.xpi	DEBUG	Loading bootstrap scope from /opt/firefox/browser/features/clicktoplay-rollout@mozilla.org.xpi
1527664569957	addons.xpi	DEBUG	Calling bootstrap method install on clicktoplay-rollout@mozilla.org version 1.2
1527664569958	addons.xpi-utils	DEBUG	Make addon app-system-defaults:clicktoplay-rollout@mozilla.org visible
1527664569958	addons.xpi	DEBUG	Updating XPIState for {"id":"clicktoplay-rollout@mozilla.org","syncGUID":"{e0cf2a5a-ecce-465d-afbd-1b74f54fff8a}","location":"app-system-defaults","version":"1.2","type":"extension","internalName":null,"updateURL":null,"updateKey":null,"optionsURL":null,"optionsType":null,"aboutURL":null,"defaultLocale":{"name":"Click-to-Play staged rollout","description":"Staged rollout for Click-to-Play Flash.","creator":null,"homepageURL":null},"visible":true,"active":false,"userDisabled":false,"appDisabled":false,"installDate":1503580993000,"updateDate":1503580993000,"applyBackgroundUpdates":1,"bootstrap":true,"path":"/opt/firefox/browser/features/clicktoplay-rollout@mozilla.org.xpi","skinnable":false,"size":5621,"sourceURI":null,"releaseNotesURI":null,"softDisabled":false,"foreignInstall":false,"hasBinaryComponents":false,"strictCompatibility":false,"locales":[],"targetApplications":[{"id":"{ec8030f7-c20a-464f-9b0e-13a3a9e97384}","minVersion":"55.0.3","maxVersion":"55.*"}],"targetPlatforms":[],"multiprocessCompatible":true,"seen":true,"dependencies":[],"hasEmbeddedWebExtension":false,"mpcOptedOut":false,"userPermissions":null,"icons":{},"iconURL":null,"icon64URL":null}
1527664569958	DeferredSave.extensions.json	DEBUG	Save changes
1527664569959	addons.manager	DEBUG	Registering startup change 'installed' for screenshots@mozilla.org
1527664569959	addons.xpi	DEBUG	Loading bootstrap scope from /opt/firefox/browser/features/screenshots@mozilla.org.xpi
1527664569962	addons.xpi	DEBUG	Calling bootstrap method install on screenshots@mozilla.org version 10.12.0
1527664569962	addons.xpi-utils	DEBUG	Make addon app-system-defaults:screenshots@mozilla.org visible
1527664569962	addons.xpi	DEBUG	Updating XPIState for {"id":"screenshots@mozilla.org","syncGUID":"{165da2a3-c135-4937-b241-42541edff1d3}","location":"app-system-defaults","version":"10.12.0","type":"extension","internalName":null,"updateURL":null,"updateKey":null,"optionsURL":null,"optionsType":null,"aboutURL":null,"defaultLocale":{"name":"Firefox Screenshots","description":null,"creator":null,"homepageURL":"https://pageshot.net/"},"visible":true,"active":false,"userDisabled":false,"appDisabled":false,"installDate":1503580993000,"updateDate":1503580993000,"applyBackgroundUpdates":1,"bootstrap":true,"path":"/opt/firefox/browser/features/screenshots@mozilla.org.xpi","skinnable":false,"size":714554,"sourceURI":null,"releaseNotesURI":null,"softDisabled":false,"foreignInstall":false,"hasBinaryComponents":false,"strictCompatibility":false,"locales":[],"targetApplications":[{"id":"{ec8030f7-c20a-464f-9b0e-13a3a9e97384}","minVersion":"51.0a1","maxVersion":"*"}],"targetPlatforms":[],"multiprocessCompatible":true,"seen":true,"dependencies":[],"hasEmbeddedWebExtension":false,"mpcOptedOut":false,"userPermissions":null,"icons":{},"iconURL":null,"icon64URL":null}
1527664569963	DeferredSave.extensions.json	DEBUG	Save changes
1527664569963	addons.manager	DEBUG	Registering startup change 'installed' for aushelper@mozilla.org
1527664569964	addons.xpi	DEBUG	Loading bootstrap scope from /opt/firefox/browser/features/aushelper@mozilla.org.xpi
1527664569966	addons.xpi	DEBUG	Calling bootstrap method install on aushelper@mozilla.org version 2.0
1527664569967	addons.xpi-utils	DEBUG	Make addon app-system-defaults:aushelper@mozilla.org visible
1527664569967	addons.xpi	DEBUG	Updating XPIState for {"id":"aushelper@mozilla.org","syncGUID":"{bfe944a1-a146-4c7f-8877-c57252661c49}","location":"app-system-defaults","version":"2.0","type":"extension","internalName":null,"updateURL":null,"updateKey":null,"optionsURL":null,"optionsType":null,"aboutURL":null,"defaultLocale":{"name":"Application Update Service Helper","description":"Sets value(s) in the update url based on custom checks.","creator":null,"homepageURL":null},"visible":true,"active":false,"userDisabled":false,"appDisabled":false,"installDate":1503580993000,"updateDate":1503580993000,"applyBackgroundUpdates":1,"bootstrap":true,"path":"/opt/firefox/browser/features/aushelper@mozilla.org.xpi","skinnable":false,"size":8488,"sourceURI":null,"releaseNotesURI":null,"softDisabled":false,"foreignInstall":false,"hasBinaryComponents":false,"strictCompatibility":false,"locales":[],"targetApplications":[{"id":"{ec8030f7-c20a-464f-9b0e-13a3a9e97384}","minVersion":"55.0.3","maxVersion":"55.*"}],"targetPlatforms":[],"multiprocessCompatible":true,"seen":true,"dependencies":[],"hasEmbeddedWebExtension":false,"mpcOptedOut":false,"userPermissions":null,"icons":{},"iconURL":null,"icon64URL":null}
1527664569969	DeferredSave.extensions.json	DEBUG	Save changes
1527664569969	addons.manager	DEBUG	Registering startup change 'installed' for webcompat@mozilla.org
1527664569970	addons.xpi	DEBUG	Loading bootstrap scope from /opt/firefox/browser/features/webcompat@mozilla.org.xpi
1527664569972	addons.xpi	DEBUG	Calling bootstrap method install on webcompat@mozilla.org version 1.1
1527664569972	addons.xpi-utils	DEBUG	Make addon app-system-defaults:webcompat@mozilla.org visible
1527664569972	addons.xpi	DEBUG	Updating XPIState for {"id":"webcompat@mozilla.org","syncGUID":"{6c201ba5-c847-42ec-bd04-86052b21773d}","location":"app-system-defaults","version":"1.1","type":"extension","internalName":null,"updateURL":null,"updateKey":null,"optionsURL":null,"optionsType":null,"aboutURL":null,"defaultLocale":{"name":"Web Compat","description":"Urgent post-release fixes for web compatibility.","creator":null,"homepageURL":null},"visible":true,"active":false,"userDisabled":false,"appDisabled":false,"installDate":1503580993000,"updateDate":1503580993000,"applyBackgroundUpdates":1,"bootstrap":true,"path":"/opt/firefox/browser/features/webcompat@mozilla.org.xpi","skinnable":false,"size":8992,"sourceURI":null,"releaseNotesURI":null,"softDisabled":false,"foreignInstall":false,"hasBinaryComponents":false,"strictCompatibility":false,"locales":[],"targetApplications":[{"id":"{ec8030f7-c20a-464f-9b0e-13a3a9e97384}","minVersion":"55.0.3","maxVersion":"55.*"}],"targetPlatforms":[],"multiprocessCompatible":true,"seen":true,"dependencies":[],"hasEmbeddedWebExtension":false,"mpcOptedOut":false,"userPermissions":null,"icons":{},"iconURL":null,"icon64URL":null}
1527664569973	DeferredSave.extensions.json	DEBUG	Save changes
1527664569973	addons.manager	DEBUG	Registering startup change 'installed' for followonsearch@mozilla.com
1527664569974	addons.xpi	DEBUG	Loading bootstrap scope from /opt/firefox/browser/features/followonsearch@mozilla.com.xpi
1527664569976	addons.xpi	DEBUG	Calling bootstrap method install on followonsearch@mozilla.com version 0.9.1
1527664569976	addons.xpi-utils	DEBUG	Make addon app-system-defaults:followonsearch@mozilla.com visible
1527664569977	addons.xpi	DEBUG	Updating XPIState for {"id":"followonsearch@mozilla.com","syncGUID":"{dcfc0d2c-aaf3-4aef-86e2-f42b1b76ff94}","location":"app-system-defaults","version":"0.9.1","type":"extension","internalName":null,"updateURL":null,"updateKey":null,"optionsURL":null,"optionsType":null,"aboutURL":null,"defaultLocale":{"name":"Follow-on Search Telemetry","description":null,"creator":null,"homepageURL":null},"visible":true,"active":false,"userDisabled":false,"appDisabled":false,"installDate":1503580993000,"updateDate":1503580993000,"applyBackgroundUpdates":1,"bootstrap":true,"path":"/opt/firefox/browser/features/followonsearch@mozilla.com.xpi","skinnable":false,"size":16730,"sourceURI":null,"releaseNotesURI":null,"softDisabled":false,"foreignInstall":false,"hasBinaryComponents":false,"strictCompatibility":false,"locales":[],"targetApplications":[{"id":"{ec8030f7-c20a-464f-9b0e-13a3a9e97384}","minVersion":"52.0","maxVersion":"59.*"}],"targetPlatforms":[],"multiprocessCompatible":true,"seen":true,"dependencies":[],"hasEmbeddedWebExtension":false,"mpcOptedOut":false,"userPermissions":null,"icons":{},"iconURL":null,"icon64URL":null}
1527664569977	DeferredSave.extensions.json	DEBUG	Save changes
1527664569977	addons.manager	DEBUG	Registering startup change 'installed' for shield-recipe-client@mozilla.org
1527664569979	addons.xpi	DEBUG	Loading bootstrap scope from /opt/firefox/browser/features/shield-recipe-client@mozilla.org.xpi
1527664569981	addons.xpi	DEBUG	Calling bootstrap method install on shield-recipe-client@mozilla.org version 55.1
1527664569981	addons.xpi-utils	DEBUG	Make addon app-system-defaults:shield-recipe-client@mozilla.org visible
1527664569982	addons.xpi	DEBUG	Updating XPIState for {"id":"shield-recipe-client@mozilla.org","syncGUID":"{76dfb564-cea0-4974-8fc1-9b4f33bc4269}","location":"app-system-defaults","version":"55.1","type":"extension","internalName":null,"updateURL":null,"updateKey":null,"optionsURL":null,"optionsType":null,"aboutURL":null,"defaultLocale":{"name":"Shield Recipe Client","description":"Client to download and run recipes for SHIELD, Heartbeat, etc.","creator":null,"homepageURL":null},"visible":true,"active":false,"userDisabled":false,"appDisabled":false,"installDate":1503580993000,"updateDate":1503580993000,"applyBackgroundUpdates":1,"bootstrap":true,"path":"/opt/firefox/browser/features/shield-recipe-client@mozilla.org.xpi","skinnable":false,"size":140305,"sourceURI":null,"releaseNotesURI":null,"softDisabled":false,"foreignInstall":false,"hasBinaryComponents":false,"strictCompatibility":false,"locales":[],"targetApplications":[{"id":"{ec8030f7-c20a-464f-9b0e-13a3a9e97384}","minVersion":"55.0.3","maxVersion":"55.*"}],"targetPlatforms":[],"multiprocessCompatible":true,"seen":true,"dependencies":[],"hasEmbeddedWebExtension":false,"mpcOptedOut":false,"userPermissions":null,"icons":{},"iconURL":null,"icon64URL":null}
1527664569982	DeferredSave.extensions.json	DEBUG	Save changes
1527664569983	addons.xpi-utils	DEBUG	Make addon app-global:{972ce4c6-7e08-4474-a285-3208198ce6fd} visible
1527664569983	addons.xpi	DEBUG	Updating XPIState for {"id":"{972ce4c6-7e08-4474-a285-3208198ce6fd}","syncGUID":"{d69be54b-a05e-4e80-8f82-5e8e17a1f49e}","location":"app-global","version":"55.0.3","type":"theme","internalName":"classic/1.0","updateURL":null,"updateKey":null,"optionsURL":null,"optionsType":null,"optionsBrowserStyle":null,"aboutURL":null,"defaultLocale":{"name":"Default","description":"The default theme.","creator":"Mozilla","homepageURL":null,"contributors":["Mozilla Contributors"]},"visible":true,"active":false,"userDisabled":false,"appDisabled":false,"installDate":1503580993000,"updateDate":1503580993000,"applyBackgroundUpdates":1,"path":"/opt/firefox/browser/extensions/{972ce4c6-7e08-4474-a285-3208198ce6fd}.xpi","skinnable":true,"size":2918,"sourceURI":null,"releaseNotesURI":null,"softDisabled":false,"foreignInstall":false,"hasBinaryComponents":false,"strictCompatibility":true,"locales":[],"targetApplications":[{"id":"{ec8030f7-c20a-464f-9b0e-13a3a9e97384}","minVersion":"55.0.3","maxVersion":"55.0.3"}],"targetPlatforms":[],"seen":true,"dependencies":[],"hasEmbeddedWebExtension":false,"userPermissions":null,"icons":{},"iconURL":"chrome://browser/content/default-theme-icon.svg","icon64URL":null}
1527664569983	DeferredSave.extensions.json	DEBUG	Save changes
1527664569984	addons.xpi	DEBUG	Updating XPIState for {"id":"e10srollout@mozilla.org","syncGUID":"{a2abe11a-38b3-4a5f-a5bf-d9ae51e1c728}","location":"app-system-defaults","version":"2.0","type":"extension","internalName":null,"updateURL":null,"updateKey":null,"optionsURL":null,"optionsType":null,"aboutURL":null,"defaultLocale":{"name":"Multi-process staged rollout","description":"Staged rollout of Firefox multi-process feature.","creator":null,"homepageURL":null},"visible":true,"active":true,"userDisabled":false,"appDisabled":false,"installDate":1503580993000,"updateDate":1503580993000,"applyBackgroundUpdates":1,"bootstrap":true,"path":"/opt/firefox/browser/features/e10srollout@mozilla.org.xpi","skinnable":false,"size":13287,"sourceURI":null,"releaseNotesURI":null,"softDisabled":false,"foreignInstall":false,"hasBinaryComponents":false,"strictCompatibility":false,"locales":[],"targetApplications":[{"id":"{ec8030f7-c20a-464f-9b0e-13a3a9e97384}","minVersion":"55.0.3","maxVersion":"55.*"}],"targetPlatforms":[],"multiprocessCompatible":true,"seen":true,"dependencies":[],"hasEmbeddedWebExtension":false,"mpcOptedOut":false,"userPermissions":null,"icons":{},"iconURL":null,"icon64URL":null}
1527664569984	addons.xpi	DEBUG	Updating XPIState for {"id":"firefox@getpocket.com","syncGUID":"{b233d2b0-4196-47b5-af3f-8254a50fdc82}","location":"app-system-defaults","version":"1.0.5","type":"extension","internalName":null,"updateURL":null,"updateKey":null,"optionsURL":null,"optionsType":null,"aboutURL":null,"defaultLocale":{"name":"Pocket","description":"When you find something you want to view later, put it in Pocket.","creator":null,"homepageURL":null},"visible":true,"active":true,"userDisabled":false,"appDisabled":false,"installDate":1503580993000,"updateDate":1503580993000,"applyBackgroundUpdates":1,"bootstrap":true,"path":"/opt/firefox/browser/features/firefox@getpocket.com.xpi","skinnable":false,"size":855802,"sourceURI":null,"releaseNotesURI":null,"softDisabled":false,"foreignInstall":false,"hasBinaryComponents":false,"strictCompatibility":false,"locales":[],"targetApplications":[{"id":"{ec8030f7-c20a-464f-9b0e-13a3a9e97384}","minVersion":"55.0.3","maxVersion":"55.*"}],"targetPlatforms":[],"multiprocessCompatible":true,"seen":true,"dependencies":[],"hasEmbeddedWebExtension":false,"mpcOptedOut":false,"userPermissions":null,"icons":{},"iconURL":null,"icon64URL":null}
1527664569985	addons.xpi	DEBUG	Updating XPIState for {"id":"clicktoplay-rollout@mozilla.org","syncGUID":"{e0cf2a5a-ecce-465d-afbd-1b74f54fff8a}","location":"app-system-defaults","version":"1.2","type":"extension","internalName":null,"updateURL":null,"updateKey":null,"optionsURL":null,"optionsType":null,"aboutURL":null,"defaultLocale":{"name":"Click-to-Play staged rollout","description":"Staged rollout for Click-to-Play Flash.","creator":null,"homepageURL":null},"visible":true,"active":true,"userDisabled":false,"appDisabled":false,"installDate":1503580993000,"updateDate":1503580993000,"applyBackgroundUpdates":1,"bootstrap":true,"path":"/opt/firefox/browser/features/clicktoplay-rollout@mozilla.org.xpi","skinnable":false,"size":5621,"sourceURI":null,"releaseNotesURI":null,"softDisabled":false,"foreignInstall":false,"hasBinaryComponents":false,"strictCompatibility":false,"locales":[],"targetApplications":[{"id":"{ec8030f7-c20a-464f-9b0e-13a3a9e97384}","minVersion":"55.0.3","maxVersion":"55.*"}],"targetPlatforms":[],"multiprocessCompatible":true,"seen":true,"dependencies":[],"hasEmbeddedWebExtension":false,"mpcOptedOut":false,"userPermissions":null,"icons":{},"iconURL":null,"icon64URL":null}
1527664569985	addons.xpi	DEBUG	Updating XPIState for {"id":"screenshots@mozilla.org","syncGUID":"{165da2a3-c135-4937-b241-42541edff1d3}","location":"app-system-defaults","version":"10.12.0","type":"extension","internalName":null,"updateURL":null,"updateKey":null,"optionsURL":null,"optionsType":null,"aboutURL":null,"defaultLocale":{"name":"Firefox Screenshots","description":null,"creator":null,"homepageURL":"https://pageshot.net/"},"visible":true,"active":true,"userDisabled":false,"appDisabled":false,"installDate":1503580993000,"updateDate":1503580993000,"applyBackgroundUpdates":1,"bootstrap":true,"path":"/opt/firefox/browser/features/screenshots@mozilla.org.xpi","skinnable":false,"size":714554,"sourceURI":null,"releaseNotesURI":null,"softDisabled":false,"foreignInstall":false,"hasBinaryComponents":false,"strictCompatibility":false,"locales":[],"targetApplications":[{"id":"{ec8030f7-c20a-464f-9b0e-13a3a9e97384}","minVersion":"51.0a1","maxVersion":"*"}],"targetPlatforms":[],"multiprocessCompatible":true,"seen":true,"dependencies":[],"hasEmbeddedWebExtension":false,"mpcOptedOut":false,"userPermissions":null,"icons":{},"iconURL":null,"icon64URL":null}
1527664569986	addons.xpi	DEBUG	Updating XPIState for {"id":"aushelper@mozilla.org","syncGUID":"{bfe944a1-a146-4c7f-8877-c57252661c49}","location":"app-system-defaults","version":"2.0","type":"extension","internalName":null,"updateURL":null,"updateKey":null,"optionsURL":null,"optionsType":null,"aboutURL":null,"defaultLocale":{"name":"Application Update Service Helper","description":"Sets value(s) in the update url based on custom checks.","creator":null,"homepageURL":null},"visible":true,"active":true,"userDisabled":false,"appDisabled":false,"installDate":1503580993000,"updateDate":1503580993000,"applyBackgroundUpdates":1,"bootstrap":true,"path":"/opt/firefox/browser/features/aushelper@mozilla.org.xpi","skinnable":false,"size":8488,"sourceURI":null,"releaseNotesURI":null,"softDisabled":false,"foreignInstall":false,"hasBinaryComponents":false,"strictCompatibility":false,"locales":[],"targetApplications":[{"id":"{ec8030f7-c20a-464f-9b0e-13a3a9e97384}","minVersion":"55.0.3","maxVersion":"55.*"}],"targetPlatforms":[],"multiprocessCompatible":true,"seen":true,"dependencies":[],"hasEmbeddedWebExtension":false,"mpcOptedOut":false,"userPermissions":null,"icons":{},"iconURL":null,"icon64URL":null}
1527664569987	addons.xpi	DEBUG	Updating XPIState for {"id":"webcompat@mozilla.org","syncGUID":"{6c201ba5-c847-42ec-bd04-86052b21773d}","location":"app-system-defaults","version":"1.1","type":"extension","internalName":null,"updateURL":null,"updateKey":null,"optionsURL":null,"optionsType":null,"aboutURL":null,"defaultLocale":{"name":"Web Compat","description":"Urgent post-release fixes for web compatibility.","creator":null,"homepageURL":null},"visible":true,"active":true,"userDisabled":false,"appDisabled":false,"installDate":1503580993000,"updateDate":1503580993000,"applyBackgroundUpdates":1,"bootstrap":true,"path":"/opt/firefox/browser/features/webcompat@mozilla.org.xpi","skinnable":false,"size":8992,"sourceURI":null,"releaseNotesURI":null,"softDisabled":false,"foreignInstall":false,"hasBinaryComponents":false,"strictCompatibility":false,"locales":[],"targetApplications":[{"id":"{ec8030f7-c20a-464f-9b0e-13a3a9e97384}","minVersion":"55.0.3","maxVersion":"55.*"}],"targetPlatforms":[],"multiprocessCompatible":true,"seen":true,"dependencies":[],"hasEmbeddedWebExtension":false,"mpcOptedOut":false,"userPermissions":null,"icons":{},"iconURL":null,"icon64URL":null}
1527664569988	addons.xpi	DEBUG	Updating XPIState for {"id":"followonsearch@mozilla.com","syncGUID":"{dcfc0d2c-aaf3-4aef-86e2-f42b1b76ff94}","location":"app-system-defaults","version":"0.9.1","type":"extension","internalName":null,"updateURL":null,"updateKey":null,"optionsURL":null,"optionsType":null,"aboutURL":null,"defaultLocale":{"name":"Follow-on Search Telemetry","description":null,"creator":null,"homepageURL":null},"visible":true,"active":true,"userDisabled":false,"appDisabled":false,"installDate":1503580993000,"updateDate":1503580993000,"applyBackgroundUpdates":1,"bootstrap":true,"path":"/opt/firefox/browser/features/followonsearch@mozilla.com.xpi","skinnable":false,"size":16730,"sourceURI":null,"releaseNotesURI":null,"softDisabled":false,"foreignInstall":false,"hasBinaryComponents":false,"strictCompatibility":false,"locales":[],"targetApplications":[{"id":"{ec8030f7-c20a-464f-9b0e-13a3a9e97384}","minVersion":"52.0","maxVersion":"59.*"}],"targetPlatforms":[],"multiprocessCompatible":true,"seen":true,"dependencies":[],"hasEmbeddedWebExtension":false,"mpcOptedOut":false,"userPermissions":null,"icons":{},"iconURL":null,"icon64URL":null}
1527664569988	addons.xpi	DEBUG	Updating XPIState for {"id":"shield-recipe-client@mozilla.org","syncGUID":"{76dfb564-cea0-4974-8fc1-9b4f33bc4269}","location":"app-system-defaults","version":"55.1","type":"extension","internalName":null,"updateURL":null,"updateKey":null,"optionsURL":null,"optionsType":null,"aboutURL":null,"defaultLocale":{"name":"Shield Recipe Client","description":"Client to download and run recipes for SHIELD, Heartbeat, etc.","creator":null,"homepageURL":null},"visible":true,"active":true,"userDisabled":false,"appDisabled":false,"installDate":1503580993000,"updateDate":1503580993000,"applyBackgroundUpdates":1,"bootstrap":true,"path":"/opt/firefox/browser/features/shield-recipe-client@mozilla.org.xpi","skinnable":false,"size":140305,"sourceURI":null,"releaseNotesURI":null,"softDisabled":false,"foreignInstall":false,"hasBinaryComponents":false,"strictCompatibility":false,"locales":[],"targetApplications":[{"id":"{ec8030f7-c20a-464f-9b0e-13a3a9e97384}","minVersion":"55.0.3","maxVersion":"55.*"}],"targetPlatforms":[],"multiprocessCompatible":true,"seen":true,"dependencies":[],"hasEmbeddedWebExtension":false,"mpcOptedOut":false,"userPermissions":null,"icons":{},"iconURL":null,"icon64URL":null}
1527664569988	addons.xpi	DEBUG	Updating XPIState for {"id":"{972ce4c6-7e08-4474-a285-3208198ce6fd}","syncGUID":"{d69be54b-a05e-4e80-8f82-5e8e17a1f49e}","location":"app-global","version":"55.0.3","type":"theme","internalName":"classic/1.0","updateURL":null,"updateKey":null,"optionsURL":null,"optionsType":null,"optionsBrowserStyle":null,"aboutURL":null,"defaultLocale":{"name":"Default","description":"The default theme.","creator":"Mozilla","homepageURL":null,"contributors":["Mozilla Contributors"]},"visible":true,"active":true,"userDisabled":false,"appDisabled":false,"installDate":1503580993000,"updateDate":1503580993000,"applyBackgroundUpdates":1,"path":"/opt/firefox/browser/extensions/{972ce4c6-7e08-4474-a285-3208198ce6fd}.xpi","skinnable":true,"size":2918,"sourceURI":null,"releaseNotesURI":null,"softDisabled":false,"foreignInstall":false,"hasBinaryComponents":false,"strictCompatibility":true,"locales":[],"targetApplications":[{"id":"{ec8030f7-c20a-464f-9b0e-13a3a9e97384}","minVersion":"55.0.3","maxVersion":"55.0.3"}],"targetPlatforms":[],"seen":true,"dependencies":[],"hasEmbeddedWebExtension":false,"userPermissions":null,"icons":{},"iconURL":"chrome://browser/content/default-theme-icon.svg","icon64URL":null}
1527664569989	DeferredSave.extensions.json	DEBUG	Save changes
1527664569989	addons.xpi	DEBUG	Updating database with changes to installed add-ons
1527664569989	addons.xpi-utils	DEBUG	Updating add-on states
1527664569995	addons.xpi	DEBUG	Registering manifest for /opt/firefox/browser/features/aushelper@mozilla.org.xpi
1527664569996	addons.xpi	DEBUG	Calling bootstrap method startup on aushelper@mozilla.org version 2.0
1527664569997	addons.xpi	DEBUG	Registering manifest for /opt/firefox/browser/features/clicktoplay-rollout@mozilla.org.xpi
1527664569998	addons.xpi	DEBUG	Calling bootstrap method startup on clicktoplay-rollout@mozilla.org version 1.2
1527664570089	addons.xpi	DEBUG	Registering manifest for /opt/firefox/browser/features/e10srollout@mozilla.org.xpi
1527664570089	addons.xpi	DEBUG	Calling bootstrap method startup on e10srollout@mozilla.org version 2.0
1527664570089	addons.xpi	DEBUG	Registering manifest for /opt/firefox/browser/features/firefox@getpocket.com.xpi
1527664570089	addons.xpi	DEBUG	Calling bootstrap method startup on firefox@getpocket.com version 1.0.5
1527664570127	addons.xpi	DEBUG	Registering manifest for /opt/firefox/browser/features/followonsearch@mozilla.com.xpi
1527664570127	addons.xpi	DEBUG	Calling bootstrap method startup on followonsearch@mozilla.com version 0.9.1
1527664570128	addons.xpi	DEBUG	Registering manifest for /opt/firefox/browser/features/screenshots@mozilla.org.xpi
1527664570128	addons.xpi	DEBUG	Calling bootstrap method startup on screenshots@mozilla.org version 10.12.0
1527664570128	addons.xpi	DEBUG	Registering manifest for /opt/firefox/browser/features/shield-recipe-client@mozilla.org.xpi
1527664570128	addons.xpi	DEBUG	Calling bootstrap method startup on shield-recipe-client@mozilla.org version 55.1
1527664570135	addons.xpi	DEBUG	Registering manifest for /opt/firefox/browser/features/webcompat@mozilla.org.xpi
1527664570135	addons.xpi	DEBUG	Calling bootstrap method startup on webcompat@mozilla.org version 1.1
1527664570142	addons.manager	DEBUG	Registering shutdown blocker for XPIProvider
1527664570142	addons.manager	DEBUG	Provider finished startup: XPIProvider
1527664570142	addons.manager	DEBUG	Starting provider: LightweightThemeManager
1527664570143	addons.manager	DEBUG	Registering shutdown blocker for LightweightThemeManager
1527664570143	addons.manager	DEBUG	Provider finished startup: LightweightThemeManager
1527664570143	addons.manager	DEBUG	Starting provider: GMPProvider
1527664570151	addons.manager	DEBUG	Registering shutdown blocker for GMPProvider
1527664570151	addons.manager	DEBUG	Provider finished startup: GMPProvider
1527664570152	addons.manager	DEBUG	Starting provider: PluginProvider
1527664570153	addons.manager	DEBUG	Registering shutdown blocker for PluginProvider
1527664570154	addons.manager	DEBUG	Provider finished startup: PluginProvider
1527664570154	addons.manager	DEBUG	Completed startup sequence
1527664570486	Marionette	INFO	Enabled via --marionette
1527664571029	addons.manager	DEBUG	Starting provider: PreviousExperimentProvider
1527664571029	addons.manager	DEBUG	Registering shutdown blocker for PreviousExperimentProvider
1527664571030	addons.manager	DEBUG	Provider finished startup: PreviousExperimentProvider
1527664571032	DeferredSave.extensions.json	DEBUG	Starting write
1527664571146	DeferredSave.extensions.json	DEBUG	Write succeeded
1527664571146	addons.xpi-utils	DEBUG	XPI Database saved, setting schema version preference to 21
1527664572650	addons.manager	DEBUG	Starting provider: <unnamed-provider>
1527664572650	addons.manager	DEBUG	Registering shutdown blocker for <unnamed-provider>
1527664572650	addons.manager	DEBUG	Provider finished startup: <unnamed-provider>
1527664572654	addons.xpi	INFO	Mapping e10srollout@mozilla.org to /opt/firefox/browser/features/e10srollout@mozilla.org.xpi
1527664572655	addons.xpi	INFO	Mapping firefox@getpocket.com to /opt/firefox/browser/features/firefox@getpocket.com.xpi
1527664572655	addons.xpi	INFO	Mapping clicktoplay-rollout@mozilla.org to /opt/firefox/browser/features/clicktoplay-rollout@mozilla.org.xpi
1527664572655	addons.xpi	INFO	Mapping screenshots@mozilla.org to /opt/firefox/browser/features/screenshots@mozilla.org.xpi
1527664572655	addons.xpi	INFO	Mapping aushelper@mozilla.org to /opt/firefox/browser/features/aushelper@mozilla.org.xpi
1527664572659	addons.xpi	INFO	Mapping webcompat@mozilla.org to /opt/firefox/browser/features/webcompat@mozilla.org.xpi
1527664572659	addons.xpi	INFO	Mapping followonsearch@mozilla.com to /opt/firefox/browser/features/followonsearch@mozilla.com.xpi
1527664572659	addons.xpi	INFO	Mapping shield-recipe-client@mozilla.org to /opt/firefox/browser/features/shield-recipe-client@mozilla.org.xpi
1527664572661	addons.xpi	DEBUG	Existing add-on e10srollout@mozilla.org in app-system-defaults
1527664572662	addons.xpi	DEBUG	Existing add-on firefox@getpocket.com in app-system-defaults
1527664572662	addons.xpi	DEBUG	Existing add-on clicktoplay-rollout@mozilla.org in app-system-defaults
1527664572662	addons.xpi	DEBUG	Existing add-on screenshots@mozilla.org in app-system-defaults
1527664572662	addons.xpi	DEBUG	Existing add-on aushelper@mozilla.org in app-system-defaults
1527664572663	addons.xpi	DEBUG	Existing add-on webcompat@mozilla.org in app-system-defaults
1527664572663	addons.xpi	DEBUG	Existing add-on followonsearch@mozilla.com in app-system-defaults
1527664572663	addons.xpi	DEBUG	Existing add-on shield-recipe-client@mozilla.org in app-system-defaults
1527664572663	addons.xpi	INFO	Mapping {972ce4c6-7e08-4474-a285-3208198ce6fd} to /opt/firefox/browser/extensions/{972ce4c6-7e08-4474-a285-3208198ce6fd}.xpi
1527664572664	addons.xpi	DEBUG	Existing add-on {972ce4c6-7e08-4474-a285-3208198ce6fd} in app-global
1527664572664	addons.xpi	DEBUG	getInstallState changed: false, state: {}
1527664573268	addons.productaddons	INFO	sending request to: https://aus5.mozilla.org/update/3/GMP/55.0.3/20170824123605/Linux_x86_64-gcc3/en-US/release/Linux%204.13.0-43-generic%20(GTK%203.18.9%2Clibpulse%208.0.0)/default/default/update.xml
1527664573426	Marionette	INFO	Listening on port 46119
JavaScript error: chrome://marionette/content/server.js, line 337: NS_ERROR_SOCKET_ADDRESS_IN_USE: Component returned failure code: 0x804b0036 (NS_ERROR_SOCKET_ADDRESS_IN_USE) [nsIServerSocket.initSpecialConnection]
1527664573483	Marionette	WARN	TLS certificate errors will be ignored for this session
1527664573530	Marionette	DEBUG	loaded listener.js
May 30, 2018 12:46:13 PM org.openqa.selenium.remote.ProtocolHandshake createSession
INFO: Detected dialect: W3C
1527664573685	geckodriver	INFO	geckodriver 0.20.0
1527664573691	geckodriver	INFO	Listening on 127.0.0.1:16879
1527664573710	mozrunner::runner	INFO	Running command: "/opt/firefox/firefox" "-marionette" "-profile" "/tmp/rust_mozprofile.nM1Z07XpZWjo"
1527664573991	addons.manager	DEBUG	Application has been upgraded
1527664574015	addons.manager	DEBUG	Loaded provider scope for resource://gre/modules/addons/XPIProvider.jsm: ["XPIProvider", "XPIInternal"]
1527664574019	addons.manager	DEBUG	Loaded provider scope for resource://gre/modules/LightweightThemeManager.jsm: ["LightweightThemeManager"]
1527664574049	addons.manager	DEBUG	Loaded provider scope for resource://gre/modules/addons/GMPProvider.jsm
1527664574052	addons.manager	DEBUG	Loaded provider scope for resource://gre/modules/addons/PluginProvider.jsm
1527664574053	addons.manager	DEBUG	Starting provider: XPIProvider
1527664574054	addons.xpi	DEBUG	startup
1527664574054	addons.xpi	INFO	SystemAddonInstallLocation directory is missing
1527664574055	addons.xpi	INFO	Removing all system add-on upgrades.
1527664574057	addons.xpi	DEBUG	checkForChanges
1527664574058	addons.xpi	WARN	Error parsing extensions state: [Exception... "Component returned failure code: 0x80520012 (NS_ERROR_FILE_NOT_FOUND) [amIAddonManagerStartup.readStartupData]"  nsresult: "0x80520012 (NS_ERROR_FILE_NOT_FOUND)"  location: "JS frame :: resource://gre/modules/addons/XPIProvider.jsm :: loadExtensionState :: line 1596"  data: no] Stack trace: loadExtensionState()@resource://gre/modules/addons/XPIProvider.jsm:1596 < getInstallState()@resource://gre/modules/addons/XPIProvider.jsm:1631 < checkForChanges()@resource://gre/modules/addons/XPIProvider.jsm:3152 < startup()@resource://gre/modules/addons/XPIProvider.jsm:2246 < callProvider()@resource://gre/modules/AddonManager.jsm:271 < _startProvider()@resource://gre/modules/AddonManager.jsm:741 < startup()@resource://gre/modules/AddonManager.jsm:908 < startup()@resource://gre/modules/AddonManager.jsm:3122 < observe()@jar:file:///opt/firefox/omni.ja!/components/addonManager.js:65
1527664574062	addons.xpi	DEBUG	Loaded add-on state: ${}
1527664574065	addons.xpi	INFO	Mapping e10srollout@mozilla.org to /opt/firefox/browser/features/e10srollout@mozilla.org.xpi
1527664574065	addons.xpi	INFO	Mapping firefox@getpocket.com to /opt/firefox/browser/features/firefox@getpocket.com.xpi
1527664574065	addons.xpi	INFO	Mapping clicktoplay-rollout@mozilla.org to /opt/firefox/browser/features/clicktoplay-rollout@mozilla.org.xpi
1527664574065	addons.xpi	INFO	Mapping screenshots@mozilla.org to /opt/firefox/browser/features/screenshots@mozilla.org.xpi
1527664574065	addons.xpi	INFO	Mapping aushelper@mozilla.org to /opt/firefox/browser/features/aushelper@mozilla.org.xpi
1527664574066	addons.xpi	INFO	Mapping webcompat@mozilla.org to /opt/firefox/browser/features/webcompat@mozilla.org.xpi
1527664574066	addons.xpi	INFO	Mapping followonsearch@mozilla.com to /opt/firefox/browser/features/followonsearch@mozilla.com.xpi
1527664574066	addons.xpi	INFO	Mapping shield-recipe-client@mozilla.org to /opt/firefox/browser/features/shield-recipe-client@mozilla.org.xpi
1527664574067	addons.xpi	DEBUG	New add-on e10srollout@mozilla.org in app-system-defaults
1527664574068	addons.xpi	INFO	Mapping e10srollout@mozilla.org to /opt/firefox/browser/features/e10srollout@mozilla.org.xpi
1527664574069	addons.xpi	DEBUG	New add-on firefox@getpocket.com in app-system-defaults
1527664574069	addons.xpi	INFO	Mapping firefox@getpocket.com to /opt/firefox/browser/features/firefox@getpocket.com.xpi
1527664574069	addons.xpi	DEBUG	New add-on clicktoplay-rollout@mozilla.org in app-system-defaults
1527664574070	addons.xpi	INFO	Mapping clicktoplay-rollout@mozilla.org to /opt/firefox/browser/features/clicktoplay-rollout@mozilla.org.xpi
1527664574071	addons.xpi	DEBUG	New add-on screenshots@mozilla.org in app-system-defaults
1527664574071	addons.xpi	INFO	Mapping screenshots@mozilla.org to /opt/firefox/browser/features/screenshots@mozilla.org.xpi
1527664574071	addons.xpi	DEBUG	New add-on aushelper@mozilla.org in app-system-defaults
1527664574073	addons.xpi	INFO	Mapping aushelper@mozilla.org to /opt/firefox/browser/features/aushelper@mozilla.org.xpi
1527664574074	addons.xpi	DEBUG	New add-on webcompat@mozilla.org in app-system-defaults
1527664574076	addons.xpi	INFO	Mapping webcompat@mozilla.org to /opt/firefox/browser/features/webcompat@mozilla.org.xpi
1527664574077	addons.xpi	DEBUG	New add-on followonsearch@mozilla.com in app-system-defaults
1527664574077	addons.xpi	INFO	Mapping followonsearch@mozilla.com to /opt/firefox/browser/features/followonsearch@mozilla.com.xpi
1527664574077	addons.xpi	DEBUG	New add-on shield-recipe-client@mozilla.org in app-system-defaults
1527664574077	addons.xpi	INFO	Mapping shield-recipe-client@mozilla.org to /opt/firefox/browser/features/shield-recipe-client@mozilla.org.xpi
1527664574078	addons.xpi	INFO	Mapping {972ce4c6-7e08-4474-a285-3208198ce6fd} to /opt/firefox/browser/extensions/{972ce4c6-7e08-4474-a285-3208198ce6fd}.xpi
1527664574078	addons.xpi	DEBUG	New add-on {972ce4c6-7e08-4474-a285-3208198ce6fd} in app-global
1527664574079	addons.xpi	INFO	Mapping {972ce4c6-7e08-4474-a285-3208198ce6fd} to /opt/firefox/browser/extensions/{972ce4c6-7e08-4474-a285-3208198ce6fd}.xpi
1527664574079	addons.xpi	DEBUG	getInstallState changed: true, state: {}
1527664574079	addons.xpi	INFO	SystemAddonInstallLocation directory is missing
1527664574093	addons.xpi-utils	DEBUG	Opening XPI database /tmp/rust_mozprofile.nM1Z07XpZWjo/extensions.json
1527664574096	addons.xpi-utils	DEBUG	New add-on e10srollout@mozilla.org installed in app-system-defaults
*** Blocklist::_loadBlocklistFromFile: blocklist is disabled
1527664574122	DeferredSave.extensions.json	DEBUG	Save changes
1527664574124	addons.xpi-utils	DEBUG	New add-on firefox@getpocket.com installed in app-system-defaults
1527664574129	DeferredSave.extensions.json	DEBUG	Starting timer
1527664574132	DeferredSave.extensions.json	DEBUG	Save changes
1527664574132	addons.xpi-utils	DEBUG	New add-on clicktoplay-rollout@mozilla.org installed in app-system-defaults
1527664574136	DeferredSave.extensions.json	DEBUG	Save changes
1527664574136	addons.xpi-utils	DEBUG	New add-on screenshots@mozilla.org installed in app-system-defaults
1527664574143	DeferredSave.extensions.json	DEBUG	Save changes
1527664574144	addons.xpi-utils	DEBUG	New add-on aushelper@mozilla.org installed in app-system-defaults
1527664574147	DeferredSave.extensions.json	DEBUG	Save changes
1527664574148	addons.xpi-utils	DEBUG	New add-on webcompat@mozilla.org installed in app-system-defaults
1527664574152	DeferredSave.extensions.json	DEBUG	Save changes
1527664574152	addons.xpi-utils	DEBUG	New add-on followonsearch@mozilla.com installed in app-system-defaults
1527664574154	DeferredSave.extensions.json	DEBUG	Save changes
1527664574154	addons.xpi-utils	DEBUG	New add-on shield-recipe-client@mozilla.org installed in app-system-defaults
1527664574157	DeferredSave.extensions.json	DEBUG	Save changes
1527664574157	addons.xpi-utils	DEBUG	New add-on {972ce4c6-7e08-4474-a285-3208198ce6fd} installed in app-global
1527664574161	DeferredSave.extensions.json	DEBUG	Save changes
1527664574164	addons.manager	DEBUG	Registering startup change 'installed' for e10srollout@mozilla.org
1527664574165	addons.productaddons	INFO	Completed downloading document
1527664574180	addons.xpi	DEBUG	Loading bootstrap scope from /opt/firefox/browser/features/e10srollout@mozilla.org.xpi
1527664574184	addons.xpi	DEBUG	Calling bootstrap method install on e10srollout@mozilla.org version 2.0
1527664574187	addons.xpi-utils	DEBUG	Make addon app-system-defaults:e10srollout@mozilla.org visible
1527664574187	addons.xpi	DEBUG	Updating XPIState for {"id":"e10srollout@mozilla.org","syncGUID":"{6e2d4ee9-3732-40df-bf73-ffb247a6766c}","location":"app-system-defaults","version":"2.0","type":"extension","internalName":null,"updateURL":null,"updateKey":null,"optionsURL":null,"optionsType":null,"aboutURL":null,"defaultLocale":{"name":"Multi-process staged rollout","description":"Staged rollout of Firefox multi-process feature.","creator":null,"homepageURL":null},"visible":true,"active":false,"userDisabled":false,"appDisabled":false,"installDate":1503580993000,"updateDate":1503580993000,"applyBackgroundUpdates":1,"bootstrap":true,"path":"/opt/firefox/browser/features/e10srollout@mozilla.org.xpi","skinnable":false,"size":13287,"sourceURI":null,"releaseNotesURI":null,"softDisabled":false,"foreignInstall":false,"hasBinaryComponents":false,"strictCompatibility":false,"locales":[],"targetApplications":[{"id":"{ec8030f7-c20a-464f-9b0e-13a3a9e97384}","minVersion":"55.0.3","maxVersion":"55.*"}],"targetPlatforms":[],"multiprocessCompatible":true,"seen":true,"dependencies":[],"hasEmbeddedWebExtension":false,"mpcOptedOut":false,"userPermissions":null,"icons":{},"iconURL":null,"icon64URL":null}
1527664574192	DeferredSave.extensions.json	DEBUG	Save changes
1527664574193	addons.manager	DEBUG	Registering startup change 'installed' for firefox@getpocket.com
1527664574194	addons.xpi	DEBUG	Loading bootstrap scope from /opt/firefox/browser/features/firefox@getpocket.com.xpi
1527664574201	addons.xpi	DEBUG	Calling bootstrap method install on firefox@getpocket.com version 1.0.5
1527664574201	addons.xpi-utils	DEBUG	Make addon app-system-defaults:firefox@getpocket.com visible
1527664574201	addons.xpi	DEBUG	Updating XPIState for {"id":"firefox@getpocket.com","syncGUID":"{5228931c-9dad-4db9-95e9-96bdeba4f904}","location":"app-system-defaults","version":"1.0.5","type":"extension","internalName":null,"updateURL":null,"updateKey":null,"optionsURL":null,"optionsType":null,"aboutURL":null,"defaultLocale":{"name":"Pocket","description":"When you find something you want to view later, put it in Pocket.","creator":null,"homepageURL":null},"visible":true,"active":false,"userDisabled":false,"appDisabled":false,"installDate":1503580993000,"updateDate":1503580993000,"applyBackgroundUpdates":1,"bootstrap":true,"path":"/opt/firefox/browser/features/firefox@getpocket.com.xpi","skinnable":false,"size":855802,"sourceURI":null,"releaseNotesURI":null,"softDisabled":false,"foreignInstall":false,"hasBinaryComponents":false,"strictCompatibility":false,"locales":[],"targetApplications":[{"id":"{ec8030f7-c20a-464f-9b0e-13a3a9e97384}","minVersion":"55.0.3","maxVersion":"55.*"}],"targetPlatforms":[],"multiprocessCompatible":true,"seen":true,"dependencies":[],"hasEmbeddedWebExtension":false,"mpcOptedOut":false,"userPermissions":null,"icons":{},"iconURL":null,"icon64URL":null}
1527664574202	DeferredSave.extensions.json	DEBUG	Save changes
1527664574203	addons.manager	DEBUG	Registering startup change 'installed' for clicktoplay-rollout@mozilla.org
1527664574204	addons.xpi	DEBUG	Loading bootstrap scope from /opt/firefox/browser/features/clicktoplay-rollout@mozilla.org.xpi
1527664574217	addons.xpi	DEBUG	Calling bootstrap method install on clicktoplay-rollout@mozilla.org version 1.2
1527664574217	addons.xpi-utils	DEBUG	Make addon app-system-defaults:clicktoplay-rollout@mozilla.org visible
1527664574217	addons.xpi	DEBUG	Updating XPIState for {"id":"clicktoplay-rollout@mozilla.org","syncGUID":"{bdad5ec8-bcdc-4c9c-8434-7c270a536b82}","location":"app-system-defaults","version":"1.2","type":"extension","internalName":null,"updateURL":null,"updateKey":null,"optionsURL":null,"optionsType":null,"aboutURL":null,"defaultLocale":{"name":"Click-to-Play staged rollout","description":"Staged rollout for Click-to-Play Flash.","creator":null,"homepageURL":null},"visible":true,"active":false,"userDisabled":false,"appDisabled":false,"installDate":1503580993000,"updateDate":1503580993000,"applyBackgroundUpdates":1,"bootstrap":true,"path":"/opt/firefox/browser/features/clicktoplay-rollout@mozilla.org.xpi","skinnable":false,"size":5621,"sourceURI":null,"releaseNotesURI":null,"softDisabled":false,"foreignInstall":false,"hasBinaryComponents":false,"strictCompatibility":false,"locales":[],"targetApplications":[{"id":"{ec8030f7-c20a-464f-9b0e-13a3a9e97384}","minVersion":"55.0.3","maxVersion":"55.*"}],"targetPlatforms":[],"multiprocessCompatible":true,"seen":true,"dependencies":[],"hasEmbeddedWebExtension":false,"mpcOptedOut":false,"userPermissions":null,"icons":{},"iconURL":null,"icon64URL":null}
1527664574218	DeferredSave.extensions.json	DEBUG	Save changes
1527664574218	addons.manager	DEBUG	Registering startup change 'installed' for screenshots@mozilla.org
1527664574219	addons.xpi	DEBUG	Loading bootstrap scope from /opt/firefox/browser/features/screenshots@mozilla.org.xpi
1527664574220	addons.xpi	DEBUG	Calling bootstrap method install on screenshots@mozilla.org version 10.12.0
1527664574220	addons.xpi-utils	DEBUG	Make addon app-system-defaults:screenshots@mozilla.org visible
1527664574221	addons.xpi	DEBUG	Updating XPIState for {"id":"screenshots@mozilla.org","syncGUID":"{52f75b60-8cfc-48b3-9518-4200d5fef629}","location":"app-system-defaults","version":"10.12.0","type":"extension","internalName":null,"updateURL":null,"updateKey":null,"optionsURL":null,"optionsType":null,"aboutURL":null,"defaultLocale":{"name":"Firefox Screenshots","description":null,"creator":null,"homepageURL":"https://pageshot.net/"},"visible":true,"active":false,"userDisabled":false,"appDisabled":false,"installDate":1503580993000,"updateDate":1503580993000,"applyBackgroundUpdates":1,"bootstrap":true,"path":"/opt/firefox/browser/features/screenshots@mozilla.org.xpi","skinnable":false,"size":714554,"sourceURI":null,"releaseNotesURI":null,"softDisabled":false,"foreignInstall":false,"hasBinaryComponents":false,"strictCompatibility":false,"locales":[],"targetApplications":[{"id":"{ec8030f7-c20a-464f-9b0e-13a3a9e97384}","minVersion":"51.0a1","maxVersion":"*"}],"targetPlatforms":[],"multiprocessCompatible":true,"seen":true,"dependencies":[],"hasEmbeddedWebExtension":false,"mpcOptedOut":false,"userPermissions":null,"icons":{},"iconURL":null,"icon64URL":null}
1527664574221	DeferredSave.extensions.json	DEBUG	Save changes
1527664574221	addons.manager	DEBUG	Registering startup change 'installed' for aushelper@mozilla.org
1527664574222	addons.xpi	DEBUG	Loading bootstrap scope from /opt/firefox/browser/features/aushelper@mozilla.org.xpi
1527664574224	addons.xpi	DEBUG	Calling bootstrap method install on aushelper@mozilla.org version 2.0
1527664574224	addons.xpi-utils	DEBUG	Make addon app-system-defaults:aushelper@mozilla.org visible
1527664574225	addons.xpi	DEBUG	Updating XPIState for {"id":"aushelper@mozilla.org","syncGUID":"{659823f5-9f18-4f45-90c7-d2d2f80c8d60}","location":"app-system-defaults","version":"2.0","type":"extension","internalName":null,"updateURL":null,"updateKey":null,"optionsURL":null,"optionsType":null,"aboutURL":null,"defaultLocale":{"name":"Application Update Service Helper","description":"Sets value(s) in the update url based on custom checks.","creator":null,"homepageURL":null},"visible":true,"active":false,"userDisabled":false,"appDisabled":false,"installDate":1503580993000,"updateDate":1503580993000,"applyBackgroundUpdates":1,"bootstrap":true,"path":"/opt/firefox/browser/features/aushelper@mozilla.org.xpi","skinnable":false,"size":8488,"sourceURI":null,"releaseNotesURI":null,"softDisabled":false,"foreignInstall":false,"hasBinaryComponents":false,"strictCompatibility":false,"locales":[],"targetApplications":[{"id":"{ec8030f7-c20a-464f-9b0e-13a3a9e97384}","minVersion":"55.0.3","maxVersion":"55.*"}],"targetPlatforms":[],"multiprocessCompatible":true,"seen":true,"dependencies":[],"hasEmbeddedWebExtension":false,"mpcOptedOut":false,"userPermissions":null,"icons":{},"iconURL":null,"icon64URL":null}
1527664574226	DeferredSave.extensions.json	DEBUG	Save changes
1527664574226	addons.manager	DEBUG	Registering startup change 'installed' for webcompat@mozilla.org
1527664574227	addons.xpi	DEBUG	Loading bootstrap scope from /opt/firefox/browser/features/webcompat@mozilla.org.xpi
1527664574229	addons.xpi	DEBUG	Calling bootstrap method install on webcompat@mozilla.org version 1.1
1527664574229	addons.xpi-utils	DEBUG	Make addon app-system-defaults:webcompat@mozilla.org visible
1527664574229	addons.xpi	DEBUG	Updating XPIState for {"id":"webcompat@mozilla.org","syncGUID":"{e1d2176c-ba5b-46ce-984b-8811545b6d15}","location":"app-system-defaults","version":"1.1","type":"extension","internalName":null,"updateURL":null,"updateKey":null,"optionsURL":null,"optionsType":null,"aboutURL":null,"defaultLocale":{"name":"Web Compat","description":"Urgent post-release fixes for web compatibility.","creator":null,"homepageURL":null},"visible":true,"active":false,"userDisabled":false,"appDisabled":false,"installDate":1503580993000,"updateDate":1503580993000,"applyBackgroundUpdates":1,"bootstrap":true,"path":"/opt/firefox/browser/features/webcompat@mozilla.org.xpi","skinnable":false,"size":8992,"sourceURI":null,"releaseNotesURI":null,"softDisabled":false,"foreignInstall":false,"hasBinaryComponents":false,"strictCompatibility":false,"locales":[],"targetApplications":[{"id":"{ec8030f7-c20a-464f-9b0e-13a3a9e97384}","minVersion":"55.0.3","maxVersion":"55.*"}],"targetPlatforms":[],"multiprocessCompatible":true,"seen":true,"dependencies":[],"hasEmbeddedWebExtension":false,"mpcOptedOut":false,"userPermissions":null,"icons":{},"iconURL":null,"icon64URL":null}
1527664574230	DeferredSave.extensions.json	DEBUG	Save changes
1527664574230	addons.manager	DEBUG	Registering startup change 'installed' for followonsearch@mozilla.com
1527664574231	addons.xpi	DEBUG	Loading bootstrap scope from /opt/firefox/browser/features/followonsearch@mozilla.com.xpi
1527664574234	addons.xpi	DEBUG	Calling bootstrap method install on followonsearch@mozilla.com version 0.9.1
1527664574234	addons.xpi-utils	DEBUG	Make addon app-system-defaults:followonsearch@mozilla.com visible
1527664574235	addons.xpi	DEBUG	Updating XPIState for {"id":"followonsearch@mozilla.com","syncGUID":"{70e0d6b7-95ee-4a67-ac70-d4765a855353}","location":"app-system-defaults","version":"0.9.1","type":"extension","internalName":null,"updateURL":null,"updateKey":null,"optionsURL":null,"optionsType":null,"aboutURL":null,"defaultLocale":{"name":"Follow-on Search Telemetry","description":null,"creator":null,"homepageURL":null},"visible":true,"active":false,"userDisabled":false,"appDisabled":false,"installDate":1503580993000,"updateDate":1503580993000,"applyBackgroundUpdates":1,"bootstrap":true,"path":"/opt/firefox/browser/features/followonsearch@mozilla.com.xpi","skinnable":false,"size":16730,"sourceURI":null,"releaseNotesURI":null,"softDisabled":false,"foreignInstall":false,"hasBinaryComponents":false,"strictCompatibility":false,"locales":[],"targetApplications":[{"id":"{ec8030f7-c20a-464f-9b0e-13a3a9e97384}","minVersion":"52.0","maxVersion":"59.*"}],"targetPlatforms":[],"multiprocessCompatible":true,"seen":true,"dependencies":[],"hasEmbeddedWebExtension":false,"mpcOptedOut":false,"userPermissions":null,"icons":{},"iconURL":null,"icon64URL":null}
1527664574236	DeferredSave.extensions.json	DEBUG	Save changes
1527664574237	addons.manager	DEBUG	Registering startup change 'installed' for shield-recipe-client@mozilla.org
1527664574238	addons.xpi	DEBUG	Loading bootstrap scope from /opt/firefox/browser/features/shield-recipe-client@mozilla.org.xpi
1527664574240	addons.xpi	DEBUG	Calling bootstrap method install on shield-recipe-client@mozilla.org version 55.1
1527664574240	addons.xpi-utils	DEBUG	Make addon app-system-defaults:shield-recipe-client@mozilla.org visible
1527664574240	addons.xpi	DEBUG	Updating XPIState for {"id":"shield-recipe-client@mozilla.org","syncGUID":"{222f2474-00e4-4c10-a210-81735660281a}","location":"app-system-defaults","version":"55.1","type":"extension","internalName":null,"updateURL":null,"updateKey":null,"optionsURL":null,"optionsType":null,"aboutURL":null,"defaultLocale":{"name":"Shield Recipe Client","description":"Client to download and run recipes for SHIELD, Heartbeat, etc.","creator":null,"homepageURL":null},"visible":true,"active":false,"userDisabled":false,"appDisabled":false,"installDate":1503580993000,"updateDate":1503580993000,"applyBackgroundUpdates":1,"bootstrap":true,"path":"/opt/firefox/browser/features/shield-recipe-client@mozilla.org.xpi","skinnable":false,"size":140305,"sourceURI":null,"releaseNotesURI":null,"softDisabled":false,"foreignInstall":false,"hasBinaryComponents":false,"strictCompatibility":false,"locales":[],"targetApplications":[{"id":"{ec8030f7-c20a-464f-9b0e-13a3a9e97384}","minVersion":"55.0.3","maxVersion":"55.*"}],"targetPlatforms":[],"multiprocessCompatible":true,"seen":true,"dependencies":[],"hasEmbeddedWebExtension":false,"mpcOptedOut":false,"userPermissions":null,"icons":{},"iconURL":null,"icon64URL":null}
1527664574241	DeferredSave.extensions.json	DEBUG	Save changes
1527664574241	addons.xpi-utils	DEBUG	Make addon app-global:{972ce4c6-7e08-4474-a285-3208198ce6fd} visible
1527664574242	addons.xpi	DEBUG	Updating XPIState for {"id":"{972ce4c6-7e08-4474-a285-3208198ce6fd}","syncGUID":"{b7943092-1fbb-4b6c-9b46-6929cffd1f41}","location":"app-global","version":"55.0.3","type":"theme","internalName":"classic/1.0","updateURL":null,"updateKey":null,"optionsURL":null,"optionsType":null,"optionsBrowserStyle":null,"aboutURL":null,"defaultLocale":{"name":"Default","description":"The default theme.","creator":"Mozilla","homepageURL":null,"contributors":["Mozilla Contributors"]},"visible":true,"active":false,"userDisabled":false,"appDisabled":false,"installDate":1503580993000,"updateDate":1503580993000,"applyBackgroundUpdates":1,"path":"/opt/firefox/browser/extensions/{972ce4c6-7e08-4474-a285-3208198ce6fd}.xpi","skinnable":true,"size":2918,"sourceURI":null,"releaseNotesURI":null,"softDisabled":false,"foreignInstall":false,"hasBinaryComponents":false,"strictCompatibility":true,"locales":[],"targetApplications":[{"id":"{ec8030f7-c20a-464f-9b0e-13a3a9e97384}","minVersion":"55.0.3","maxVersion":"55.0.3"}],"targetPlatforms":[],"seen":true,"dependencies":[],"hasEmbeddedWebExtension":false,"userPermissions":null,"icons":{},"iconURL":"chrome://browser/content/default-theme-icon.svg","icon64URL":null}
1527664574242	DeferredSave.extensions.json	DEBUG	Save changes
1527664574243	addons.xpi	DEBUG	Updating XPIState for {"id":"e10srollout@mozilla.org","syncGUID":"{6e2d4ee9-3732-40df-bf73-ffb247a6766c}","location":"app-system-defaults","version":"2.0","type":"extension","internalName":null,"updateURL":null,"updateKey":null,"optionsURL":null,"optionsType":null,"aboutURL":null,"defaultLocale":{"name":"Multi-process staged rollout","description":"Staged rollout of Firefox multi-process feature.","creator":null,"homepageURL":null},"visible":true,"active":true,"userDisabled":false,"appDisabled":false,"installDate":1503580993000,"updateDate":1503580993000,"applyBackgroundUpdates":1,"bootstrap":true,"path":"/opt/firefox/browser/features/e10srollout@mozilla.org.xpi","skinnable":false,"size":13287,"sourceURI":null,"releaseNotesURI":null,"softDisabled":false,"foreignInstall":false,"hasBinaryComponents":false,"strictCompatibility":false,"locales":[],"targetApplications":[{"id":"{ec8030f7-c20a-464f-9b0e-13a3a9e97384}","minVersion":"55.0.3","maxVersion":"55.*"}],"targetPlatforms":[],"multiprocessCompatible":true,"seen":true,"dependencies":[],"hasEmbeddedWebExtension":false,"mpcOptedOut":false,"userPermissions":null,"icons":{},"iconURL":null,"icon64URL":null}
1527664574243	addons.xpi	DEBUG	Updating XPIState for {"id":"firefox@getpocket.com","syncGUID":"{5228931c-9dad-4db9-95e9-96bdeba4f904}","location":"app-system-defaults","version":"1.0.5","type":"extension","internalName":null,"updateURL":null,"updateKey":null,"optionsURL":null,"optionsType":null,"aboutURL":null,"defaultLocale":{"name":"Pocket","description":"When you find something you want to view later, put it in Pocket.","creator":null,"homepageURL":null},"visible":true,"active":true,"userDisabled":false,"appDisabled":false,"installDate":1503580993000,"updateDate":1503580993000,"applyBackgroundUpdates":1,"bootstrap":true,"path":"/opt/firefox/browser/features/firefox@getpocket.com.xpi","skinnable":false,"size":855802,"sourceURI":null,"releaseNotesURI":null,"softDisabled":false,"foreignInstall":false,"hasBinaryComponents":false,"strictCompatibility":false,"locales":[],"targetApplications":[{"id":"{ec8030f7-c20a-464f-9b0e-13a3a9e97384}","minVersion":"55.0.3","maxVersion":"55.*"}],"targetPlatforms":[],"multiprocessCompatible":true,"seen":true,"dependencies":[],"hasEmbeddedWebExtension":false,"mpcOptedOut":false,"userPermissions":null,"icons":{},"iconURL":null,"icon64URL":null}
1527664574243	addons.xpi	DEBUG	Updating XPIState for {"id":"clicktoplay-rollout@mozilla.org","syncGUID":"{bdad5ec8-bcdc-4c9c-8434-7c270a536b82}","location":"app-system-defaults","version":"1.2","type":"extension","internalName":null,"updateURL":null,"updateKey":null,"optionsURL":null,"optionsType":null,"aboutURL":null,"defaultLocale":{"name":"Click-to-Play staged rollout","description":"Staged rollout for Click-to-Play Flash.","creator":null,"homepageURL":null},"visible":true,"active":true,"userDisabled":false,"appDisabled":false,"installDate":1503580993000,"updateDate":1503580993000,"applyBackgroundUpdates":1,"bootstrap":true,"path":"/opt/firefox/browser/features/clicktoplay-rollout@mozilla.org.xpi","skinnable":false,"size":5621,"sourceURI":null,"releaseNotesURI":null,"softDisabled":false,"foreignInstall":false,"hasBinaryComponents":false,"strictCompatibility":false,"locales":[],"targetApplications":[{"id":"{ec8030f7-c20a-464f-9b0e-13a3a9e97384}","minVersion":"55.0.3","maxVersion":"55.*"}],"targetPlatforms":[],"multiprocessCompatible":true,"seen":true,"dependencies":[],"hasEmbeddedWebExtension":false,"mpcOptedOut":false,"userPermissions":null,"icons":{},"iconURL":null,"icon64URL":null}
1527664574244	addons.xpi	DEBUG	Updating XPIState for {"id":"screenshots@mozilla.org","syncGUID":"{52f75b60-8cfc-48b3-9518-4200d5fef629}","location":"app-system-defaults","version":"10.12.0","type":"extension","internalName":null,"updateURL":null,"updateKey":null,"optionsURL":null,"optionsType":null,"aboutURL":null,"defaultLocale":{"name":"Firefox Screenshots","description":null,"creator":null,"homepageURL":"https://pageshot.net/"},"visible":true,"active":true,"userDisabled":false,"appDisabled":false,"installDate":1503580993000,"updateDate":1503580993000,"applyBackgroundUpdates":1,"bootstrap":true,"path":"/opt/firefox/browser/features/screenshots@mozilla.org.xpi","skinnable":false,"size":714554,"sourceURI":null,"releaseNotesURI":null,"softDisabled":false,"foreignInstall":false,"hasBinaryComponents":false,"strictCompatibility":false,"locales":[],"targetApplications":[{"id":"{ec8030f7-c20a-464f-9b0e-13a3a9e97384}","minVersion":"51.0a1","maxVersion":"*"}],"targetPlatforms":[],"multiprocessCompatible":true,"seen":true,"dependencies":[],"hasEmbeddedWebExtension":false,"mpcOptedOut":false,"userPermissions":null,"icons":{},"iconURL":null,"icon64URL":null}
1527664574245	addons.xpi	DEBUG	Updating XPIState for {"id":"aushelper@mozilla.org","syncGUID":"{659823f5-9f18-4f45-90c7-d2d2f80c8d60}","location":"app-system-defaults","version":"2.0","type":"extension","internalName":null,"updateURL":null,"updateKey":null,"optionsURL":null,"optionsType":null,"aboutURL":null,"defaultLocale":{"name":"Application Update Service Helper","description":"Sets value(s) in the update url based on custom checks.","creator":null,"homepageURL":null},"visible":true,"active":true,"userDisabled":false,"appDisabled":false,"installDate":1503580993000,"updateDate":1503580993000,"applyBackgroundUpdates":1,"bootstrap":true,"path":"/opt/firefox/browser/features/aushelper@mozilla.org.xpi","skinnable":false,"size":8488,"sourceURI":null,"releaseNotesURI":null,"softDisabled":false,"foreignInstall":false,"hasBinaryComponents":false,"strictCompatibility":false,"locales":[],"targetApplications":[{"id":"{ec8030f7-c20a-464f-9b0e-13a3a9e97384}","minVersion":"55.0.3","maxVersion":"55.*"}],"targetPlatforms":[],"multiprocessCompatible":true,"seen":true,"dependencies":[],"hasEmbeddedWebExtension":false,"mpcOptedOut":false,"userPermissions":null,"icons":{},"iconURL":null,"icon64URL":null}
1527664574246	addons.xpi	DEBUG	Updating XPIState for {"id":"webcompat@mozilla.org","syncGUID":"{e1d2176c-ba5b-46ce-984b-8811545b6d15}","location":"app-system-defaults","version":"1.1","type":"extension","internalName":null,"updateURL":null,"updateKey":null,"optionsURL":null,"optionsType":null,"aboutURL":null,"defaultLocale":{"name":"Web Compat","description":"Urgent post-release fixes for web compatibility.","creator":null,"homepageURL":null},"visible":true,"active":true,"userDisabled":false,"appDisabled":false,"installDate":1503580993000,"updateDate":1503580993000,"applyBackgroundUpdates":1,"bootstrap":true,"path":"/opt/firefox/browser/features/webcompat@mozilla.org.xpi","skinnable":false,"size":8992,"sourceURI":null,"releaseNotesURI":null,"softDisabled":false,"foreignInstall":false,"hasBinaryComponents":false,"strictCompatibility":false,"locales":[],"targetApplications":[{"id":"{ec8030f7-c20a-464f-9b0e-13a3a9e97384}","minVersion":"55.0.3","maxVersion":"55.*"}],"targetPlatforms":[],"multiprocessCompatible":true,"seen":true,"dependencies":[],"hasEmbeddedWebExtension":false,"mpcOptedOut":false,"userPermissions":null,"icons":{},"iconURL":null,"icon64URL":null}
1527664574247	addons.xpi	DEBUG	Updating XPIState for {"id":"followonsearch@mozilla.com","syncGUID":"{70e0d6b7-95ee-4a67-ac70-d4765a855353}","location":"app-system-defaults","version":"0.9.1","type":"extension","internalName":null,"updateURL":null,"updateKey":null,"optionsURL":null,"optionsType":null,"aboutURL":null,"defaultLocale":{"name":"Follow-on Search Telemetry","description":null,"creator":null,"homepageURL":null},"visible":true,"active":true,"userDisabled":false,"appDisabled":false,"installDate":1503580993000,"updateDate":1503580993000,"applyBackgroundUpdates":1,"bootstrap":true,"path":"/opt/firefox/browser/features/followonsearch@mozilla.com.xpi","skinnable":false,"size":16730,"sourceURI":null,"releaseNotesURI":null,"softDisabled":false,"foreignInstall":false,"hasBinaryComponents":false,"strictCompatibility":false,"locales":[],"targetApplications":[{"id":"{ec8030f7-c20a-464f-9b0e-13a3a9e97384}","minVersion":"52.0","maxVersion":"59.*"}],"targetPlatforms":[],"multiprocessCompatible":true,"seen":true,"dependencies":[],"hasEmbeddedWebExtension":false,"mpcOptedOut":false,"userPermissions":null,"icons":{},"iconURL":null,"icon64URL":null}
1527664574247	addons.xpi	DEBUG	Updating XPIState for {"id":"shield-recipe-client@mozilla.org","syncGUID":"{222f2474-00e4-4c10-a210-81735660281a}","location":"app-system-defaults","version":"55.1","type":"extension","internalName":null,"updateURL":null,"updateKey":null,"optionsURL":null,"optionsType":null,"aboutURL":null,"defaultLocale":{"name":"Shield Recipe Client","description":"Client to download and run recipes for SHIELD, Heartbeat, etc.","creator":null,"homepageURL":null},"visible":true,"active":true,"userDisabled":false,"appDisabled":false,"installDate":1503580993000,"updateDate":1503580993000,"applyBackgroundUpdates":1,"bootstrap":true,"path":"/opt/firefox/browser/features/shield-recipe-client@mozilla.org.xpi","skinnable":false,"size":140305,"sourceURI":null,"releaseNotesURI":null,"softDisabled":false,"foreignInstall":false,"hasBinaryComponents":false,"strictCompatibility":false,"locales":[],"targetApplications":[{"id":"{ec8030f7-c20a-464f-9b0e-13a3a9e97384}","minVersion":"55.0.3","maxVersion":"55.*"}],"targetPlatforms":[],"multiprocessCompatible":true,"seen":true,"dependencies":[],"hasEmbeddedWebExtension":false,"mpcOptedOut":false,"userPermissions":null,"icons":{},"iconURL":null,"icon64URL":null}
1527664574247	addons.xpi	DEBUG	Updating XPIState for {"id":"{972ce4c6-7e08-4474-a285-3208198ce6fd}","syncGUID":"{b7943092-1fbb-4b6c-9b46-6929cffd1f41}","location":"app-global","version":"55.0.3","type":"theme","internalName":"classic/1.0","updateURL":null,"updateKey":null,"optionsURL":null,"optionsType":null,"optionsBrowserStyle":null,"aboutURL":null,"defaultLocale":{"name":"Default","description":"The default theme.","creator":"Mozilla","homepageURL":null,"contributors":["Mozilla Contributors"]},"visible":true,"active":true,"userDisabled":false,"appDisabled":false,"installDate":1503580993000,"updateDate":1503580993000,"applyBackgroundUpdates":1,"path":"/opt/firefox/browser/extensions/{972ce4c6-7e08-4474-a285-3208198ce6fd}.xpi","skinnable":true,"size":2918,"sourceURI":null,"releaseNotesURI":null,"softDisabled":false,"foreignInstall":false,"hasBinaryComponents":false,"strictCompatibility":true,"locales":[],"targetApplications":[{"id":"{ec8030f7-c20a-464f-9b0e-13a3a9e97384}","minVersion":"55.0.3","maxVersion":"55.0.3"}],"targetPlatforms":[],"seen":true,"dependencies":[],"hasEmbeddedWebExtension":false,"userPermissions":null,"icons":{},"iconURL":"chrome://browser/content/default-theme-icon.svg","icon64URL":null}
1527664574248	DeferredSave.extensions.json	DEBUG	Save changes
1527664574248	addons.xpi	DEBUG	Updating database with changes to installed add-ons
1527664574248	addons.xpi-utils	DEBUG	Updating add-on states
1527664574254	addons.xpi	DEBUG	Registering manifest for /opt/firefox/browser/features/aushelper@mozilla.org.xpi
1527664574254	addons.xpi	DEBUG	Calling bootstrap method startup on aushelper@mozilla.org version 2.0
1527664574256	addons.xpi	DEBUG	Registering manifest for /opt/firefox/browser/features/clicktoplay-rollout@mozilla.org.xpi
1527664574256	addons.xpi	DEBUG	Calling bootstrap method startup on clicktoplay-rollout@mozilla.org version 1.2
1527664574322	addons.xpi	DEBUG	Registering manifest for /opt/firefox/browser/features/e10srollout@mozilla.org.xpi
1527664574322	addons.xpi	DEBUG	Calling bootstrap method startup on e10srollout@mozilla.org version 2.0
1527664574323	addons.xpi	DEBUG	Registering manifest for /opt/firefox/browser/features/firefox@getpocket.com.xpi
1527664574323	addons.xpi	DEBUG	Calling bootstrap method startup on firefox@getpocket.com version 1.0.5
1527664574357	addons.xpi	DEBUG	Registering manifest for /opt/firefox/browser/features/followonsearch@mozilla.com.xpi
1527664574357	addons.xpi	DEBUG	Calling bootstrap method startup on followonsearch@mozilla.com version 0.9.1
1527664574358	addons.xpi	DEBUG	Registering manifest for /opt/firefox/browser/features/screenshots@mozilla.org.xpi
1527664574358	addons.xpi	DEBUG	Calling bootstrap method startup on screenshots@mozilla.org version 10.12.0
1527664574358	addons.xpi	DEBUG	Registering manifest for /opt/firefox/browser/features/shield-recipe-client@mozilla.org.xpi
1527664574358	addons.xpi	DEBUG	Calling bootstrap method startup on shield-recipe-client@mozilla.org version 55.1
1527664574366	addons.xpi	DEBUG	Registering manifest for /opt/firefox/browser/features/webcompat@mozilla.org.xpi
1527664574366	addons.xpi	DEBUG	Calling bootstrap method startup on webcompat@mozilla.org version 1.1
1527664574370	addons.manager	DEBUG	Registering shutdown blocker for XPIProvider
1527664574370	addons.manager	DEBUG	Provider finished startup: XPIProvider
1527664574371	addons.manager	DEBUG	Starting provider: LightweightThemeManager
1527664574371	addons.manager	DEBUG	Registering shutdown blocker for LightweightThemeManager
1527664574371	addons.manager	DEBUG	Provider finished startup: LightweightThemeManager
1527664574371	addons.manager	DEBUG	Starting provider: GMPProvider
1527664574377	addons.manager	DEBUG	Registering shutdown blocker for GMPProvider
1527664574377	addons.manager	DEBUG	Provider finished startup: GMPProvider
1527664574377	addons.manager	DEBUG	Starting provider: PluginProvider
1527664574378	addons.manager	DEBUG	Registering shutdown blocker for PluginProvider
1527664574378	addons.manager	DEBUG	Provider finished startup: PluginProvider
1527664574379	addons.manager	DEBUG	Completed startup sequence
1527664574693	Marionette	INFO	Enabled via --marionette
1527664575245	addons.manager	DEBUG	Starting provider: PreviousExperimentProvider
1527664575245	addons.manager	DEBUG	Registering shutdown blocker for PreviousExperimentProvider
1527664575245	addons.manager	DEBUG	Provider finished startup: PreviousExperimentProvider
1527664575248	DeferredSave.extensions.json	DEBUG	Starting write
1527664575354	DeferredSave.extensions.json	DEBUG	Write succeeded
1527664575354	addons.xpi-utils	DEBUG	XPI Database saved, setting schema version preference to 21
1527664575420	addons.xpi	DEBUG	Calling bootstrap method shutdown on webcompat@mozilla.org version 1.1
1527664575421	addons.xpi	DEBUG	Calling bootstrap method shutdown on shield-recipe-client@mozilla.org version 55.1
1527664575424	addons.xpi	DEBUG	Calling bootstrap method shutdown on screenshots@mozilla.org version 10.12.0
1527664575424	addons.xpi	DEBUG	Calling bootstrap method shutdown on followonsearch@mozilla.com version 0.9.1
1527664575424	addons.xpi	DEBUG	Calling bootstrap method shutdown on firefox@getpocket.com version 1.0.5
1527664575425	addons.xpi	DEBUG	Calling bootstrap method shutdown on e10srollout@mozilla.org version 2.0
1527664575425	addons.xpi	DEBUG	Calling bootstrap method shutdown on clicktoplay-rollout@mozilla.org version 1.2
1527664575425	addons.xpi	DEBUG	Calling bootstrap method shutdown on aushelper@mozilla.org version 2.0
1527664575583	addons.productaddons	WARN	Failed downloading via XHR, status: 0, reason: error
1527664575766	addons.manager	DEBUG	shutdown
1527664575768	addons.manager	DEBUG	Calling shutdown blocker for XPIProvider
1527664575768	addons.xpi	DEBUG	shutdown
1527664575768	addons.xpi-utils	DEBUG	shutdown
1527664575769	addons.manager	DEBUG	Calling shutdown blocker for LightweightThemeManager
1527664575770	addons.manager	DEBUG	Calling shutdown blocker for GMPProvider
1527664575772	addons.manager	DEBUG	Calling shutdown blocker for PluginProvider
1527664575773	addons.manager	DEBUG	Calling shutdown blocker for PreviousExperimentProvider
1527664575774	addons.manager	DEBUG	Calling shutdown blocker for <unnamed-provider>
1527664575778	addons.xpi	DEBUG	Notifying XPI shutdown observers
1527664575788	addons.manager	DEBUG	Async provider shutdown done
1527664577021	addons.manager	DEBUG	Starting provider: <unnamed-provider>
1527664577021	addons.manager	DEBUG	Registering shutdown blocker for <unnamed-provider>
1527664577021	addons.manager	DEBUG	Provider finished startup: <unnamed-provider>
1527664577025	addons.xpi	INFO	Mapping e10srollout@mozilla.org to /opt/firefox/browser/features/e10srollout@mozilla.org.xpi
1527664577025	addons.xpi	INFO	Mapping firefox@getpocket.com to /opt/firefox/browser/features/firefox@getpocket.com.xpi
1527664577025	addons.xpi	INFO	Mapping clicktoplay-rollout@mozilla.org to /opt/firefox/browser/features/clicktoplay-rollout@mozilla.org.xpi
1527664577025	addons.xpi	INFO	Mapping screenshots@mozilla.org to /opt/firefox/browser/features/screenshots@mozilla.org.xpi
1527664577025	addons.xpi	INFO	Mapping aushelper@mozilla.org to /opt/firefox/browser/features/aushelper@mozilla.org.xpi
1527664577026	addons.xpi	INFO	Mapping webcompat@mozilla.org to /opt/firefox/browser/features/webcompat@mozilla.org.xpi
1527664577026	addons.xpi	INFO	Mapping followonsearch@mozilla.com to /opt/firefox/browser/features/followonsearch@mozilla.com.xpi
1527664577026	addons.xpi	INFO	Mapping shield-recipe-client@mozilla.org to /opt/firefox/browser/features/shield-recipe-client@mozilla.org.xpi
1527664577026	addons.xpi	DEBUG	Existing add-on e10srollout@mozilla.org in app-system-defaults
1527664577027	addons.xpi	DEBUG	Existing add-on firefox@getpocket.com in app-system-defaults
1527664577027	addons.xpi	DEBUG	Existing add-on clicktoplay-rollout@mozilla.org in app-system-defaults
1527664577027	addons.xpi	DEBUG	Existing add-on screenshots@mozilla.org in app-system-defaults
1527664577028	addons.xpi	DEBUG	Existing add-on aushelper@mozilla.org in app-system-defaults
1527664577028	addons.xpi	DEBUG	Existing add-on webcompat@mozilla.org in app-system-defaults
1527664577028	addons.xpi	DEBUG	Existing add-on followonsearch@mozilla.com in app-system-defaults
1527664577028	addons.xpi	DEBUG	Existing add-on shield-recipe-client@mozilla.org in app-system-defaults
1527664577028	addons.xpi	INFO	Mapping {972ce4c6-7e08-4474-a285-3208198ce6fd} to /opt/firefox/browser/extensions/{972ce4c6-7e08-4474-a285-3208198ce6fd}.xpi
1527664577029	addons.xpi	DEBUG	Existing add-on {972ce4c6-7e08-4474-a285-3208198ce6fd} in app-global
1527664577029	addons.xpi	DEBUG	getInstallState changed: false, state: {}
1527664577084	addons.productaddons	INFO	sending request to: https://aus5.mozilla.org/update/3/GMP/55.0.3/20170824123605/Linux_x86_64-gcc3/en-US/release/Linux%204.13.0-43-generic%20(GTK%203.18.9%2Clibpulse%208.0.0)/default/default/update.xml
1527664577726	Marionette	INFO	Listening on port 42105
JavaScript error: chrome://marionette/content/server.js, line 337: NS_ERROR_SOCKET_ADDRESS_IN_USE: Component returned failure code: 0x804b0036 (NS_ERROR_SOCKET_ADDRESS_IN_USE) [nsIServerSocket.initSpecialConnection]
1527664577831	Marionette	WARN	TLS certificate errors will be ignored for this session
1527664577877	Marionette	DEBUG	loaded listener.js
May 30, 2018 12:46:17 PM org.openqa.selenium.remote.ProtocolHandshake createSession
INFO: Detected dialect: W3C
1527664577991	Marionette	DEBUG	Received DOM event "beforeunload" for "about:blank"
1527664578252	Marionette	DEBUG	Received DOM event "pagehide" for "about:blank"
1527664578253	Marionette	DEBUG	Received DOM event "unload" for "about:blank"
1527664578524	addons.productaddons	INFO	Completed downloading document
1527664579137	Marionette	DEBUG	Received DOM event "DOMContentLoaded" for "https://www.louisphilippe.com/"
1527664579148	Marionette	DEBUG	Received DOM event "pageshow" for "https://www.louisphilippe.com/"
1527664579387	Marionette	DEBUG	Received DOM event "DOMContentLoaded" for "https://bid.g.doubleclick.net/xbbe/pixel?d=KAE"
1527664579389	Marionette	DEBUG	Received DOM event "pageshow" for "https://bid.g.doubleclick.net/xbbe/pixel?d=KAE"
1527664JavaScript579630	Marionette	DEBUG	Received DOM event "DOMContentLoaded" for "https://www.louisphilippe.com/"
 error: chrome://followonsearch/content/followonsearch-fs.js?q=0.6819364760351432, line 230: TypeError: win is null
1527664579630	Marionette	DEBUG	Received observer notification "outer-window-destroyed" for "2147483653"
1527664579631	addons.xpi	DEBUG	Calling bootstrap method shutdown on webcompat@mozilla.org version 1.1
1527664579631	addons.xpi	DEBUG	Calling bootstrap method shutdown on shield-recipe-client@mozilla.org version 55.1
1527664579631	Marionette	DEBUG	Received observer notification "outer-window-destroyed" for "2147483654"
1527664579632	Marionette	DEBUG	Received observer notification "outer-window-destroyed" for "2147483649"
1527664579634	addons.xpi	DEBUG	Calling bootstrap method shutdown on screenshots@mozilla.org version 10.12.0
1527664579635	addons.xpi	DEBUG	Calling bootstrap method shutdown on followonsearch@mozilla.com version 0.9.1
1527664579635	addons.xpi	DEBUG	Calling bootstrap method shutdown on firefox@getpocket.com version 1.0.5
1527664579635	addons.xpi	DEBUG	Calling bootstrap method shutdown on e10srollout@mozilla.org version 2.0
1527664579636	addons.xpi	DEBUG	Calling bootstrap method shutdown on clicktoplay-rollout@mozilla.org version 1.2
1527664579636	addons.xpi	DEBUG	Calling bootstrap method shutdown on aushelper@mozilla.org version 2.0
1527664579797	addons.productaddons	WARN	Failed downloading via XHR, status: 0, reason: error
1527664579951	addons.manager	DEBUG	shutdown
1527664579952	addons.manager	DEBUG	Calling shutdown blocker for XPIProvider
1527664579952	addons.xpi	DEBUG	shutdown
1527664579952	addons.xpi-utils	DEBUG	shutdown
1527664579953	addons.manager	DEBUG	Calling shutdown blocker for LightweightThemeManager
1527664579954	addons.manager	DEBUG	Calling shutdown blocker for GMPProvider
1527664579956	addons.manager	DEBUG	Calling shutdown blocker for PluginProvider
1527664579956	addons.manager	DEBUG	Calling shutdown blocker for PreviousExperimentProvider
1527664579956	addons.manager	DEBUG	Calling shutdown blocker for <unnamed-provider>
1527664579963	addons.xpi	DEBUG	Notifying XPI shutdown observers
1527664579976	addons.manager	DEBUG	Async provider shutdown done
1527664580812	geckodriver::marionette	ERROR	Failed to stop browser process
]]></system-err>
  </testcase>
  <testcase name="tearDown" classname="com.services.test.TestLouisPhilippeInfo" time="2.843">
    <failure message="Tried to run command without establishing a connection&#10;Build info: version: &apos;3.11.0&apos;, revision: &apos;e59cfb3&apos;, time: &apos;2018-03-11T20:26:55.152Z&apos;&#10;System info: host: &apos;streamoid-ThinkPad-T440s&apos;, ip: &apos;127.0.1.1&apos;, os.name: &apos;Linux&apos;, os.arch: &apos;amd64&apos;, os.version: &apos;4.13.0-43-generic&apos;, java.version: &apos;1.8.0_171&apos;&#10;Driver info: org.openqa.selenium.firefox.FirefoxDriver&#10;Capabilities {acceptInsecureCerts: true, browserName: firefox, browserVersion: 55.0.3, javascriptEnabled: true, moz:accessibilityChecks: false, moz:processID: 4998, moz:profile: /tmp/rust_mozprofile.nM1Z07..., pageLoadStrategy: normal, platform: LINUX, platformName: LINUX, platformVersion: 4.13.0-43-generic, rotatable: false, specificationLevel: 0, timeouts: {implicit: 0, pageLoad: 300000, script: 30000}}&#10;Session ID: eff4fa5d-09de-4b93-aa6a-793b70d837f6" type="org.openqa.selenium.SessionNotCreatedException">org.openqa.selenium.SessionNotCreatedException: 
Tried to run command without establishing a connection
Build info: version: '3.11.0', revision: 'e59cfb3', time: '2018-03-11T20:26:55.152Z'
System info: host: 'streamoid-ThinkPad-T440s', ip: '127.0.1.1', os.name: 'Linux', os.arch: 'amd64', os.version: '4.13.0-43-generic', java.version: '1.8.0_171'
Driver info: org.openqa.selenium.firefox.FirefoxDriver
Capabilities {acceptInsecureCerts: true, browserName: firefox, browserVersion: 55.0.3, javascriptEnabled: true, moz:accessibilityChecks: false, moz:processID: 4998, moz:profile: /tmp/rust_mozprofile.nM1Z07..., pageLoadStrategy: normal, platform: LINUX, platformName: LINUX, platformVersion: 4.13.0-43-generic, rotatable: false, specificationLevel: 0, timeouts: {implicit: 0, pageLoad: 300000, script: 30000}}
Session ID: eff4fa5d-09de-4b93-aa6a-793b70d837f6
	at com.services.test.TestLouisPhilippeInfo.tearDown(TestLouisPhilippeInfo.java:174)
</failure>
  </testcase>
  <testcase name="tearDown" classname="com.services.test.TestLouisPhilippeInfo" time="0">
    <skipped/>
  </testcase>
  <testcase name="setUp" classname="com.services.test.TestGlobusFashionInfo" time="8.135">
    <failure message="Failed to decode response from marionette&#10;Build info: version: &apos;3.11.0&apos;, revision: &apos;e59cfb3&apos;, time: &apos;2018-03-11T20:26:55.152Z&apos;&#10;System info: host: &apos;streamoid-ThinkPad-T440s&apos;, ip: &apos;127.0.1.1&apos;, os.name: &apos;Linux&apos;, os.arch: &apos;amd64&apos;, os.version: &apos;4.13.0-43-generic&apos;, java.version: &apos;1.8.0_171&apos;&#10;Driver info: driver.version: FirefoxDriver&#10;remote stacktrace: " type="org.openqa.selenium.WebDriverException">org.openqa.selenium.WebDriverException: 
Failed to decode response from marionette
Build info: version: '3.11.0', revision: 'e59cfb3', time: '2018-03-11T20:26:55.152Z'
System info: host: 'streamoid-ThinkPad-T440s', ip: '127.0.1.1', os.name: 'Linux', os.arch: 'amd64', os.version: '4.13.0-43-generic', java.version: '1.8.0_171'
Driver info: driver.version: FirefoxDriver
remote stacktrace: 
	at com.services.test.TestGlobusFashionInfo.setUp(TestGlobusFashionInfo.java:52)
</failure>
    <system-err><![CDATA[1527664580837	geckodriver	INFO	geckodriver 0.20.0
1527664580843	geckodriver	INFO	Listening on 127.0.0.1:6504
1527664580860	mozrunner::runner	INFO	Running command: "/opt/firefox/firefox" "-marionette" "-profile" "/tmp/rust_mozprofile.on0lTAzAPYdi"
1527664581069	addons.manager	DEBUG	Application has been upgraded
1527664581092	addons.manager	DEBUG	Loaded provider scope for resource://gre/modules/addons/XPIProvider.jsm: ["XPIProvider", "XPIInternal"]
1527664581096	addons.manager	DEBUG	Loaded provider scope for resource://gre/modules/LightweightThemeManager.jsm: ["LightweightThemeManager"]
1527664581128	addons.manager	DEBUG	Loaded provider scope for resource://gre/modules/addons/GMPProvider.jsm
1527664581133	addons.manager	DEBUG	Loaded provider scope for resource://gre/modules/addons/PluginProvider.jsm
1527664581135	addons.manager	DEBUG	Starting provider: XPIProvider
1527664581135	addons.xpi	DEBUG	startup
1527664581136	addons.xpi	INFO	SystemAddonInstallLocation directory is missing
1527664581136	addons.xpi	INFO	Removing all system add-on upgrades.
1527664581138	addons.xpi	DEBUG	checkForChanges
1527664581138	addons.xpi	WARN	Error parsing extensions state: [Exception... "Component returned failure code: 0x80520012 (NS_ERROR_FILE_NOT_FOUND) [amIAddonManagerStartup.readStartupData]"  nsresult: "0x80520012 (NS_ERROR_FILE_NOT_FOUND)"  location: "JS frame :: resource://gre/modules/addons/XPIProvider.jsm :: loadExtensionState :: line 1596"  data: no] Stack trace: loadExtensionState()@resource://gre/modules/addons/XPIProvider.jsm:1596 < getInstallState()@resource://gre/modules/addons/XPIProvider.jsm:1631 < checkForChanges()@resource://gre/modules/addons/XPIProvider.jsm:3152 < startup()@resource://gre/modules/addons/XPIProvider.jsm:2246 < callProvider()@resource://gre/modules/AddonManager.jsm:271 < _startProvider()@resource://gre/modules/AddonManager.jsm:741 < startup()@resource://gre/modules/AddonManager.jsm:908 < startup()@resource://gre/modules/AddonManager.jsm:3122 < observe()@jar:file:///opt/firefox/omni.ja!/components/addonManager.js:65
1527664581141	addons.xpi	DEBUG	Loaded add-on state: ${}
1527664581143	addons.xpi	INFO	Mapping e10srollout@mozilla.org to /opt/firefox/browser/features/e10srollout@mozilla.org.xpi
1527664581143	addons.xpi	INFO	Mapping firefox@getpocket.com to /opt/firefox/browser/features/firefox@getpocket.com.xpi
1527664581143	addons.xpi	INFO	Mapping clicktoplay-rollout@mozilla.org to /opt/firefox/browser/features/clicktoplay-rollout@mozilla.org.xpi
1527664581143	addons.xpi	INFO	Mapping screenshots@mozilla.org to /opt/firefox/browser/features/screenshots@mozilla.org.xpi
1527664581143	addons.xpi	INFO	Mapping aushelper@mozilla.org to /opt/firefox/browser/features/aushelper@mozilla.org.xpi
1527664581144	addons.xpi	INFO	Mapping webcompat@mozilla.org to /opt/firefox/browser/features/webcompat@mozilla.org.xpi
1527664581144	addons.xpi	INFO	Mapping followonsearch@mozilla.com to /opt/firefox/browser/features/followonsearch@mozilla.com.xpi
1527664581144	addons.xpi	INFO	Mapping shield-recipe-client@mozilla.org to /opt/firefox/browser/features/shield-recipe-client@mozilla.org.xpi
1527664581145	addons.xpi	DEBUG	New add-on e10srollout@mozilla.org in app-system-defaults
1527664581146	addons.xpi	INFO	Mapping e10srollout@mozilla.org to /opt/firefox/browser/features/e10srollout@mozilla.org.xpi
1527664581147	addons.xpi	DEBUG	New add-on firefox@getpocket.com in app-system-defaults
1527664581147	addons.xpi	INFO	Mapping firefox@getpocket.com to /opt/firefox/browser/features/firefox@getpocket.com.xpi
1527664581147	addons.xpi	DEBUG	New add-on clicktoplay-rollout@mozilla.org in app-system-defaults
1527664581148	addons.xpi	INFO	Mapping clicktoplay-rollout@mozilla.org to /opt/firefox/browser/features/clicktoplay-rollout@mozilla.org.xpi
1527664581148	addons.xpi	DEBUG	New add-on screenshots@mozilla.org in app-system-defaults
1527664581148	addons.xpi	INFO	Mapping screenshots@mozilla.org to /opt/firefox/browser/features/screenshots@mozilla.org.xpi
1527664581149	addons.xpi	DEBUG	New add-on aushelper@mozilla.org in app-system-defaults
1527664581150	addons.xpi	INFO	Mapping aushelper@mozilla.org to /opt/firefox/browser/features/aushelper@mozilla.org.xpi
1527664581150	addons.xpi	DEBUG	New add-on webcompat@mozilla.org in app-system-defaults
1527664581151	addons.xpi	INFO	Mapping webcompat@mozilla.org to /opt/firefox/browser/features/webcompat@mozilla.org.xpi
1527664581151	addons.xpi	DEBUG	New add-on followonsearch@mozilla.com in app-system-defaults
1527664581151	addons.xpi	INFO	Mapping followonsearch@mozilla.com to /opt/firefox/browser/features/followonsearch@mozilla.com.xpi
1527664581151	addons.xpi	DEBUG	New add-on shield-recipe-client@mozilla.org in app-system-defaults
1527664581151	addons.xpi	INFO	Mapping shield-recipe-client@mozilla.org to /opt/firefox/browser/features/shield-recipe-client@mozilla.org.xpi
1527664581152	addons.xpi	INFO	Mapping {972ce4c6-7e08-4474-a285-3208198ce6fd} to /opt/firefox/browser/extensions/{972ce4c6-7e08-4474-a285-3208198ce6fd}.xpi
1527664581152	addons.xpi	DEBUG	New add-on {972ce4c6-7e08-4474-a285-3208198ce6fd} in app-global
1527664581152	addons.xpi	INFO	Mapping {972ce4c6-7e08-4474-a285-3208198ce6fd} to /opt/firefox/browser/extensions/{972ce4c6-7e08-4474-a285-3208198ce6fd}.xpi
1527664581153	addons.xpi	DEBUG	getInstallState changed: true, state: {}
1527664581153	addons.xpi	INFO	SystemAddonInstallLocation directory is missing
1527664581162	addons.xpi-utils	DEBUG	Opening XPI database /tmp/rust_mozprofile.on0lTAzAPYdi/extensions.json
1527664581164	addons.xpi-utils	DEBUG	New add-on e10srollout@mozilla.org installed in app-system-defaults
*** Blocklist::_loadBlocklistFromFile: blocklist is disabled
1527664581192	DeferredSave.extensions.json	DEBUG	Save changes
1527664581194	addons.xpi-utils	DEBUG	New add-on firefox@getpocket.com installed in app-system-defaults
1527664581197	DeferredSave.extensions.json	DEBUG	Starting timer
1527664581201	DeferredSave.extensions.json	DEBUG	Save changes
1527664581201	addons.xpi-utils	DEBUG	New add-on clicktoplay-rollout@mozilla.org installed in app-system-defaults
1527664581206	DeferredSave.extensions.json	DEBUG	Save changes
1527664581206	addons.xpi-utils	DEBUG	New add-on screenshots@mozilla.org installed in app-system-defaults
1527664581213	DeferredSave.extensions.json	DEBUG	Save changes
1527664581213	addons.xpi-utils	DEBUG	New add-on aushelper@mozilla.org installed in app-system-defaults
1527664581218	DeferredSave.extensions.json	DEBUG	Save changes
1527664581218	addons.xpi-utils	DEBUG	New add-on webcompat@mozilla.org installed in app-system-defaults
1527664581222	DeferredSave.extensions.json	DEBUG	Save changes
1527664581222	addons.xpi-utils	DEBUG	New add-on followonsearch@mozilla.com installed in app-system-defaults
1527664581224	DeferredSave.extensions.json	DEBUG	Save changes
1527664581225	addons.xpi-utils	DEBUG	New add-on shield-recipe-client@mozilla.org installed in app-system-defaults
1527664581227	DeferredSave.extensions.json	DEBUG	Save changes
1527664581228	addons.xpi-utils	DEBUG	New add-on {972ce4c6-7e08-4474-a285-3208198ce6fd} installed in app-global
1527664581230	DeferredSave.extensions.json	DEBUG	Save changes
1527664581231	addons.manager	DEBUG	Registering startup change 'installed' for e10srollout@mozilla.org
1527664581243	addons.xpi	DEBUG	Loading bootstrap scope from /opt/firefox/browser/features/e10srollout@mozilla.org.xpi
1527664581246	addons.xpi	DEBUG	Calling bootstrap method install on e10srollout@mozilla.org version 2.0
1527664581248	addons.xpi-utils	DEBUG	Make addon app-system-defaults:e10srollout@mozilla.org visible
1527664581248	addons.xpi	DEBUG	Updating XPIState for {"id":"e10srollout@mozilla.org","syncGUID":"{998b956d-bd9d-4bee-ab9f-d41478edb092}","location":"app-system-defaults","version":"2.0","type":"extension","internalName":null,"updateURL":null,"updateKey":null,"optionsURL":null,"optionsType":null,"aboutURL":null,"defaultLocale":{"name":"Multi-process staged rollout","description":"Staged rollout of Firefox multi-process feature.","creator":null,"homepageURL":null},"visible":true,"active":false,"userDisabled":false,"appDisabled":false,"installDate":1503580993000,"updateDate":1503580993000,"applyBackgroundUpdates":1,"bootstrap":true,"path":"/opt/firefox/browser/features/e10srollout@mozilla.org.xpi","skinnable":false,"size":13287,"sourceURI":null,"releaseNotesURI":null,"softDisabled":false,"foreignInstall":false,"hasBinaryComponents":false,"strictCompatibility":false,"locales":[],"targetApplications":[{"id":"{ec8030f7-c20a-464f-9b0e-13a3a9e97384}","minVersion":"55.0.3","maxVersion":"55.*"}],"targetPlatforms":[],"multiprocessCompatible":true,"seen":true,"dependencies":[],"hasEmbeddedWebExtension":false,"mpcOptedOut":false,"userPermissions":null,"icons":{},"iconURL":null,"icon64URL":null}
1527664581255	DeferredSave.extensions.json	DEBUG	Save changes
1527664581255	addons.manager	DEBUG	Registering startup change 'installed' for firefox@getpocket.com
1527664581256	addons.xpi	DEBUG	Loading bootstrap scope from /opt/firefox/browser/features/firefox@getpocket.com.xpi
1527664581262	addons.xpi	DEBUG	Calling bootstrap method install on firefox@getpocket.com version 1.0.5
1527664581262	addons.xpi-utils	DEBUG	Make addon app-system-defaults:firefox@getpocket.com visible
1527664581262	addons.xpi	DEBUG	Updating XPIState for {"id":"firefox@getpocket.com","syncGUID":"{11343929-9aeb-4564-9275-2a46c7cbdb4a}","location":"app-system-defaults","version":"1.0.5","type":"extension","internalName":null,"updateURL":null,"updateKey":null,"optionsURL":null,"optionsType":null,"aboutURL":null,"defaultLocale":{"name":"Pocket","description":"When you find something you want to view later, put it in Pocket.","creator":null,"homepageURL":null},"visible":true,"active":false,"userDisabled":false,"appDisabled":false,"installDate":1503580993000,"updateDate":1503580993000,"applyBackgroundUpdates":1,"bootstrap":true,"path":"/opt/firefox/browser/features/firefox@getpocket.com.xpi","skinnable":false,"size":855802,"sourceURI":null,"releaseNotesURI":null,"softDisabled":false,"foreignInstall":false,"hasBinaryComponents":false,"strictCompatibility":false,"locales":[],"targetApplications":[{"id":"{ec8030f7-c20a-464f-9b0e-13a3a9e97384}","minVersion":"55.0.3","maxVersion":"55.*"}],"targetPlatforms":[],"multiprocessCompatible":true,"seen":true,"dependencies":[],"hasEmbeddedWebExtension":false,"mpcOptedOut":false,"userPermissions":null,"icons":{},"iconURL":null,"icon64URL":null}
1527664581263	DeferredSave.extensions.json	DEBUG	Save changes
1527664581263	addons.manager	DEBUG	Registering startup change 'installed' for clicktoplay-rollout@mozilla.org
1527664581264	addons.xpi	DEBUG	Loading bootstrap scope from /opt/firefox/browser/features/clicktoplay-rollout@mozilla.org.xpi
1527664581278	addons.xpi	DEBUG	Calling bootstrap method install on clicktoplay-rollout@mozilla.org version 1.2
1527664581279	addons.xpi-utils	DEBUG	Make addon app-system-defaults:clicktoplay-rollout@mozilla.org visible
1527664581279	addons.xpi	DEBUG	Updating XPIState for {"id":"clicktoplay-rollout@mozilla.org","syncGUID":"{322a09da-597c-478c-bea7-235eb6070846}","location":"app-system-defaults","version":"1.2","type":"extension","internalName":null,"updateURL":null,"updateKey":null,"optionsURL":null,"optionsType":null,"aboutURL":null,"defaultLocale":{"name":"Click-to-Play staged rollout","description":"Staged rollout for Click-to-Play Flash.","creator":null,"homepageURL":null},"visible":true,"active":false,"userDisabled":false,"appDisabled":false,"installDate":1503580993000,"updateDate":1503580993000,"applyBackgroundUpdates":1,"bootstrap":true,"path":"/opt/firefox/browser/features/clicktoplay-rollout@mozilla.org.xpi","skinnable":false,"size":5621,"sourceURI":null,"releaseNotesURI":null,"softDisabled":false,"foreignInstall":false,"hasBinaryComponents":false,"strictCompatibility":false,"locales":[],"targetApplications":[{"id":"{ec8030f7-c20a-464f-9b0e-13a3a9e97384}","minVersion":"55.0.3","maxVersion":"55.*"}],"targetPlatforms":[],"multiprocessCompatible":true,"seen":true,"dependencies":[],"hasEmbeddedWebExtension":false,"mpcOptedOut":false,"userPermissions":null,"icons":{},"iconURL":null,"icon64URL":null}
1527664581280	DeferredSave.extensions.json	DEBUG	Save changes
1527664581280	addons.manager	DEBUG	Registering startup change 'installed' for screenshots@mozilla.org
1527664581281	addons.xpi	DEBUG	Loading bootstrap scope from /opt/firefox/browser/features/screenshots@mozilla.org.xpi
1527664581284	addons.xpi	DEBUG	Calling bootstrap method install on screenshots@mozilla.org version 10.12.0
1527664581284	addons.xpi-utils	DEBUG	Make addon app-system-defaults:screenshots@mozilla.org visible
1527664581284	addons.xpi	DEBUG	Updating XPIState for {"id":"screenshots@mozilla.org","syncGUID":"{163e67c0-be33-456f-9447-f6cda3e70c21}","location":"app-system-defaults","version":"10.12.0","type":"extension","internalName":null,"updateURL":null,"updateKey":null,"optionsURL":null,"optionsType":null,"aboutURL":null,"defaultLocale":{"name":"Firefox Screenshots","description":null,"creator":null,"homepageURL":"https://pageshot.net/"},"visible":true,"active":false,"userDisabled":false,"appDisabled":false,"installDate":1503580993000,"updateDate":1503580993000,"applyBackgroundUpdates":1,"bootstrap":true,"path":"/opt/firefox/browser/features/screenshots@mozilla.org.xpi","skinnable":false,"size":714554,"sourceURI":null,"releaseNotesURI":null,"softDisabled":false,"foreignInstall":false,"hasBinaryComponents":false,"strictCompatibility":false,"locales":[],"targetApplications":[{"id":"{ec8030f7-c20a-464f-9b0e-13a3a9e97384}","minVersion":"51.0a1","maxVersion":"*"}],"targetPlatforms":[],"multiprocessCompatible":true,"seen":true,"dependencies":[],"hasEmbeddedWebExtension":false,"mpcOptedOut":false,"userPermissions":null,"icons":{},"iconURL":null,"icon64URL":null}
1527664581285	DeferredSave.extensions.json	DEBUG	Save changes
1527664581285	addons.manager	DEBUG	Registering startup change 'installed' for aushelper@mozilla.org
1527664581285	addons.xpi	DEBUG	Loading bootstrap scope from /opt/firefox/browser/features/aushelper@mozilla.org.xpi
1527664581287	addons.xpi	DEBUG	Calling bootstrap method install on aushelper@mozilla.org version 2.0
1527664581287	addons.xpi-utils	DEBUG	Make addon app-system-defaults:aushelper@mozilla.org visible
1527664581287	addons.xpi	DEBUG	Updating XPIState for {"id":"aushelper@mozilla.org","syncGUID":"{4a6853fb-e9f7-43a6-b190-25eff326bf07}","location":"app-system-defaults","version":"2.0","type":"extension","internalName":null,"updateURL":null,"updateKey":null,"optionsURL":null,"optionsType":null,"aboutURL":null,"defaultLocale":{"name":"Application Update Service Helper","description":"Sets value(s) in the update url based on custom checks.","creator":null,"homepageURL":null},"visible":true,"active":false,"userDisabled":false,"appDisabled":false,"installDate":1503580993000,"updateDate":1503580993000,"applyBackgroundUpdates":1,"bootstrap":true,"path":"/opt/firefox/browser/features/aushelper@mozilla.org.xpi","skinnable":false,"size":8488,"sourceURI":null,"releaseNotesURI":null,"softDisabled":false,"foreignInstall":false,"hasBinaryComponents":false,"strictCompatibility":false,"locales":[],"targetApplications":[{"id":"{ec8030f7-c20a-464f-9b0e-13a3a9e97384}","minVersion":"55.0.3","maxVersion":"55.*"}],"targetPlatforms":[],"multiprocessCompatible":true,"seen":true,"dependencies":[],"hasEmbeddedWebExtension":false,"mpcOptedOut":false,"userPermissions":null,"icons":{},"iconURL":null,"icon64URL":null}
1527664581288	DeferredSave.extensions.json	DEBUG	Save changes
1527664581289	addons.manager	DEBUG	Registering startup change 'installed' for webcompat@mozilla.org
1527664581289	addons.xpi	DEBUG	Loading bootstrap scope from /opt/firefox/browser/features/webcompat@mozilla.org.xpi
1527664581291	addons.xpi	DEBUG	Calling bootstrap method install on webcompat@mozilla.org version 1.1
1527664581292	addons.xpi-utils	DEBUG	Make addon app-system-defaults:webcompat@mozilla.org visible
1527664581292	addons.xpi	DEBUG	Updating XPIState for {"id":"webcompat@mozilla.org","syncGUID":"{61be32c3-4abc-46a0-bbb1-5ea900915f18}","location":"app-system-defaults","version":"1.1","type":"extension","internalName":null,"updateURL":null,"updateKey":null,"optionsURL":null,"optionsType":null,"aboutURL":null,"defaultLocale":{"name":"Web Compat","description":"Urgent post-release fixes for web compatibility.","creator":null,"homepageURL":null},"visible":true,"active":false,"userDisabled":false,"appDisabled":false,"installDate":1503580993000,"updateDate":1503580993000,"applyBackgroundUpdates":1,"bootstrap":true,"path":"/opt/firefox/browser/features/webcompat@mozilla.org.xpi","skinnable":false,"size":8992,"sourceURI":null,"releaseNotesURI":null,"softDisabled":false,"foreignInstall":false,"hasBinaryComponents":false,"strictCompatibility":false,"locales":[],"targetApplications":[{"id":"{ec8030f7-c20a-464f-9b0e-13a3a9e97384}","minVersion":"55.0.3","maxVersion":"55.*"}],"targetPlatforms":[],"multiprocessCompatible":true,"seen":true,"dependencies":[],"hasEmbeddedWebExtension":false,"mpcOptedOut":false,"userPermissions":null,"icons":{},"iconURL":null,"icon64URL":null}
1527664581292	DeferredSave.extensions.json	DEBUG	Save changes
1527664581293	addons.manager	DEBUG	Registering startup change 'installed' for followonsearch@mozilla.com
1527664581293	addons.xpi	DEBUG	Loading bootstrap scope from /opt/firefox/browser/features/followonsearch@mozilla.com.xpi
1527664581295	addons.xpi	DEBUG	Calling bootstrap method install on followonsearch@mozilla.com version 0.9.1
1527664581296	addons.xpi-utils	DEBUG	Make addon app-system-defaults:followonsearch@mozilla.com visible
1527664581296	addons.xpi	DEBUG	Updating XPIState for {"id":"followonsearch@mozilla.com","syncGUID":"{29846843-93ca-4f29-87a7-fd169ff4d9f0}","location":"app-system-defaults","version":"0.9.1","type":"extension","internalName":null,"updateURL":null,"updateKey":null,"optionsURL":null,"optionsType":null,"aboutURL":null,"defaultLocale":{"name":"Follow-on Search Telemetry","description":null,"creator":null,"homepageURL":null},"visible":true,"active":false,"userDisabled":false,"appDisabled":false,"installDate":1503580993000,"updateDate":1503580993000,"applyBackgroundUpdates":1,"bootstrap":true,"path":"/opt/firefox/browser/features/followonsearch@mozilla.com.xpi","skinnable":false,"size":16730,"sourceURI":null,"releaseNotesURI":null,"softDisabled":false,"foreignInstall":false,"hasBinaryComponents":false,"strictCompatibility":false,"locales":[],"targetApplications":[{"id":"{ec8030f7-c20a-464f-9b0e-13a3a9e97384}","minVersion":"52.0","maxVersion":"59.*"}],"targetPlatforms":[],"multiprocessCompatible":true,"seen":true,"dependencies":[],"hasEmbeddedWebExtension":false,"mpcOptedOut":false,"userPermissions":null,"icons":{},"iconURL":null,"icon64URL":null}
1527664581297	DeferredSave.extensions.json	DEBUG	Save changes
1527664581297	addons.manager	DEBUG	Registering startup change 'installed' for shield-recipe-client@mozilla.org
1527664581299	addons.xpi	DEBUG	Loading bootstrap scope from /opt/firefox/browser/features/shield-recipe-client@mozilla.org.xpi
1527664581302	addons.xpi	DEBUG	Calling bootstrap method install on shield-recipe-client@mozilla.org version 55.1
1527664581302	addons.xpi-utils	DEBUG	Make addon app-system-defaults:shield-recipe-client@mozilla.org visible
1527664581302	addons.xpi	DEBUG	Updating XPIState for {"id":"shield-recipe-client@mozilla.org","syncGUID":"{79206af1-03fe-4722-bd7d-525f202262d9}","location":"app-system-defaults","version":"55.1","type":"extension","internalName":null,"updateURL":null,"updateKey":null,"optionsURL":null,"optionsType":null,"aboutURL":null,"defaultLocale":{"name":"Shield Recipe Client","description":"Client to download and run recipes for SHIELD, Heartbeat, etc.","creator":null,"homepageURL":null},"visible":true,"active":false,"userDisabled":false,"appDisabled":false,"installDate":1503580993000,"updateDate":1503580993000,"applyBackgroundUpdates":1,"bootstrap":true,"path":"/opt/firefox/browser/features/shield-recipe-client@mozilla.org.xpi","skinnable":false,"size":140305,"sourceURI":null,"releaseNotesURI":null,"softDisabled":false,"foreignInstall":false,"hasBinaryComponents":false,"strictCompatibility":false,"locales":[],"targetApplications":[{"id":"{ec8030f7-c20a-464f-9b0e-13a3a9e97384}","minVersion":"55.0.3","maxVersion":"55.*"}],"targetPlatforms":[],"multiprocessCompatible":true,"seen":true,"dependencies":[],"hasEmbeddedWebExtension":false,"mpcOptedOut":false,"userPermissions":null,"icons":{},"iconURL":null,"icon64URL":null}
1527664581303	DeferredSave.extensions.json	DEBUG	Save changes
1527664581303	addons.xpi-utils	DEBUG	Make addon app-global:{972ce4c6-7e08-4474-a285-3208198ce6fd} visible
1527664581303	addons.xpi	DEBUG	Updating XPIState for {"id":"{972ce4c6-7e08-4474-a285-3208198ce6fd}","syncGUID":"{e08ebec4-a089-41ef-8333-f42228806e92}","location":"app-global","version":"55.0.3","type":"theme","internalName":"classic/1.0","updateURL":null,"updateKey":null,"optionsURL":null,"optionsType":null,"optionsBrowserStyle":null,"aboutURL":null,"defaultLocale":{"name":"Default","description":"The default theme.","creator":"Mozilla","homepageURL":null,"contributors":["Mozilla Contributors"]},"visible":true,"active":false,"userDisabled":false,"appDisabled":false,"installDate":1503580993000,"updateDate":1503580993000,"applyBackgroundUpdates":1,"path":"/opt/firefox/browser/extensions/{972ce4c6-7e08-4474-a285-3208198ce6fd}.xpi","skinnable":true,"size":2918,"sourceURI":null,"releaseNotesURI":null,"softDisabled":false,"foreignInstall":false,"hasBinaryComponents":false,"strictCompatibility":true,"locales":[],"targetApplications":[{"id":"{ec8030f7-c20a-464f-9b0e-13a3a9e97384}","minVersion":"55.0.3","maxVersion":"55.0.3"}],"targetPlatforms":[],"seen":true,"dependencies":[],"hasEmbeddedWebExtension":false,"userPermissions":null,"icons":{},"iconURL":"chrome://browser/content/default-theme-icon.svg","icon64URL":null}
1527664581304	DeferredSave.extensions.json	DEBUG	Save changes
1527664581304	addons.xpi	DEBUG	Updating XPIState for {"id":"e10srollout@mozilla.org","syncGUID":"{998b956d-bd9d-4bee-ab9f-d41478edb092}","location":"app-system-defaults","version":"2.0","type":"extension","internalName":null,"updateURL":null,"updateKey":null,"optionsURL":null,"optionsType":null,"aboutURL":null,"defaultLocale":{"name":"Multi-process staged rollout","description":"Staged rollout of Firefox multi-process feature.","creator":null,"homepageURL":null},"visible":true,"active":true,"userDisabled":false,"appDisabled":false,"installDate":1503580993000,"updateDate":1503580993000,"applyBackgroundUpdates":1,"bootstrap":true,"path":"/opt/firefox/browser/features/e10srollout@mozilla.org.xpi","skinnable":false,"size":13287,"sourceURI":null,"releaseNotesURI":null,"softDisabled":false,"foreignInstall":false,"hasBinaryComponents":false,"strictCompatibility":false,"locales":[],"targetApplications":[{"id":"{ec8030f7-c20a-464f-9b0e-13a3a9e97384}","minVersion":"55.0.3","maxVersion":"55.*"}],"targetPlatforms":[],"multiprocessCompatible":true,"seen":true,"dependencies":[],"hasEmbeddedWebExtension":false,"mpcOptedOut":false,"userPermissions":null,"icons":{},"iconURL":null,"icon64URL":null}
1527664581305	addons.xpi	DEBUG	Updating XPIState for {"id":"firefox@getpocket.com","syncGUID":"{11343929-9aeb-4564-9275-2a46c7cbdb4a}","location":"app-system-defaults","version":"1.0.5","type":"extension","internalName":null,"updateURL":null,"updateKey":null,"optionsURL":null,"optionsType":null,"aboutURL":null,"defaultLocale":{"name":"Pocket","description":"When you find something you want to view later, put it in Pocket.","creator":null,"homepageURL":null},"visible":true,"active":true,"userDisabled":false,"appDisabled":false,"installDate":1503580993000,"updateDate":1503580993000,"applyBackgroundUpdates":1,"bootstrap":true,"path":"/opt/firefox/browser/features/firefox@getpocket.com.xpi","skinnable":false,"size":855802,"sourceURI":null,"releaseNotesURI":null,"softDisabled":false,"foreignInstall":false,"hasBinaryComponents":false,"strictCompatibility":false,"locales":[],"targetApplications":[{"id":"{ec8030f7-c20a-464f-9b0e-13a3a9e97384}","minVersion":"55.0.3","maxVersion":"55.*"}],"targetPlatforms":[],"multiprocessCompatible":true,"seen":true,"dependencies":[],"hasEmbeddedWebExtension":false,"mpcOptedOut":false,"userPermissions":null,"icons":{},"iconURL":null,"icon64URL":null}
1527664581305	addons.xpi	DEBUG	Updating XPIState for {"id":"clicktoplay-rollout@mozilla.org","syncGUID":"{322a09da-597c-478c-bea7-235eb6070846}","location":"app-system-defaults","version":"1.2","type":"extension","internalName":null,"updateURL":null,"updateKey":null,"optionsURL":null,"optionsType":null,"aboutURL":null,"defaultLocale":{"name":"Click-to-Play staged rollout","description":"Staged rollout for Click-to-Play Flash.","creator":null,"homepageURL":null},"visible":true,"active":true,"userDisabled":false,"appDisabled":false,"installDate":1503580993000,"updateDate":1503580993000,"applyBackgroundUpdates":1,"bootstrap":true,"path":"/opt/firefox/browser/features/clicktoplay-rollout@mozilla.org.xpi","skinnable":false,"size":5621,"sourceURI":null,"releaseNotesURI":null,"softDisabled":false,"foreignInstall":false,"hasBinaryComponents":false,"strictCompatibility":false,"locales":[],"targetApplications":[{"id":"{ec8030f7-c20a-464f-9b0e-13a3a9e97384}","minVersion":"55.0.3","maxVersion":"55.*"}],"targetPlatforms":[],"multiprocessCompatible":true,"seen":true,"dependencies":[],"hasEmbeddedWebExtension":false,"mpcOptedOut":false,"userPermissions":null,"icons":{},"iconURL":null,"icon64URL":null}
1527664581305	addons.xpi	DEBUG	Updating XPIState for {"id":"screenshots@mozilla.org","syncGUID":"{163e67c0-be33-456f-9447-f6cda3e70c21}","location":"app-system-defaults","version":"10.12.0","type":"extension","internalName":null,"updateURL":null,"updateKey":null,"optionsURL":null,"optionsType":null,"aboutURL":null,"defaultLocale":{"name":"Firefox Screenshots","description":null,"creator":null,"homepageURL":"https://pageshot.net/"},"visible":true,"active":true,"userDisabled":false,"appDisabled":false,"installDate":1503580993000,"updateDate":1503580993000,"applyBackgroundUpdates":1,"bootstrap":true,"path":"/opt/firefox/browser/features/screenshots@mozilla.org.xpi","skinnable":false,"size":714554,"sourceURI":null,"releaseNotesURI":null,"softDisabled":false,"foreignInstall":false,"hasBinaryComponents":false,"strictCompatibility":false,"locales":[],"targetApplications":[{"id":"{ec8030f7-c20a-464f-9b0e-13a3a9e97384}","minVersion":"51.0a1","maxVersion":"*"}],"targetPlatforms":[],"multiprocessCompatible":true,"seen":true,"dependencies":[],"hasEmbeddedWebExtension":false,"mpcOptedOut":false,"userPermissions":null,"icons":{},"iconURL":null,"icon64URL":null}
1527664581307	addons.xpi	DEBUG	Updating XPIState for {"id":"aushelper@mozilla.org","syncGUID":"{4a6853fb-e9f7-43a6-b190-25eff326bf07}","location":"app-system-defaults","version":"2.0","type":"extension","internalName":null,"updateURL":null,"updateKey":null,"optionsURL":null,"optionsType":null,"aboutURL":null,"defaultLocale":{"name":"Application Update Service Helper","description":"Sets value(s) in the update url based on custom checks.","creator":null,"homepageURL":null},"visible":true,"active":true,"userDisabled":false,"appDisabled":false,"installDate":1503580993000,"updateDate":1503580993000,"applyBackgroundUpdates":1,"bootstrap":true,"path":"/opt/firefox/browser/features/aushelper@mozilla.org.xpi","skinnable":false,"size":8488,"sourceURI":null,"releaseNotesURI":null,"softDisabled":false,"foreignInstall":false,"hasBinaryComponents":false,"strictCompatibility":false,"locales":[],"targetApplications":[{"id":"{ec8030f7-c20a-464f-9b0e-13a3a9e97384}","minVersion":"55.0.3","maxVersion":"55.*"}],"targetPlatforms":[],"multiprocessCompatible":true,"seen":true,"dependencies":[],"hasEmbeddedWebExtension":false,"mpcOptedOut":false,"userPermissions":null,"icons":{},"iconURL":null,"icon64URL":null}
1527664581308	addons.xpi	DEBUG	Updating XPIState for {"id":"webcompat@mozilla.org","syncGUID":"{61be32c3-4abc-46a0-bbb1-5ea900915f18}","location":"app-system-defaults","version":"1.1","type":"extension","internalName":null,"updateURL":null,"updateKey":null,"optionsURL":null,"optionsType":null,"aboutURL":null,"defaultLocale":{"name":"Web Compat","description":"Urgent post-release fixes for web compatibility.","creator":null,"homepageURL":null},"visible":true,"active":true,"userDisabled":false,"appDisabled":false,"installDate":1503580993000,"updateDate":1503580993000,"applyBackgroundUpdates":1,"bootstrap":true,"path":"/opt/firefox/browser/features/webcompat@mozilla.org.xpi","skinnable":false,"size":8992,"sourceURI":null,"releaseNotesURI":null,"softDisabled":false,"foreignInstall":false,"hasBinaryComponents":false,"strictCompatibility":false,"locales":[],"targetApplications":[{"id":"{ec8030f7-c20a-464f-9b0e-13a3a9e97384}","minVersion":"55.0.3","maxVersion":"55.*"}],"targetPlatforms":[],"multiprocessCompatible":true,"seen":true,"dependencies":[],"hasEmbeddedWebExtension":false,"mpcOptedOut":false,"userPermissions":null,"icons":{},"iconURL":null,"icon64URL":null}
1527664581309	addons.xpi	DEBUG	Updating XPIState for {"id":"followonsearch@mozilla.com","syncGUID":"{29846843-93ca-4f29-87a7-fd169ff4d9f0}","location":"app-system-defaults","version":"0.9.1","type":"extension","internalName":null,"updateURL":null,"updateKey":null,"optionsURL":null,"optionsType":null,"aboutURL":null,"defaultLocale":{"name":"Follow-on Search Telemetry","description":null,"creator":null,"homepageURL":null},"visible":true,"active":true,"userDisabled":false,"appDisabled":false,"installDate":1503580993000,"updateDate":1503580993000,"applyBackgroundUpdates":1,"bootstrap":true,"path":"/opt/firefox/browser/features/followonsearch@mozilla.com.xpi","skinnable":false,"size":16730,"sourceURI":null,"releaseNotesURI":null,"softDisabled":false,"foreignInstall":false,"hasBinaryComponents":false,"strictCompatibility":false,"locales":[],"targetApplications":[{"id":"{ec8030f7-c20a-464f-9b0e-13a3a9e97384}","minVersion":"52.0","maxVersion":"59.*"}],"targetPlatforms":[],"multiprocessCompatible":true,"seen":true,"dependencies":[],"hasEmbeddedWebExtension":false,"mpcOptedOut":false,"userPermissions":null,"icons":{},"iconURL":null,"icon64URL":null}
1527664581309	addons.xpi	DEBUG	Updating XPIState for {"id":"shield-recipe-client@mozilla.org","syncGUID":"{79206af1-03fe-4722-bd7d-525f202262d9}","location":"app-system-defaults","version":"55.1","type":"extension","internalName":null,"updateURL":null,"updateKey":null,"optionsURL":null,"optionsType":null,"aboutURL":null,"defaultLocale":{"name":"Shield Recipe Client","description":"Client to download and run recipes for SHIELD, Heartbeat, etc.","creator":null,"homepageURL":null},"visible":true,"active":true,"userDisabled":false,"appDisabled":false,"installDate":1503580993000,"updateDate":1503580993000,"applyBackgroundUpdates":1,"bootstrap":true,"path":"/opt/firefox/browser/features/shield-recipe-client@mozilla.org.xpi","skinnable":false,"size":140305,"sourceURI":null,"releaseNotesURI":null,"softDisabled":false,"foreignInstall":false,"hasBinaryComponents":false,"strictCompatibility":false,"locales":[],"targetApplications":[{"id":"{ec8030f7-c20a-464f-9b0e-13a3a9e97384}","minVersion":"55.0.3","maxVersion":"55.*"}],"targetPlatforms":[],"multiprocessCompatible":true,"seen":true,"dependencies":[],"hasEmbeddedWebExtension":false,"mpcOptedOut":false,"userPermissions":null,"icons":{},"iconURL":null,"icon64URL":null}
1527664581310	addons.xpi	DEBUG	Updating XPIState for {"id":"{972ce4c6-7e08-4474-a285-3208198ce6fd}","syncGUID":"{e08ebec4-a089-41ef-8333-f42228806e92}","location":"app-global","version":"55.0.3","type":"theme","internalName":"classic/1.0","updateURL":null,"updateKey":null,"optionsURL":null,"optionsType":null,"optionsBrowserStyle":null,"aboutURL":null,"defaultLocale":{"name":"Default","description":"The default theme.","creator":"Mozilla","homepageURL":null,"contributors":["Mozilla Contributors"]},"visible":true,"active":true,"userDisabled":false,"appDisabled":false,"installDate":1503580993000,"updateDate":1503580993000,"applyBackgroundUpdates":1,"path":"/opt/firefox/browser/extensions/{972ce4c6-7e08-4474-a285-3208198ce6fd}.xpi","skinnable":true,"size":2918,"sourceURI":null,"releaseNotesURI":null,"softDisabled":false,"foreignInstall":false,"hasBinaryComponents":false,"strictCompatibility":true,"locales":[],"targetApplications":[{"id":"{ec8030f7-c20a-464f-9b0e-13a3a9e97384}","minVersion":"55.0.3","maxVersion":"55.0.3"}],"targetPlatforms":[],"seen":true,"dependencies":[],"hasEmbeddedWebExtension":false,"userPermissions":null,"icons":{},"iconURL":"chrome://browser/content/default-theme-icon.svg","icon64URL":null}
1527664581310	DeferredSave.extensions.json	DEBUG	Save changes
1527664581311	addons.xpi	DEBUG	Updating database with changes to installed add-ons
1527664581311	addons.xpi-utils	DEBUG	Updating add-on states
1527664581317	addons.xpi	DEBUG	Registering manifest for /opt/firefox/browser/features/aushelper@mozilla.org.xpi
1527664581318	addons.xpi	DEBUG	Calling bootstrap method startup on aushelper@mozilla.org version 2.0
1527664581319	addons.xpi	DEBUG	Registering manifest for /opt/firefox/browser/features/clicktoplay-rollout@mozilla.org.xpi
1527664581319	addons.xpi	DEBUG	Calling bootstrap method startup on clicktoplay-rollout@mozilla.org version 1.2
1527664581394	addons.xpi	DEBUG	Registering manifest for /opt/firefox/browser/features/e10srollout@mozilla.org.xpi
1527664581394	addons.xpi	DEBUG	Calling bootstrap method startup on e10srollout@mozilla.org version 2.0
1527664581394	addons.xpi	DEBUG	Registering manifest for /opt/firefox/browser/features/firefox@getpocket.com.xpi
1527664581395	addons.xpi	DEBUG	Calling bootstrap method startup on firefox@getpocket.com version 1.0.5
1527664581428	addons.xpi	DEBUG	Registering manifest for /opt/firefox/browser/features/followonsearch@mozilla.com.xpi
1527664581429	addons.xpi	DEBUG	Calling bootstrap method startup on followonsearch@mozilla.com version 0.9.1
1527664581429	addons.xpi	DEBUG	Registering manifest for /opt/firefox/browser/features/screenshots@mozilla.org.xpi
1527664581429	addons.xpi	DEBUG	Calling bootstrap method startup on screenshots@mozilla.org version 10.12.0
1527664581430	addons.xpi	DEBUG	Registering manifest for /opt/firefox/browser/features/shield-recipe-client@mozilla.org.xpi
1527664581430	addons.xpi	DEBUG	Calling bootstrap method startup on shield-recipe-client@mozilla.org version 55.1
1527664581436	addons.xpi	DEBUG	Registering manifest for /opt/firefox/browser/features/webcompat@mozilla.org.xpi
1527664581436	addons.xpi	DEBUG	Calling bootstrap method startup on webcompat@mozilla.org version 1.1
1527664581441	addons.manager	DEBUG	Registering shutdown blocker for XPIProvider
1527664581441	addons.manager	DEBUG	Provider finished startup: XPIProvider
1527664581441	addons.manager	DEBUG	Starting provider: LightweightThemeManager
1527664581441	addons.manager	DEBUG	Registering shutdown blocker for LightweightThemeManager
1527664581441	addons.manager	DEBUG	Provider finished startup: LightweightThemeManager
1527664581442	addons.manager	DEBUG	Starting provider: GMPProvider
1527664581455	addons.manager	DEBUG	Registering shutdown blocker for GMPProvider
1527664581456	addons.manager	DEBUG	Provider finished startup: GMPProvider
1527664581456	addons.manager	DEBUG	Starting provider: PluginProvider
1527664581456	addons.manager	DEBUG	Registering shutdown blocker for PluginProvider
1527664581457	addons.manager	DEBUG	Provider finished startup: PluginProvider
1527664581458	addons.manager	DEBUG	Completed startup sequence
1527664581725	Marionette	INFO	Enabled via --marionette
1527664581926	addons.xpi	DEBUG	Calling bootstrap method shutdown on webcompat@mozilla.org version 1.1
1527664581927	addons.xpi	DEBUG	Calling bootstrap method shutdown on shield-recipe-client@mozilla.org version 55.1
1527664581931	addons.xpi	DEBUG	Calling bootstrap method shutdown on screenshots@mozilla.org version 10.12.0
1527664581932	addons.xpi	DEBUG	Calling bootstrap method shutdown on followonsearch@mozilla.com version 0.9.1
1527664581933	addons.xpi	DEBUG	Calling bootstrap method shutdown on firefox@getpocket.com version 1.0.5
1527664581933	addons.xpi	DEBUG	Calling bootstrap method shutdown on e10srollout@mozilla.org version 2.0
1527664581934	addons.xpi	DEBUG	Calling bootstrap method shutdown on clicktoplay-rollout@mozilla.org version 1.2
1527664581934	addons.xpi	DEBUG	Calling bootstrap method shutdown on aushelper@mozilla.org version 2.0
1527664582201	addons.manager	DEBUG	shutdown
1527664582203	addons.manager	DEBUG	Calling shutdown blocker for XPIProvider
1527664582203	addons.xpi	DEBUG	shutdown
1527664582204	addons.xpi-utils	DEBUG	shutdown
1527664582205	addons.manager	DEBUG	Calling shutdown blocker for LightweightThemeManager
1527664582206	addons.manager	DEBUG	Calling shutdown blocker for GMPProvider
1527664582207	addons.manager	DEBUG	Calling shutdown blocker for PluginProvider
1527664582208	addons.manager	DEBUG	Calling shutdown blocker for PreviousExperimentProvider
1527664582209	addons.manager	DEBUG	Calling shutdown blocker for <unnamed-provider>
1527664582213	addons.xpi	DEBUG	Notifying XPI shutdown observers
1527664582222	addons.manager	DEBUG	Async provider shutdown done
1527664582317	addons.manager	DEBUG	Starting provider: PreviousExperimentProvider
1527664582317	addons.manager	DEBUG	Registering shutdown blocker for PreviousExperimentProvider
1527664582317	addons.manager	DEBUG	Provider finished startup: PreviousExperimentProvider
1527664582320	DeferredSave.extensions.json	DEBUG	Starting write
1527664582434	DeferredSave.extensions.json	DEBUG	Write succeeded
1527664582434	addons.xpi-utils	DEBUG	XPI Database saved, setting schema version preference to 21
1527664584246	addons.manager	DEBUG	Starting provider: <unnamed-provider>
1527664584247	addons.manager	DEBUG	Registering shutdown blocker for <unnamed-provider>
1527664584247	addons.manager	DEBUG	Provider finished startup: <unnamed-provider>
1527664584250	addons.xpi	INFO	Mapping e10srollout@mozilla.org to /opt/firefox/browser/features/e10srollout@mozilla.org.xpi
1527664584251	addons.xpi	INFO	Mapping firefox@getpocket.com to /opt/firefox/browser/features/firefox@getpocket.com.xpi
1527664584251	addons.xpi	INFO	Mapping clicktoplay-rollout@mozilla.org to /opt/firefox/browser/features/clicktoplay-rollout@mozilla.org.xpi
1527664584251	addons.xpi	INFO	Mapping screenshots@mozilla.org to /opt/firefox/browser/features/screenshots@mozilla.org.xpi
1527664584251	addons.xpi	INFO	Mapping aushelper@mozilla.org to /opt/firefox/browser/features/aushelper@mozilla.org.xpi
1527664584251	addons.xpi	INFO	Mapping webcompat@mozilla.org to /opt/firefox/browser/features/webcompat@mozilla.org.xpi
1527664584251	addons.xpi	INFO	Mapping followonsearch@mozilla.com to /opt/firefox/browser/features/followonsearch@mozilla.com.xpi
1527664584251	addons.xpi	INFO	Mapping shield-recipe-client@mozilla.org to /opt/firefox/browser/features/shield-recipe-client@mozilla.org.xpi
1527664584252	addons.xpi	DEBUG	Existing add-on e10srollout@mozilla.org in app-system-defaults
1527664584252	addons.xpi	DEBUG	Existing add-on firefox@getpocket.com in app-system-defaults
1527664584253	addons.xpi	DEBUG	Existing add-on clicktoplay-rollout@mozilla.org in app-system-defaults
1527664584253	addons.xpi	DEBUG	Existing add-on screenshots@mozilla.org in app-system-defaults
1527664584253	addons.xpi	DEBUG	Existing add-on aushelper@mozilla.org in app-system-defaults
1527664584253	addons.xpi	DEBUG	Existing add-on webcompat@mozilla.org in app-system-defaults
1527664584254	addons.xpi	DEBUG	Existing add-on followonsearch@mozilla.com in app-system-defaults
1527664584254	addons.xpi	DEBUG	Existing add-on shield-recipe-client@mozilla.org in app-system-defaults
1527664584254	addons.xpi	INFO	Mapping {972ce4c6-7e08-4474-a285-3208198ce6fd} to /opt/firefox/browser/extensions/{972ce4c6-7e08-4474-a285-3208198ce6fd}.xpi
1527664584254	addons.xpi	DEBUG	Existing add-on {972ce4c6-7e08-4474-a285-3208198ce6fd} in app-global
1527664584255	addons.xpi	DEBUG	getInstallState changed: false, state: {}
1527664584774	addons.productaddons	INFO	sending request to: https://aus5.mozilla.org/update/3/GMP/55.0.3/20170824123605/Linux_x86_64-gcc3/en-US/release/Linux%204.13.0-43-generic%20(GTK%203.18.9%2Clibpulse%208.0.0)/default/default/update.xml
1527664584947	Marionette	INFO	Listening on port 41297
JavaScript error: chrome://marionette/content/server.js, line 337: NS_ERROR_SOCKET_ADDRESS_IN_USE: Component returned failure code: 0x804b0036 (NS_ERROR_SOCKET_ADDRESS_IN_USE) [nsIServerSocket.initSpecialConnection]
1527664584991	addons.xpi	DEBUG	Calling bootstrap method shutdown on webcompat@mozilla.org version 1.1
1527664584993	addons.xpi	DEBUG	Calling bootstrap method shutdown on shield-recipe-client@mozilla.org version 55.1
1527664584997	addons.xpi	DEBUG	Calling bootstrap method shutdown on screenshots@mozilla.org version 10.12.0
1527664584997	addons.xpi	DEBUG	Calling bootstrap method shutdown on followonsearch@mozilla.com version 0.9.1
1527664584998	addons.xpi	DEBUG	Calling bootstrap method shutdown on firefox@getpocket.com version 1.0.5
1527664584998	addons.xpi	DEBUG	Calling bootstrap method shutdown on e10srollout@mozilla.org version 2.0
1527664584998	addons.xpi	DEBUG	Calling bootstrap method shutdown on clicktoplay-rollout@mozilla.org version 1.2
1527664584998	addons.xpi	DEBUG	Calling bootstrap method shutdown on aushelper@mozilla.org version 2.0
1527664585151	Marionette	WARN	TLS certificate errors will be ignored for this session
1527664585203	addons.productaddons	WARN	Failed downloading XML, status: 0, reason: error
1527664585204	addons.productaddons	INFO	fetching config from: chrome://global/content/gmp-sources/openh264.json
1527664585204	addons.productaddons	INFO	fetching config from: chrome://global/content/gmp-sources/widevinecdm.json
1527664585210	addons.productaddons	INFO	found plugin: gmp-gmpopenh264
1527664585210	addons.productaddons	INFO	found plugin: gmp-widevinecdm
1527664585346	addons.manager	DEBUG	shutdown
1527664585348	addons.manager	DEBUG	Calling shutdown blocker for XPIProvider
1527664585348	addons.xpi	DEBUG	shutdown
1527664585349	addons.xpi-utils	DEBUG	shutdown
1527664585349	addons.manager	DEBUG	Calling shutdown blocker for LightweightThemeManager
1527664585350	addons.manager	DEBUG	Calling shutdown blocker for GMPProvider
1527664585351	addons.manager	DEBUG	Calling shutdown blocker for PluginProvider
1527664585352	addons.manager	DEBUG	Calling shutdown blocker for PreviousExperimentProvider
1527664585352	addons.manager	DEBUG	Calling shutdown blocker for <unnamed-provider>
1527664585354	addons.xpi	DEBUG	Notifying XPI shutdown observers
1527664585360	addons.manager	DEBUG	Async provider shutdown done
1527664586109	geckodriver::marionette	ERROR	Failed to stop browser process
]]></system-err>
  </testcase>
  <testcase name="setUp" classname="com.services.test.TestGlobusFashionInfo" time="0">
    <skipped/>
  </testcase>
  <testcase name="testGlobusFashion" classname="com.services.test.TestGlobusFashionInfo" time="0">
    <skipped/>
  </testcase>
  <testcase name="tearDown" classname="com.services.test.TestGlobusFashionInfo" time="0">
    <skipped/>
  </testcase>
  <testcase name="tearDown" classname="com.services.test.TestGlobusFashionInfo" time="0">
    <skipped/>
  </testcase>
  <testcase name="testPeterEngland" classname="com.services.test.TestPeterEnglandInfo" time="2.84">
    <failure message="Failed to decode response from marionette&#10;Build info: version: &apos;3.11.0&apos;, revision: &apos;e59cfb3&apos;, time: &apos;2018-03-11T20:26:55.152Z&apos;&#10;System info: host: &apos;streamoid-ThinkPad-T440s&apos;, ip: &apos;127.0.1.1&apos;, os.name: &apos;Linux&apos;, os.arch: &apos;amd64&apos;, os.version: &apos;4.13.0-43-generic&apos;, java.version: &apos;1.8.0_171&apos;&#10;Driver info: org.openqa.selenium.firefox.FirefoxDriver&#10;Capabilities {acceptInsecureCerts: true, browserName: firefox, browserVersion: 55.0.3, javascriptEnabled: true, moz:accessibilityChecks: false, moz:processID: 5230, moz:profile: /tmp/rust_mozprofile.M5EeWT..., pageLoadStrategy: normal, platform: LINUX, platformName: LINUX, platformVersion: 4.13.0-43-generic, rotatable: false, specificationLevel: 0, timeouts: {implicit: 0, pageLoad: 300000, script: 30000}}&#10;Session ID: 4eaddf2e-1fe4-4000-897b-6e1f779e6cac" type="org.openqa.selenium.WebDriverException">org.openqa.selenium.WebDriverException: 
Failed to decode response from marionette
Build info: version: '3.11.0', revision: 'e59cfb3', time: '2018-03-11T20:26:55.152Z'
System info: host: 'streamoid-ThinkPad-T440s', ip: '127.0.1.1', os.name: 'Linux', os.arch: 'amd64', os.version: '4.13.0-43-generic', java.version: '1.8.0_171'
Driver info: org.openqa.selenium.firefox.FirefoxDriver
Capabilities {acceptInsecureCerts: true, browserName: firefox, browserVersion: 55.0.3, javascriptEnabled: true, moz:accessibilityChecks: false, moz:processID: 5230, moz:profile: /tmp/rust_mozprofile.M5EeWT..., pageLoadStrategy: normal, platform: LINUX, platformName: LINUX, platformVersion: 4.13.0-43-generic, rotatable: false, specificationLevel: 0, timeouts: {implicit: 0, pageLoad: 300000, script: 30000}}
Session ID: 4eaddf2e-1fe4-4000-897b-6e1f779e6cac
	at com.services.test.TestPeterEnglandInfo.testPeterEngland(TestPeterEnglandInfo.java:67)
</failure>
    <system-err><![CDATA[1527664586145	geckodriver	INFO	geckodriver 0.20.0
1527664586159	geckodriver	INFO	Listening on 127.0.0.1:14598
1527664586175	mozrunner::runner	INFO	Running command: "/opt/firefox/firefox" "-marionette" "-profile" "/tmp/rust_mozprofile.M5EeWT23rYVf"
1527664586371	addons.manager	DEBUG	Application has been upgraded
1527664586392	addons.manager	DEBUG	Loaded provider scope for resource://gre/modules/addons/XPIProvider.jsm: ["XPIProvider", "XPIInternal"]
1527664586395	addons.manager	DEBUG	Loaded provider scope for resource://gre/modules/LightweightThemeManager.jsm: ["LightweightThemeManager"]
1527664586425	addons.manager	DEBUG	Loaded provider scope for resource://gre/modules/addons/GMPProvider.jsm
1527664586428	addons.manager	DEBUG	Loaded provider scope for resource://gre/modules/addons/PluginProvider.jsm
1527664586429	addons.manager	DEBUG	Starting provider: XPIProvider
1527664586429	addons.xpi	DEBUG	startup
1527664586429	addons.xpi	INFO	SystemAddonInstallLocation directory is missing
1527664586430	addons.xpi	INFO	Removing all system add-on upgrades.
1527664586431	addons.xpi	DEBUG	checkForChanges
1527664586431	addons.xpi	WARN	Error parsing extensions state: [Exception... "Component returned failure code: 0x80520012 (NS_ERROR_FILE_NOT_FOUND) [amIAddonManagerStartup.readStartupData]"  nsresult: "0x80520012 (NS_ERROR_FILE_NOT_FOUND)"  location: "JS frame :: resource://gre/modules/addons/XPIProvider.jsm :: loadExtensionState :: line 1596"  data: no] Stack trace: loadExtensionState()@resource://gre/modules/addons/XPIProvider.jsm:1596 < getInstallState()@resource://gre/modules/addons/XPIProvider.jsm:1631 < checkForChanges()@resource://gre/modules/addons/XPIProvider.jsm:3152 < startup()@resource://gre/modules/addons/XPIProvider.jsm:2246 < callProvider()@resource://gre/modules/AddonManager.jsm:271 < _startProvider()@resource://gre/modules/AddonManager.jsm:741 < startup()@resource://gre/modules/AddonManager.jsm:908 < startup()@resource://gre/modules/AddonManager.jsm:3122 < observe()@jar:file:///opt/firefox/omni.ja!/components/addonManager.js:65
1527664586434	addons.xpi	DEBUG	Loaded add-on state: ${}
1527664586436	addons.xpi	INFO	Mapping e10srollout@mozilla.org to /opt/firefox/browser/features/e10srollout@mozilla.org.xpi
1527664586436	addons.xpi	INFO	Mapping firefox@getpocket.com to /opt/firefox/browser/features/firefox@getpocket.com.xpi
1527664586436	addons.xpi	INFO	Mapping clicktoplay-rollout@mozilla.org to /opt/firefox/browser/features/clicktoplay-rollout@mozilla.org.xpi
1527664586437	addons.xpi	INFO	Mapping screenshots@mozilla.org to /opt/firefox/browser/features/screenshots@mozilla.org.xpi
1527664586437	addons.xpi	INFO	Mapping aushelper@mozilla.org to /opt/firefox/browser/features/aushelper@mozilla.org.xpi
1527664586437	addons.xpi	INFO	Mapping webcompat@mozilla.org to /opt/firefox/browser/features/webcompat@mozilla.org.xpi
1527664586438	addons.xpi	INFO	Mapping followonsearch@mozilla.com to /opt/firefox/browser/features/followonsearch@mozilla.com.xpi
1527664586438	addons.xpi	INFO	Mapping shield-recipe-client@mozilla.org to /opt/firefox/browser/features/shield-recipe-client@mozilla.org.xpi
1527664586439	addons.xpi	DEBUG	New add-on e10srollout@mozilla.org in app-system-defaults
1527664586440	addons.xpi	INFO	Mapping e10srollout@mozilla.org to /opt/firefox/browser/features/e10srollout@mozilla.org.xpi
1527664586441	addons.xpi	DEBUG	New add-on firefox@getpocket.com in app-system-defaults
1527664586442	addons.xpi	INFO	Mapping firefox@getpocket.com to /opt/firefox/browser/features/firefox@getpocket.com.xpi
1527664586442	addons.xpi	DEBUG	New add-on clicktoplay-rollout@mozilla.org in app-system-defaults
1527664586443	addons.xpi	INFO	Mapping clicktoplay-rollout@mozilla.org to /opt/firefox/browser/features/clicktoplay-rollout@mozilla.org.xpi
1527664586443	addons.xpi	DEBUG	New add-on screenshots@mozilla.org in app-system-defaults
1527664586443	addons.xpi	INFO	Mapping screenshots@mozilla.org to /opt/firefox/browser/features/screenshots@mozilla.org.xpi
1527664586444	addons.xpi	DEBUG	New add-on aushelper@mozilla.org in app-system-defaults
1527664586444	addons.xpi	INFO	Mapping aushelper@mozilla.org to /opt/firefox/browser/features/aushelper@mozilla.org.xpi
1527664586444	addons.xpi	DEBUG	New add-on webcompat@mozilla.org in app-system-defaults
1527664586444	addons.xpi	INFO	Mapping webcompat@mozilla.org to /opt/firefox/browser/features/webcompat@mozilla.org.xpi
1527664586445	addons.xpi	DEBUG	New add-on followonsearch@mozilla.com in app-system-defaults
1527664586445	addons.xpi	INFO	Mapping followonsearch@mozilla.com to /opt/firefox/browser/features/followonsearch@mozilla.com.xpi
1527664586445	addons.xpi	DEBUG	New add-on shield-recipe-client@mozilla.org in app-system-defaults
1527664586445	addons.xpi	INFO	Mapping shield-recipe-client@mozilla.org to /opt/firefox/browser/features/shield-recipe-client@mozilla.org.xpi
1527664586446	addons.xpi	INFO	Mapping {972ce4c6-7e08-4474-a285-3208198ce6fd} to /opt/firefox/browser/extensions/{972ce4c6-7e08-4474-a285-3208198ce6fd}.xpi
1527664586446	addons.xpi	DEBUG	New add-on {972ce4c6-7e08-4474-a285-3208198ce6fd} in app-global
1527664586446	addons.xpi	INFO	Mapping {972ce4c6-7e08-4474-a285-3208198ce6fd} to /opt/firefox/browser/extensions/{972ce4c6-7e08-4474-a285-3208198ce6fd}.xpi
1527664586447	addons.xpi	DEBUG	getInstallState changed: true, state: {}
1527664586447	addons.xpi	INFO	SystemAddonInstallLocation directory is missing
1527664586458	addons.xpi-utils	DEBUG	Opening XPI database /tmp/rust_mozprofile.M5EeWT23rYVf/extensions.json
1527664586460	addons.xpi-utils	DEBUG	New add-on e10srollout@mozilla.org installed in app-system-defaults
*** Blocklist::_loadBlocklistFromFile: blocklist is disabled
1527664586488	DeferredSave.extensions.json	DEBUG	Save changes
1527664586489	addons.xpi-utils	DEBUG	New add-on firefox@getpocket.com installed in app-system-defaults
1527664586492	DeferredSave.extensions.json	DEBUG	Starting timer
1527664586494	DeferredSave.extensions.json	DEBUG	Save changes
1527664586494	addons.xpi-utils	DEBUG	New add-on clicktoplay-rollout@mozilla.org installed in app-system-defaults
1527664586498	DeferredSave.extensions.json	DEBUG	Save changes
1527664586498	addons.xpi-utils	DEBUG	New add-on screenshots@mozilla.org installed in app-system-defaults
1527664586504	DeferredSave.extensions.json	DEBUG	Save changes
1527664586504	addons.xpi-utils	DEBUG	New add-on aushelper@mozilla.org installed in app-system-defaults
1527664586508	DeferredSave.extensions.json	DEBUG	Save changes
1527664586508	addons.xpi-utils	DEBUG	New add-on webcompat@mozilla.org installed in app-system-defaults
1527664586515	DeferredSave.extensions.json	DEBUG	Save changes
1527664586515	addons.xpi-utils	DEBUG	New add-on followonsearch@mozilla.com installed in app-system-defaults
1527664586518	DeferredSave.extensions.json	DEBUG	Save changes
1527664586518	addons.xpi-utils	DEBUG	New add-on shield-recipe-client@mozilla.org installed in app-system-defaults
1527664586521	DeferredSave.extensions.json	DEBUG	Save changes
1527664586521	addons.xpi-utils	DEBUG	New add-on {972ce4c6-7e08-4474-a285-3208198ce6fd} installed in app-global
1527664586524	DeferredSave.extensions.json	DEBUG	Save changes
1527664586526	addons.manager	DEBUG	Registering startup change 'installed' for e10srollout@mozilla.org
1527664586536	addons.xpi	DEBUG	Loading bootstrap scope from /opt/firefox/browser/features/e10srollout@mozilla.org.xpi
1527664586539	addons.xpi	DEBUG	Calling bootstrap method install on e10srollout@mozilla.org version 2.0
1527664586540	addons.xpi-utils	DEBUG	Make addon app-system-defaults:e10srollout@mozilla.org visible
1527664586541	addons.xpi	DEBUG	Updating XPIState for {"id":"e10srollout@mozilla.org","syncGUID":"{1e6bebd7-e935-4de5-9dc4-571cb16f34db}","location":"app-system-defaults","version":"2.0","type":"extension","internalName":null,"updateURL":null,"updateKey":null,"optionsURL":null,"optionsType":null,"aboutURL":null,"defaultLocale":{"name":"Multi-process staged rollout","description":"Staged rollout of Firefox multi-process feature.","creator":null,"homepageURL":null},"visible":true,"active":false,"userDisabled":false,"appDisabled":false,"installDate":1503580993000,"updateDate":1503580993000,"applyBackgroundUpdates":1,"bootstrap":true,"path":"/opt/firefox/browser/features/e10srollout@mozilla.org.xpi","skinnable":false,"size":13287,"sourceURI":null,"releaseNotesURI":null,"softDisabled":false,"foreignInstall":false,"hasBinaryComponents":false,"strictCompatibility":false,"locales":[],"targetApplications":[{"id":"{ec8030f7-c20a-464f-9b0e-13a3a9e97384}","minVersion":"55.0.3","maxVersion":"55.*"}],"targetPlatforms":[],"multiprocessCompatible":true,"seen":true,"dependencies":[],"hasEmbeddedWebExtension":false,"mpcOptedOut":false,"userPermissions":null,"icons":{},"iconURL":null,"icon64URL":null}
1527664586548	DeferredSave.extensions.json	DEBUG	Save changes
1527664586549	addons.manager	DEBUG	Registering startup change 'installed' for firefox@getpocket.com
1527664586550	addons.xpi	DEBUG	Loading bootstrap scope from /opt/firefox/browser/features/firefox@getpocket.com.xpi
1527664586558	addons.xpi	DEBUG	Calling bootstrap method install on firefox@getpocket.com version 1.0.5
1527664586558	addons.xpi-utils	DEBUG	Make addon app-system-defaults:firefox@getpocket.com visible
1527664586559	addons.xpi	DEBUG	Updating XPIState for {"id":"firefox@getpocket.com","syncGUID":"{c04201b9-971a-42ef-a8c4-ea271f5a7f7d}","location":"app-system-defaults","version":"1.0.5","type":"extension","internalName":null,"updateURL":null,"updateKey":null,"optionsURL":null1527664586565	addons.xpi	DEBUG	Calling bootstrap method shutdown on webcompat@mozilla.org version 1.1
1527664586566	addons.xpi	DEBUG	Calling bootstrap method shutdown on shield-recipe-client@mozilla.org version 55.1
,"optionsType":null,"aboutURL":null,"defaultLocale":{"name":"Pocket","description":"When you find something you want to view later, put it in Pocket.","creator":null,"homepageURL":null},"visible":true,"active":false,"userDisabled":false,"appDisabled":false,"installDate":15035809930001527664586570	addons.xpi	DEBUG	Calling bootstrap method shutdown on screenshots@mozilla.org version 10.12.0
1527664586571	addons.xpi	DEBUG	Calling bootstrap method shutdown on followonsearch@mozilla.com version 0.9.1
1527664586572	addons.xpi	DEBUG	Calling bootstrap method shutdown on firefox@getpocket.com version 1.0.5
,"updateDate":1503580993000,"applyBackgroundUpdates":1,"bootstrap":true,"path":"/opt/firefox/browser/features/firefox@getpocket.com.xpi","skinnable":false,"size":855802,"sourceURI":null,"releaseNotesURI":null,"softDisabled":false,"foreignInstall":false,"hasBinaryComponents":false,"strictCompatibility":false,"locales":[],"targetApplications":[{"id":"{ec8030f7-c20a-464f-9b0e-13a3a9e97384}","minVersion":"55.0.3","maxVersion":"55.*"}],"targetPlatforms":[],"multiprocessCompatible":true,"seen":true,"dependencies":[],"hasEmbeddedWebExtension":false,"mpcOptedOut":false,"userPermissions":null,"icons":{},"iconURL":null,"icon64URL":null}
1527664586560	DeferredSa1527664586573	addons.xpi	DEBUG	Calling bootstrap method shutdown on e10srollout@mozilla.org version 2.0
1527664586573	addons.xpi	DEBUG	Calling bootstrap method shutdown on clicktoplay-rollout@mozilla.org version 1.2
1527664586574	addons.xpi	DEBUG	Calling bootstrap method shutdown on aushelper@mozilla.org version 2.0
ve.extensions.json	DEBUG	Save changes
1527664586560	addons.manager	DEBUG	Registering startup change 'installed' for clicktoplay-rollout@mozilla.org
1527664586561	addons.xpi	DEBUG	Loading bootstrap scope from /opt/firefox/browser/features/clicktoplay-rollout@mozilla.org.xpi
1527664586576	addons.xpi	DEBUG	Calling bootstrap method install on clicktoplay-rollout@mozilla.org version 1.2
1527664586576	addons.xpi-utils	DEBUG	Make addon app-system-defaults:clicktoplay-rollout@mozilla.org visible
1527664586577	addons.xpi	DEBUG	Updating XPIState for {"id":"clicktoplay-rollout@mozilla.org","syncGUID":"{97baffd9-fa33-49ba-beb0-180b951bc79d}","location":"app-system-defaults","version":"1.2","type":"extension","internalName":null,"updateURL":null,"updateKey":null,"optionsURL":null,"optionsType":null,"aboutURL":null,"defaultLocale":{"name":"Click-to-Play staged rollout","description":"Staged rollout for Click-to-Play Flash.","creator":null,"homepageURL":null},"visible":true,"active":false,"userDisabled":false,"appDisabled":false,"installDate":1503580993000,"updateDate":1503580993000,"applyBackgroundUpdates":1,"bootstrap":true,"path":"/opt/firefox/browser/features/clicktoplay-rollout@mozilla.org.xpi","skinnable":false,"size":5621,"sourceURI":null,"releaseNotesURI":null,"softDisabled":false,"foreignInstall":false,"hasBinaryComponents":false,"strictCompatibility":false,"locales":[],"targetApplications":[{"id":"{ec8030f7-c20a-464f-9b0e-13a3a9e97384}","minVersion":"55.0.3","maxVersion":"55.*"}],"targetPlatforms":[],"multiprocessCompatible":true,"seen":true,"dependencies":[],"hasEmbeddedWebExtension":false,"mpcOptedOut":false,"userPermissions":null,"icons":{},"iconURL":null,"icon64URL":null}
1527664586578	DeferredSave.extensions.json	DEBUG	Save changes
1527664586578	addons.manager	DEBUG	Registering startup change 'installed' for screenshots@mozilla.org
1527664586579	addons.xpi	DEBUG	Loading bootstrap scope from /opt/firefox/browser/features/screenshots@mozilla.org.xpi
1527664586583	addons.xpi	DEBUG	Calling bootstrap method install on screenshots@mozilla.org version 10.12.0
1527664586584	addons.xpi-utils	DEBUG	Make addon app-system-defaults:screenshots@mozilla.org visible
1527664586584	addons.xpi	DEBUG	Updating XPIState for {"id":"screenshots@mozilla.org","syncGUID":"{bacd5b9c-a638-4f6b-be06-01d0425973e1}","location":"app-system-defaults","version":"10.12.0","type":"extension","internalName":null,"updateURL":null,"updateKey":null,"optionsURL":null,"optionsType":null,"aboutURL":null,"defaultLocale":{"name":"Firefox Screenshots","description":null,"creator":null,"homepageURL":"https://pageshot.net/"},"visible":true,"active":false,"userDisabled":false,"appDisabled":false,"installDate":1503580993000,"updateDate":1503580993000,"applyBackgroundUpdates":1,"bootstrap":true,"path":"/opt/firefox/browser/features/screenshots@mozilla.org.xpi","skinnable":false,"size":714554,"sourceURI":null,"releaseNotesURI":null,"softDisabled":false,"foreignInstall":false,"hasBinaryComponents":false,"strictCompatibility":false,"locales":[],"targetApplications":[{"id":"{ec8030f7-c20a-464f-9b0e-13a3a9e97384}","minVersion":"51.0a1","maxVersion":"*"}],"targetPlatforms":[],"multiprocessCompatible":true,"seen":true,"dependencies":[],"hasEmbeddedWebExtension":false,"mpcOptedOut":false,"userPermissions":null,"icons":{},"iconURL":null,"icon64URL":null}
1527664586584	DeferredSave.extensions.json	DEBUG	Save changes
1527664586585	addons.manager	DEBUG	Registering startup change 'installed' for aushelper@mozilla.org
1527664586585	addons.xpi	DEBUG	Loading bootstrap scope from /opt/firefox/browser/features/aushelper@mozilla.org.xpi
1527664586588	addons.xpi	DEBUG	Calling bootstrap method install on aushelper@mozilla.org version 2.0
1527664586588	addons.xpi-utils	DEBUG	Make addon app-system-defaults:aushelper@mozilla.org visible
1527664586589	addons.xpi	DEBUG	Updating XPIState for {"id":"aushelper@mozilla.org","syncGUID":"{bebdb858-dd59-4854-a118-ce00dc9d70ed}","location":"app-system-defaults","version":"2.0","type":"extension","internalName":null,"updateURL":null,"updateKey":null,"optionsURL":null,"optionsType":null,"aboutURL":null,"defaultLocale":{"name":"Application Update Service Helper","description":"Sets value(s) in the update url based on custom checks.","creator":null,"homepageURL":null},"visible":true,"active":false,"userDisabled":false,"appDisabled":false,"installDate":1503580993000,"updateDate":1503580993000,"applyBackgroundUpdates":1,"bootstrap":true,"path":"/opt/firefox/browser/features/aushelper@mozilla.org.xpi","skinnable":false,"size":8488,"sourceURI":null,"releaseNotesURI":null,"softDisabled":false,"foreignInstall":false,"hasBinaryComponents":false,"strictCompatibility":false,"locales":[],"targetApplications":[{"id":"{ec8030f7-c20a-464f-9b0e-13a3a9e97384}","minVersion":"55.0.3","maxVersion":"55.*"}],"targetPlatforms":[],"multiprocessCompatible":true,"seen":true,"dependencies":[],"hasEmbeddedWebExtension":false,"mpcOptedOut":false,"userPermissions":null,"icons":{},"iconURL":null,"icon64URL":null}
1527664586590	DeferredSave.extensions.json	DEBUG	Save changes
1527664586590	addons.manager	DEBUG	Registering startup change 'installed' for webcompat@mozilla.org
1527664586591	addons.xpi	DEBUG	Loading bootstrap scope from /opt/firefox/browser/features/webcompat@mozilla.org.xpi
1527664586593	addons.xpi	DEBUG	Calling bootstrap method install on webcompat@mozilla.org version 1.1
1527664586593	addons.xpi-utils	DEBUG	Make addon app-system-defaults:webcompat@mozilla.org visible
1527664586594	addons.xpi	DEBUG	Updating XPIState for {"id":"webcompat@mozilla.org","syncGUID":"{b3fe85a1-dc89-410c-a686-b39b78e1f8bd}","location":"app-system-defaults","version":"1.1","type":"extension","internalName":null,"updateURL":null,"updateKey":null,"optionsURL":null,"optionsType":null,"aboutURL":null,"defaultLocale":{"name":"Web Compat","description":"Urgent post-release fixes for web compatibility.","creator":null,"homepageURL":null},"visible":true,"active":false,"userDisabled":false,"appDisabled":false,"installDate":1503580993000,"updateDate":1503580993000,"applyBackgroundUpdates":1,"bootstrap":true,"path":"/opt/firefox/browser/features/webcompat@mozilla.org.xpi","skinnable":false,"size":8992,"sourceURI":null,"releaseNotesURI":null,"softDisabled":false,"foreignInstall":false,"hasBinaryComponents":false,"strictCompatibility":false,"locales":[],"targetApplications":[{"id":"{ec8030f7-c20a-464f-9b0e-13a3a9e97384}","minVersion":"55.0.3","maxVersion":"55.*"}],"targetPlatforms":[],"multiprocessCompatible":true,"seen":true,"dependencies":[],"hasEmbeddedWebExtension":false,"mpcOptedOut":false,"userPermissions":null,"icons":{},"iconURL":null,"icon64URL":null}
1527664586594	DeferredSave.extensions.json	DEBUG	Save changes
1527664586594	addons.manager	DEBUG	Registering startup change 'installed' for followonsearch@mozilla.com
1527664586595	addons.xpi	DEBUG	Loading bootstrap scope from /opt/firefox/browser/features/followonsearch@mozilla.com.xpi
1527664586598	addons.xpi	DEBUG	Calling bootstrap method install on followonsearch@mozilla.com version 0.9.1
1527664586598	addons.xpi-utils	DEBUG	Make addon app-system-defaults:followonsearch@mozilla.com visible
1527664586598	addons.xpi	DEBUG	Updating XPIState for {"id":"followonsearch@mozilla.com","syncGUID":"{31b51761-3ae3-4b7d-b250-ca1df6cd629d}","location":"app-system-defaults","version":"0.9.1","type":"extension","internalName":null,"updateURL":null,"updateKey":null,"optionsURL":null,"optionsType":null,"aboutURL":null,"defaultLocale":{"name":"Follow-on Search Telemetry","description":null,"creator":null,"homepageURL":null},"visible":true,"active":false,"userDisabled":false,"appDisabled":false,"installDate":1503580993000,"updateDate":1503580993000,"applyBackgroundUpdates":1,"bootstrap":true,"path":"/opt/firefox/browser/features/followonsearch@mozilla.com.xpi","skinnable":false,"size":16730,"sourceURI":null,"releaseNotesURI":null,"softDisabled":false,"foreignInstall":false,"hasBinaryComponents":false,"strictCompatibility":false,"locales":[],"targetApplications":[{"id":"{ec8030f7-c20a-464f-9b0e-13a3a9e97384}","minVersion":"52.0","maxVersion":"59.*"}],"targetPlatforms":[],"multiprocessCompatible":true,"seen":true,"dependencies":[],"hasEmbeddedWebExtension":false,"mpcOptedOut":false,"userPermissions":null,"icons":{},"iconURL":null,"icon64URL":null}
1527664586599	DeferredSave.extensions.json	DEBUG	Save changes
1527664586599	addons.manager	DEBUG	Registering startup change 'installed' for shield-recipe-client@mozilla.org
1527664586602	addons.xpi	DEBUG	Loading bootstrap scope from /opt/firefox/browser/features/shield-recipe-client@mozilla.org.xpi
1527664586608	addons.xpi	DEBUG	Calling bootstrap method install on shield-recipe-client@mozilla.org version 55.1
1527664586608	addons.xpi-utils	DEBUG	Make addon app-system-defaults:shield-recipe-client@mozilla.org visible
1527664586609	addons.xpi	DEBUG	Updating XPIState for {"id":"shield-recipe-client@mozilla.org","syncGUID":"{cfa07ace-1dcd-4934-ab88-d49e7fe628c9}","location":"app-system-defaults","version":"55.1","type":"extension","internalName":null,"updateURL":null,"updateKey":null,"optionsURL":null,"optionsType":null,"aboutURL":null,"defaultLocale":{"name":"Shield Recipe Client","description":"Client to download and run recipes for SHIELD, Heartbeat, etc.","creator":null,"homepageURL":null},"visible":true,"active":false,"userDisabled":false,"appDisabled":false,"installDate":1503580993000,"updateDate":1503580993000,"applyBackgroundUpdates":1,"bootstrap":true,"path":"/opt/firefox/browser/features/shield-recipe-client@mozilla.org.xpi","skinnable":false,"size":140305,"sourceURI":null,"releaseNotesURI":null,"softDisabled":false,"foreignInstall":false,"hasBinaryComponents":false,"strictCompatibility":false,"locales":[],"targetApplications":[{"id":"{ec8030f7-c20a-464f-9b0e-13a3a9e97384}","minVersion":"55.0.3","maxVersion":"55.*"}],"targetPlatforms":[],"multiprocessCompatible":true,"seen":true,"dependencies":[],"hasEmbeddedWebExtension":false,"mpcOptedOut":false,"userPermissions":null,"icons":{},"iconURL":null,"icon64URL":null}
1527664586610	DeferredSave.extensions.json	DEBUG	Save changes
1527664586610	addons.xpi-utils	DEBUG	Make addon app-global:{972ce4c6-7e08-4474-a285-3208198ce6fd} visible
1527664586610	addons.xpi	DEBUG	Updating XPIState for {"id":"{972ce4c6-7e08-4474-a285-3208198ce6fd}","syncGUID":"{1ba7da25-f642-4d83-9991-d9a62143c6c6}","location":"app-global","version":"55.0.3","type":"theme","internalName":"classic/1.0","updateURL":null,"updateKey":null,"optionsURL":null,"optionsType":null,"optionsBrowserStyle":null,"aboutURL":null,"defaultLocale":{"name":"Default","description":"The default theme.","creator":"Mozilla","homepageURL":null,"contributors":["Mozilla Contributors"]},"visible":true,"active":false,"userDisabled":false,"appDisabled":false,"installDate":1503580993000,"updateDate":1503580993000,"applyBackgroundUpdates":1,"path":"/opt/firefox/browser/extensions/{972ce4c6-7e08-4474-a285-3208198ce6fd}.xpi","skinnable":true,"size":2918,"sourceURI":null,"releaseNotesURI":null,"softDisabled":false,"foreignInstall":false,"hasBinaryComponents":false,"strictCompatibility":true,"locales":[],"targetApplications":[{"id":"{ec8030f7-c20a-464f-9b0e-13a3a9e97384}","minVersion":"55.0.3","maxVersion":"55.0.3"}],"targetPlatforms":[],"seen":true,"dependencies":[],"hasEmbeddedWebExtension":false,"userPermissions":null,"icons":{},"iconURL":"chrome://browser/content/default-theme-icon.svg","icon64URL":null}
1527664586611	DeferredSave.extensions.json	DEBUG	Save changes
1527664586612	addons.xpi	DEBUG	Updating XPIState for {"id":"e10srollout@mozilla.org","syncGUID":"{1e6bebd7-e935-4de5-9dc4-571cb16f34db}","location":"app-system-defaults","version":"2.0","type":"extension","internalName":null,"updateURL":null,"updateKey":null,"optionsURL":null,"optionsType":null,"aboutURL":null,"defaultLocale":{"name":"Multi-process staged rollout","description":"Staged rollout of Firefox multi-process feature.","creator":null,"homepageURL":null},"visible":true,"active":true,"userDisabled":false,"appDisabled":false,"installDate":1503580993000,"updateDate":1503580993000,"applyBackgroundUpdates":1,"bootstrap":true,"path":"/opt/firefox/browser/features/e10srollout@mozilla.org.xpi","skinnable":false,"size":13287,"sourceURI":null,"releaseNotesURI":null,"softDisabled":false,"foreignInstall":false,"hasBinaryComponents":false,"strictCompatibility":false,"locales":[],"targetApplications":[{"id":"{ec8030f7-c20a-464f-9b0e-13a3a9e97384}","minVersion":"55.0.3","maxVersion":"55.*"}],"targetPlatforms":[],"multiprocessCompatible":true,"seen":true,"dependencies":[],"hasEmbeddedWebExtension":false,"mpcOptedOut":false,"userPermissions":null,"icons":{},"iconURL":null,"icon64URL":null}
1527664586612	addons.xpi	DEBUG	Updating XPIState for {"id":"firefox@getpocket.com","syncGUID":"{c04201b9-971a-42ef-a8c4-ea271f5a7f7d}","location":"app-system-defaults","version":"1.0.5","type":"extension","internalName":null,"updateURL":null,"updateKey":null,"optionsURL":null,"optionsType":null,"aboutURL":null,"defaultLocale":{"name":"Pocket","description":"When you find something you want to view later, put it in Pocket.","creator":null,"homepageURL":null},"visible":true,"active":true,"userDisabled":false,"appDisabled":false,"installDate":1503580993000,"updateDate":1503580993000,"applyBackgroundUpdates":1,"bootstrap":true,"path":"/opt/firefox/browser/features/firefox@getpocket.com.xpi","skinnable":false,"size":855802,"sourceURI":null,"releaseNotesURI":null,"softDisabled":false,"foreignInstall":false,"hasBinaryComponents":false,"strictCompatibility":false,"locales":[],"targetApplications":[{"id":"{ec8030f7-c20a-464f-9b0e-13a3a9e97384}","minVersion":"55.0.3","maxVersion":"55.*"}],"targetPlatforms":[],"multiprocessCompatible":true,"seen":true,"dependencies":[],"hasEmbeddedWebExtension":false,"mpcOptedOut":false,"userPermissions":null,"icons":{},"iconURL":null,"icon64URL":null}
1527664586613	addons.xpi	DEBUG	Updating XPIState for {"id":"clicktoplay-rollout@mozilla.org","syncGUID":"{97baffd9-fa33-49ba-beb0-180b951bc79d}","location":"app-system-defaults","version":"1.2","type":"extension","internalName":null,"updateURL":null,"updateKey":null,"optionsURL":null,"optionsType":null,"aboutURL":null,"defaultLocale":{"name":"Click-to-Play staged rollout","description":"Staged rollout for Click-to-Play Flash.","creator":null,"homepageURL":null},"visible":true,"active":true,"userDisabled":false,"appDisabled":false,"installDate":1503580993000,"updateDate":1503580993000,"applyBackgroundUpdates":1,"bootstrap":true,"path":"/opt/firefox/browser/features/clicktoplay-rollout@mozilla.org.xpi","skinnable":false,"size":5621,"sourceURI":null,"releaseNotesURI":null,"softDisabled":false,"foreignInstall":false,"hasBinaryComponents":false,"strictCompatibility":false,"locales":[],"targetApplications":[{"id":"{ec8030f7-c20a-464f-9b0e-13a3a9e97384}","minVersion":"55.0.3","maxVersion":"55.*"}],"targetPlatforms":[],"multiprocessCompatible":true,"seen":true,"dependencies":[],"hasEmbeddedWebExtension":false,"mpcOptedOut":false,"userPermissions":null,"icons":{},"iconURL":null,"icon64URL":null}
1527664586613	addons.xpi	DEBUG	Updating XPIState for {"id":"screenshots@mozilla.org","syncGUID":"{bacd5b9c-a638-4f6b-be06-01d0425973e1}","location":"app-system-defaults","version":"10.12.0","type":"extension","internalName":null,"updateURL":null,"updateKey":null,"optionsURL":null,"optionsType":null,"aboutURL":null,"defaultLocale":{"name":"Firefox Screenshots","description":null,"creator":null,"homepageURL":"https://pageshot.net/"},"visible":true,"active":true,"userDisabled":false,"appDisabled":false,"installDate":1503580993000,"updateDate":1503580993000,"applyBackgroundUpdates":1,"bootstrap":true,"path":"/opt/firefox/browser/features/screenshots@mozilla.org.xpi","skinnable":false,"size":714554,"sourceURI":null,"releaseNotesURI":null,"softDisabled":false,"foreignInstall":false,"hasBinaryComponents":false,"strictCompatibility":false,"locales":[],"targetApplications":[{"id":"{ec8030f7-c20a-464f-9b0e-13a3a9e97384}","minVersion":"51.0a1","maxVersion":"*"}],"targetPlatforms":[],"multiprocessCompatible":true,"seen":true,"dependencies":[],"hasEmbeddedWebExtension":false,"mpcOptedOut":false,"userPermissions":null,"icons":{},"iconURL":null,"icon64URL":null}
1527664586614	addons.xpi	DEBUG	Updating XPIState for {"id":"aushelper@mozilla.org","syncGUID":"{bebdb858-dd59-4854-a118-ce00dc9d70ed}","location":"app-system-defaults","version":"2.0","type":"extension","internalName":null,"updateURL":null,"updateKey":null,"optionsURL":null,"optionsType":null,"aboutURL":null,"defaultLocale":{"name":"Application Update Service Helper","description":"Sets value(s) in the update url based on custom checks.","creator":null,"homepageURL":null},"visible":true,"active":true,"userDisabled":false,"appDisabled":false,"installDate":1503580993000,"updateDate":1503580993000,"applyBackgroundUpdates":1,"bootstrap":true,"path":"/opt/firefox/browser/features/aushelper@mozilla.org.xpi","skinnable":false,"size":8488,"sourceURI":null,"releaseNotesURI":null,"softDisabled":false,"foreignInstall":false,"hasBinaryComponents":false,"strictCompatibility":false,"locales":[],"targetApplications":[{"id":"{ec8030f7-c20a-464f-9b0e-13a3a9e97384}","minVersion":"55.0.3","maxVersion":"55.*"}],"targetPlatforms":[],"multiprocessCompatible":true,"seen":true,"dependencies":[],"hasEmbeddedWebExtension":false,"mpcOptedOut":false,"userPermissions":null,"icons":{},"iconURL":null,"icon64URL":null}
1527664586616	addons.xpi	DEBUG	Updating XPIState for {"id":"webcompat@mozilla.org","syncGUID":"{b3fe85a1-dc89-410c-a686-b39b78e1f8bd}","location":"app-system-defaults","version":"1.1","type":"extension","internalName":null,"updateURL":null,"updateKey":null,"optionsURL":null,"optionsType":null,"aboutURL":null,"defaultLocale":{"name":"Web Compat","description":"Urgent post-release fixes for web compatibility.","creator":null,"homepageURL":null},"visible":true,"active":true,"userDisabled":false,"appDisabled":false,"installDate":1503580993000,"updateDate":1503580993000,"applyBackgroundUpdates":1,"bootstrap":true,"path":"/opt/firefox/browser/features/webcompat@mozilla.org.xpi","skinnable":false,"size":8992,"sourceURI":null,"releaseNotesURI":null,"softDisabled":false,"foreignInstall":false,"hasBinaryComponents":false,"strictCompatibility":false,"locales":[],"targetApplications":[{"id":"{ec8030f7-c20a-464f-9b0e-13a3a9e97384}","minVersion":"55.0.3","maxVersion":"55.*"}],"targetPlatforms":[],"multiprocessCompatible":true,"seen":true,"dependencies":[],"hasEmbeddedWebExtension":false,"mpcOptedOut":false,"userPermissions":null,"icons":{},"iconURL":null,"icon64URL":null}
1527664586617	addons.xpi	DEBUG	Updating XPIState for {"id":"followonsearch@mozilla.com","syncGUID":"{31b51761-3ae3-4b7d-b250-ca1df6cd629d}","location":"app-system-defaults","version":"0.9.1","type":"extension","internalName":null,"updateURL":null,"updateKey":null,"optionsURL":null,"optionsType":null,"aboutURL":null,"defaultLocale":{"name":"Follow-on Search Telemetry","description":null,"creator":null,"homepageURL":null},"visible":true,"active":true,"userDisabled":false,"appDisabled":false,"installDate":1503580993000,"updateDate":1503580993000,"applyBackgroundUpdates":1,"bootstrap":true,"path":"/opt/firefox/browser/features/followonsearch@mozilla.com.xpi","skinnable":false,"size":16730,"sourceURI":null,"releaseNotesURI":null,"softDisabled":false,"foreignInstall":false,"hasBinaryComponents":false,"strictCompatibility":false,"locales":[],"targetApplications":[{"id":"{ec8030f7-c20a-464f-9b0e-13a3a9e97384}","minVersion":"52.0","maxVersion":"59.*"}],"targetPlatforms":[],"multiprocessCompatible":true,"seen":true,"dependencies":[],"hasEmbeddedWebExtension":false,"mpcOptedOut":false,"userPermissions":null,"icons":{},"iconURL":null,"icon64URL":null}
1527664586617	addons.xpi	DEBUG	Updating XPIState for {"id":"shield-recipe-client@mozilla.org","syncGUID":"{cfa07ace-1dcd-4934-ab88-d49e7fe628c9}","location":"app-system-defaults","version":"55.1","type":"extension","internalName":null,"updateURL":null,"updateKey":null,"optionsURL":null,"optionsType":null,"aboutURL":null,"defaultLocale":{"name":"Shield Recipe Client","description":"Client to download and run recipes for SHIELD, Heartbeat, etc.","creator":null,"homepageURL":null},"visible":true,"active":true,"userDisabled":false,"appDisabled":false,"installDate":1503580993000,"updateDate":1503580993000,"applyBackgroundUpdates":1,"bootstrap":true,"path":"/opt/firefox/browser/features/shield-recipe-client@mozilla.org.xpi","skinnable":false,"size":140305,"sourceURI":null,"releaseNotesURI":null,"softDisabled":false,"foreignInstall":false,"hasBinaryComponents":false,"strictCompatibility":false,"locales":[],"targetApplications":[{"id":"{ec8030f7-c20a-464f-9b0e-13a3a9e97384}","minVersion":"55.0.3","maxVersion":"55.*"}],"targetPlatforms":[],"multiprocessCompatible":true,"seen":true,"dependencies":[],"hasEmbeddedWebExtension":false,"mpcOptedOut":false,"userPermissions":null,"icons":{},"iconURL":null,"icon64URL":null}
1527664586618	addons.xpi	DEBUG	Updating XPIState for {"id":"{972ce4c6-7e08-4474-a285-3208198ce6fd}","syncGUID":"{1ba7da25-f642-4d83-9991-d9a62143c6c6}","location":"app-global","version":"55.0.3","type":"theme","internalName":"classic/1.0","updateURL":null,"updateKey":null,"optionsURL":null,"optionsType":null,"optionsBrowserStyle":null,"aboutURL":null,"defaultLocale":{"name":"Default","description":"The default theme.","creator":"Mozilla","homepageURL":null,"contributors":["Mozilla Contributors"]},"visible":true,"active":true,"userDisabled":false,"appDisabled":false,"installDate":1503580993000,"updateDate":1503580993000,"applyBackgroundUpdates":1,"path":"/opt/firefox/browser/extensions/{972ce4c6-7e08-4474-a285-3208198ce6fd}.xpi","skinnable":true,"size":2918,"sourceURI":null,"releaseNotesURI":null,"softDisabled":false,"foreignInstall":false,"hasBinaryComponents":false,"strictCompatibility":true,"locales":[],"targetApplications":[{"id":"{ec8030f7-c20a-464f-9b0e-13a3a9e97384}","minVersion":"55.0.3","maxVersion":"55.0.3"}],"targetPlatforms":[],"seen":true,"dependencies":[],"hasEmbeddedWebExtension":false,"userPermissions":null,"icons":{},"iconURL":"chrome://browser/content/default-theme-icon.svg","icon64URL":null}
1527664586619	DeferredSave.extensions.json	DEBUG	Save changes
1527664586619	addons.xpi	DEBUG	Updating database with changes to installed add-ons
1527664586619	addons.xpi-utils	DEBUG	Updating add-on states
1527664586627	addons.xpi	DEBUG	Registering manifest for /opt/firefox/browser/features/aushelper@mozilla.org.xpi
1527664586630	addons.xpi	DEBUG	Calling bootstrap method startup on aushelper@mozilla.org version 2.0
1527664586633	addons.xpi	DEBUG	Registering manifest for /opt/firefox/browser/features/clicktoplay-rollout@mozilla.org.xpi
1527664586634	addons.xpi	DEBUG	Calling bootstrap method startup on clicktoplay-rollout@mozilla.org version 1.2
1527664586787	addons.xpi	DEBUG	Registering manifest for /opt/firefox/browser/features/e10srollout@mozilla.org.xpi
1527664586788	addons.xpi	DEBUG	Calling bootstrap method startup on e10srollout@mozilla.org version 2.0
1527664586790	addons.xpi	DEBUG	Registering manifest for /opt/firefox/browser/features/firefox@getpocket.com.xpi
1527664586791	addons.xpi	DEBUG	Calling bootstrap method startup on firefox@getpocket.com version 1.0.5
1527664586838	addons.xpi	DEBUG	Registering manifest for /opt/firefox/browser/features/followonsearch@mozilla.com.xpi
1527664586839	addons.xpi	DEBUG	Calling bootstrap method startup on followonsearch@mozilla.com version 0.9.1
1527664586839	addons.xpi	DEBUG	Registering manifest for /opt/firefox/browser/features/screenshots@mozilla.org.xpi
1527664586840	addons.xpi	DEBUG	Calling bootstrap method startup on screenshots@mozilla.org version 10.12.0
1527664586840	addons.xpi	DEBUG	Registering manifest for /opt/firefox/browser/features/shield-recipe-client@mozilla.org.xpi
1527664586840	addons.xpi	DEBUG	Calling bootstrap method startup on shield-recipe-client@mozilla.org version 55.1
1527664586849	addons.xpi	DEBUG	Registering manifest for /opt/firefox/browser/features/webcompat@mozilla.org.xpi
1527664586850	addons.xpi	DEBUG	Calling bootstrap method startup on webcompat@mozilla.org version 1.1
1527664586855	addons.manager	DEBUG	Registering shutdown blocker for XPIProvider
1527664586856	addons.manager	DEBUG	Provider finished startup: XPIProvider
1527664586856	addons.manager	DEBUG	Starting provider: LightweightThemeManager
1527664586856	addons.manager	DEBUG	Registering shutdown blocker for LightweightThemeManager
1527664586857	addons.manager	DEBUG	Provider finished startup: LightweightThemeManager
1527664586857	addons.manager	DEBUG	Starting provider: GMPProvider
1527664586861	addons.manager	DEBUG	Registering shutdown blocker for GMPProvider
1527664586862	addons.manager	DEBUG	Provider finished startup: GMPProvider
1527664586862	addons.manager	DEBUG	Starting provider: PluginProvider
1527664586862	addons.manager	DEBUG	Registering shutdown blocker for PluginProvider
1527664586862	addons.manager	DEBUG	Provider finished startup: PluginProvider
1527664586863	addons.manager	DEBUG	Completed startup sequence
1527664586894	addons.manager	DEBUG	shutdown
1527664586895	addons.manager	DEBUG	Calling shutdown blocker for XPIProvider
1527664586895	addons.xpi	DEBUG	shutdown
1527664586895	addons.xpi-utils	DEBUG	shutdown
1527664586896	addons.manager	DEBUG	Calling shutdown blocker for LightweightThemeManager
1527664586897	addons.manager	DEBUG	Calling shutdown blocker for GMPProvider
1527664586899	addons.manager	DEBUG	Calling shutdown blocker for PluginProvider
1527664586899	addons.manager	DEBUG	Calling shutdown blocker for PreviousExperimentProvider
1527664586900	addons.manager	DEBUG	Calling shutdown blocker for <unnamed-provider>
1527664586903	addons.xpi	DEBUG	Notifying XPI shutdown observers
1527664586915	addons.manager	DEBUG	Async provider shutdown done
1527664587256	Marionette	INFO	Enabled via --marionette
1527664587948	addons.manager	DEBUG	Starting provider: PreviousExperimentProvider
1527664587948	addons.manager	DEBUG	Registering shutdown blocker for PreviousExperimentProvider
1527664587948	addons.manager	DEBUG	Provider finished startup: PreviousExperimentProvider
1527664587951	DeferredSave.extensions.json	DEBUG	Starting write
1527664588062	DeferredSave.extensions.json	DEBUG	Write succeeded
1527664588062	addons.xpi-utils	DEBUG	XPI Database saved, setting schema version preference to 21
1527664589415	addons.manager	DEBUG	Starting provider: <unnamed-provider>
1527664589415	addons.manager	DEBUG	Registering shutdown blocker for <unnamed-provider>
1527664589415	addons.manager	DEBUG	Provider finished startup: <unnamed-provider>
1527664589418	addons.xpi	INFO	Mapping e10srollout@mozilla.org to /opt/firefox/browser/features/e10srollout@mozilla.org.xpi
1527664589419	addons.xpi	INFO	Mapping firefox@getpocket.com to /opt/firefox/browser/features/firefox@getpocket.com.xpi
1527664589419	addons.xpi	INFO	Mapping clicktoplay-rollout@mozilla.org to /opt/firefox/browser/features/clicktoplay-rollout@mozilla.org.xpi
1527664589419	addons.xpi	INFO	Mapping screenshots@mozilla.org to /opt/firefox/browser/features/screenshots@mozilla.org.xpi
1527664589419	addons.xpi	INFO	Mapping aushelper@mozilla.org to /opt/firefox/browser/features/aushelper@mozilla.org.xpi
1527664589419	addons.xpi	INFO	Mapping webcompat@mozilla.org to /opt/firefox/browser/features/webcompat@mozilla.org.xpi
1527664589419	addons.xpi	INFO	Mapping followonsearch@mozilla.com to /opt/firefox/browser/features/followonsearch@mozilla.com.xpi
1527664589419	addons.xpi	INFO	Mapping shield-recipe-client@mozilla.org to /opt/firefox/browser/features/shield-recipe-client@mozilla.org.xpi
1527664589420	addons.xpi	DEBUG	Existing add-on e10srollout@mozilla.org in app-system-defaults
1527664589420	addons.xpi	DEBUG	Existing add-on firefox@getpocket.com in app-system-defaults
1527664589421	addons.xpi	DEBUG	Existing add-on clicktoplay-rollout@mozilla.org in app-system-defaults
1527664589421	addons.xpi	DEBUG	Existing add-on screenshots@mozilla.org in app-system-defaults
1527664589421	addons.xpi	DEBUG	Existing add-on aushelper@mozilla.org in app-system-defaults
1527664589422	addons.xpi	DEBUG	Existing add-on webcompat@mozilla.org in app-system-defaults
1527664589423	addons.xpi	DEBUG	Existing add-on followonsearch@mozilla.com in app-system-defaults
1527664589423	addons.xpi	DEBUG	Existing add-on shield-recipe-client@mozilla.org in app-system-defaults
1527664589424	addons.xpi	INFO	Mapping {972ce4c6-7e08-4474-a285-3208198ce6fd} to /opt/firefox/browser/extensions/{972ce4c6-7e08-4474-a285-3208198ce6fd}.xpi
1527664589424	addons.xpi	DEBUG	Existing add-on {972ce4c6-7e08-4474-a285-3208198ce6fd} in app-global
1527664589424	addons.xpi	DEBUG	getInstallState changed: false, state: {}
1527664589977	addons.productaddons	INFO	sending request to: https://aus5.mozilla.org/update/3/GMP/55.0.3/20170824123605/Linux_x86_64-gcc3/en-US/release/Linux%204.13.0-43-generic%20(GTK%203.18.9%2Clibpulse%208.0.0)/default/default/update.xml
1527664590106	Marionette	INFO	Listening on port 38769
JavaScript error: chrome://marionette/content/server.js, line 337: NS_ERROR_SOCKET_ADDRESS_IN_USE: Component returned failure code: 0x804b0036 (NS_ERROR_SOCKET_ADDRESS_IN_USE) [nsIServerSocket.initSpecialConnection]
1527664590196	Marionette	WARN	TLS certificate errors will be ignored for this session
1527664590238	Marionette	DEBUG	loaded listener.js
May 30, 2018 12:46:30 PM org.openqa.selenium.remote.ProtocolHandshake createSession
INFO: Detected dialect: W3C
1527664590357	Marionette	DEBUG	Received DOM event "beforeunload" for "about:blank"
1527664590584	Marionette	DEBUG	Received DOM event "pagehide" for "about:blank"
1527664590585	Marionette	DEBUG	Received DOM event "unload" for "about:blank"
1527664590955	addons.productaddons	INFO	Completed downloading document
1527664591621	Marionette	DEBUG	Received DOM event "DOMContentLoaded" for "https://www.peterengland.com/"
1527664591624	Marionette	DEBUG	Received DOM event "pageshow" for "https://www.peterengland.com/"
1527664592074	addons.xpi	DEBUG	Calling bootstrap method shutdown on webcompat@mozilla.org version 1.1
1527664592075	addons.xpi	DEBUG	Calling bootstrap method shutdown on shield-recipe-client@mozilla.org version 55.1
1527664592077	addons.xpi	DEBUG	Calling bootstrap method shutdown on screenshots@mozilla.org version 10.12.0
1527664592078	addons.xpi	DEBUG	Calling bootstrap method shutdown on followonsearch@mozilla.com version 0.9.1
1527664592078	addons.xpi	DEBUG	Calling bootstrap method shutdown on firefox@getpocket.com version 1.0.5
1527664592078	addons.xpi	DEBUG	Calling bootstrap method shutdown on e10srollout@mozilla.org version 2.0
1527664592079	addons.xpi	DEBUG	Calling bootstrap method shutdown on clicktoplay-rollout@mozilla.org version 1.2
1527664592079	addons.xpi	DEBUG	Calling bootstrap method shutdown on aushelper@mozilla.org version 2.0
JavaScript error: chrome://followonsearch/content/followonsearch-fs.js?q=0.076622741495745, line 230: TypeError: win is null
1527664592098	Marionette	DEBUG	Received DOM event "DOMContentLoaded" for "https://www.peterengland.com/"
1527664592099	Marionette	DEBUG	Received observer notification "outer-window-destroyed" for "2147483653"
1527664592100	Marionette	DEBUG	Received observer notification "outer-window-destroyed" for "2147483649"

###!!! [Child][RunMessage] Error: Channel closing: too late to send/recv, messages will be lost

1527664592243	addons.productaddons	WARN	Failed downloading via XHR, status: 0, reason: error
[Parent 5230] WARNING: pipe error (63): Connection reset by peer: file /home/worker/workspace/build/src/ipc/chromium/src/chrome/common/ipc_channel_posix.cc, line 353
1527664592385	addons.manager	DEBUG	shutdown
1527664592386	addons.manager	DEBUG	Calling shutdown blocker for XPIProvider
1527664592386	addons.xpi	DEBUG	shutdown
1527664592387	addons.xpi-utils	DEBUG	shutdown
1527664592388	addons.manager	DEBUG	Calling shutdown blocker for LightweightThemeManager
1527664592389	addons.manager	DEBUG	Calling shutdown blocker for GMPProvider
1527664592390	addons.manager	DEBUG	Calling shutdown blocker for PluginProvider
1527664592391	addons.manager	DEBUG	Calling shutdown blocker for PreviousExperimentProvider
1527664592392	addons.manager	DEBUG	Calling shutdown blocker for <unnamed-provider>
1527664592397	addons.xpi	DEBUG	Notifying XPI shutdown observers
1527664592407	addons.manager	DEBUG	Async provider shutdown done
1527664593177	geckodriver::marionette	ERROR	Failed to stop browser process
]]></system-err>
  </testcase>
  <testcase name="tearDown" classname="com.services.test.TestPeterEnglandInfo" time="2.846">
    <failure message="Tried to run command without establishing a connection&#10;Build info: version: &apos;3.11.0&apos;, revision: &apos;e59cfb3&apos;, time: &apos;2018-03-11T20:26:55.152Z&apos;&#10;System info: host: &apos;streamoid-ThinkPad-T440s&apos;, ip: &apos;127.0.1.1&apos;, os.name: &apos;Linux&apos;, os.arch: &apos;amd64&apos;, os.version: &apos;4.13.0-43-generic&apos;, java.version: &apos;1.8.0_171&apos;&#10;Driver info: org.openqa.selenium.firefox.FirefoxDriver&#10;Capabilities {acceptInsecureCerts: true, browserName: firefox, browserVersion: 55.0.3, javascriptEnabled: true, moz:accessibilityChecks: false, moz:processID: 5230, moz:profile: /tmp/rust_mozprofile.M5EeWT..., pageLoadStrategy: normal, platform: LINUX, platformName: LINUX, platformVersion: 4.13.0-43-generic, rotatable: false, specificationLevel: 0, timeouts: {implicit: 0, pageLoad: 300000, script: 30000}}&#10;Session ID: 4eaddf2e-1fe4-4000-897b-6e1f779e6cac" type="org.openqa.selenium.SessionNotCreatedException">org.openqa.selenium.SessionNotCreatedException: 
Tried to run command without establishing a connection
Build info: version: '3.11.0', revision: 'e59cfb3', time: '2018-03-11T20:26:55.152Z'
System info: host: 'streamoid-ThinkPad-T440s', ip: '127.0.1.1', os.name: 'Linux', os.arch: 'amd64', os.version: '4.13.0-43-generic', java.version: '1.8.0_171'
Driver info: org.openqa.selenium.firefox.FirefoxDriver
Capabilities {acceptInsecureCerts: true, browserName: firefox, browserVersion: 55.0.3, javascriptEnabled: true, moz:accessibilityChecks: false, moz:processID: 5230, moz:profile: /tmp/rust_mozprofile.M5EeWT..., pageLoadStrategy: normal, platform: LINUX, platformName: LINUX, platformVersion: 4.13.0-43-generic, rotatable: false, specificationLevel: 0, timeouts: {implicit: 0, pageLoad: 300000, script: 30000}}
Session ID: 4eaddf2e-1fe4-4000-897b-6e1f779e6cac
	at com.services.test.TestPeterEnglandInfo.tearDown(TestPeterEnglandInfo.java:224)
</failure>
  </testcase>
  <testcase name="testPlanetFashion" classname="com.services.test.TestPlanetFashionInfo" time="2.707">
    <failure message="Failed to decode response from marionette&#10;Build info: version: &apos;3.11.0&apos;, revision: &apos;e59cfb3&apos;, time: &apos;2018-03-11T20:26:55.152Z&apos;&#10;System info: host: &apos;streamoid-ThinkPad-T440s&apos;, ip: &apos;127.0.1.1&apos;, os.name: &apos;Linux&apos;, os.arch: &apos;amd64&apos;, os.version: &apos;4.13.0-43-generic&apos;, java.version: &apos;1.8.0_171&apos;&#10;Driver info: org.openqa.selenium.firefox.FirefoxDriver&#10;Capabilities {acceptInsecureCerts: true, browserName: firefox, browserVersion: 55.0.3, javascriptEnabled: true, moz:accessibilityChecks: false, moz:processID: 5457, moz:profile: /tmp/rust_mozprofile.EVpiIr..., pageLoadStrategy: normal, platform: LINUX, platformName: LINUX, platformVersion: 4.13.0-43-generic, rotatable: false, specificationLevel: 0, timeouts: {implicit: 0, pageLoad: 300000, script: 30000}}&#10;Session ID: 3d661e69-4b9c-43c6-8dcf-e5419819d9eb" type="org.openqa.selenium.WebDriverException">org.openqa.selenium.WebDriverException: 
Failed to decode response from marionette
Build info: version: '3.11.0', revision: 'e59cfb3', time: '2018-03-11T20:26:55.152Z'
System info: host: 'streamoid-ThinkPad-T440s', ip: '127.0.1.1', os.name: 'Linux', os.arch: 'amd64', os.version: '4.13.0-43-generic', java.version: '1.8.0_171'
Driver info: org.openqa.selenium.firefox.FirefoxDriver
Capabilities {acceptInsecureCerts: true, browserName: firefox, browserVersion: 55.0.3, javascriptEnabled: true, moz:accessibilityChecks: false, moz:processID: 5457, moz:profile: /tmp/rust_mozprofile.EVpiIr..., pageLoadStrategy: normal, platform: LINUX, platformName: LINUX, platformVersion: 4.13.0-43-generic, rotatable: false, specificationLevel: 0, timeouts: {implicit: 0, pageLoad: 300000, script: 30000}}
Session ID: 3d661e69-4b9c-43c6-8dcf-e5419819d9eb
	at com.services.test.TestPlanetFashionInfo.testPlanetFashion(TestPlanetFashionInfo.java:70)
</failure>
    <system-err><![CDATA[1527664593209	geckodriver	INFO	geckodriver 0.20.0
1527664593220	geckodriver	INFO	Listening on 127.0.0.1:1702
1527664593234	mozrunner::runner	INFO	Running command: "/opt/firefox/firefox" "-marionette" "-profile" "/tmp/rust_mozprofile.OpWNoCo6pFA1"
1527664593434	addons.manager	DEBUG	Application has been upgraded
1527664593457	addons.manager	DEBUG	Loaded provider scope for resource://gre/modules/addons/XPIProvider.jsm: ["XPIProvider", "XPIInternal"]
1527664593461	addons.manager	DEBUG	Loaded provider scope for resource://gre/modules/LightweightThemeManager.jsm: ["LightweightThemeManager"]
1527664593496	addons.manager	DEBUG	Loaded provider scope for resource://gre/modules/addons/GMPProvider.jsm
1527664593500	addons.manager	DEBUG	Loaded provider scope for resource://gre/modules/addons/PluginProvider.jsm
1527664593501	addons.manager	DEBUG	Starting provider: XPIProvider
1527664593503	addons.xpi	DEBUG	startup
1527664593504	addons.xpi	INFO	SystemAddonInstallLocation directory is missing
1527664593505	addons.xpi	INFO	Removing all system add-on upgrades.
1527664593506	addons.xpi	DEBUG	checkForChanges
1527664593507	addons.xpi	WARN	Error parsing extensions state: [Exception... "Component returned failure code: 0x80520012 (NS_ERROR_FILE_NOT_FOUND) [amIAddonManagerStartup.readStartupData]"  nsresult: "0x80520012 (NS_ERROR_FILE_NOT_FOUND)"  location: "JS frame :: resource://gre/modules/addons/XPIProvider.jsm :: loadExtensionState :: line 1596"  data: no] Stack trace: loadExtensionState()@resource://gre/modules/addons/XPIProvider.jsm:1596 < getInstallState()@resource://gre/modules/addons/XPIProvider.jsm:1631 < checkForChanges()@resource://gre/modules/addons/XPIProvider.jsm:3152 < startup()@resource://gre/modules/addons/XPIProvider.jsm:2246 < callProvider()@resource://gre/modules/AddonManager.jsm:271 < _startProvider()@resource://gre/modules/AddonManager.jsm:741 < startup()@resource://gre/modules/AddonManager.jsm:908 < startup()@resource://gre/modules/AddonManager.jsm:3122 < observe()@jar:file:///opt/firefox/omni.ja!/components/addonManager.js:65
1527664593509	addons.xpi	DEBUG	Loaded add-on state: ${}
1527664593511	addons.xpi	INFO	Mapping e10srollout@mozilla.org to /opt/firefox/browser/features/e10srollout@mozilla.org.xpi
1527664593511	addons.xpi	INFO	Mapping firefox@getpocket.com to /opt/firefox/browser/features/firefox@getpocket.com.xpi
1527664593511	addons.xpi	INFO	Mapping clicktoplay-rollout@mozilla.org to /opt/firefox/browser/features/clicktoplay-rollout@mozilla.org.xpi
1527664593511	addons.xpi	INFO	Mapping screenshots@mozilla.org to /opt/firefox/browser/features/screenshots@mozilla.org.xpi
1527664593511	addons.xpi	INFO	Mapping aushelper@mozilla.org to /opt/firefox/browser/features/aushelper@mozilla.org.xpi
1527664593511	addons.xpi	INFO	Mapping webcompat@mozilla.org to /opt/firefox/browser/features/webcompat@mozilla.org.xpi
1527664593512	addons.xpi	INFO	Mapping followonsearch@mozilla.com to /opt/firefox/browser/features/followonsearch@mozilla.com.xpi
1527664593512	addons.xpi	INFO	Mapping shield-recipe-client@mozilla.org to /opt/firefox/browser/features/shield-recipe-client@mozilla.org.xpi
1527664593512	addons.xpi	DEBUG	New add-on e10srollout@mozilla.org in app-system-defaults
1527664593513	addons.xpi	INFO	Mapping e10srollout@mozilla.org to /opt/firefox/browser/features/e10srollout@mozilla.org.xpi
1527664593514	addons.xpi	DEBUG	New add-on firefox@getpocket.com in app-system-defaults
1527664593514	addons.xpi	INFO	Mapping firefox@getpocket.com to /opt/firefox/browser/features/firefox@getpocket.com.xpi
1527664593515	addons.xpi	DEBUG	New add-on clicktoplay-rollout@mozilla.org in app-system-defaults
1527664593515	addons.xpi	INFO	Mapping clicktoplay-rollout@mozilla.org to /opt/firefox/browser/features/clicktoplay-rollout@mozilla.org.xpi
1527664593515	addons.xpi	DEBUG	New add-on screenshots@mozilla.org in app-system-defaults
1527664593516	addons.xpi	INFO	Mapping screenshots@mozilla.org to /opt/firefox/browser/features/screenshots@mozilla.org.xpi
1527664593516	addons.xpi	DEBUG	New add-on aushelper@mozilla.org in app-system-defaults
1527664593516	addons.xpi	INFO	Mapping aushelper@mozilla.org to /opt/firefox/browser/features/aushelper@mozilla.org.xpi
1527664593516	addons.xpi	DEBUG	New add-on webcompat@mozilla.org in app-system-defaults
1527664593517	addons.xpi	INFO	Mapping webcompat@mozilla.org to /opt/firefox/browser/features/webcompat@mozilla.org.xpi
1527664593517	addons.xpi	DEBUG	New add-on followonsearch@mozilla.com in app-system-defaults
1527664593517	addons.xpi	INFO	Mapping followonsearch@mozilla.com to /opt/firefox/browser/features/followonsearch@mozilla.com.xpi
1527664593517	addons.xpi	DEBUG	New add-on shield-recipe-client@mozilla.org in app-system-defaults
1527664593517	addons.xpi	INFO	Mapping shield-recipe-client@mozilla.org to /opt/firefox/browser/features/shield-recipe-client@mozilla.org.xpi
1527664593518	addons.xpi	INFO	Mapping {972ce4c6-7e08-4474-a285-3208198ce6fd} to /opt/firefox/browser/extensions/{972ce4c6-7e08-4474-a285-3208198ce6fd}.xpi
1527664593518	addons.xpi	DEBUG	New add-on {972ce4c6-7e08-4474-a285-3208198ce6fd} in app-global
1527664593518	addons.xpi	INFO	Mapping {972ce4c6-7e08-4474-a285-3208198ce6fd} to /opt/firefox/browser/extensions/{972ce4c6-7e08-4474-a285-3208198ce6fd}.xpi
1527664593518	addons.xpi	DEBUG	getInstallState changed: true, state: {}
1527664593519	addons.xpi	INFO	SystemAddonInstallLocation directory is missing
1527664593529	addons.xpi-utils	DEBUG	Opening XPI database /tmp/rust_mozprofile.OpWNoCo6pFA1/extensions.json
1527664593531	addons.xpi-utils	DEBUG	New add-on e10srollout@mozilla.org installed in app-system-defaults
*** Blocklist::_loadBlocklistFromFile: blocklist is disabled
1527664593557	DeferredSave.extensions.json	DEBUG	Save changes
1527664593559	addons.xpi-utils	DEBUG	New add-on firefox@getpocket.com installed in app-system-defaults
1527664593561	DeferredSave.extensions.json	DEBUG	Starting timer
1527664593563	DeferredSave.extensions.json	DEBUG	Save changes
1527664593563	addons.xpi-utils	DEBUG	New add-on clicktoplay-rollout@mozilla.org installed in app-system-defaults
1527664593568	DeferredSave.extensions.json	DEBUG	Save changes
1527664593569	addons.xpi-utils	DEBUG	New add-on screenshots@mozilla.org installed in app-system-defaults
1527664593577	DeferredSave.extensions.json	DEBUG	Save changes
1527664593577	addons.xpi-utils	DEBUG	New add-on aushelper@mozilla.org installed in app-system-defaults
1527664593580	DeferredSave.extensions.json	DEBUG	Save changes
1527664593580	addons.xpi-utils	DEBUG	New add-on webcompat@mozilla.org installed in app-system-defaults
1527664593584	DeferredSave.extensions.json	DEBUG	Save changes
1527664593584	addons.xpi-utils	DEBUG	New add-on followonsearch@mozilla.com installed in app-system-defaults
1527664593589	DeferredSave.extensions.json	DEBUG	Save changes
1527664593589	addons.xpi-utils	DEBUG	New add-on shield-recipe-client@mozilla.org installed in app-system-defaults
1527664593593	DeferredSave.extensions.json	DEBUG	Save changes
1527664593594	addons.xpi-utils	DEBUG	New add-on {972ce4c6-7e08-4474-a285-3208198ce6fd} installed in app-global
1527664593597	DeferredSave.extensions.json	DEBUG	Save changes
1527664593597	addons.manager	DEBUG	Registering startup change 'installed' for e10srollout@mozilla.org
1527664593608	addons.xpi	DEBUG	Loading bootstrap scope from /opt/firefox/browser/features/e10srollout@mozilla.org.xpi
1527664593612	addons.xpi	DEBUG	Calling bootstrap method install on e10srollout@mozilla.org version 2.0
1527664593615	addons.xpi-utils	DEBUG	Make addon app-system-defaults:e10srollout@mozilla.org visible
1527664593615	addons.xpi	DEBUG	Updating XPIState for {"id":"e10srollout@mozilla.org","syncGUID":"{ee029a69-f346-4918-b0b2-721689d7cfdd}","location":"app-system-defaults","version":"2.0","type":"extension","internalName":null,"updateURL":null,"updateKey":null,"optionsURL":null,"optionsType":null,"aboutURL":null,"defaultLocale":{"name":"Multi-process staged rollout","description":"Staged rollout of Firefox multi-process feature.","creator":null,"homepageURL":null},"visible":true,"active":false,"userDisabled":false,"appDisabled":false,"installDate":1503580993000,"updateDate":1503580993000,"applyBackgroundUpdates":1,"bootstrap":true,"path":"/opt/firefox/browser/features/e10srollout@mozilla.org.xpi","skinnable":false,"size":13287,"sourceURI":null,"releaseNotesURI":null,"softDisabled":false,"foreignInstall":false,"hasBinaryComponents":false,"strictCompatibility":false,"locales":[],"targetApplications":[{"id":"{ec8030f7-c20a-464f-9b0e-13a3a9e97384}","minVersion":"55.0.3","maxVersion":"55.*"}],"targetPlatforms":[],"multiprocessCompatible":true,"seen":true,"dependencies":[],"hasEmbeddedWebExtension":false,"mpcOptedOut":false,"userPermissions":null,"icons":{},"iconURL":null,"icon64URL":null}
1527664593618	DeferredSave.extensions.json	DEBUG	Save changes
1527664593619	addons.manager	DEBUG	Registering startup change 'installed' for firefox@getpocket.com
1527664593620	addons.xpi	DEBUG	Loading bootstrap scope from /opt/firefox/browser/features/firefox@getpocket.com.xpi
1527664593626	addons.xpi	DEBUG	Calling bootstrap method install on firefox@getpocket.com version 1.0.5
1527664593627	addons.xpi-utils	DEBUG	Make addon app-system-defaults:firefox@getpocket.com visible
1527664593627	addons.xpi	DEBUG	Updating XPIState for {"id":"firefox@getpocket.com","syncGUID":"{f5f67a23-3b2e-4302-acb3-54e974e6c8e4}","location":"app-system-defaults","version":"1.0.5","type":"extension","internalName":null,"updateURL":null,"updateKey":null,"optionsURL":null,"optionsType":null,"aboutURL":null,"defaultLocale":{"name":"Pocket","description":"When you find something you want to view later, put it in Pocket.","creator":null,"homepageURL":null},"visible":true,"active":false,"userDisabled":false,"appDisabled":false,"installDate":1503580993000,"updateDate":1503580993000,"applyBackgroundUpdates":1,"bootstrap":true,"path":"/opt/firefox/browser/features/firefox@getpocket.com.xpi","skinnable":false,"size":855802,"sourceURI":null,"releaseNotesURI":null,"softDisabled":false,"foreignInstall":false,"hasBinaryComponents":false,"strictCompatibility":false,"locales":[],"targetApplications":[{"id":"{ec8030f7-c20a-464f-9b0e-13a3a9e97384}","minVersion":"55.0.3","maxVersion":"55.*"}],"targetPlatforms":[],"multiprocessCompatible":true,"seen":true,"dependencies":[],"hasEmbeddedWebExtension":false,"mpcOptedOut":false,"userPermissions":null,"icons":{},"iconURL":null,"icon64URL":null}
1527664593628	DeferredSave.extensions.json	DEBUG	Save changes
1527664593628	addons.manager	DEBUG	Registering startup change 'installed' for clicktoplay-rollout@mozilla.org
1527664593628	addons.xpi	DEBUG	Loading bootstrap scope from /opt/firefox/browser/features/clicktoplay-rollout@mozilla.org.xpi
1527664593641	addons.xpi	DEBUG	Calling bootstrap method install on clicktoplay-rollout@mozilla.org version 1.2
1527664593641	addons.xpi-utils	DEBUG	Make addon app-system-defaults:clicktoplay-rollout@mozilla.org visible
1527664593642	addons.xpi	DEBUG	Updating XPIState for {"id":"clicktoplay-rollout@mozilla.org","syncGUID":"{a6c1f5c2-9950-48ab-81bf-6ca874f3576c}","location":"app-system-defaults","version":"1.2","type":"extension","internalName":null,"updateURL":null,"updateKey":null,"optionsURL":null,"optionsType":null,"aboutURL":null,"defaultLocale":{"name":"Click-to-Play staged rollout","description":"Staged rollout for Click-to-Play Flash.","creator":null,"homepageURL":null},"visible":true,"active":false,"userDisabled":false,"appDisabled":false,"installDate":1503580993000,"updateDate":1503580993000,"applyBackgroundUpdates":1,"bootstrap":true,"path":"/opt/firefox/browser/features/clicktoplay-rollout@mozilla.org.xpi","skinnable":false,"size":5621,"sourceURI":null,"releaseNotesURI":null,"softDisabled":false,"foreignInstall":false,"hasBinaryComponents":false,"strictCompatibility":false,"locales":[],"targetApplications":[{"id":"{ec8030f7-c20a-464f-9b0e-13a3a9e97384}","minVersion":"55.0.3","maxVersion":"55.*"}],"targetPlatforms":[],"multiprocessCompatible":true,"seen":true,"dependencies":[],"hasEmbeddedWebExtension":false,"mpcOptedOut":false,"userPermissions":null,"icons":{},"iconURL":null,"icon64URL":null}
1527664593642	DeferredSave.extensions.json	DEBUG	Save changes
1527664593642	addons.manager	DEBUG	Registering startup change 'installed' for screenshots@mozilla.org
1527664593643	addons.xpi	DEBUG	Loading bootstrap scope from /opt/firefox/browser/features/screenshots@mozilla.org.xpi
1527664593648	addons.xpi	DEBUG	Calling bootstrap method install on screenshots@mozilla.org version 10.12.0
1527664593648	addons.xpi-utils	DEBUG	Make addon app-system-defaults:screenshots@mozilla.org visible
1527664593649	addons.xpi	DEBUG	Updating XPIState for {"id":"screenshots@mozilla.org","syncGUID":"{b54084f6-c4cb-460b-8d3b-62043c8f6c5d}","location":"app-system-defaults","version":"10.12.0","type":"extension","internalName":null,"updateURL":null,"updateKey":null,"optionsURL":null,"optionsType":null,"aboutURL":null,"defaultLocale":{"name":"Firefox Screenshots","description":null,"creator":null,"homepageURL":"https://pageshot.net/"},"visible":true,"active":false,"userDisabled":false,"appDisabled":false,"installDate":1503580993000,"updateDate":1503580993000,"applyBackgroundUpdates":1,"bootstrap":true,"path":"/opt/firefox/browser/features/screenshots@mozilla.org.xpi","skinnable":false,"size":714554,"sourceURI":null,"releaseNotesURI":null,"softDisabled":false,"foreignInstall":false,"hasBinaryComponents":false,"strictCompatibility":false,"locales":[],"targetApplications":[{"id":"{ec8030f7-c20a-464f-9b0e-13a3a9e97384}","minVersion":"51.0a1","maxVersion":"*"}],"targetPlatforms":[],"multiprocessCompatible":true,"seen":true,"dependencies":[],"hasEmbeddedWebExtension":false,"mpcOptedOut":false,"userPermissions":null,"icons":{},"iconURL":null,"icon64URL":null}
1527664593649	DeferredSave.extensions.json	DEBUG	Save changes
1527664593650	addons.manager	DEBUG	Registering startup change 'installed' for aushelper@mozilla.org
1527664593650	addons.xpi	DEBUG	Loading bootstrap scope from /opt/firefox/browser/features/aushelper@mozilla.org.xpi
1527664593653	addons.xpi	DEBUG	Calling bootstrap method install on aushelper@mozilla.org version 2.0
1527664593653	addons.xpi-utils	DEBUG	Make addon app-system-defaults:aushelper@mozilla.org visible
1527664593653	addons.xpi	DEBUG	Updating XPIState for {"id":"aushelper@mozilla.org","syncGUID":"{d056e1c1-5329-42c2-bdf7-bd90ff0c87c5}","location":"app-system-defaults","version":"2.0","type":"extension","internalName":null,"updateURL":null,"updateKey":null,"optionsURL":null,"optionsType":null,"aboutURL":null,"defaultLocale":{"name":"Application Update Service Helper","description":"Sets value(s) in the update url based on custom checks.","creator":null,"homepageURL":null},"visible":true,"active":false,"userDisabled":false,"appDisabled":false,"installDate":1503580993000,"updateDate":1503580993000,"applyBackgroundUpdates":1,"bootstrap":true,"path":"/opt/firefox/browser/features/aushelper@mozilla.org.xpi","skinnable":false,"size":8488,"sourceURI":null,"releaseNotesURI":null,"softDisabled":false,"foreignInstall":false,"hasBinaryComponents":false,"strictCompatibility":false,"locales":[],"targetApplications":[{"id":"{ec8030f7-c20a-464f-9b0e-13a3a9e97384}","minVersion":"55.0.3","maxVersion":"55.*"}],"targetPlatforms":[],"multiprocessCompatible":true,"seen":true,"dependencies":[],"hasEmbeddedWebExtension":false,"mpcOptedOut":false,"userPermissions":null,"icons":{},"iconURL":null,"icon64URL":null}
1527664593654	DeferredSave.extensions.json	DEBUG	Save changes
1527664593654	addons.manager	DEBUG	Registering startup change 'installed' for webcompat@mozilla.org
1527664593655	addons.xpi	DEBUG	Loading bootstrap scope from /opt/firefox/browser/features/webcompat@mozilla.org.xpi
1527664593657	addons.xpi	DEBUG	Calling bootstrap method install on webcompat@mozilla.org version 1.1
1527664593657	addons.xpi-utils	DEBUG	Make addon app-system-defaults:webcompat@mozilla.org visible
1527664593657	addons.xpi	DEBUG	Updating XPIState for {"id":"webcompat@mozilla.org","syncGUID":"{6944e1b9-89a7-4ab3-b6d1-8a351b1aa03c}","location":"app-system-defaults","version":"1.1","type":"extension","internalName":null,"updateURL":null,"updateKey":null,"optionsURL":null,"optionsType":null,"aboutURL":null,"defaultLocale":{"name":"Web Compat","description":"Urgent post-release fixes for web compatibility.","creator":null,"homepageURL":null},"visible":true,"active":false,"userDisabled":false,"appDisabled":false,"installDate":1503580993000,"updateDate":1503580993000,"applyBackgroundUpdates":1,"bootstrap":true,"path":"/opt/firefox/browser/features/webcompat@mozilla.org.xpi","skinnable":false,"size":8992,"sourceURI":null,"releaseNotesURI":null,"softDisabled":false,"foreignInstall":false,"hasBinaryComponents":false,"strictCompatibility":false,"locales":[],"targetApplications":[{"id":"{ec8030f7-c20a-464f-9b0e-13a3a9e97384}","minVersion":"55.0.3","maxVersion":"55.*"}],"targetPlatforms":[],"multiprocessCompatible":true,"seen":true,"dependencies":[],"hasEmbeddedWebExtension":false,"mpcOptedOut":false,"userPermissions":null,"icons":{},"iconURL":null,"icon64URL":null}
1527664593657	DeferredSave.extensions.json	DEBUG	Save changes
1527664593658	addons.manager	DEBUG	Registering startup change 'installed' for followonsearch@mozilla.com
1527664593658	addons.xpi	DEBUG	Loading bootstrap scope from /opt/firefox/browser/features/followonsearch@mozilla.com.xpi
1527664593661	addons.xpi	DEBUG	Calling bootstrap method install on followonsearch@mozilla.com version 0.9.1
1527664593661	addons.xpi-utils	DEBUG	Make addon app-system-defaults:followonsearch@mozilla.com visible
1527664593661	addons.xpi	DEBUG	Updating XPIState for {"id":"followonsearch@mozilla.com","syncGUID":"{3eee2bae-9694-4131-81b1-5e1af1e87fa6}","location":"app-system-defaults","version":"0.9.1","type":"extension","internalName":null,"updateURL":null,"updateKey":null,"optionsURL":null,"optionsType":null,"aboutURL":null,"defaultLocale":{"name":"Follow-on Search Telemetry","description":null,"creator":null,"homepageURL":null},"visible":true,"active":false,"userDisabled":false,"appDisabled":false,"installDate":1503580993000,"updateDate":1503580993000,"applyBackgroundUpdates":1,"bootstrap":true,"path":"/opt/firefox/browser/features/followonsearch@mozilla.com.xpi","skinnable":false,"size":16730,"sourceURI":null,"releaseNotesURI":null,"softDisabled":false,"foreignInstall":false,"hasBinaryComponents":false,"strictCompatibility":false,"locales":[],"targetApplications":[{"id":"{ec8030f7-c20a-464f-9b0e-13a3a9e97384}","minVersion":"52.0","maxVersion":"59.*"}],"targetPlatforms":[],"multiprocessCompatible":true,"seen":true,"dependencies":[],"hasEmbeddedWebExtension":false,"mpcOptedOut":false,"userPermissions":null,"icons":{},"iconURL":null,"icon64URL":null}
1527664593662	DeferredSave.extensions.json	DEBUG	Save changes
1527664593662	addons.manager	DEBUG	Registering startup change 'installed' for shield-recipe-client@mozilla.org
1527664593663	addons.xpi	DEBUG	Loading bootstrap scope from /opt/firefox/browser/features/shield-recipe-client@mozilla.org.xpi
1527664593666	addons.xpi	DEBUG	Calling bootstrap method install on shield-recipe-client@mozilla.org version 55.1
1527664593666	addons.xpi-utils	DEBUG	Make addon app-system-defaults:shield-recipe-client@mozilla.org visible
1527664593666	addons.xpi	DEBUG	Updating XPIState for {"id":"shield-recipe-client@mozilla.org","syncGUID":"{b3de4b95-41de-484c-a341-945f734beac0}","location":"app-system-defaults","version":"55.1","type":"extension","internalName":null,"updateURL":null,"updateKey":null,"optionsURL":null,"optionsType":null,"aboutURL":null,"defaultLocale":{"name":"Shield Recipe Client","description":"Client to download and run recipes for SHIELD, Heartbeat, etc.","creator":null,"homepageURL":null},"visible":true,"active":false,"userDisabled":false,"appDisabled":false,"installDate":1503580993000,"updateDate":1503580993000,"applyBackgroundUpdates":1,"bootstrap":true,"path":"/opt/firefox/browser/features/shield-recipe-client@mozilla.org.xpi","skinnable":false,"size":140305,"sourceURI":null,"releaseNotesURI":null,"softDisabled":false,"foreignInstall":false,"hasBinaryComponents":false,"strictCompatibility":false,"locales":[],"targetApplications":[{"id":"{ec8030f7-c20a-464f-9b0e-13a3a9e97384}","minVersion":"55.0.3","maxVersion":"55.*"}],"targetPlatforms":[],"multiprocessCompatible":true,"seen":true,"dependencies":[],"hasEmbeddedWebExtension":false,"mpcOptedOut":false,"userPermissions":null,"icons":{},"iconURL":null,"icon64URL":null}
1527664593667	DeferredSave.extensions.json	DEBUG	Save changes
1527664593668	addons.xpi-utils	DEBUG	Make addon app-global:{972ce4c6-7e08-4474-a285-3208198ce6fd} visible
1527664593668	addons.xpi	DEBUG	Updating XPIState for {"id":"{972ce4c6-7e08-4474-a285-3208198ce6fd}","syncGUID":"{69f0cfad-2ad0-4775-80b8-c57ea4322fb1}","location":"app-global","version":"55.0.3","type":"theme","internalName":"classic/1.0","updateURL":null,"updateKey":null,"optionsURL":null,"optionsType":null,"optionsBrowserStyle":null,"aboutURL":null,"defaultLocale":{"name":"Default","description":"The default theme.","creator":"Mozilla","homepageURL":null,"contributors":["Mozilla Contributors"]},"visible":true,"active":false,"userDisabled":false,"appDisabled":false,"installDate":1503580993000,"updateDate":1503580993000,"applyBackgroundUpdates":1,"path":"/opt/firefox/browser/extensions/{972ce4c6-7e08-4474-a285-3208198ce6fd}.xpi","skinnable":true,"size":2918,"sourceURI":null,"releaseNotesURI":null,"softDisabled":false,"foreignInstall":false,"hasBinaryComponents":false,"strictCompatibility":true,"locales":[],"targetApplications":[{"id":"{ec8030f7-c20a-464f-9b0e-13a3a9e97384}","minVersion":"55.0.3","maxVersion":"55.0.3"}],"targetPlatforms":[],"seen":true,"dependencies":[],"hasEmbeddedWebExtension":false,"userPermissions":null,"icons":{},"iconURL":"chrome://browser/content/default-theme-icon.svg","icon64URL":null}
1527664593669	DeferredSave.extensions.json	DEBUG	Save changes
1527664593670	addons.xpi	DEBUG	Updating XPIState for {"id":"e10srollout@mozilla.org","syncGUID":"{ee029a69-f346-4918-b0b2-721689d7cfdd}","location":"app-system-defaults","version":"2.0","type":"extension","internalName":null,"updateURL":null,"updateKey":null,"optionsURL":null,"optionsType":null,"aboutURL":null,"defaultLocale":{"name":"Multi-process staged rollout","description":"Staged rollout of Firefox multi-process feature.","creator":null,"homepageURL":null},"visible":true,"active":true,"userDisabled":false,"appDisabled":false,"installDate":1503580993000,"updateDate":1503580993000,"applyBackgroundUpdates":1,"bootstrap":true,"path":"/opt/firefox/browser/features/e10srollout@mozilla.org.xpi","skinnable":false,"size":13287,"sourceURI":null,"releaseNotesURI":null,"softDisabled":false,"foreignInstall":false,"hasBinaryComponents":false,"strictCompatibility":false,"locales":[],"targetApplications":[{"id":"{ec8030f7-c20a-464f-9b0e-13a3a9e97384}","minVersion":"55.0.3","maxVersion":"55.*"}],"targetPlatforms":[],"multiprocessCompatible":true,"seen":true,"dependencies":[],"hasEmbeddedWebExtension":false,"mpcOptedOut":false,"userPermissions":null,"icons":{},"iconURL":null,"icon64URL":null}
1527664593670	addons.xpi	DEBUG	Updating XPIState for {"id":"firefox@getpocket.com","syncGUID":"{f5f67a23-3b2e-4302-acb3-54e974e6c8e4}","location":"app-system-defaults","version":"1.0.5","type":"extension","internalName":null,"updateURL":null,"updateKey":null,"optionsURL":null,"optionsType":null,"aboutURL":null,"defaultLocale":{"name":"Pocket","description":"When you find something you want to view later, put it in Pocket.","creator":null,"homepageURL":null},"visible":true,"active":true,"userDisabled":false,"appDisabled":false,"installDate":1503580993000,"updateDate":1503580993000,"applyBackgroundUpdates":1,"bootstrap":true,"path":"/opt/firefox/browser/features/firefox@getpocket.com.xpi","skinnable":false,"size":855802,"sourceURI":null,"releaseNotesURI":null,"softDisabled":false,"foreignInstall":false,"hasBinaryComponents":false,"strictCompatibility":false,"locales":[],"targetApplications":[{"id":"{ec8030f7-c20a-464f-9b0e-13a3a9e97384}","minVersion":"55.0.3","maxVersion":"55.*"}],"targetPlatforms":[],"multiprocessCompatible":true,"seen":true,"dependencies":[],"hasEmbeddedWebExtension":false,"mpcOptedOut":false,"userPermissions":null,"icons":{},"iconURL":null,"icon64URL":null}
1527664593670	addons.xpi	DEBUG	Updating XPIState for {"id":"clicktoplay-rollout@mozilla.org","syncGUID":"{a6c1f5c2-9950-48ab-81bf-6ca874f3576c}","location":"app-system-defaults","version":"1.2","type":"extension","internalName":null,"updateURL":null,"updateKey":null,"optionsURL":null,"optionsType":null,"aboutURL":null,"defaultLocale":{"name":"Click-to-Play staged rollout","description":"Staged rollout for Click-to-Play Flash.","creator":null,"homepageURL":null},"visible":true,"active":true,"userDisabled":false,"appDisabled":false,"installDate":1503580993000,"updateDate":1503580993000,"applyBackgroundUpdates":1,"bootstrap":true,"path":"/opt/firefox/browser/features/clicktoplay-rollout@mozilla.org.xpi","skinnable":false,"size":5621,"sourceURI":null,"releaseNotesURI":null,"softDisabled":false,"foreignInstall":false,"hasBinaryComponents":false,"strictCompatibility":false,"locales":[],"targetApplications":[{"id":"{ec8030f7-c20a-464f-9b0e-13a3a9e97384}","minVersion":"55.0.3","maxVersion":"55.*"}],"targetPlatforms":[],"multiprocessCompatible":true,"seen":true,"dependencies":[],"hasEmbeddedWebExtension":false,"mpcOptedOut":false,"userPermissions":null,"icons":{},"iconURL":null,"icon64URL":null}
1527664593671	addons.xpi	DEBUG	Updating XPIState for {"id":"screenshots@mozilla.org","syncGUID":"{b54084f6-c4cb-460b-8d3b-62043c8f6c5d}","location":"app-system-defaults","version":"10.12.0","type":"extension","internalName":null,"updateURL":null,"updateKey":null,"optionsURL":null,"optionsType":null,"aboutURL":null,"defaultLocale":{"name":"Firefox Screenshots","description":null,"creator":null,"homepageURL":"https://pageshot.net/"},"visible":true,"active":true,"userDisabled":false,"appDisabled":false,"installDate":1503580993000,"updateDate":1503580993000,"applyBackgroundUpdates":1,"bootstrap":true,"path":"/opt/firefox/browser/features/screenshots@mozilla.org.xpi","skinnable":false,"size":714554,"sourceURI":null,"releaseNotesURI":null,"softDisabled":false,"foreignInstall":false,"hasBinaryComponents":false,"strictCompatibility":false,"locales":[],"targetApplications":[{"id":"{ec8030f7-c20a-464f-9b0e-13a3a9e97384}","minVersion":"51.0a1","maxVersion":"*"}],"targetPlatforms":[],"multiprocessCompatible":true,"seen":true,"dependencies":[],"hasEmbeddedWebExtension":false,"mpcOptedOut":false,"userPermissions":null,"icons":{},"iconURL":null,"icon64URL":null}
1527664593671	addons.xpi	DEBUG	Updating XPIState for {"id":"aushelper@mozilla.org","syncGUID":"{d056e1c1-5329-42c2-bdf7-bd90ff0c87c5}","location":"app-system-defaults","version":"2.0","type":"extension","internalName":null,"updateURL":null,"updateKey":null,"optionsURL":null,"optionsType":null,"aboutURL":null,"defaultLocale":{"name":"Application Update Service Helper","description":"Sets value(s) in the update url based on custom checks.","creator":null,"homepageURL":null},"visible":true,"active":true,"userDisabled":false,"appDisabled":false,"installDate":1503580993000,"updateDate":1503580993000,"applyBackgroundUpdates":1,"bootstrap":true,"path":"/opt/firefox/browser/features/aushelper@mozilla.org.xpi","skinnable":false,"size":8488,"sourceURI":null,"releaseNotesURI":null,"softDisabled":false,"foreignInstall":false,"hasBinaryComponents":false,"strictCompatibility":false,"locales":[],"targetApplications":[{"id":"{ec8030f7-c20a-464f-9b0e-13a3a9e97384}","minVersion":"55.0.3","maxVersion":"55.*"}],"targetPlatforms":[],"multiprocessCompatible":true,"seen":true,"dependencies":[],"hasEmbeddedWebExtension":false,"mpcOptedOut":false,"userPermissions":null,"icons":{},"iconURL":null,"icon64URL":null}
1527664593672	addons.xpi	DEBUG	Updating XPIState for {"id":"webcompat@mozilla.org","syncGUID":"{6944e1b9-89a7-4ab3-b6d1-8a351b1aa03c}","location":"app-system-defaults","version":"1.1","type":"extension","internalName":null,"updateURL":null,"updateKey":null,"optionsURL":null,"optionsType":null,"aboutURL":null,"defaultLocale":{"name":"Web Compat","description":"Urgent post-release fixes for web compatibility.","creator":null,"homepageURL":null},"visible":true,"active":true,"userDisabled":false,"appDisabled":false,"installDate":1503580993000,"updateDate":1503580993000,"applyBackgroundUpdates":1,"bootstrap":true,"path":"/opt/firefox/browser/features/webcompat@mozilla.org.xpi","skinnable":false,"size":8992,"sourceURI":null,"releaseNotesURI":null,"softDisabled":false,"foreignInstall":false,"hasBinaryComponents":false,"strictCompatibility":false,"locales":[],"targetApplications":[{"id":"{ec8030f7-c20a-464f-9b0e-13a3a9e97384}","minVersion":"55.0.3","maxVersion":"55.*"}],"targetPlatforms":[],"multiprocessCompatible":true,"seen":true,"dependencies":[],"hasEmbeddedWebExtension":false,"mpcOptedOut":false,"userPermissions":null,"icons":{},"iconURL":null,"icon64URL":null}
1527664593673	addons.xpi	DEBUG	Updating XPIState for {"id":"followonsearch@mozilla.com","syncGUID":"{3eee2bae-9694-4131-81b1-5e1af1e87fa6}","location":"app-system-defaults","version":"0.9.1","type":"extension","internalName":null,"updateURL":null,"updateKey":null,"optionsURL":null,"optionsType":null,"aboutURL":null,"defaultLocale":{"name":"Follow-on Search Telemetry","description":null,"creator":null,"homepageURL":null},"visible":true,"active":true,"userDisabled":false,"appDisabled":false,"installDate":1503580993000,"updateDate":1503580993000,"applyBackgroundUpdates":1,"bootstrap":true,"path":"/opt/firefox/browser/features/followonsearch@mozilla.com.xpi","skinnable":false,"size":16730,"sourceURI":null,"releaseNotesURI":null,"softDisabled":false,"foreignInstall":false,"hasBinaryComponents":false,"strictCompatibility":false,"locales":[],"targetApplications":[{"id":"{ec8030f7-c20a-464f-9b0e-13a3a9e97384}","minVersion":"52.0","maxVersion":"59.*"}],"targetPlatforms":[],"multiprocessCompatible":true,"seen":true,"dependencies":[],"hasEmbeddedWebExtension":false,"mpcOptedOut":false,"userPermissions":null,"icons":{},"iconURL":null,"icon64URL":null}
1527664593673	addons.xpi	DEBUG	Updating XPIState for {"id":"shield-recipe-client@mozilla.org","syncGUID":"{b3de4b95-41de-484c-a341-945f734beac0}","location":"app-system-defaults","version":"55.1","type":"extension","internalName":null,"updateURL":null,"updateKey":null,"optionsURL":null,"optionsType":null,"aboutURL":null,"defaultLocale":{"name":"Shield Recipe Client","description":"Client to download and run recipes for SHIELD, Heartbeat, etc.","creator":null,"homepageURL":null},"visible":true,"active":true,"userDisabled":false,"appDisabled":false,"installDate":1503580993000,"updateDate":1503580993000,"applyBackgroundUpdates":1,"bootstrap":true,"path":"/opt/firefox/browser/features/shield-recipe-client@mozilla.org.xpi","skinnable":false,"size":140305,"sourceURI":null,"releaseNotesURI":null,"softDisabled":false,"foreignInstall":false,"hasBinaryComponents":false,"strictCompatibility":false,"locales":[],"targetApplications":[{"id":"{ec8030f7-c20a-464f-9b0e-13a3a9e97384}","minVersion":"55.0.3","maxVersion":"55.*"}],"targetPlatforms":[],"multiprocessCompatible":true,"seen":true,"dependencies":[],"hasEmbeddedWebExtension":false,"mpcOptedOut":false,"userPermissions":null,"icons":{},"iconURL":null,"icon64URL":null}
1527664593673	addons.xpi	DEBUG	Updating XPIState for {"id":"{972ce4c6-7e08-4474-a285-3208198ce6fd}","syncGUID":"{69f0cfad-2ad0-4775-80b8-c57ea4322fb1}","location":"app-global","version":"55.0.3","type":"theme","internalName":"classic/1.0","updateURL":null,"updateKey":null,"optionsURL":null,"optionsType":null,"optionsBrowserStyle":null,"aboutURL":null,"defaultLocale":{"name":"Default","description":"The default theme.","creator":"Mozilla","homepageURL":null,"contributors":["Mozilla Contributors"]},"visible":true,"active":true,"userDisabled":false,"appDisabled":false,"installDate":1503580993000,"updateDate":1503580993000,"applyBackgroundUpdates":1,"path":"/opt/firefox/browser/extensions/{972ce4c6-7e08-4474-a285-3208198ce6fd}.xpi","skinnable":true,"size":2918,"sourceURI":null,"releaseNotesURI":null,"softDisabled":false,"foreignInstall":false,"hasBinaryComponents":false,"strictCompatibility":true,"locales":[],"targetApplications":[{"id":"{ec8030f7-c20a-464f-9b0e-13a3a9e97384}","minVersion":"55.0.3","maxVersion":"55.0.3"}],"targetPlatforms":[],"seen":true,"dependencies":[],"hasEmbeddedWebExtension":false,"userPermissions":null,"icons":{},"iconURL":"chrome://browser/content/default-theme-icon.svg","icon64URL":null}
1527664593674	DeferredSave.extensions.json	DEBUG	Save changes
1527664593674	addons.xpi	DEBUG	Updating database with changes to installed add-ons
1527664593674	addons.xpi-utils	DEBUG	Updating add-on states
1527664593681	addons.xpi	DEBUG	Registering manifest for /opt/firefox/browser/features/aushelper@mozilla.org.xpi
1527664593682	addons.xpi	DEBUG	Calling bootstrap method startup on aushelper@mozilla.org version 2.0
1527664593684	addons.xpi	DEBUG	Registering manifest for /opt/firefox/browser/features/clicktoplay-rollout@mozilla.org.xpi
1527664593684	addons.xpi	DEBUG	Calling bootstrap method startup on clicktoplay-rollout@mozilla.org version 1.2
1527664593771	addons.xpi	DEBUG	Registering manifest for /opt/firefox/browser/features/e10srollout@mozilla.org.xpi
1527664593771	addons.xpi	DEBUG	Calling bootstrap method startup on e10srollout@mozilla.org version 2.0
1527664593772	addons.xpi	DEBUG	Registering manifest for /opt/firefox/browser/features/firefox@getpocket.com.xpi
1527664593772	addons.xpi	DEBUG	Calling bootstrap method startup on firefox@getpocket.com version 1.0.5
1527664593813	addons.xpi	DEBUG	Registering manifest for /opt/firefox/browser/features/followonsearch@mozilla.com.xpi
1527664593813	addons.xpi	DEBUG	Calling bootstrap method startup on followonsearch@mozilla.com version 0.9.1
1527664593814	addons.xpi	DEBUG	Registering manifest for /opt/firefox/browser/features/screenshots@mozilla.org.xpi
1527664593814	addons.xpi	DEBUG	Calling bootstrap method startup on screenshots@mozilla.org version 10.12.0
1527664593815	addons.xpi	DEBUG	Registering manifest for /opt/firefox/browser/features/shield-recipe-client@mozilla.org.xpi
1527664593815	addons.xpi	DEBUG	Calling bootstrap method startup on shield-recipe-client@mozilla.org version 55.1
1527664593823	addons.xpi	DEBUG	Registering manifest for /opt/firefox/browser/features/webcompat@mozilla.org.xpi
1527664593823	addons.xpi	DEBUG	Calling bootstrap method startup on webcompat@mozilla.org version 1.1
1527664593829	addons.manager	DEBUG	Registering shutdown blocker for XPIProvider
1527664593829	addons.manager	DEBUG	Provider finished startup: XPIProvider
1527664593829	addons.manager	DEBUG	Starting provider: LightweightThemeManager
1527664593829	addons.manager	DEBUG	Registering shutdown blocker for LightweightThemeManager
1527664593830	addons.manager	DEBUG	Provider finished startup: LightweightThemeManager
1527664593830	addons.manager	DEBUG	Starting provider: GMPProvider
1527664593839	addons.manager	DEBUG	Registering shutdown blocker for GMPProvider
1527664593839	addons.manager	DEBUG	Provider finished startup: GMPProvider
1527664593839	addons.manager	DEBUG	Starting provider: PluginProvider
1527664593840	addons.manager	DEBUG	Registering shutdown blocker for PluginProvider
1527664593840	addons.manager	DEBUG	Provider finished startup: PluginProvider
1527664593841	addons.manager	DEBUG	Completed startup sequence
1527664594306	Marionette	INFO	Enabled via --marionette
1527664594773	addons.manager	DEBUG	Starting provider: PreviousExperimentProvider
1527664594773	addons.manager	DEBUG	Registering shutdown blocker for PreviousExperimentProvider
1527664594773	addons.manager	DEBUG	Provider finished startup: PreviousExperimentProvider
1527664594776	DeferredSave.extensions.json	DEBUG	Starting write
1527664594885	DeferredSave.extensions.json	DEBUG	Write succeeded
1527664594885	addons.xpi-utils	DEBUG	XPI Database saved, setting schema version preference to 21
1527664596237	addons.manager	DEBUG	Starting provider: <unnamed-provider>
1527664596237	addons.manager	DEBUG	Registering shutdown blocker for <unnamed-provider>
1527664596238	addons.manager	DEBUG	Provider finished startup: <unnamed-provider>
1527664596242	addons.xpi	INFO	Mapping e10srollout@mozilla.org to /opt/firefox/browser/features/e10srollout@mozilla.org.xpi
1527664596243	addons.xpi	INFO	Mapping firefox@getpocket.com to /opt/firefox/browser/features/firefox@getpocket.com.xpi
1527664596243	addons.xpi	INFO	Mapping clicktoplay-rollout@mozilla.org to /opt/firefox/browser/features/clicktoplay-rollout@mozilla.org.xpi
1527664596243	addons.xpi	INFO	Mapping screenshots@mozilla.org to /opt/firefox/browser/features/screenshots@mozilla.org.xpi
1527664596243	addons.xpi	INFO	Mapping aushelper@mozilla.org to /opt/firefox/browser/features/aushelper@mozilla.org.xpi
1527664596243	addons.xpi	INFO	Mapping webcompat@mozilla.org to /opt/firefox/browser/features/webcompat@mozilla.org.xpi
1527664596243	addons.xpi	INFO	Mapping followonsearch@mozilla.com to /opt/firefox/browser/features/followonsearch@mozilla.com.xpi
1527664596243	addons.xpi	INFO	Mapping shield-recipe-client@mozilla.org to /opt/firefox/browser/features/shield-recipe-client@mozilla.org.xpi
1527664596244	addons.xpi	DEBUG	Existing add-on e10srollout@mozilla.org in app-system-defaults
1527664596244	addons.xpi	DEBUG	Existing add-on firefox@getpocket.com in app-system-defaults
1527664596245	addons.xpi	DEBUG	Existing add-on clicktoplay-rollout@mozilla.org in app-system-defaults
1527664596245	addons.xpi	DEBUG	Existing add-on screenshots@mozilla.org in app-system-defaults
1527664596245	addons.xpi	DEBUG	Existing add-on aushelper@mozilla.org in app-system-defaults
1527664596245	addons.xpi	DEBUG	Existing add-on webcompat@mozilla.org in app-system-defaults
1527664596246	addons.xpi	DEBUG	Existing add-on followonsearch@mozilla.com in app-system-defaults
1527664596246	addons.xpi	DEBUG	Existing add-on shield-recipe-client@mozilla.org in app-system-defaults
1527664596246	addons.xpi	INFO	Mapping {972ce4c6-7e08-4474-a285-3208198ce6fd} to /opt/firefox/browser/extensions/{972ce4c6-7e08-4474-a285-3208198ce6fd}.xpi
1527664596246	addons.xpi	DEBUG	Existing add-on {972ce4c6-7e08-4474-a285-3208198ce6fd} in app-global
1527664596246	addons.xpi	DEBUG	getInstallState changed: false, state: {}
1527664596802	addons.productaddons	INFO	sending request to: https://aus5.mozilla.org/update/3/GMP/55.0.3/20170824123605/Linux_x86_64-gcc3/en-US/release/Linux%204.13.0-43-generic%20(GTK%203.18.9%2Clibpulse%208.0.0)/default/default/update.xml
1527664596939	Marionette	INFO	Listening on port 38063
JavaScript error: chrome://marionette/content/server.js, line 337: NS_ERROR_SOCKET_ADDRESS_IN_USE: Component returned failure code: 0x804b0036 (NS_ERROR_SOCKET_ADDRESS_IN_USE) [nsIServerSocket.initSpecialConnection]
1527664596951	Marionette	WARN	TLS certificate errors will be ignored for this session
1527664596995	Marionette	DEBUG	loaded listener.js
May 30, 2018 12:46:37 PM org.openqa.selenium.remote.ProtocolHandshake createSession
INFO: Detected dialect: W3C
1527664597126	geckodriver	INFO	geckodriver 0.20.0
1527664597142	geckodriver	INFO	Listening on 127.0.0.1:26117
1527664597173	mozrunner::runner	INFO	Running command: "/opt/firefox/firefox" "-marionette" "-profile" "/tmp/rust_mozprofile.EVpiIr4JXlaN"
1527664597409	addons.manager	DEBUG	Application has been upgraded
1527664597430	addons.manager	DEBUG	Loaded provider scope for resource://gre/modules/addons/XPIProvider.jsm: ["XPIProvider", "XPIInternal"]
1527664597434	addons.manager	DEBUG	Loaded provider scope for resource://gre/modules/LightweightThemeManager.jsm: ["LightweightThemeManager"]
1527664597467	addons.manager	DEBUG	Loaded provider scope for resource://gre/modules/addons/GMPProvider.jsm
1527664597470	addons.manager	DEBUG	Loaded provider scope for resource://gre/modules/addons/PluginProvider.jsm
1527664597471	addons.manager	DEBUG	Starting provider: XPIProvider
1527664597472	addons.xpi	DEBUG	startup
1527664597472	addons.xpi	INFO	SystemAddonInstallLocation directory is missing
1527664597472	addons.xpi	INFO	Removing all system add-on upgrades.
1527664597474	addons.xpi	DEBUG	checkForChanges
1527664597474	addons.xpi	WARN	Error parsing extensions state: [Exception... "Component returned failure code: 0x80520012 (NS_ERROR_FILE_NOT_FOUND) [amIAddonManagerStartup.readStartupData]"  nsresult: "0x80520012 (NS_ERROR_FILE_NOT_FOUND)"  location: "JS frame :: resource://gre/modules/addons/XPIProvider.jsm :: loadExtensionState :: line 1596"  data: no] Stack trace: loadExtensionState()@resource://gre/modules/addons/XPIProvider.jsm:1596 < getInstallState()@resource://gre/modules/addons/XPIProvider.jsm:1631 < checkForChanges()@resource://gre/modules/addons/XPIProvider.jsm:3152 < startup()@resource://gre/modules/addons/XPIProvider.jsm:2246 < callProvider()@resource://gre/modules/AddonManager.jsm:271 < _startProvider()@resource://gre/modules/AddonManager.jsm:741 < startup()@resource://gre/modules/AddonManager.jsm:908 < startup()@resource://gre/modules/AddonManager.jsm:3122 < observe()@jar:file:///opt/firefox/omni.ja!/components/addonManager.js:65
1527664597477	addons.xpi	DEBUG	Loaded add-on state: ${}
1527664597480	addons.xpi	INFO	Mapping e10srollout@mozilla.org to /opt/firefox/browser/features/e10srollout@mozilla.org.xpi
1527664597481	addons.xpi	INFO	Mapping firefox@getpocket.com to /opt/firefox/browser/features/firefox@getpocket.com.xpi
1527664597481	addons.xpi	INFO	Mapping clicktoplay-rollout@mozilla.org to /opt/firefox/browser/features/clicktoplay-rollout@mozilla.org.xpi
1527664597481	addons.xpi	INFO	Mapping screenshots@mozilla.org to /opt/firefox/browser/features/screenshots@mozilla.org.xpi
1527664597481	addons.xpi	INFO	Mapping aushelper@mozilla.org to /opt/firefox/browser/features/aushelper@mozilla.org.xpi
1527664597481	addons.xpi	INFO	Mapping webcompat@mozilla.org to /opt/firefox/browser/features/webcompat@mozilla.org.xpi
1527664597482	addons.xpi	INFO	Mapping followonsearch@mozilla.com to /opt/firefox/browser/features/followonsearch@mozilla.com.xpi
1527664597482	addons.xpi	INFO	Mapping shield-recipe-client@mozilla.org to /opt/firefox/browser/features/shield-recipe-client@mozilla.org.xpi
1527664597482	addons.xpi	DEBUG	New add-on e10srollout@mozilla.org in app-system-defaults
1527664597483	addons.xpi	INFO	Mapping e10srollout@mozilla.org to /opt/firefox/browser/features/e10srollout@mozilla.org.xpi
1527664597484	addons.xpi	DEBUG	New add-on firefox@getpocket.com in app-system-defaults
1527664597484	addons.xpi	INFO	Mapping firefox@getpocket.com to /opt/firefox/browser/features/firefox@getpocket.com.xpi
1527664597484	addons.xpi	DEBUG	New add-on clicktoplay-rollout@mozilla.org in app-system-defaults
1527664597485	addons.xpi	INFO	Mapping clicktoplay-rollout@mozilla.org to /opt/firefox/browser/features/clicktoplay-rollout@mozilla.org.xpi
1527664597485	addons.xpi	DEBUG	New add-on screenshots@mozilla.org in app-system-defaults
1527664597485	addons.xpi	INFO	Mapping screenshots@mozilla.org to /opt/firefox/browser/features/screenshots@mozilla.org.xpi
1527664597486	addons.xpi	DEBUG	New add-on aushelper@mozilla.org in app-system-defaults
1527664597486	addons.xpi	INFO	Mapping aushelper@mozilla.org to /opt/firefox/browser/features/aushelper@mozilla.org.xpi
1527664597486	addons.xpi	DEBUG	New add-on webcompat@mozilla.org in app-system-defaults
1527664597486	addons.xpi	INFO	Mapping webcompat@mozilla.org to /opt/firefox/browser/features/webcompat@mozilla.org.xpi
1527664597487	addons.xpi	DEBUG	New add-on followonsearch@mozilla.com in app-system-defaults
1527664597487	addons.xpi	INFO	Mapping followonsearch@mozilla.com to /opt/firefox/browser/features/followonsearch@mozilla.com.xpi
1527664597487	addons.xpi	DEBUG	New add-on shield-recipe-client@mozilla.org in app-system-defaults
1527664597487	addons.xpi	INFO	Mapping shield-recipe-client@mozilla.org to /opt/firefox/browser/features/shield-recipe-client@mozilla.org.xpi
1527664597488	addons.xpi	INFO	Mapping {972ce4c6-7e08-4474-a285-3208198ce6fd} to /opt/firefox/browser/extensions/{972ce4c6-7e08-4474-a285-3208198ce6fd}.xpi
1527664597488	addons.xpi	DEBUG	New add-on {972ce4c6-7e08-4474-a285-3208198ce6fd} in app-global
1527664597488	addons.xpi	INFO	Mapping {972ce4c6-7e08-4474-a285-3208198ce6fd} to /opt/firefox/browser/extensions/{972ce4c6-7e08-4474-a285-3208198ce6fd}.xpi
1527664597488	addons.xpi	DEBUG	getInstallState changed: true, state: {}
1527664597489	addons.xpi	INFO	SystemAddonInstallLocation directory is missing
1527664597498	addons.xpi-utils	DEBUG	Opening XPI database /tmp/rust_mozprofile.EVpiIr4JXlaN/extensions.json
1527664597500	addons.xpi-utils	DEBUG	New add-on e10srollout@mozilla.org installed in app-system-defaults
*** Blocklist::_loadBlocklistFromFile: blocklist is disabled
1527664597529	DeferredSave.extensions.json	DEBUG	Save changes
1527664597531	addons.xpi-utils	DEBUG	New add-on firefox@getpocket.com installed in app-system-defaults
1527664597534	DeferredSave.extensions.json	DEBUG	Starting timer
1527664597536	DeferredSave.extensions.json	DEBUG	Save changes
1527664597536	addons.xpi-utils	DEBUG	New add-on clicktoplay-rollout@mozilla.org installed in app-system-defaults
1527664597540	DeferredSave.extensions.json	DEBUG	Save changes
1527664597540	addons.xpi-utils	DEBUG	New add-on screenshots@mozilla.org installed in app-system-defaults
1527664597546	DeferredSave.extensions.json	DEBUG	Save changes
1527664597547	addons.xpi-utils	DEBUG	New add-on aushelper@mozilla.org installed in app-system-defaults
1527664597550	DeferredSave.extensions.json	DEBUG	Save changes
1527664597551	addons.xpi-utils	DEBUG	New add-on webcompat@mozilla.org installed in app-system-defaults
1527664597556	DeferredSave.extensions.json	DEBUG	Save changes
1527664597556	addons.xpi-utils	DEBUG	New add-on followonsearch@mozilla.com installed in app-system-defaults
1527664597558	DeferredSave.extensions.json	DEBUG	Save changes
1527664597559	addons.xpi-utils	DEBUG	New add-on shield-recipe-client@mozilla.org installed in app-system-defaults
1527664597561	DeferredSave.extensions.json	DEBUG	Save changes
1527664597561	addons.xpi-utils	DEBUG	New add-on {972ce4c6-7e08-4474-a285-3208198ce6fd} installed in app-global
1527664597564	DeferredSave.extensions.json	DEBUG	Save changes
1527664597565	addons.manager	DEBUG	Registering startup change 'installed' for e10srollout@mozilla.org
1527664597573	addons.xpi	DEBUG	Loading bootstrap scope from /opt/firefox/browser/features/e10srollout@mozilla.org.xpi
1527664597575	addons.xpi	DEBUG	Calling bootstrap method install on e10srollout@mozilla.org version 2.0
1527664597577	addons.xpi-utils	DEBUG	Make addon app-system-defaults:e10srollout@mozilla.org visible
1527664597577	addons.xpi	DEBUG	Updating XPIState for {"id":"e10srollout@mozilla.org","syncGUID":"{363acc9a-afbc-42cf-8bcf-62237ecdc467}","location":"app-system-defaults","version":"2.0","type":"extension","internalName":null,"updateURL":null,"updateKey":null,"optionsURL":null,"optionsType":null,"aboutURL":null,"defaultLocale":{"name":"Multi-process staged rollout","description":"Staged rollout of Firefox multi-process feature.","creator":null,"homepageURL":null},"visible":true,"active":false,"userDisabled":false,"appDisabled":false,"installDate":1503580993000,"updateDate":1503580993000,"applyBackgroundUpdates":1,"bootstrap":true,"path":"/opt/firefox/browser/features/e10srollout@mozilla.org.xpi","skinnable":false,"size":13287,"sourceURI":null,"releaseNotesURI":null,"softDisabled":false,"foreignInstall":false,"hasBinaryComponents":false,"strictCompatibility":false,"locales":[],"targetApplications":[{"id":"{ec8030f7-c20a-464f-9b0e-13a3a9e97384}","minVersion":"55.0.3","maxVersion":"55.*"}],"targetPlatforms":[],"multiprocessCompatible":true,"seen":true,"dependencies":[],"hasEmbeddedWebExtension":false,"mpcOptedOut":false,"userPermissions":null,"icons":{},"iconURL":null,"icon64URL":null}
1527664597581	DeferredSave.extensions.json	DEBUG	Save changes
1527664597581	addons.manager	DEBUG	Registering startup change 'installed' for firefox@getpocket.com
1527664597583	addons.xpi	DEBUG	Loading bootstrap scope from /opt/firefox/browser/features/firefox@getpocket.com.xpi
1527664597590	addons.xpi	DEBUG	Calling bootstrap method install on firefox@getpocket.com version 1.0.5
1527664597590	addons.xpi-utils	DEBUG	Make addon app-system-defaults:firefox@getpocket.com visible
1527664597590	addons.xpi	DEBUG	Updating XPIState for {"id":"firefox@getpocket.com","syncGUID":"{c9e2f130-578e-413f-9214-87a80101f558}","location":"app-system-defaults","version":"1.0.5","type":"extension","internalName":null,"updateURL":null,"updateKey":null,"optionsURL":null,"optionsType":null,"aboutURL":null,"defaultLocale":{"name":"Pocket","description":"When you find something you want to view later, put it in Pocket.","creator":null,"homepageURL":null},"visible":true,"active":false,"userDisabled":false,"appDisabled":false,"installDate":1503580993000,"updateDate":1503580993000,"applyBackgroundUpdates":1,"bootstrap":true,"path":"/opt/firefox/browser/features/firefox@getpocket.com.xpi","skinnable":false,"size":855802,"sourceURI":null,"releaseNotesURI":null,"softDisabled":false,"foreignInstall":false,"hasBinaryComponents":false,"strictCompatibility":false,"locales":[],"targetApplications":[{"id":"{ec8030f7-c20a-464f-9b0e-13a3a9e97384}","minVersion":"55.0.3","maxVersion":"55.*"}],"targetPlatforms":[],"multiprocessCompatible":true,"seen":true,"dependencies":[],"hasEmbeddedWebExtension":false,"mpcOptedOut":false,"userPermissions":null,"icons":{},"iconURL":null,"icon64URL":null}
1527664597591	DeferredSave.extensions.json	DEBUG	Save changes
1527664597591	addons.manager	DEBUG	Registering startup change 'installed' for clicktoplay-rollout@mozilla.org
1527664597592	addons.xpi	DEBUG	Loading bootstrap scope from /opt/firefox/browser/features/clicktoplay-rollout@mozilla.org.xpi
1527664597604	addons.xpi	DEBUG	Calling bootstrap method install on clicktoplay-rollout@mozilla.org version 1.2
1527664597605	addons.xpi-utils	DEBUG	Make addon app-system-defaults:clicktoplay-rollout@mozilla.org visible
1527664597605	addons.xpi	DEBUG	Updating XPIState for {"id":"clicktoplay-rollout@mozilla.org","syncGUID":"{697e09be-c34c-49a7-bdb7-549844c4abc5}","location":"app-system-defaults","version":"1.2","type":"extension","internalName":null,"updateURL":null,"updateKey":null,"optionsURL":null,"optionsType":null,"aboutURL":null,"defaultLocale":{"name":"Click-to-Play staged rollout","description":"Staged rollout for Click-to-Play Flash.","creator":null,"homepageURL":null},"visible":true,"active":false,"userDisabled":false,"appDisabled":false,"installDate":1503580993000,"updateDate":1503580993000,"applyBackgroundUpdates":1,"bootstrap":true,"path":"/opt/firefox/browser/features/clicktoplay-rollout@mozilla.org.xpi","skinnable":false,"size":5621,"sourceURI":null,"releaseNotesURI":null,"softDisabled":false,"foreignInstall":false,"hasBinaryComponents":false,"strictCompatibility":false,"locales":[],"targetApplications":[{"id":"{ec8030f7-c20a-464f-9b0e-13a3a9e97384}","minVersion":"55.0.3","maxVersion":"55.*"}],"targetPlatforms":[],"multiprocessCompatible":true,"seen":true,"dependencies":[],"hasEmbeddedWebExtension":false,"mpcOptedOut":false,"userPermissions":null,"icons":{},"iconURL":null,"icon64URL":null}
1527664597605	DeferredSave.extensions.json	DEBUG	Save changes
1527664597605	addons.manager	DEBUG	Registering startup change 'installed' for screenshots@mozilla.org
1527664597606	addons.xpi	DEBUG	Loading bootstrap scope from /opt/firefox/browser/features/screenshots@mozilla.org.xpi
1527664597608	addons.xpi	DEBUG	Calling bootstrap method install on screenshots@mozilla.org version 10.12.0
1527664597608	addons.xpi-utils	DEBUG	Make addon app-system-defaults:screenshots@mozilla.org visible
1527664597608	addons.xpi	DEBUG	Updating XPIState for {"id":"screenshots@mozilla.org","syncGUID":"{fd9d0dd1-7ce3-4566-a66c-4f17f657c535}","location":"app-system-defaults","version":"10.12.0","type":"extension","internalName":null,"updateURL":null,"updateKey":null,"optionsURL":null,"optionsType":null,"aboutURL":null,"defaultLocale":{"name":"Firefox Screenshots","description":null,"creator":null,"homepageURL":"https://pageshot.net/"},"visible":true,"active":false,"userDisabled":false,"appDisabled":false,"installDate":1503580993000,"updateDate":1503580993000,"applyBackgroundUpdates":1,"bootstrap":true,"path":"/opt/firefox/browser/features/screenshots@mozilla.org.xpi","skinnable":false,"size":714554,"sourceURI":null,"releaseNotesURI":null,"softDisabled":false,"foreignInstall":false,"hasBinaryComponents":false,"strictCompatibility":false,"locales":[],"targetApplications":[{"id":"{ec8030f7-c20a-464f-9b0e-13a3a9e97384}","minVersion":"51.0a1","maxVersion":"*"}],"targetPlatforms":[],"multiprocessCompatible":true,"seen":true,"dependencies":[],"hasEmbeddedWebExtension":false,"mpcOptedOut":false,"userPermissions":null,"icons":{},"iconURL":null,"icon64URL":null}
1527664597609	DeferredSave.extensions.json	DEBUG	Save changes
1527664597609	addons.manager	DEBUG	Registering startup change 'installed' for aushelper@mozilla.org
1527664597610	addons.xpi	DEBUG	Loading bootstrap scope from /opt/firefox/browser/features/aushelper@mozilla.org.xpi
1527664597612	addons.xpi	DEBUG	Calling bootstrap method install on aushelper@mozilla.org version 2.0
1527664597612	addons.xpi-utils	DEBUG	Make addon app-system-defaults:aushelper@mozilla.org visible
1527664597612	addons.xpi	DEBUG	Updating XPIState for {"id":"aushelper@mozilla.org","syncGUID":"{a462eb73-b7b7-478d-91a3-7007c01fa31a}","location":"app-system-defaults","version":"2.0","type":"extension","internalName":null,"updateURL":null,"updateKey":null,"optionsURL":null,"optionsType":null,"aboutURL":null,"defaultLocale":{"name":"Application Update Service Helper","description":"Sets value(s) in the update url based on custom checks.","creator":null,"homepageURL":null},"visible":true,"active":false,"userDisabled":false,"appDisabled":false,"installDate":1503580993000,"updateDate":1503580993000,"applyBackgroundUpdates":1,"bootstrap":true,"path":"/opt/firefox/browser/features/aushelper@mozilla.org.xpi","skinnable":false,"size":8488,"sourceURI":null,"releaseNotesURI":null,"softDisabled":false,"foreignInstall":false,"hasBinaryComponents":false,"strictCompatibility":false,"locales":[],"targetApplications":[{"id":"{ec8030f7-c20a-464f-9b0e-13a3a9e97384}","minVersion":"55.0.3","maxVersion":"55.*"}],"targetPlatforms":[],"multiprocessCompatible":true,"seen":true,"dependencies":[],"hasEmbeddedWebExtension":false,"mpcOptedOut":false,"userPermissions":null,"icons":{},"iconURL":null,"icon64URL":null}
1527664597613	DeferredSave.extensions.json	DEBUG	Save changes
1527664597613	addons.manager	DEBUG	Registering startup change 'installed' for webcompat@mozilla.org
1527664597614	addons.xpi	DEBUG	Loading bootstrap scope from /opt/firefox/browser/features/webcompat@mozilla.org.xpi
1527664597616	addons.xpi	DEBUG	Calling bootstrap method install on webcompat@mozilla.org version 1.1
1527664597616	addons.xpi-utils	DEBUG	Make addon app-system-defaults:webcompat@mozilla.org visible
1527664597617	addons.xpi	DEBUG	Updating XPIState for {"id":"webcompat@mozilla.org","syncGUID":"{5a15f767-ddec-4851-8e37-ea212a4f01cf}","location":"app-system-defaults","version":"1.1","type":"extension","internalName":null,"updateURL":null,"updateKey":null,"optionsURL":null,"optionsType":null,"aboutURL":null,"defaultLocale":{"name":"Web Compat","description":"Urgent post-release fixes for web compatibility.","creator":null,"homepageURL":null},"visible":true,"active":false,"userDisabled":false,"appDisabled":false,"installDate":1503580993000,"updateDate":1503580993000,"applyBackgroundUpdates":1,"bootstrap":true,"path":"/opt/firefox/browser/features/webcompat@mozilla.org.xpi","skinnable":false,"size":8992,"sourceURI":null,"releaseNotesURI":null,"softDisabled":false,"foreignInstall":false,"hasBinaryComponents":false,"strictCompatibility":false,"locales":[],"targetApplications":[{"id":"{ec8030f7-c20a-464f-9b0e-13a3a9e97384}","minVersion":"55.0.3","maxVersion":"55.*"}],"targetPlatforms":[],"multiprocessCompatible":true,"seen":true,"dependencies":[],"hasEmbeddedWebExtension":false,"mpcOptedOut":false,"userPermissions":null,"icons":{},"iconURL":null,"icon64URL":null}
1527664597617	DeferredSave.extensions.json	DEBUG	Save changes
1527664597617	addons.manager	DEBUG	Registering startup change 'installed' for followonsearch@mozilla.com
1527664597618	addons.xpi	DEBUG	Loading bootstrap scope from /opt/firefox/browser/features/followonsearch@mozilla.com.xpi
1527664597621	addons.xpi	DEBUG	Calling bootstrap method install on followonsearch@mozilla.com version 0.9.1
1527664597621	addons.xpi-utils	DEBUG	Make addon app-system-defaults:followonsearch@mozilla.com visible
1527664597622	addons.xpi	DEBUG	Updating XPIState for {"id":"followonsearch@mozilla.com","syncGUID":"{5aaa219e-e440-4498-aadd-827c6ec78c99}","location":"app-system-defaults","version":"0.9.1","type":"extension","internalName":null,"updateURL":null,"updateKey":null,"optionsURL":null,"optionsType":null,"aboutURL":null,"defaultLocale":{"name":"Follow-on Search Telemetry","description":null,"creator":null,"homepageURL":null},"visible":true,"active":false,"userDisabled":false,"appDisabled":false,"installDate":1503580993000,"updateDate":1503580993000,"applyBackgroundUpdates":1,"bootstrap":true,"path":"/opt/firefox/browser/features/followonsearch@mozilla.com.xpi","skinnable":false,"size":16730,"sourceURI":null,"releaseNotesURI":null,"softDisabled":false,"foreignInstall":false,"hasBinaryComponents":false,"strictCompatibility":false,"locales":[],"targetApplications":[{"id":"{ec8030f7-c20a-464f-9b0e-13a3a9e97384}","minVersion":"52.0","maxVersion":"59.*"}],"targetPlatforms":[],"multiprocessCompatible":true,"seen":true,"dependencies":[],"hasEmbeddedWebExtension":false,"mpcOptedOut":false,"userPermissions":null,"icons":{},"iconURL":null,"icon64URL":null}
1527664597623	DeferredSave.extensions.json	DEBUG	Save changes
1527664597623	addons.manager	DEBUG	Registering startup change 'installed' for shield-recipe-client@mozilla.org
1527664597632	addons.xpi	DEBUG	Loading bootstrap scope from /opt/firefox/browser/features/shield-recipe-client@mozilla.org.xpi
1527664597634	addons.xpi	DEBUG	Calling bootstrap method install on shield-recipe-client@mozilla.org version 55.1
1527664597634	addons.xpi-utils	DEBUG	Make addon app-system-defaults:shield-recipe-client@mozilla.org visible
1527664597634	addons.xpi	DEBUG	Updating XPIState for {"id":"shield-recipe-client@mozilla.org","syncGUID":"{2c6c3535-0ad1-4203-a2dd-ae69e325a347}","location":"app-system-defaults","version":"55.1","type":"extension","internalName":null,"updateURL":null,"updateKey":null,"optionsURL":null,"optionsType":null,"aboutURL":null,"defaultLocale":{"name":"Shield Recipe Client","description":"Client to download and run recipes for SHIELD, Heartbeat, etc.","creator":null,"homepageURL":null},"visible":true,"active":false,"userDisabled":false,"appDisabled":false,"installDate":1503580993000,"updateDate":1503580993000,"applyBackgroundUpdates":1,"bootstrap":true,"path":"/opt/firefox/browser/features/shield-recipe-client@mozilla.org.xpi","skinnable":false,"size":140305,"sourceURI":null,"releaseNotesURI":null,"softDisabled":false,"foreignInstall":false,"hasBinaryComponents":false,"strictCompatibility":false,"locales":[],"targetApplications":[{"id":"{ec8030f7-c20a-464f-9b0e-13a3a9e97384}","minVersion":"55.0.3","maxVersion":"55.*"}],"targetPlatforms":[],"multiprocessCompatible":true,"seen":true,"dependencies":[],"hasEmbeddedWebExtension":false,"mpcOptedOut":false,"userPermissions":null,"icons":{},"iconURL":null,"icon64URL":null}
1527664597635	DeferredSave.extensions.json	DEBUG	Save changes
1527664597635	addons.xpi-utils	DEBUG	Make addon app-global:{972ce4c6-7e08-4474-a285-3208198ce6fd} visible
1527664597636	addons.xpi	DEBUG	Updating XPIState for {"id":"{972ce4c6-7e08-4474-a285-3208198ce6fd}","syncGUID":"{b51352a2-4033-4a44-8b08-68f92183573a}","location":"app-global","version":"55.0.3","type":"theme","internalName":"classic/1.0","updateURL":null,"updateKey":null,"optionsURL":null,"optionsType":null,"optionsBrowserStyle":null,"aboutURL":null,"defaultLocale":{"name":"Default","description":"The default theme.","creator":"Mozilla","homepageURL":null,"contributors":["Mozilla Contributors"]},"visible":true,"active":false,"userDisabled":false,"appDisabled":false,"installDate":1503580993000,"updateDate":1503580993000,"applyBackgroundUpdates":1,"path":"/opt/firefox/browser/extensions/{972ce4c6-7e08-4474-a285-3208198ce6fd}.xpi","skinnable":true,"size":2918,"sourceURI":null,"releaseNotesURI":null,"softDisabled":false,"foreignInstall":false,"hasBinaryComponents":false,"strictCompatibility":true,"locales":[],"targetApplications":[{"id":"{ec8030f7-c20a-464f-9b0e-13a3a9e97384}","minVersion":"55.0.3","maxVersion":"55.0.3"}],"targetPlatforms":[],"seen":true,"dependencies":[],"hasEmbeddedWebExtension":false,"userPermissions":null,"icons":{},"iconURL":"chrome://browser/content/default-theme-icon.svg","icon64URL":null}
1527664597636	DeferredSave.extensions.json	DEBUG	Save changes
1527664597637	addons.xpi	DEBUG	Updating XPIState for {"id":"e10srollout@mozilla.org","syncGUID":"{363acc9a-afbc-42cf-8bcf-62237ecdc467}","location":"app-system-defaults","version":"2.0","type":"extension","internalName":null,"updateURL":null,"updateKey":null,"optionsURL":null,"optionsType":null,"aboutURL":null,"defaultLocale":{"name":"Multi-process staged rollout","description":"Staged rollout of Firefox multi-process feature.","creator":null,"homepageURL":null},"visible":true,"active":true,"userDisabled":false,"appDisabled":false,"installDate":1503580993000,"updateDate":1503580993000,"applyBackgroundUpdates":1,"bootstrap":true,"path":"/opt/firefox/browser/features/e10srollout@mozilla.org.xpi","skinnable":false,"size":13287,"sourceURI":null,"releaseNotesURI":null,"softDisabled":false,"foreignInstall":false,"hasBinaryComponents":false,"strictCompatibility":false,"locales":[],"targetApplications":[{"id":"{ec8030f7-c20a-464f-9b0e-13a3a9e97384}","minVersion":"55.0.3","maxVersion":"55.*"}],"targetPlatforms":[],"multiprocessCompatible":true,"seen":true,"dependencies":[],"hasEmbeddedWebExtension":false,"mpcOptedOut":false,"userPermissions":null,"icons":{},"iconURL":null,"icon64URL":null}
1527664597637	addons.xpi	DEBUG	Updating XPIState for {"id":"firefox@getpocket.com","syncGUID":"{c9e2f130-578e-413f-9214-87a80101f558}","location":"app-system-defaults","version":"1.0.5","type":"extension","internalName":null,"updateURL":null,"updateKey":null,"optionsURL":null,"optionsType":null,"aboutURL":null,"defaultLocale":{"name":"Pocket","description":"When you find something you want to view later, put it in Pocket.","creator":null,"homepageURL":null},"visible":true,"active":true,"userDisabled":false,"appDisabled":false,"installDate":1503580993000,"updateDate":1503580993000,"applyBackgroundUpdates":1,"bootstrap":true,"path":"/opt/firefox/browser/features/firefox@getpocket.com.xpi","skinnable":false,"size":855802,"sourceURI":null,"releaseNotesURI":null,"softDisabled":false,"foreignInstall":false,"hasBinaryComponents":false,"strictCompatibility":false,"locales":[],"targetApplications":[{"id":"{ec8030f7-c20a-464f-9b0e-13a3a9e97384}","minVersion":"55.0.3","maxVersion":"55.*"}],"targetPlatforms":[],"multiprocessCompatible":true,"seen":true,"dependencies":[],"hasEmbeddedWebExtension":false,"mpcOptedOut":false,"userPermissions":null,"icons":{},"iconURL":null,"icon64URL":null}
1527664597637	addons.xpi	DEBUG	Updating XPIState for {"id":"clicktoplay-rollout@mozilla.org","syncGUID":"{697e09be-c34c-49a7-bdb7-549844c4abc5}","location":"app-system-defaults","version":"1.2","type":"extension","internalName":null,"updateURL":null,"updateKey":null,"optionsURL":null,"optionsType":null,"aboutURL":null,"defaultLocale":{"name":"Click-to-Play staged rollout","description":"Staged rollout for Click-to-Play Flash.","creator":null,"homepageURL":null},"visible":true,"active":true,"userDisabled":false,"appDisabled":false,"installDate":1503580993000,"updateDate":1503580993000,"applyBackgroundUpdates":1,"bootstrap":true,"path":"/opt/firefox/browser/features/clicktoplay-rollout@mozilla.org.xpi","skinnable":false,"size":5621,"sourceURI":null,"releaseNotesURI":null,"softDisabled":false,"foreignInstall":false,"hasBinaryComponents":false,"strictCompatibility":false,"locales":[],"targetApplications":[{"id":"{ec8030f7-c20a-464f-9b0e-13a3a9e97384}","minVersion":"55.0.3","maxVersion":"55.*"}],"targetPlatforms":[],"multiprocessCompatible":true,"seen":true,"dependencies":[],"hasEmbeddedWebExtension":false,"mpcOptedOut":false,"userPermissions":null,"icons":{},"iconURL":null,"icon64URL":null}
1527664597638	addons.xpi	DEBUG	Updating XPIState for {"id":"screenshots@mozilla.org","syncGUID":"{fd9d0dd1-7ce3-4566-a66c-4f17f657c535}","location":"app-system-defaults","version":"10.12.0","type":"extension","internalName":null,"updateURL":null,"updateKey":null,"optionsURL":null,"optionsType":null,"aboutURL":null,"defaultLocale":{"name":"Firefox Screenshots","description":null,"creator":null,"homepageURL":"https://pageshot.net/"},"visible":true,"active":true,"userDisabled":false,"appDisabled":false,"installDate":1503580993000,"updateDate":1503580993000,"applyBackgroundUpdates":1,"bootstrap":true,"path":"/opt/firefox/browser/features/screenshots@mozilla.org.xpi","skinnable":false,"size":714554,"sourceURI":null,"releaseNotesURI":null,"softDisabled":false,"foreignInstall":false,"hasBinaryComponents":false,"strictCompatibility":false,"locales":[],"targetApplications":[{"id":"{ec8030f7-c20a-464f-9b0e-13a3a9e97384}","minVersion":"51.0a1","maxVersion":"*"}],"targetPlatforms":[],"multiprocessCompatible":true,"seen":true,"dependencies":[],"hasEmbeddedWebExtension":false,"mpcOptedOut":false,"userPermissions":null,"icons":{},"iconURL":null,"icon64URL":null}
1527664597639	addons.xpi	DEBUG	Updating XPIState for {"id":"aushelper@mozilla.org","syncGUID":"{a462eb73-b7b7-478d-91a3-7007c01fa31a}","location":"app-system-defaults","version":"2.0","type":"extension","internalName":null,"updateURL":null,"updateKey":null,"optionsURL":null,"optionsType":null,"aboutURL":null,"defaultLocale":{"name":"Application Update Service Helper","description":"Sets value(s) in the update url based on custom checks.","creator":null,"homepageURL":null},"visible":true,"active":true,"userDisabled":false,"appDisabled":false,"installDate":1503580993000,"updateDate":1503580993000,"applyBackgroundUpdates":1,"bootstrap":true,"path":"/opt/firefox/browser/features/aushelper@mozilla.org.xpi","skinnable":false,"size":8488,"sourceURI":null,"releaseNotesURI":null,"softDisabled":false,"foreignInstall":false,"hasBinaryComponents":false,"strictCompatibility":false,"locales":[],"targetApplications":[{"id":"{ec8030f7-c20a-464f-9b0e-13a3a9e97384}","minVersion":"55.0.3","maxVersion":"55.*"}],"targetPlatforms":[],"multiprocessCompatible":true,"seen":true,"dependencies":[],"hasEmbeddedWebExtension":false,"mpcOptedOut":false,"userPermissions":null,"icons":{},"iconURL":null,"icon64URL":null}
1527664597640	addons.xpi	DEBUG	Updating XPIState for {"id":"webcompat@mozilla.org","syncGUID":"{5a15f767-ddec-4851-8e37-ea212a4f01cf}","location":"app-system-defaults","version":"1.1","type":"extension","internalName":null,"updateURL":null,"updateKey":null,"optionsURL":null,"optionsType":null,"aboutURL":null,"defaultLocale":{"name":"Web Compat","description":"Urgent post-release fixes for web compatibility.","creator":null,"homepageURL":null},"visible":true,"active":true,"userDisabled":false,"appDisabled":false,"installDate":1503580993000,"updateDate":1503580993000,"applyBackgroundUpdates":1,"bootstrap":true,"path":"/opt/firefox/browser/features/webcompat@mozilla.org.xpi","skinnable":false,"size":8992,"sourceURI":null,"releaseNotesURI":null,"softDisabled":false,"foreignInstall":false,"hasBinaryComponents":false,"strictCompatibility":false,"locales":[],"targetApplications":[{"id":"{ec8030f7-c20a-464f-9b0e-13a3a9e97384}","minVersion":"55.0.3","maxVersion":"55.*"}],"targetPlatforms":[],"multiprocessCompatible":true,"seen":true,"dependencies":[],"hasEmbeddedWebExtension":false,"mpcOptedOut":false,"userPermissions":null,"icons":{},"iconURL":null,"icon64URL":null}
1527664597641	addons.xpi	DEBUG	Updating XPIState for {"id":"followonsearch@mozilla.com","syncGUID":"{5aaa219e-e440-4498-aadd-827c6ec78c99}","location":"app-system-defaults","version":"0.9.1","type":"extension","internalName":null,"updateURL":null,"updateKey":null,"optionsURL":null,"optionsType":null,"aboutURL":null,"defaultLocale":{"name":"Follow-on Search Telemetry","description":null,"creator":null,"homepageURL":null},"visible":true,"active":true,"userDisabled":false,"appDisabled":false,"installDate":1503580993000,"updateDate":1503580993000,"applyBackgroundUpdates":1,"bootstrap":true,"path":"/opt/firefox/browser/features/followonsearch@mozilla.com.xpi","skinnable":false,"size":16730,"sourceURI":null,"releaseNotesURI":null,"softDisabled":false,"foreignInstall":false,"hasBinaryComponents":false,"strictCompatibility":false,"locales":[],"targetApplications":[{"id":"{ec8030f7-c20a-464f-9b0e-13a3a9e97384}","minVersion":"52.0","maxVersion":"59.*"}],"targetPlatforms":[],"multiprocessCompatible":true,"seen":true,"dependencies":[],"hasEmbeddedWebExtension":false,"mpcOptedOut":false,"userPermissions":null,"icons":{},"iconURL":null,"icon64URL":null}
1527664597641	addons.xpi	DEBUG	Updating XPIState for {"id":"shield-recipe-client@mozilla.org","syncGUID":"{2c6c3535-0ad1-4203-a2dd-ae69e325a347}","location":"app-system-defaults","version":"55.1","type":"extension","internalName":null,"updateURL":null,"updateKey":null,"optionsURL":null,"optionsType":null,"aboutURL":null,"defaultLocale":{"name":"Shield Recipe Client","description":"Client to download and run recipes for SHIELD, Heartbeat, etc.","creator":null,"homepageURL":null},"visible":true,"active":true,"userDisabled":false,"appDisabled":false,"installDate":1503580993000,"updateDate":1503580993000,"applyBackgroundUpdates":1,"bootstrap":true,"path":"/opt/firefox/browser/features/shield-recipe-client@mozilla.org.xpi","skinnable":false,"size":140305,"sourceURI":null,"releaseNotesURI":null,"softDisabled":false,"foreignInstall":false,"hasBinaryComponents":false,"strictCompatibility":false,"locales":[],"targetApplications":[{"id":"{ec8030f7-c20a-464f-9b0e-13a3a9e97384}","minVersion":"55.0.3","maxVersion":"55.*"}],"targetPlatforms":[],"multiprocessCompatible":true,"seen":true,"dependencies":[],"hasEmbeddedWebExtension":false,"mpcOptedOut":false,"userPermissions":null,"icons":{},"iconURL":null,"icon64URL":null}
1527664597641	addons.xpi	DEBUG	Updating XPIState for {"id":"{972ce4c6-7e08-4474-a285-3208198ce6fd}","syncGUID":"{b51352a2-4033-4a44-8b08-68f92183573a}","location":"app-global","version":"55.0.3","type":"theme","internalName":"classic/1.0","updateURL":null,"updateKey":null,"optionsURL":null,"optionsType":null,"optionsBrowserStyle":null,"aboutURL":null,"defaultLocale":{"name":"Default","description":"The default theme.","creator":"Mozilla","homepageURL":null,"contributors":["Mozilla Contributors"]},"visible":true,"active":true,"userDisabled":false,"appDisabled":false,"installDate":1503580993000,"updateDate":1503580993000,"applyBackgroundUpdates":1,"path":"/opt/firefox/browser/extensions/{972ce4c6-7e08-4474-a285-3208198ce6fd}.xpi","skinnable":true,"size":2918,"sourceURI":null,"releaseNotesURI":null,"softDisabled":false,"foreignInstall":false,"hasBinaryComponents":false,"strictCompatibility":true,"locales":[],"targetApplications":[{"id":"{ec8030f7-c20a-464f-9b0e-13a3a9e97384}","minVersion":"55.0.3","maxVersion":"55.0.3"}],"targetPlatforms":[],"seen":true,"dependencies":[],"hasEmbeddedWebExtension":false,"userPermissions":null,"icons":{},"iconURL":"chrome://browser/content/default-theme-icon.svg","icon64URL":null}
1527664597642	DeferredSave.extensions.json	DEBUG	Save changes
1527664597642	addons.xpi	DEBUG	Updating database with changes to installed add-ons
1527664597642	addons.xpi-utils	DEBUG	Updating add-on states
1527664597648	addons.xpi	DEBUG	Registering manifest for /opt/firefox/browser/features/aushelper@mozilla.org.xpi
1527664597649	addons.xpi	DEBUG	Calling bootstrap method startup on aushelper@mozilla.org version 2.0
1527664597650	addons.xpi	DEBUG	Registering manifest for /opt/firefox/browser/features/clicktoplay-rollout@mozilla.org.xpi
1527664597650	addons.xpi	DEBUG	Calling bootstrap method startup on clicktoplay-rollout@mozilla.org version 1.2
1527664597717	addons.xpi	DEBUG	Registering manifest for /opt/firefox/browser/features/e10srollout@mozilla.org.xpi
1527664597717	addons.xpi	DEBUG	Calling bootstrap method startup on e10srollout@mozilla.org version 2.0
1527664597719	addons.xpi	DEBUG	Registering manifest for /opt/firefox/browser/features/firefox@getpocket.com.xpi
1527664597720	addons.xpi	DEBUG	Calling bootstrap method startup on firefox@getpocket.com version 1.0.5
1527664597760	addons.xpi	DEBUG	Registering manifest for /opt/firefox/browser/features/followonsearch@mozilla.com.xpi
1527664597761	addons.xpi	DEBUG	Calling bootstrap method startup on followonsearch@mozilla.com version 0.9.1
1527664597761	addons.xpi	DEBUG	Registering manifest for /opt/firefox/browser/features/screenshots@mozilla.org.xpi
1527664597761	addons.xpi	DEBUG	Calling bootstrap method startup on screenshots@mozilla.org version 10.12.0
1527664597762	addons.xpi	DEBUG	Registering manifest for /opt/firefox/browser/features/shield-recipe-client@mozilla.org.xpi
1527664597762	addons.xpi	DEBUG	Calling bootstrap method startup on shield-recipe-client@mozilla.org version 55.1
1527664597770	addons.xpi	DEBUG	Registering manifest for /opt/firefox/browser/features/webcompat@mozilla.org.xpi
1527664597770	addons.xpi	DEBUG	Calling bootstrap method startup on webcompat@mozilla.org version 1.1
1527664597775	addons.manager	DEBUG	Registering shutdown blocker for XPIProvider
1527664597775	addons.manager	DEBUG	Provider finished startup: XPIProvider
1527664597775	addons.manager	DEBUG	Starting provider: LightweightThemeManager
1527664597776	addons.manager	DEBUG	Registering shutdown blocker for LightweightThemeManager
1527664597776	addons.manager	DEBUG	Provider finished startup: LightweightThemeManager
1527664597776	addons.manager	DEBUG	Starting provider: GMPProvider
1527664597780	addons.manager	DEBUG	Registering shutdown blocker for GMPProvider
1527664597780	addons.manager	DEBUG	Provider finished startup: GMPProvider
1527664597780	addons.manager	DEBUG	Starting provider: PluginProvider
1527664597781	addons.manager	DEBUG	Registering shutdown blocker for PluginProvider
1527664597781	addons.manager	DEBUG	Provider finished startup: PluginProvider
1527664597781	addons.manager	DEBUG	Completed startup sequence
1527664597829	addons.productaddons	INFO	Completed downloading document
1527664598196	Marionette	INFO	Enabled via --marionette
1527664598643	addons.manager	DEBUG	Starting provider: PreviousExperimentProvider
1527664598643	addons.manager	DEBUG	Registering shutdown blocker for PreviousExperimentProvider
1527664598643	addons.manager	DEBUG	Provider finished startup: PreviousExperimentProvider
1527664598647	DeferredSave.extensions.json	DEBUG	Starting write
1527664598760	DeferredSave.extensions.json	DEBUG	Write succeeded
1527664598760	addons.xpi-utils	DEBUG	XPI Database saved, setting schema version preference to 21
1527664599560	addons.productaddons	INFO	downloadXHR File download. status=200
1527664599562	addons.productaddons	INFO	Downloaded file will be saved to /tmp/tmpaddon
1527664600234	addons.manager	DEBUG	Starting provider: <unnamed-provider>
1527664600234	addons.manager	DEBUG	Registering shutdown blocker for <unnamed-provider>
1527664600234	addons.manager	DEBUG	Provider finished startup: <unnamed-provider>
1527664600238	addons.xpi	INFO	Mapping e10srollout@mozilla.org to /opt/firefox/browser/features/e10srollout@mozilla.org.xpi
1527664600238	addons.xpi	INFO	Mapping firefox@getpocket.com to /opt/firefox/browser/features/firefox@getpocket.com.xpi
1527664600238	addons.xpi	INFO	Mapping clicktoplay-rollout@mozilla.org to /opt/firefox/browser/features/clicktoplay-rollout@mozilla.org.xpi
1527664600238	addons.xpi	INFO	Mapping screenshots@mozilla.org to /opt/firefox/browser/features/screenshots@mozilla.org.xpi
1527664600239	addons.xpi	INFO	Mapping aushelper@mozilla.org to /opt/firefox/browser/features/aushelper@mozilla.org.xpi
1527664600239	addons.xpi	INFO	Mapping webcompat@mozilla.org to /opt/firefox/browser/features/webcompat@mozilla.org.xpi
1527664600239	addons.xpi	INFO	Mapping followonsearch@mozilla.com to /opt/firefox/browser/features/followonsearch@mozilla.com.xpi
1527664600239	addons.xpi	INFO	Mapping shield-recipe-client@mozilla.org to /opt/firefox/browser/features/shield-recipe-client@mozilla.org.xpi
1527664600239	addons.xpi	DEBUG	Existing add-on e10srollout@mozilla.org in app-system-defaults
1527664600240	addons.xpi	DEBUG	Existing add-on firefox@getpocket.com in app-system-defaults
1527664600240	addons.xpi	DEBUG	Existing add-on clicktoplay-rollout@mozilla.org in app-system-defaults
1527664600240	addons.xpi	DEBUG	Existing add-on screenshots@mozilla.org in app-system-defaults
1527664600240	addons.xpi	DEBUG	Existing add-on aushelper@mozilla.org in app-system-defaults
1527664600241	addons.xpi	DEBUG	Existing add-on webcompat@mozilla.org in app-system-defaults
1527664600241	addons.xpi	DEBUG	Existing add-on followonsearch@mozilla.com in app-system-defaults
1527664600241	addons.xpi	DEBUG	Existing add-on shield-recipe-client@mozilla.org in app-system-defaults
1527664600241	addons.xpi	INFO	Mapping {972ce4c6-7e08-4474-a285-3208198ce6fd} to /opt/firefox/browser/extensions/{972ce4c6-7e08-4474-a285-3208198ce6fd}.xpi
1527664600242	addons.xpi	DEBUG	Existing add-on {972ce4c6-7e08-4474-a285-3208198ce6fd} in app-global
1527664600242	addons.xpi	DEBUG	getInstallState changed: false, state: {}
1527664600819	addons.productaddons	INFO	sending request to: https://aus5.mozilla.org/update/3/GMP/55.0.3/20170824123605/Linux_x86_64-gcc3/en-US/release/Linux%204.13.0-43-generic%20(GTK%203.18.9%2Clibpulse%208.0.0)/default/default/update.xml
1527664600904	Marionette	INFO	Listening on port 43197
JavaScript error: chrome://marionette/content/server.js, line 337: NS_ERROR_SOCKET_ADDRESS_IN_USE: Component returned failure code: 0x804b0036 (NS_ERROR_SOCKET_ADDRESS_IN_USE) [nsIServerSocket.initSpecialConnection]
1527664600990	Marionette	WARN	TLS certificate errors will be ignored for this session
1527664601039	Marionette	DEBUG	loaded listener.js
May 30, 2018 12:46:41 PM org.openqa.selenium.remote.ProtocolHandshake createSession
INFO: Detected dialect: W3C
1527664601149	Marionette	DEBUG	Received DOM event "beforeunload" for "about:blank"
1527664601386	Marionette	DEBUG	Received DOM event "pagehide" for "about:blank"
1527664601387	Marionette	DEBUG	Received DOM event "unload" for "about:blank"
1527664601815	addons.productaddons	INFO	Completed downloading document
1527664602681	Marionette	DEBUG	Received observer notification "outer-window-destroyed" for "2147483649"
1527664602683	addons.xpi	DEBUG	Calling bootstrap method shutdown on webcompat@mozilla.org version 1.1
1527664602684	addons.xpi	DEBUG	Calling bootstrap method shutdown on shield-recipe-client@mozilla.org version 55.1
1527664602690	addons.xpi	DEBUG	Calling bootstrap method shutdown on screenshots@mozilla.org version 10.12.0
1527664602690	addons.xpi	DEBUG	Calling bootstrap method shutdown on followonsearch@mozilla.com version 0.9.1
1527664602691	addons.xpi	DEBUG	Calling bootstrap method shutdown on firefox@getpocket.com version 1.0.5
1527664602691	addons.xpi	DEBUG	Calling bootstrap method shutdown on e10srollout@mozilla.org version 2.0
1527664602691	addons.xpi	DEBUG	Calling bootstrap method shutdown on clicktoplay-rollout@mozilla.org version 1.2
1527664602691	addons.xpi	DEBUG	Calling bootstrap method shutdown on aushelper@mozilla.org version 2.0
1527664602814	addons.productaddons	WARN	Failed downloading via XHR, status: 0, reason: error
1527664602982	addons.manager	DEBUG	shutdown
1527664602983	addons.manager	DEBUG	Calling shutdown blocker for XPIProvider
1527664602983	addons.xpi	DEBUG	shutdown
1527664602984	addons.xpi-utils	DEBUG	shutdown
1527664602985	addons.manager	DEBUG	Calling shutdown blocker for LightweightThemeManager
1527664602985	addons.manager	DEBUG	Calling shutdown blocker for GMPProvider
1527664602986	addons.manager	DEBUG	Calling shutdown blocker for PluginProvider
1527664602987	addons.manager	DEBUG	Calling shutdown blocker for PreviousExperimentProvider
1527664602987	addons.manager	DEBUG	Calling shutdown blocker for <unnamed-provider>
1527664602990	addons.xpi	DEBUG	Notifying XPI shutdown observers
1527664603000	addons.manager	DEBUG	Async provider shutdown done
1527664603578	addons.xpi	DEBUG	Calling bootstrap method shutdown on webcompat@mozilla.org version 1.1
1527664603579	addons.xpi	DEBUG	Calling bootstrap method shutdown on shield-recipe-client@mozilla.org version 55.1
1527664603582	addons.xpi	DEBUG	Calling bootstrap method shutdown on screenshots@mozilla.org version 10.12.0
1527664603583	addons.xpi	DEBUG	Calling bootstrap method shutdown on followonsearch@mozilla.com version 0.9.1
1527664603588	addons.xpi	DEBUG	Calling bootstrap method shutdown on firefox@getpocket.com version 1.0.5
1527664603588	addons.xpi	DEBUG	Calling bootstrap method shutdown on e10srollout@mozilla.org version 2.0
1527664603589	addons.xpi	DEBUG	Calling bootstrap method shutdown on clicktoplay-rollout@mozilla.org version 1.2
1527664603590	addons.xpi	DEBUG	Calling bootstrap method shutdown on aushelper@mozilla.org version 2.0
1527664603838	geckodriver::marionette	ERROR	Failed to stop browser process
]]></system-err>
  </testcase>
  <testcase name="tearDown" classname="com.services.test.TestPlanetFashionInfo" time="2.715">
    <failure message="Tried to run command without establishing a connection&#10;Build info: version: &apos;3.11.0&apos;, revision: &apos;e59cfb3&apos;, time: &apos;2018-03-11T20:26:55.152Z&apos;&#10;System info: host: &apos;streamoid-ThinkPad-T440s&apos;, ip: &apos;127.0.1.1&apos;, os.name: &apos;Linux&apos;, os.arch: &apos;amd64&apos;, os.version: &apos;4.13.0-43-generic&apos;, java.version: &apos;1.8.0_171&apos;&#10;Driver info: org.openqa.selenium.firefox.FirefoxDriver&#10;Capabilities {acceptInsecureCerts: true, browserName: firefox, browserVersion: 55.0.3, javascriptEnabled: true, moz:accessibilityChecks: false, moz:processID: 5457, moz:profile: /tmp/rust_mozprofile.EVpiIr..., pageLoadStrategy: normal, platform: LINUX, platformName: LINUX, platformVersion: 4.13.0-43-generic, rotatable: false, specificationLevel: 0, timeouts: {implicit: 0, pageLoad: 300000, script: 30000}}&#10;Session ID: 3d661e69-4b9c-43c6-8dcf-e5419819d9eb" type="org.openqa.selenium.SessionNotCreatedException">org.openqa.selenium.SessionNotCreatedException: 
Tried to run command without establishing a connection
Build info: version: '3.11.0', revision: 'e59cfb3', time: '2018-03-11T20:26:55.152Z'
System info: host: 'streamoid-ThinkPad-T440s', ip: '127.0.1.1', os.name: 'Linux', os.arch: 'amd64', os.version: '4.13.0-43-generic', java.version: '1.8.0_171'
Driver info: org.openqa.selenium.firefox.FirefoxDriver
Capabilities {acceptInsecureCerts: true, browserName: firefox, browserVersion: 55.0.3, javascriptEnabled: true, moz:accessibilityChecks: false, moz:processID: 5457, moz:profile: /tmp/rust_mozprofile.EVpiIr..., pageLoadStrategy: normal, platform: LINUX, platformName: LINUX, platformVersion: 4.13.0-43-generic, rotatable: false, specificationLevel: 0, timeouts: {implicit: 0, pageLoad: 300000, script: 30000}}
Session ID: 3d661e69-4b9c-43c6-8dcf-e5419819d9eb
	at com.services.test.TestPlanetFashionInfo.tearDown(TestPlanetFashionInfo.java:146)
</failure>
  </testcase>
  <testcase name="tearDown" classname="com.services.test.TestPlanetFashionInfo" time="0">
    <skipped/>
  </testcase>
  <testcase name="testPeople" classname="com.services.test.TestPeopleInfo" time="2.965">
    <failure message="Failed to decode response from marionette&#10;Build info: version: &apos;3.11.0&apos;, revision: &apos;e59cfb3&apos;, time: &apos;2018-03-11T20:26:55.152Z&apos;&#10;System info: host: &apos;streamoid-ThinkPad-T440s&apos;, ip: &apos;127.0.1.1&apos;, os.name: &apos;Linux&apos;, os.arch: &apos;amd64&apos;, os.version: &apos;4.13.0-43-generic&apos;, java.version: &apos;1.8.0_171&apos;&#10;Driver info: org.openqa.selenium.firefox.FirefoxDriver&#10;Capabilities {acceptInsecureCerts: true, browserName: firefox, browserVersion: 55.0.3, javascriptEnabled: true, moz:accessibilityChecks: false, moz:processID: 5683, moz:profile: /tmp/rust_mozprofile.i9vSPK..., pageLoadStrategy: normal, platform: LINUX, platformName: LINUX, platformVersion: 4.13.0-43-generic, rotatable: false, specificationLevel: 0, timeouts: {implicit: 0, pageLoad: 300000, script: 30000}}&#10;Session ID: c3d83c93-0255-4323-b63a-d453acd2a19c" type="org.openqa.selenium.WebDriverException">org.openqa.selenium.WebDriverException: 
Failed to decode response from marionette
Build info: version: '3.11.0', revision: 'e59cfb3', time: '2018-03-11T20:26:55.152Z'
System info: host: 'streamoid-ThinkPad-T440s', ip: '127.0.1.1', os.name: 'Linux', os.arch: 'amd64', os.version: '4.13.0-43-generic', java.version: '1.8.0_171'
Driver info: org.openqa.selenium.firefox.FirefoxDriver
Capabilities {acceptInsecureCerts: true, browserName: firefox, browserVersion: 55.0.3, javascriptEnabled: true, moz:accessibilityChecks: false, moz:processID: 5683, moz:profile: /tmp/rust_mozprofile.i9vSPK..., pageLoadStrategy: normal, platform: LINUX, platformName: LINUX, platformVersion: 4.13.0-43-generic, rotatable: false, specificationLevel: 0, timeouts: {implicit: 0, pageLoad: 300000, script: 30000}}
Session ID: c3d83c93-0255-4323-b63a-d453acd2a19c
	at com.services.test.TestPeopleInfo.testPeople(TestPeopleInfo.java:70)
</failure>
    <system-err><![CDATA[1527664603885	geckodriver	INFO	geckodriver 0.20.0
1527664603891	geckodriver	INFO	Listening on 127.0.0.1:8882
1527664603894	addons.manager	DEBUG	shutdown
1527664603896	addons.manager	DEBUG	Calling shutdown blocker for XPIProvider
1527664603896	addons.xpi	DEBUG	shutdown
1527664603897	addons.xpi-utils	DEBUG	shutdown
1527664603898	addons.manager	DEBUG	Calling shutdown blocker for LightweightThemeManager
1527664603899	addons.manager	DEBUG	Calling shutdown blocker for GMPProvider
1527664603902	addons.manager	DEBUG	Calling shutdown blocker for PluginProvider
1527664603903	addons.manager	DEBUG	Calling shutdown blocker for PreviousExperimentProvider
1527664603903	addons.manager	DEBUG	Calling shutdown blocker for <unnamed-provider>
1527664603913	addons.xpi	DEBUG	Notifying XPI shutdown observers
1527664603923	addons.manager	DEBUG	Async provider shutdown done
1527664603925	mozrunner::runner	INFO	Running command: "/opt/firefox/firefox" "-marionette" "-profile" "/tmp/rust_mozprofile.FNaN5u7iTSiy"
1527664604178	addons.manager	DEBUG	Application has been upgraded
1527664604202	addons.manager	DEBUG	Loaded provider scope for resource://gre/modules/addons/XPIProvider.jsm: ["XPIProvider", "XPIInternal"]
1527664604206	addons.manager	DEBUG	Loaded provider scope for resource://gre/modules/LightweightThemeManager.jsm: ["LightweightThemeManager"]
1527664604236	addons.manager	DEBUG	Loaded provider scope for resource://gre/modules/addons/GMPProvider.jsm
1527664604240	addons.manager	DEBUG	Loaded provider scope for resource://gre/modules/addons/PluginProvider.jsm
1527664604241	addons.manager	DEBUG	Starting provider: XPIProvider
1527664604241	addons.xpi	DEBUG	startup
1527664604242	addons.xpi	INFO	SystemAddonInstallLocation directory is missing
1527664604242	addons.xpi	INFO	Removing all system add-on upgrades.
1527664604243	addons.xpi	DEBUG	checkForChanges
1527664604244	addons.xpi	WARN	Error parsing extensions state: [Exception... "Component returned failure code: 0x80520012 (NS_ERROR_FILE_NOT_FOUND) [amIAddonManagerStartup.readStartupData]"  nsresult: "0x80520012 (NS_ERROR_FILE_NOT_FOUND)"  location: "JS frame :: resource://gre/modules/addons/XPIProvider.jsm :: loadExtensionState :: line 1596"  data: no] Stack trace: loadExtensionState()@resource://gre/modules/addons/XPIProvider.jsm:1596 < getInstallState()@resource://gre/modules/addons/XPIProvider.jsm:1631 < checkForChanges()@resource://gre/modules/addons/XPIProvider.jsm:3152 < startup()@resource://gre/modules/addons/XPIProvider.jsm:2246 < callProvider()@resource://gre/modules/AddonManager.jsm:271 < _startProvider()@resource://gre/modules/AddonManager.jsm:741 < startup()@resource://gre/modules/AddonManager.jsm:908 < startup()@resource://gre/modules/AddonManager.jsm:3122 < observe()@jar:file:///opt/firefox/omni.ja!/components/addonManager.js:65
1527664604247	addons.xpi	DEBUG	Loaded add-on state: ${}
1527664604251	addons.xpi	INFO	Mapping e10srollout@mozilla.org to /opt/firefox/browser/features/e10srollout@mozilla.org.xpi
1527664604252	addons.xpi	INFO	Mapping firefox@getpocket.com to /opt/firefox/browser/features/firefox@getpocket.com.xpi
1527664604252	addons.xpi	INFO	Mapping clicktoplay-rollout@mozilla.org to /opt/firefox/browser/features/clicktoplay-rollout@mozilla.org.xpi
1527664604252	addons.xpi	INFO	Mapping screenshots@mozilla.org to /opt/firefox/browser/features/screenshots@mozilla.org.xpi
1527664604252	addons.xpi	INFO	Mapping aushelper@mozilla.org to /opt/firefox/browser/features/aushelper@mozilla.org.xpi
1527664604252	addons.xpi	INFO	Mapping webcompat@mozilla.org to /opt/firefox/browser/features/webcompat@mozilla.org.xpi
1527664604253	addons.xpi	INFO	Mapping followonsearch@mozilla.com to /opt/firefox/browser/features/followonsearch@mozilla.com.xpi
1527664604253	addons.xpi	INFO	Mapping shield-recipe-client@mozilla.org to /opt/firefox/browser/features/shield-recipe-client@mozilla.org.xpi
1527664604254	addons.xpi	DEBUG	New add-on e10srollout@mozilla.org in app-system-defaults
1527664604255	addons.xpi	INFO	Mapping e10srollout@mozilla.org to /opt/firefox/browser/features/e10srollout@mozilla.org.xpi
1527664604256	addons.xpi	DEBUG	New add-on firefox@getpocket.com in app-system-defaults
1527664604256	addons.xpi	INFO	Mapping firefox@getpocket.com to /opt/firefox/browser/features/firefox@getpocket.com.xpi
1527664604257	addons.xpi	DEBUG	New add-on clicktoplay-rollout@mozilla.org in app-system-defaults
1527664604257	addons.xpi	INFO	Mapping clicktoplay-rollout@mozilla.org to /opt/firefox/browser/features/clicktoplay-rollout@mozilla.org.xpi
1527664604258	addons.xpi	DEBUG	New add-on screenshots@mozilla.org in app-system-defaults
1527664604258	addons.xpi	INFO	Mapping screenshots@mozilla.org to /opt/firefox/browser/features/screenshots@mozilla.org.xpi
1527664604258	addons.xpi	DEBUG	New add-on aushelper@mozilla.org in app-system-defaults
1527664604258	addons.xpi	INFO	Mapping aushelper@mozilla.org to /opt/firefox/browser/features/aushelper@mozilla.org.xpi
1527664604259	addons.xpi	DEBUG	New add-on webcompat@mozilla.org in app-system-defaults
1527664604259	addons.xpi	INFO	Mapping webcompat@mozilla.org to /opt/firefox/browser/features/webcompat@mozilla.org.xpi
1527664604259	addons.xpi	DEBUG	New add-on followonsearch@mozilla.com in app-system-defaults
1527664604259	addons.xpi	INFO	Mapping followonsearch@mozilla.com to /opt/firefox/browser/features/followonsearch@mozilla.com.xpi
1527664604259	addons.xpi	DEBUG	New add-on shield-recipe-client@mozilla.org in app-system-defaults
1527664604260	addons.xpi	INFO	Mapping shield-recipe-client@mozilla.org to /opt/firefox/browser/features/shield-recipe-client@mozilla.org.xpi
1527664604260	addons.xpi	INFO	Mapping {972ce4c6-7e08-4474-a285-3208198ce6fd} to /opt/firefox/browser/extensions/{972ce4c6-7e08-4474-a285-3208198ce6fd}.xpi
1527664604261	addons.xpi	DEBUG	New add-on {972ce4c6-7e08-4474-a285-3208198ce6fd} in app-global
1527664604261	addons.xpi	INFO	Mapping {972ce4c6-7e08-4474-a285-3208198ce6fd} to /opt/firefox/browser/extensions/{972ce4c6-7e08-4474-a285-3208198ce6fd}.xpi
1527664604261	addons.xpi	DEBUG	getInstallState changed: true, state: {}
1527664604261	addons.xpi	INFO	SystemAddonInstallLocation directory is missing
1527664604275	addons.xpi-utils	DEBUG	Opening XPI database /tmp/rust_mozprofile.FNaN5u7iTSiy/extensions.json
1527664604279	addons.xpi-utils	DEBUG	New add-on e10srollout@mozilla.org installed in app-system-defaults
*** Blocklist::_loadBlocklistFromFile: blocklist is disabled
1527664604314	DeferredSave.extensions.json	DEBUG	Save changes
1527664604316	addons.xpi-utils	DEBUG	New add-on firefox@getpocket.com installed in app-system-defaults
1527664604324	DeferredSave.extensions.json	DEBUG	Starting timer
1527664604327	DeferredSave.extensions.json	DEBUG	Save changes
1527664604327	addons.xpi-utils	DEBUG	New add-on clicktoplay-rollout@mozilla.org installed in app-system-defaults
1527664604331	DeferredSave.extensions.json	DEBUG	Save changes
1527664604331	addons.xpi-utils	DEBUG	New add-on screenshots@mozilla.org installed in app-system-defaults
1527664604337	DeferredSave.extensions.json	DEBUG	Save changes
1527664604337	addons.xpi-utils	DEBUG	New add-on aushelper@mozilla.org installed in app-system-defaults
1527664604340	DeferredSave.extensions.json	DEBUG	Save changes
1527664604340	addons.xpi-utils	DEBUG	New add-on webcompat@mozilla.org installed in app-system-defaults
1527664604345	DeferredSave.extensions.json	DEBUG	Save changes
1527664604345	addons.xpi-utils	DEBUG	New add-on followonsearch@mozilla.com installed in app-system-defaults
1527664604347	DeferredSave.extensions.json	DEBUG	Save changes
1527664604348	addons.xpi-utils	DEBUG	New add-on shield-recipe-client@mozilla.org installed in app-system-defaults
1527664604351	DeferredSave.extensions.json	DEBUG	Save changes
1527664604351	addons.xpi-utils	DEBUG	New add-on {972ce4c6-7e08-4474-a285-3208198ce6fd} installed in app-global
1527664604357	DeferredSave.extensions.json	DEBUG	Save changes
1527664604359	addons.manager	DEBUG	Registering startup change 'installed' for e10srollout@mozilla.org
1527664604369	addons.xpi	DEBUG	Loading bootstrap scope from /opt/firefox/browser/features/e10srollout@mozilla.org.xpi
1527664604374	addons.xpi	DEBUG	Calling bootstrap method install on e10srollout@mozilla.org version 2.0
1527664604376	addons.xpi-utils	DEBUG	Make addon app-system-defaults:e10srollout@mozilla.org visible
1527664604377	addons.xpi	DEBUG	Updating XPIState for {"id":"e10srollout@mozilla.org","syncGUID":"{251c2e7f-1a5c-4f52-bf1f-5c970a11af51}","location":"app-system-defaults","version":"2.0","type":"extension","internalName":null,"updateURL":null,"updateKey":null,"optionsURL":null,"optionsType":null,"aboutURL":null,"defaultLocale":{"name":"Multi-process staged rollout","description":"Staged rollout of Firefox multi-process feature.","creator":null,"homepageURL":null},"visible":true,"active":false,"userDisabled":false,"appDisabled":false,"installDate":1503580993000,"updateDate":1503580993000,"applyBackgroundUpdates":1,"bootstrap":true,"path":"/opt/firefox/browser/features/e10srollout@mozilla.org.xpi","skinnable":false,"size":13287,"sourceURI":null,"releaseNotesURI":null,"softDisabled":false,"foreignInstall":false,"hasBinaryComponents":false,"strictCompatibility":false,"locales":[],"targetApplications":[{"id":"{ec8030f7-c20a-464f-9b0e-13a3a9e97384}","minVersion":"55.0.3","maxVersion":"55.*"}],"targetPlatforms":[],"multiprocessCompatible":true,"seen":true,"dependencies":[],"hasEmbeddedWebExtension":false,"mpcOptedOut":false,"userPermissions":null,"icons":{},"iconURL":null,"icon64URL":null}
1527664604380	DeferredSave.extensions.json	DEBUG	Save changes
1527664604381	addons.manager	DEBUG	Registering startup change 'installed' for firefox@getpocket.com
1527664604382	addons.xpi	DEBUG	Loading bootstrap scope from /opt/firefox/browser/features/firefox@getpocket.com.xpi
1527664604397	addons.xpi	DEBUG	Calling bootstrap method install on firefox@getpocket.com version 1.0.5
1527664604397	addons.xpi-utils	DEBUG	Make addon app-system-defaults:firefox@getpocket.com visible
1527664604398	addons.xpi	DEBUG	Updating XPIState for {"id":"firefox@getpocket.com","syncGUID":"{db88225e-5596-49e1-89d6-d11ef45a182e}","location":"app-system-defaults","version":"1.0.5","type":"extension","internalName":null,"updateURL":null,"updateKey":null,"optionsURL":null,"optionsType":null,"aboutURL":null,"defaultLocale":{"name":"Pocket","description":"When you find something you want to view later, put it in Pocket.","creator":null,"homepageURL":null},"visible":true,"active":false,"userDisabled":false,"appDisabled":false,"installDate":1503580993000,"updateDate":1503580993000,"applyBackgroundUpdates":1,"bootstrap":true,"path":"/opt/firefox/browser/features/firefox@getpocket.com.xpi","skinnable":false,"size":855802,"sourceURI":null,"releaseNotesURI":null,"softDisabled":false,"foreignInstall":false,"hasBinaryComponents":false,"strictCompatibility":false,"locales":[],"targetApplications":[{"id":"{ec8030f7-c20a-464f-9b0e-13a3a9e97384}","minVersion":"55.0.3","maxVersion":"55.*"}],"targetPlatforms":[],"multiprocessCompatible":true,"seen":true,"dependencies":[],"hasEmbeddedWebExtension":false,"mpcOptedOut":false,"userPermissions":null,"icons":{},"iconURL":null,"icon64URL":null}
1527664604399	DeferredSave.extensions.json	DEBUG	Save changes
1527664604400	addons.manager	DEBUG	Registering startup change 'installed' for clicktoplay-rollout@mozilla.org
1527664604409	addons.xpi	DEBUG	Loading bootstrap scope from /opt/firefox/browser/features/clicktoplay-rollout@mozilla.org.xpi
1527664604422	addons.xpi	DEBUG	Calling bootstrap method install on clicktoplay-rollout@mozilla.org version 1.2
1527664604423	addons.xpi-utils	DEBUG	Make addon app-system-defaults:clicktoplay-rollout@mozilla.org visible
1527664604423	addons.xpi	DEBUG	Updating XPIState for {"id":"clicktoplay-rollout@mozilla.org","syncGUID":"{33ddde87-f47b-4adb-9886-32a262c7071d}","location":"app-system-defaults","version":"1.2","type":"extension","internalName":null,"updateURL":null,"updateKey":null,"optionsURL":null,"optionsType":null,"aboutURL":null,"defaultLocale":{"name":"Click-to-Play staged rollout","description":"Staged rollout for Click-to-Play Flash.","creator":null,"homepageURL":null},"visible":true,"active":false,"userDisabled":false,"appDisabled":false,"installDate":1503580993000,"updateDate":1503580993000,"applyBackgroundUpdates":1,"bootstrap":true,"path":"/opt/firefox/browser/features/clicktoplay-rollout@mozilla.org.xpi","skinnable":false,"size":5621,"sourceURI":null,"releaseNotesURI":null,"softDisabled":false,"foreignInstall":false,"hasBinaryComponents":false,"strictCompatibility":false,"locales":[],"targetApplications":[{"id":"{ec8030f7-c20a-464f-9b0e-13a3a9e97384}","minVersion":"55.0.3","maxVersion":"55.*"}],"targetPlatforms":[],"multiprocessCompatible":true,"seen":true,"dependencies":[],"hasEmbeddedWebExtension":false,"mpcOptedOut":false,"userPermissions":null,"icons":{},"iconURL":null,"icon64URL":null}
1527664604424	DeferredSave.extensions.json	DEBUG	Save changes
1527664604424	addons.manager	DEBUG	Registering startup change 'installed' for screenshots@mozilla.org
1527664604425	addons.xpi	DEBUG	Loading bootstrap scope from /opt/firefox/browser/features/screenshots@mozilla.org.xpi
1527664604434	addons.xpi	DEBUG	Calling bootstrap method install on screenshots@mozilla.org version 10.12.0
1527664604435	addons.xpi-utils	DEBUG	Make addon app-system-defaults:screenshots@mozilla.org visible
1527664604435	addons.xpi	DEBUG	Updating XPIState for {"id":"screenshots@mozilla.org","syncGUID":"{db8d35f3-189a-4564-ab54-7b161e9d5f60}","location":"app-system-defaults","version":"10.12.0","type":"extension","internalName":null,"updateURL":null,"updateKey":null,"optionsURL":null,"optionsType":null,"aboutURL":null,"defaultLocale":{"name":"Firefox Screenshots","description":null,"creator":null,"homepageURL":"https://pageshot.net/"},"visible":true,"active":false,"userDisabled":false,"appDisabled":false,"installDate":1503580993000,"updateDate":1503580993000,"applyBackgroundUpdates":1,"bootstrap":true,"path":"/opt/firefox/browser/features/screenshots@mozilla.org.xpi","skinnable":false,"size":714554,"sourceURI":null,"releaseNotesURI":null,"softDisabled":false,"foreignInstall":false,"hasBinaryComponents":false,"strictCompatibility":false,"locales":[],"targetApplications":[{"id":"{ec8030f7-c20a-464f-9b0e-13a3a9e97384}","minVersion":"51.0a1","maxVersion":"*"}],"targetPlatforms":[],"multiprocessCompatible":true,"seen":true,"dependencies":[],"hasEmbeddedWebExtension":false,"mpcOptedOut":false,"userPermissions":null,"icons":{},"iconURL":null,"icon64URL":null}
1527664604436	DeferredSave.extensions.json	DEBUG	Save changes
1527664604436	addons.manager	DEBUG	Registering startup change 'installed' for aushelper@mozilla.org
1527664604439	addons.xpi	DEBUG	Loading bootstrap scope from /opt/firefox/browser/features/aushelper@mozilla.org.xpi
1527664604442	addons.xpi	DEBUG	Calling bootstrap method install on aushelper@mozilla.org version 2.0
1527664604442	addons.xpi-utils	DEBUG	Make addon app-system-defaults:aushelper@mozilla.org visible
1527664604442	addons.xpi	DEBUG	Updating XPIState for {"id":"aushelper@mozilla.org","syncGUID":"{c6a8c869-a48a-4b48-8e6d-2b85feec87a8}","location":"app-system-defaults","version":"2.0","type":"extension","internalName":null,"updateURL":null,"updateKey":null,"optionsURL":null,"optionsType":null,"aboutURL":null,"defaultLocale":{"name":"Application Update Service Helper","description":"Sets value(s) in the update url based on custom checks.","creator":null,"homepageURL":null},"visible":true,"active":false,"userDisabled":false,"appDisabled":false,"installDate":1503580993000,"updateDate":1503580993000,"applyBackgroundUpdates":1,"bootstrap":true,"path":"/opt/firefox/browser/features/aushelper@mozilla.org.xpi","skinnable":false,"size":8488,"sourceURI":null,"releaseNotesURI":null,"softDisabled":false,"foreignInstall":false,"hasBinaryComponents":false,"strictCompatibility":false,"locales":[],"targetApplications":[{"id":"{ec8030f7-c20a-464f-9b0e-13a3a9e97384}","minVersion":"55.0.3","maxVersion":"55.*"}],"targetPlatforms":[],"multiprocessCompatible":true,"seen":true,"dependencies":[],"hasEmbeddedWebExtension":false,"mpcOptedOut":false,"userPermissions":null,"icons":{},"iconURL":null,"icon64URL":null}
1527664604443	DeferredSave.extensions.json	DEBUG	Save changes
1527664604443	addons.manager	DEBUG	Registering startup change 'installed' for webcompat@mozilla.org
1527664604444	addons.xpi	DEBUG	Loading bootstrap scope from /opt/firefox/browser/features/webcompat@mozilla.org.xpi
1527664604450	addons.xpi	DEBUG	Calling bootstrap method install on webcompat@mozilla.org version 1.1
1527664604450	addons.xpi-utils	DEBUG	Make addon app-system-defaults:webcompat@mozilla.org visible
1527664604451	addons.xpi	DEBUG	Updating XPIState for {"id":"webcompat@mozilla.org","syncGUID":"{7daef6d9-a41b-42ce-912b-a6ae9c773bd8}","location":"app-system-defaults","version":"1.1","type":"extension","internalName":null,"updateURL":null,"updateKey":null,"optionsURL":null,"optionsType":null,"aboutURL":null,"defaultLocale":{"name":"Web Compat","description":"Urgent post-release fixes for web compatibility.","creator":null,"homepageURL":null},"visible":true,"active":false,"userDisabled":false,"appDisabled":false,"installDate":1503580993000,"updateDate":1503580993000,"applyBackgroundUpdates":1,"bootstrap":true,"path":"/opt/firefox/browser/features/webcompat@mozilla.org.xpi","skinnable":false,"size":8992,"sourceURI":null,"releaseNotesURI":null,"softDisabled":false,"foreignInstall":false,"hasBinaryComponents":false,"strictCompatibility":false,"locales":[],"targetApplications":[{"id":"{ec8030f7-c20a-464f-9b0e-13a3a9e97384}","minVersion":"55.0.3","maxVersion":"55.*"}],"targetPlatforms":[],"multiprocessCompatible":true,"seen":true,"dependencies":[],"hasEmbeddedWebExtension":false,"mpcOptedOut":false,"userPermissions":null,"icons":{},"iconURL":null,"icon64URL":null}
1527664604451	DeferredSave.extensions.json	DEBUG	Save changes
1527664604452	addons.manager	DEBUG	Registering startup change 'installed' for followonsearch@mozilla.com
1527664604452	addons.xpi	DEBUG	Loading bootstrap scope from /opt/firefox/browser/features/followonsearch@mozilla.com.xpi
1527664604459	addons.xpi	DEBUG	Calling bootstrap method install on followonsearch@mozilla.com version 0.9.1
1527664604459	addons.xpi-utils	DEBUG	Make addon app-system-defaults:followonsearch@mozilla.com visible
1527664604460	addons.xpi	DEBUG	Updating XPIState for {"id":"followonsearch@mozilla.com","syncGUID":"{fab2497c-c399-4ab3-955d-437cd16be2a8}","location":"app-system-defaults","version":"0.9.1","type":"extension","internalName":null,"updateURL":null,"updateKey":null,"optionsURL":null,"optionsType":null,"aboutURL":null,"defaultLocale":{"name":"Follow-on Search Telemetry","description":null,"creator":null,"homepageURL":null},"visible":true,"active":false,"userDisabled":false,"appDisabled":false,"installDate":1503580993000,"updateDate":1503580993000,"applyBackgroundUpdates":1,"bootstrap":true,"path":"/opt/firefox/browser/features/followonsearch@mozilla.com.xpi","skinnable":false,"size":16730,"sourceURI":null,"releaseNotesURI":null,"softDisabled":false,"foreignInstall":false,"hasBinaryComponents":false,"strictCompatibility":false,"locales":[],"targetApplications":[{"id":"{ec8030f7-c20a-464f-9b0e-13a3a9e97384}","minVersion":"52.0","maxVersion":"59.*"}],"targetPlatforms":[],"multiprocessCompatible":true,"seen":true,"dependencies":[],"hasEmbeddedWebExtension":false,"mpcOptedOut":false,"userPermissions":null,"icons":{},"iconURL":null,"icon64URL":null}
1527664604460	DeferredSave.extensions.json	DEBUG	Save changes
1527664604461	addons.manager	DEBUG	Registering startup change 'installed' for shield-recipe-client@mozilla.org
1527664604469	addons.xpi	DEBUG	Loading bootstrap scope from /opt/firefox/browser/features/shield-recipe-client@mozilla.org.xpi
1527664604472	addons.xpi	DEBUG	Calling bootstrap method install on shield-recipe-client@mozilla.org version 55.1
1527664604472	addons.xpi-utils	DEBUG	Make addon app-system-defaults:shield-recipe-client@mozilla.org visible
1527664604473	addons.xpi	DEBUG	Updating XPIState for {"id":"shield-recipe-client@mozilla.org","syncGUID":"{5858988c-c04a-40db-a267-a3f0de7c623d}","location":"app-system-defaults","version":"55.1","type":"extension","internalName":null,"updateURL":null,"updateKey":null,"optionsURL":null,"optionsType":null,"aboutURL":null,"defaultLocale":{"name":"Shield Recipe Client","description":"Client to download and run recipes for SHIELD, Heartbeat, etc.","creator":null,"homepageURL":null},"visible":true,"active":false,"userDisabled":false,"appDisabled":false,"installDate":1503580993000,"updateDate":1503580993000,"applyBackgroundUpdates":1,"bootstrap":true,"path":"/opt/firefox/browser/features/shield-recipe-client@mozilla.org.xpi","skinnable":false,"size":140305,"sourceURI":null,"releaseNotesURI":null,"softDisabled":false,"foreignInstall":false,"hasBinaryComponents":false,"strictCompatibility":false,"locales":[],"targetApplications":[{"id":"{ec8030f7-c20a-464f-9b0e-13a3a9e97384}","minVersion":"55.0.3","maxVersion":"55.*"}],"targetPlatforms":[],"multiprocessCompatible":true,"seen":true,"dependencies":[],"hasEmbeddedWebExtension":false,"mpcOptedOut":false,"userPermissions":null,"icons":{},"iconURL":null,"icon64URL":null}
1527664604473	DeferredSave.extensions.json	DEBUG	Save changes
1527664604474	addons.xpi-utils	DEBUG	Make addon app-global:{972ce4c6-7e08-4474-a285-3208198ce6fd} visible
1527664604474	addons.xpi	DEBUG	Updating XPIState for {"id":"{972ce4c6-7e08-4474-a285-3208198ce6fd}","syncGUID":"{d1463584-efb2-4319-82e8-6af1252e0637}","location":"app-global","version":"55.0.3","type":"theme","internalName":"classic/1.0","updateURL":null,"updateKey":null,"optionsURL":null,"optionsType":null,"optionsBrowserStyle":null,"aboutURL":null,"defaultLocale":{"name":"Default","description":"The default theme.","creator":"Mozilla","homepageURL":null,"contributors":["Mozilla Contributors"]},"visible":true,"active":false,"userDisabled":false,"appDisabled":false,"installDate":1503580993000,"updateDate":1503580993000,"applyBackgroundUpdates":1,"path":"/opt/firefox/browser/extensions/{972ce4c6-7e08-4474-a285-3208198ce6fd}.xpi","skinnable":true,"size":2918,"sourceURI":null,"releaseNotesURI":null,"softDisabled":false,"foreignInstall":false,"hasBinaryComponents":false,"strictCompatibility":true,"locales":[],"targetApplications":[{"id":"{ec8030f7-c20a-464f-9b0e-13a3a9e97384}","minVersion":"55.0.3","maxVersion":"55.0.3"}],"targetPlatforms":[],"seen":true,"dependencies":[],"hasEmbeddedWebExtension":false,"userPermissions":null,"icons":{},"iconURL":"chrome://browser/content/default-theme-icon.svg","icon64URL":null}
1527664604475	DeferredSave.extensions.json	DEBUG	Save changes
1527664604475	addons.xpi	DEBUG	Updating XPIState for {"id":"e10srollout@mozilla.org","syncGUID":"{251c2e7f-1a5c-4f52-bf1f-5c970a11af51}","location":"app-system-defaults","version":"2.0","type":"extension","internalName":null,"updateURL":null,"updateKey":null,"optionsURL":null,"optionsType":null,"aboutURL":null,"defaultLocale":{"name":"Multi-process staged rollout","description":"Staged rollout of Firefox multi-process feature.","creator":null,"homepageURL":null},"visible":true,"active":true,"userDisabled":false,"appDisabled":false,"installDate":1503580993000,"updateDate":1503580993000,"applyBackgroundUpdates":1,"bootstrap":true,"path":"/opt/firefox/browser/features/e10srollout@mozilla.org.xpi","skinnable":false,"size":13287,"sourceURI":null,"releaseNotesURI":null,"softDisabled":false,"foreignInstall":false,"hasBinaryComponents":false,"strictCompatibility":false,"locales":[],"targetApplications":[{"id":"{ec8030f7-c20a-464f-9b0e-13a3a9e97384}","minVersion":"55.0.3","maxVersion":"55.*"}],"targetPlatforms":[],"multiprocessCompatible":true,"seen":true,"dependencies":[],"hasEmbeddedWebExtension":false,"mpcOptedOut":false,"userPermissions":null,"icons":{},"iconURL":null,"icon64URL":null}
1527664604476	addons.xpi	DEBUG	Updating XPIState for {"id":"firefox@getpocket.com","syncGUID":"{db88225e-5596-49e1-89d6-d11ef45a182e}","location":"app-system-defaults","version":"1.0.5","type":"extension","internalName":null,"updateURL":null,"updateKey":null,"optionsURL":null,"optionsType":null,"aboutURL":null,"defaultLocale":{"name":"Pocket","description":"When you find something you want to view later, put it in Pocket.","creator":null,"homepageURL":null},"visible":true,"active":true,"userDisabled":false,"appDisabled":false,"installDate":1503580993000,"updateDate":1503580993000,"applyBackgroundUpdates":1,"bootstrap":true,"path":"/opt/firefox/browser/features/firefox@getpocket.com.xpi","skinnable":false,"size":855802,"sourceURI":null,"releaseNotesURI":null,"softDisabled":false,"foreignInstall":false,"hasBinaryComponents":false,"strictCompatibility":false,"locales":[],"targetApplications":[{"id":"{ec8030f7-c20a-464f-9b0e-13a3a9e97384}","minVersion":"55.0.3","maxVersion":"55.*"}],"targetPlatforms":[],"multiprocessCompatible":true,"seen":true,"dependencies":[],"hasEmbeddedWebExtension":false,"mpcOptedOut":false,"userPermissions":null,"icons":{},"iconURL":null,"icon64URL":null}
1527664604476	addons.xpi	DEBUG	Updating XPIState for {"id":"clicktoplay-rollout@mozilla.org","syncGUID":"{33ddde87-f47b-4adb-9886-32a262c7071d}","location":"app-system-defaults","version":"1.2","type":"extension","internalName":null,"updateURL":null,"updateKey":null,"optionsURL":null,"optionsType":null,"aboutURL":null,"defaultLocale":{"name":"Click-to-Play staged rollout","description":"Staged rollout for Click-to-Play Flash.","creator":null,"homepageURL":null},"visible":true,"active":true,"userDisabled":false,"appDisabled":false,"installDate":1503580993000,"updateDate":1503580993000,"applyBackgroundUpdates":1,"bootstrap":true,"path":"/opt/firefox/browser/features/clicktoplay-rollout@mozilla.org.xpi","skinnable":false,"size":5621,"sourceURI":null,"releaseNotesURI":null,"softDisabled":false,"foreignInstall":false,"hasBinaryComponents":false,"strictCompatibility":false,"locales":[],"targetApplications":[{"id":"{ec8030f7-c20a-464f-9b0e-13a3a9e97384}","minVersion":"55.0.3","maxVersion":"55.*"}],"targetPlatforms":[],"multiprocessCompatible":true,"seen":true,"dependencies":[],"hasEmbeddedWebExtension":false,"mpcOptedOut":false,"userPermissions":null,"icons":{},"iconURL":null,"icon64URL":null}
1527664604476	addons.xpi	DEBUG	Updating XPIState for {"id":"screenshots@mozilla.org","syncGUID":"{db8d35f3-189a-4564-ab54-7b161e9d5f60}","location":"app-system-defaults","version":"10.12.0","type":"extension","internalName":null,"updateURL":null,"updateKey":null,"optionsURL":null,"optionsType":null,"aboutURL":null,"defaultLocale":{"name":"Firefox Screenshots","description":null,"creator":null,"homepageURL":"https://pageshot.net/"},"visible":true,"active":true,"userDisabled":false,"appDisabled":false,"installDate":1503580993000,"updateDate":1503580993000,"applyBackgroundUpdates":1,"bootstrap":true,"path":"/opt/firefox/browser/features/screenshots@mozilla.org.xpi","skinnable":false,"size":714554,"sourceURI":null,"releaseNotesURI":null,"softDisabled":false,"foreignInstall":false,"hasBinaryComponents":false,"strictCompatibility":false,"locales":[],"targetApplications":[{"id":"{ec8030f7-c20a-464f-9b0e-13a3a9e97384}","minVersion":"51.0a1","maxVersion":"*"}],"targetPlatforms":[],"multiprocessCompatible":true,"seen":true,"dependencies":[],"hasEmbeddedWebExtension":false,"mpcOptedOut":false,"userPermissions":null,"icons":{},"iconURL":null,"icon64URL":null}
1527664604478	addons.xpi	DEBUG	Updating XPIState for {"id":"aushelper@mozilla.org","syncGUID":"{c6a8c869-a48a-4b48-8e6d-2b85feec87a8}","location":"app-system-defaults","version":"2.0","type":"extension","internalName":null,"updateURL":null,"updateKey":null,"optionsURL":null,"optionsType":null,"aboutURL":null,"defaultLocale":{"name":"Application Update Service Helper","description":"Sets value(s) in the update url based on custom checks.","creator":null,"homepageURL":null},"visible":true,"active":true,"userDisabled":false,"appDisabled":false,"installDate":1503580993000,"updateDate":1503580993000,"applyBackgroundUpdates":1,"bootstrap":true,"path":"/opt/firefox/browser/features/aushelper@mozilla.org.xpi","skinnable":false,"size":8488,"sourceURI":null,"releaseNotesURI":null,"softDisabled":false,"foreignInstall":false,"hasBinaryComponents":false,"strictCompatibility":false,"locales":[],"targetApplications":[{"id":"{ec8030f7-c20a-464f-9b0e-13a3a9e97384}","minVersion":"55.0.3","maxVersion":"55.*"}],"targetPlatforms":[],"multiprocessCompatible":true,"seen":true,"dependencies":[],"hasEmbeddedWebExtension":false,"mpcOptedOut":false,"userPermissions":null,"icons":{},"iconURL":null,"icon64URL":null}
1527664604479	addons.xpi	DEBUG	Updating XPIState for {"id":"webcompat@mozilla.org","syncGUID":"{7daef6d9-a41b-42ce-912b-a6ae9c773bd8}","location":"app-system-defaults","version":"1.1","type":"extension","internalName":null,"updateURL":null,"updateKey":null,"optionsURL":null,"optionsType":null,"aboutURL":null,"defaultLocale":{"name":"Web Compat","description":"Urgent post-release fixes for web compatibility.","creator":null,"homepageURL":null},"visible":true,"active":true,"userDisabled":false,"appDisabled":false,"installDate":1503580993000,"updateDate":1503580993000,"applyBackgroundUpdates":1,"bootstrap":true,"path":"/opt/firefox/browser/features/webcompat@mozilla.org.xpi","skinnable":false,"size":8992,"sourceURI":null,"releaseNotesURI":null,"softDisabled":false,"foreignInstall":false,"hasBinaryComponents":false,"strictCompatibility":false,"locales":[],"targetApplications":[{"id":"{ec8030f7-c20a-464f-9b0e-13a3a9e97384}","minVersion":"55.0.3","maxVersion":"55.*"}],"targetPlatforms":[],"multiprocessCompatible":true,"seen":true,"dependencies":[],"hasEmbeddedWebExtension":false,"mpcOptedOut":false,"userPermissions":null,"icons":{},"iconURL":null,"icon64URL":null}
1527664604480	addons.xpi	DEBUG	Updating XPIState for {"id":"followonsearch@mozilla.com","syncGUID":"{fab2497c-c399-4ab3-955d-437cd16be2a8}","location":"app-system-defaults","version":"0.9.1","type":"extension","internalName":null,"updateURL":null,"updateKey":null,"optionsURL":null,"optionsType":null,"aboutURL":null,"defaultLocale":{"name":"Follow-on Search Telemetry","description":null,"creator":null,"homepageURL":null},"visible":true,"active":true,"userDisabled":false,"appDisabled":false,"installDate":1503580993000,"updateDate":1503580993000,"applyBackgroundUpdates":1,"bootstrap":true,"path":"/opt/firefox/browser/features/followonsearch@mozilla.com.xpi","skinnable":false,"size":16730,"sourceURI":null,"releaseNotesURI":null,"softDisabled":false,"foreignInstall":false,"hasBinaryComponents":false,"strictCompatibility":false,"locales":[],"targetApplications":[{"id":"{ec8030f7-c20a-464f-9b0e-13a3a9e97384}","minVersion":"52.0","maxVersion":"59.*"}],"targetPlatforms":[],"multiprocessCompatible":true,"seen":true,"dependencies":[],"hasEmbeddedWebExtension":false,"mpcOptedOut":false,"userPermissions":null,"icons":{},"iconURL":null,"icon64URL":null}
1527664604480	addons.xpi	DEBUG	Updating XPIState for {"id":"shield-recipe-client@mozilla.org","syncGUID":"{5858988c-c04a-40db-a267-a3f0de7c623d}","location":"app-system-defaults","version":"55.1","type":"extension","internalName":null,"updateURL":null,"updateKey":null,"optionsURL":null,"optionsType":null,"aboutURL":null,"defaultLocale":{"name":"Shield Recipe Client","description":"Client to download and run recipes for SHIELD, Heartbeat, etc.","creator":null,"homepageURL":null},"visible":true,"active":true,"userDisabled":false,"appDisabled":false,"installDate":1503580993000,"updateDate":1503580993000,"applyBackgroundUpdates":1,"bootstrap":true,"path":"/opt/firefox/browser/features/shield-recipe-client@mozilla.org.xpi","skinnable":false,"size":140305,"sourceURI":null,"releaseNotesURI":null,"softDisabled":false,"foreignInstall":false,"hasBinaryComponents":false,"strictCompatibility":false,"locales":[],"targetApplications":[{"id":"{ec8030f7-c20a-464f-9b0e-13a3a9e97384}","minVersion":"55.0.3","maxVersion":"55.*"}],"targetPlatforms":[],"multiprocessCompatible":true,"seen":true,"dependencies":[],"hasEmbeddedWebExtension":false,"mpcOptedOut":false,"userPermissions":null,"icons":{},"iconURL":null,"icon64URL":null}
1527664604481	addons.xpi	DEBUG	Updating XPIState for {"id":"{972ce4c6-7e08-4474-a285-3208198ce6fd}","syncGUID":"{d1463584-efb2-4319-82e8-6af1252e0637}","location":"app-global","version":"55.0.3","type":"theme","internalName":"classic/1.0","updateURL":null,"updateKey":null,"optionsURL":null,"optionsType":null,"optionsBrowserStyle":null,"aboutURL":null,"defaultLocale":{"name":"Default","description":"The default theme.","creator":"Mozilla","homepageURL":null,"contributors":["Mozilla Contributors"]},"visible":true,"active":true,"userDisabled":false,"appDisabled":false,"installDate":1503580993000,"updateDate":1503580993000,"applyBackgroundUpdates":1,"path":"/opt/firefox/browser/extensions/{972ce4c6-7e08-4474-a285-3208198ce6fd}.xpi","skinnable":true,"size":2918,"sourceURI":null,"releaseNotesURI":null,"softDisabled":false,"foreignInstall":false,"hasBinaryComponents":false,"strictCompatibility":true,"locales":[],"targetApplications":[{"id":"{ec8030f7-c20a-464f-9b0e-13a3a9e97384}","minVersion":"55.0.3","maxVersion":"55.0.3"}],"targetPlatforms":[],"seen":true,"dependencies":[],"hasEmbeddedWebExtension":false,"userPermissions":null,"icons":{},"iconURL":"chrome://browser/content/default-theme-icon.svg","icon64URL":null}
1527664604481	DeferredSave.extensions.json	DEBUG	Save changes
1527664604482	addons.xpi	DEBUG	Updating database with changes to installed add-ons
1527664604482	addons.xpi-utils	DEBUG	Updating add-on states
1527664604488	addons.xpi	DEBUG	Registering manifest for /opt/firefox/browser/features/aushelper@mozilla.org.xpi
1527664604489	addons.xpi	DEBUG	Calling bootstrap method startup on aushelper@mozilla.org version 2.0
1527664604490	addons.xpi	DEBUG	Registering manifest for /opt/firefox/browser/features/clicktoplay-rollout@mozilla.org.xpi
1527664604491	addons.xpi	DEBUG	Calling bootstrap method startup on clicktoplay-rollout@mozilla.org version 1.2
1527664604614	addons.xpi	DEBUG	Registering manifest for /opt/firefox/browser/features/e10srollout@mozilla.org.xpi
1527664604615	addons.xpi	DEBUG	Calling bootstrap method startup on e10srollout@mozilla.org version 2.0
1527664604616	addons.xpi	DEBUG	Registering manifest for /opt/firefox/browser/features/firefox@getpocket.com.xpi
1527664604617	addons.xpi	DEBUG	Calling bootstrap method startup on firefox@getpocket.com version 1.0.5
1527664604668	addons.xpi	DEBUG	Registering manifest for /opt/firefox/browser/features/followonsearch@mozilla.com.xpi
1527664604669	addons.xpi	DEBUG	Calling bootstrap method startup on followonsearch@mozilla.com version 0.9.1
1527664604669	addons.xpi	DEBUG	Registering manifest for /opt/firefox/browser/features/screenshots@mozilla.org.xpi
1527664604670	addons.xpi	DEBUG	Calling bootstrap method startup on screenshots@mozilla.org version 10.12.0
1527664604671	addons.xpi	DEBUG	Registering manifest for /opt/firefox/browser/features/shield-recipe-client@mozilla.org.xpi
1527664604671	addons.xpi	DEBUG	Calling bootstrap method startup on shield-recipe-client@mozilla.org version 55.1
1527664604682	addons.xpi	DEBUG	Registering manifest for /opt/firefox/browser/features/webcompat@mozilla.org.xpi
1527664604682	addons.xpi	DEBUG	Calling bootstrap method startup on webcompat@mozilla.org version 1.1
1527664604691	addons.manager	DEBUG	Registering shutdown blocker for XPIProvider
1527664604691	addons.manager	DEBUG	Provider finished startup: XPIProvider
1527664604692	addons.manager	DEBUG	Starting provider: LightweightThemeManager
1527664604692	addons.manager	DEBUG	Registering shutdown blocker for LightweightThemeManager
1527664604693	addons.manager	DEBUG	Provider finished startup: LightweightThemeManager
1527664604695	addons.manager	DEBUG	Starting provider: GMPProvider
1527664604700	addons.manager	DEBUG	Registering shutdown blocker for GMPProvider
1527664604700	addons.manager	DEBUG	Provider finished startup: GMPProvider
1527664604701	addons.manager	DEBUG	Starting provider: PluginProvider
1527664604701	addons.manager	DEBUG	Registering shutdown blocker for PluginProvider
1527664604702	addons.manager	DEBUG	Provider finished startup: PluginProvider
1527664604702	addons.manager	DEBUG	Completed startup sequence
1527664605008	Marionette	INFO	Enabled via --marionette
1527664605463	addons.manager	DEBUG	Starting provider: PreviousExperimentProvider
1527664605463	addons.manager	DEBUG	Registering shutdown blocker for PreviousExperimentProvider
1527664605464	addons.manager	DEBUG	Provider finished startup: PreviousExperimentProvider
1527664605466	DeferredSave.extensions.json	DEBUG	Starting write
1527664605578	DeferredSave.extensions.json	DEBUG	Write succeeded
1527664605578	addons.xpi-utils	DEBUG	XPI Database saved, setting schema version preference to 21
1527664606939	addons.manager	DEBUG	Starting provider: <unnamed-provider>
1527664606939	addons.manager	DEBUG	Registering shutdown blocker for <unnamed-provider>
1527664606940	addons.manager	DEBUG	Provider finished startup: <unnamed-provider>
1527664606944	addons.xpi	INFO	Mapping e10srollout@mozilla.org to /opt/firefox/browser/features/e10srollout@mozilla.org.xpi
1527664606945	addons.xpi	INFO	Mapping firefox@getpocket.com to /opt/firefox/browser/features/firefox@getpocket.com.xpi
1527664606945	addons.xpi	INFO	Mapping clicktoplay-rollout@mozilla.org to /opt/firefox/browser/features/clicktoplay-rollout@mozilla.org.xpi
1527664606945	addons.xpi	INFO	Mapping screenshots@mozilla.org to /opt/firefox/browser/features/screenshots@mozilla.org.xpi
1527664606945	addons.xpi	INFO	Mapping aushelper@mozilla.org to /opt/firefox/browser/features/aushelper@mozilla.org.xpi
1527664606945	addons.xpi	INFO	Mapping webcompat@mozilla.org to /opt/firefox/browser/features/webcompat@mozilla.org.xpi
1527664606945	addons.xpi	INFO	Mapping followonsearch@mozilla.com to /opt/firefox/browser/features/followonsearch@mozilla.com.xpi
1527664606945	addons.xpi	INFO	Mapping shield-recipe-client@mozilla.org to /opt/firefox/browser/features/shield-recipe-client@mozilla.org.xpi
1527664606946	addons.xpi	DEBUG	Existing add-on e10srollout@mozilla.org in app-system-defaults
1527664606947	addons.xpi	DEBUG	Existing add-on firefox@getpocket.com in app-system-defaults
1527664606947	addons.xpi	DEBUG	Existing add-on clicktoplay-rollout@mozilla.org in app-system-defaults
1527664606947	addons.xpi	DEBUG	Existing add-on screenshots@mozilla.org in app-system-defaults
1527664606947	addons.xpi	DEBUG	Existing add-on aushelper@mozilla.org in app-system-defaults
1527664606948	addons.xpi	DEBUG	Existing add-on webcompat@mozilla.org in app-system-defaults
1527664606948	addons.xpi	DEBUG	Existing add-on followonsearch@mozilla.com in app-system-defaults
1527664606948	addons.xpi	DEBUG	Existing add-on shield-recipe-client@mozilla.org in app-system-defaults
1527664606948	addons.xpi	INFO	Mapping {972ce4c6-7e08-4474-a285-3208198ce6fd} to /opt/firefox/browser/extensions/{972ce4c6-7e08-4474-a285-3208198ce6fd}.xpi
1527664606949	addons.xpi	DEBUG	Existing add-on {972ce4c6-7e08-4474-a285-3208198ce6fd} in app-global
1527664606949	addons.xpi	DEBUG	getInstallState changed: false, state: {}
1527664607494	addons.productaddons	INFO	sending request to: https://aus5.mozilla.org/update/3/GMP/55.0.3/20170824123605/Linux_x86_64-gcc3/en-US/release/Linux%204.13.0-43-generic%20(GTK%203.18.9%2Clibpulse%208.0.0)/default/default/update.xml
1527664607633	Marionette	INFO	Listening on port 32971
1527664607645	Marionette	WARN	TLS certificate errors will be ignored for this session
JavaScript error: chrome://marionette/content/server.js, line 337: NS_ERROR_SOCKET_ADDRESS_IN_USE: Component returned failure code: 0x804b0036 (NS_ERROR_SOCKET_ADDRESS_IN_USE) [nsIServerSocket.initSpecialConnection]
1527664607689	Marionette	DEBUG	loaded listener.js
May 30, 2018 12:46:47 PM org.openqa.selenium.remote.ProtocolHandshake createSession
INFO: Detected dialect: W3C
1527664607833	geckodriver	INFO	geckodriver 0.20.0
1527664607841	geckodriver	INFO	Listening on 127.0.0.1:17754
1527664607863	mozrunner::runner	INFO	Running command: "/opt/firefox/firefox" "-marionette" "-profile" "/tmp/rust_mozprofile.i9vSPK0jOgKZ"
1527664608112	addons.manager	DEBUG	Application has been upgraded
1527664608136	addons.manager	DEBUG	Loaded provider scope for resource://gre/modules/addons/XPIProvider.jsm: ["XPIProvider", "XPIInternal"]
1527664608141	addons.manager	DEBUG	Loaded provider scope for resource://gre/modules/LightweightThemeManager.jsm: ["LightweightThemeManager"]
1527664608180	addons.manager	DEBUG	Loaded provider scope for resource://gre/modules/addons/GMPProvider.jsm
1527664608188	addons.manager	DEBUG	Loaded provider scope for resource://gre/modules/addons/PluginProvider.jsm
1527664608189	addons.manager	DEBUG	Starting provider: XPIProvider
1527664608190	addons.xpi	DEBUG	startup
1527664608191	addons.xpi	INFO	SystemAddonInstallLocation directory is missing
1527664608191	addons.xpi	INFO	Removing all system add-on upgrades.
1527664608193	addons.xpi	DEBUG	checkForChanges
1527664608194	addons.xpi	WARN	Error parsing extensions state: [Exception... "Component returned failure code: 0x80520012 (NS_ERROR_FILE_NOT_FOUND) [amIAddonManagerStartup.readStartupData]"  nsresult: "0x80520012 (NS_ERROR_FILE_NOT_FOUND)"  location: "JS frame :: resource://gre/modules/addons/XPIProvider.jsm :: loadExtensionState :: line 1596"  data: no] Stack trace: loadExtensionState()@resource://gre/modules/addons/XPIProvider.jsm:1596 < getInstallState()@resource://gre/modules/addons/XPIProvider.jsm:1631 < checkForChanges()@resource://gre/modules/addons/XPIProvider.jsm:3152 < startup()@resource://gre/modules/addons/XPIProvider.jsm:2246 < callProvider()@resource://gre/modules/AddonManager.jsm:271 < _startProvider()@resource://gre/modules/AddonManager.jsm:741 < startup()@resource://gre/modules/AddonManager.jsm:908 < startup()@resource://gre/modules/AddonManager.jsm:3122 < observe()@jar:file:///opt/firefox/omni.ja!/components/addonManager.js:65
1527664608200	addons.xpi	DEBUG	Loaded add-on state: ${}
1527664608203	addons.xpi	INFO	Mapping e10srollout@mozilla.org to /opt/firefox/browser/features/e10srollout@mozilla.org.xpi
1527664608203	addons.xpi	INFO	Mapping firefox@getpocket.com to /opt/firefox/browser/features/firefox@getpocket.com.xpi
1527664608204	addons.xpi	INFO	Mapping clicktoplay-rollout@mozilla.org to /opt/firefox/browser/features/clicktoplay-rollout@mozilla.org.xpi
1527664608204	addons.xpi	INFO	Mapping screenshots@mozilla.org to /opt/firefox/browser/features/screenshots@mozilla.org.xpi
1527664608205	addons.xpi	INFO	Mapping aushelper@mozilla.org to /opt/firefox/browser/features/aushelper@mozilla.org.xpi
1527664608206	addons.xpi	INFO	Mapping webcompat@mozilla.org to /opt/firefox/browser/features/webcompat@mozilla.org.xpi
1527664608207	addons.xpi	INFO	Mapping followonsearch@mozilla.com to /opt/firefox/browser/features/followonsearch@mozilla.com.xpi
1527664608207	addons.xpi	INFO	Mapping shield-recipe-client@mozilla.org to /opt/firefox/browser/features/shield-recipe-client@mozilla.org.xpi
1527664608208	addons.xpi	DEBUG	New add-on e10srollout@mozilla.org in app-system-defaults
1527664608209	addons.xpi	INFO	Mapping e10srollout@mozilla.org to /opt/firefox/browser/features/e10srollout@mozilla.org.xpi
1527664608211	addons.xpi	DEBUG	New add-on firefox@getpocket.com in app-system-defaults
1527664608223	addons.xpi	INFO	Mapping firefox@getpocket.com to /opt/firefox/browser/features/firefox@getpocket.com.xpi
1527664608224	addons.xpi	DEBUG	New add-on clicktoplay-rollout@mozilla.org in app-system-defaults
1527664608225	addons.xpi	INFO	Mapping clicktoplay-rollout@mozilla.org to /opt/firefox/browser/features/clicktoplay-rollout@mozilla.org.xpi
1527664608226	addons.xpi	DEBUG	New add-on screenshots@mozilla.org in app-system-defaults
1527664608227	addons.xpi	INFO	Mapping screenshots@mozilla.org to /opt/firefox/browser/features/screenshots@mozilla.org.xpi
1527664608227	addons.xpi	DEBUG	New add-on aushelper@mozilla.org in app-system-defaults
1527664608228	addons.xpi	INFO	Mapping aushelper@mozilla.org to /opt/firefox/browser/features/aushelper@mozilla.org.xpi
1527664608229	addons.xpi	DEBUG	New add-on webcompat@mozilla.org in app-system-defaults
1527664608229	addons.xpi	INFO	Mapping webcompat@mozilla.org to /opt/firefox/browser/features/webcompat@mozilla.org.xpi
1527664608230	addons.xpi	DEBUG	New add-on followonsearch@mozilla.com in app-system-defaults
1527664608230	addons.xpi	INFO	Mapping followonsearch@mozilla.com to /opt/firefox/browser/features/followonsearch@mozilla.com.xpi
1527664608231	addons.xpi	DEBUG	New add-on shield-recipe-client@mozilla.org in app-system-defaults
1527664608232	addons.xpi	INFO	Mapping shield-recipe-client@mozilla.org to /opt/firefox/browser/features/shield-recipe-client@mozilla.org.xpi
1527664608233	addons.xpi	INFO	Mapping {972ce4c6-7e08-4474-a285-3208198ce6fd} to /opt/firefox/browser/extensions/{972ce4c6-7e08-4474-a285-3208198ce6fd}.xpi
1527664608233	addons.xpi	DEBUG	New add-on {972ce4c6-7e08-4474-a285-3208198ce6fd} in app-global
1527664608234	addons.xpi	INFO	Mapping {972ce4c6-7e08-4474-a285-3208198ce6fd} to /opt/firefox/browser/extensions/{972ce4c6-7e08-4474-a285-3208198ce6fd}.xpi
1527664608235	addons.xpi	DEBUG	getInstallState changed: true, state: {}
1527664608235	addons.xpi	INFO	SystemAddonInstallLocation directory is missing
1527664608246	addons.xpi-utils	DEBUG	Opening XPI database /tmp/rust_mozprofile.i9vSPK0jOgKZ/extensions.json
1527664608249	addons.xpi-utils	DEBUG	New add-on e10srollout@mozilla.org installed in app-system-defaults
*** Blocklist::_loadBlocklistFromFile: blocklist is disabled
1527664608280	DeferredSave.extensions.json	DEBUG	Save changes
1527664608282	addons.xpi-utils	DEBUG	New add-on firefox@getpocket.com installed in app-system-defaults
1527664608285	DeferredSave.extensions.json	DEBUG	Starting timer
1527664608290	DeferredSave.extensions.json	DEBUG	Save changes
1527664608290	addons.xpi-utils	DEBUG	New add-on clicktoplay-rollout@mozilla.org installed in app-system-defaults
1527664608294	DeferredSave.extensions.json	DEBUG	Save changes
1527664608294	addons.xpi-utils	DEBUG	New add-on screenshots@mozilla.org installed in app-system-defaults
1527664608299	DeferredSave.extensions.json	DEBUG	Save changes
1527664608299	addons.xpi-utils	DEBUG	New add-on aushelper@mozilla.org installed in app-system-defaults
1527664608301	DeferredSave.extensions.json	DEBUG	Save changes
1527664608302	addons.xpi-utils	DEBUG	New add-on webcompat@mozilla.org installed in app-system-defaults
1527664608306	DeferredSave.extensions.json	DEBUG	Save changes
1527664608306	addons.xpi-utils	DEBUG	New add-on followonsearch@mozilla.com installed in app-system-defaults
1527664608308	DeferredSave.extensions.json	DEBUG	Save changes
1527664608308	addons.xpi-utils	DEBUG	New add-on shield-recipe-client@mozilla.org installed in app-system-defaults
1527664608311	DeferredSave.extensions.json	DEBUG	Save changes
1527664608311	addons.xpi-utils	DEBUG	New add-on {972ce4c6-7e08-4474-a285-3208198ce6fd} installed in app-global
1527664608314	DeferredSave.extensions.json	DEBUG	Save changes
1527664608315	addons.manager	DEBUG	Registering startup change 'installed' for e10srollout@mozilla.org
1527664608328	addons.xpi	DEBUG	Loading bootstrap scope from /opt/firefox/browser/features/e10srollout@mozilla.org.xpi
1527664608330	addons.xpi	DEBUG	Calling bootstrap method install on e10srollout@mozilla.org version 2.0
1527664608331	addons.xpi-utils	DEBUG	Make addon app-system-defaults:e10srollout@mozilla.org visible
1527664608332	addons.xpi	DEBUG	Updating XPIState for {"id":"e10srollout@mozilla.org","syncGUID":"{e88ccd05-86ad-4f6c-bed7-95d44fe2c304}","location":"app-system-defaults","version":"2.0","type":"extension","internalName":null,"updateURL":null,"updateKey":null,"optionsURL":null,"optionsType":null,"aboutURL":null,"defaultLocale":{"name":"Multi-process staged rollout","description":"Staged rollout of Firefox multi-process feature.","creator":null,"homepageURL":null},"visible":true,"active":false,"userDisabled":false,"appDisabled":false,"installDate":1503580993000,"updateDate":1503580993000,"applyBackgroundUpdates":1,"bootstrap":true,"path":"/opt/firefox/browser/features/e10srollout@mozilla.org.xpi","skinnable":false,"size":13287,"sourceURI":null,"releaseNotesURI":null,"softDisabled":false,"foreignInstall":false,"hasBinaryComponents":false,"strictCompatibility":false,"locales":[],"targetApplications":[{"id":"{ec8030f7-c20a-464f-9b0e-13a3a9e97384}","minVersion":"55.0.3","maxVersion":"55.*"}],"targetPlatforms":[],"multiprocessCompatible":true,"seen":true,"dependencies":[],"hasEmbeddedWebExtension":false,"mpcOptedOut":false,"userPermissions":null,"icons":{},"iconURL":null,"icon64URL":null}
1527664608335	DeferredSave.extensions.json	DEBUG	Save changes
1527664608335	addons.manager	DEBUG	Registering startup change 'installed' for firefox@getpocket.com
1527664608336	addons.xpi	DEBUG	Loading bootstrap scope from /opt/firefox/browser/features/firefox@getpocket.com.xpi
1527664608344	addons.xpi	DEBUG	Calling bootstrap method install on firefox@getpocket.com version 1.0.5
1527664608344	addons.xpi-utils	DEBUG	Make addon app-system-defaults:firefox@getpocket.com visible
1527664608344	addons.xpi	DEBUG	Updating XPIState for {"id":"firefox@getpocket.com","syncGUID":"{25bbf026-d36d-4a10-9152-f46a5468f784}","location":"app-system-defaults","version":"1.0.5","type":"extension","internalName":null,"updateURL":null,"updateKey":null,"optionsURL":null,"optionsType":null,"aboutURL":null,"defaultLocale":{"name":"Pocket","description":"When you find something you want to view later, put it in Pocket.","creator":null,"homepageURL":null},"visible":true,"active":false,"userDisabled":false,"appDisabled":false,"installDate":1503580993000,"updateDate":1503580993000,"applyBackgroundUpdates":1,"bootstrap":true,"path":"/opt/firefox/browser/features/firefox@getpocket.com.xpi","skinnable":false,"size":855802,"sourceURI":null,"releaseNotesURI":null,"softDisabled":false,"foreignInstall":false,"hasBinaryComponents":false,"strictCompatibility":false,"locales":[],"targetApplications":[{"id":"{ec8030f7-c20a-464f-9b0e-13a3a9e97384}","minVersion":"55.0.3","maxVersion":"55.*"}],"targetPlatforms":[],"multiprocessCompatible":true,"seen":true,"dependencies":[],"hasEmbeddedWebExtension":false,"mpcOptedOut":false,"userPermissions":null,"icons":{},"iconURL":null,"icon64URL":null}
1527664608345	DeferredSave.extensions.json	DEBUG	Save changes
1527664608346	addons.manager	DEBUG	Registering startup change 'installed' for clicktoplay-rollout@mozilla.org
1527664608346	addons.xpi	DEBUG	Loading bootstrap scope from /opt/firefox/browser/features/clicktoplay-rollout@mozilla.org.xpi
1527664608364	addons.xpi	DEBUG	Calling bootstrap method install on clicktoplay-rollout@mozilla.org version 1.2
1527664608364	addons.xpi-utils	DEBUG	Make addon app-system-defaults:clicktoplay-rollout@mozilla.org visible
1527664608364	addons.xpi	DEBUG	Updating XPIState for {"id":"clicktoplay-rollout@mozilla.org","syncGUID":"{2c5d2bef-776b-49e1-b6a2-14b044e225c9}","location":"app-system-defaults","version":"1.2","type":"extension","internalName":null,"updateURL":null,"updateKey":null,"optionsURL":null,"optionsType":null,"aboutURL":null,"defaultLocale":{"name":"Click-to-Play staged rollout","description":"Staged rollout for Click-to-Play Flash.","creator":null,"homepageURL":null},"visible":true,"active":false,"userDisabled":false,"appDisabled":false,"installDate":1503580993000,"updateDate":1503580993000,"applyBackgroundUpdates":1,"bootstrap":true,"path":"/opt/firefox/browser/features/clicktoplay-rollout@mozilla.org.xpi","skinnable":false,"size":5621,"sourceURI":null,"releaseNotesURI":null,"softDisabled":false,"foreignInstall":false,"hasBinaryComponents":false,"strictCompatibility":false,"locales":[],"targetApplications":[{"id":"{ec8030f7-c20a-464f-9b0e-13a3a9e97384}","minVersion":"55.0.3","maxVersion":"55.*"}],"targetPlatforms":[],"multiprocessCompatible":true,"seen":true,"dependencies":[],"hasEmbeddedWebExtension":false,"mpcOptedOut":false,"userPermissions":null,"icons":{},"iconURL":null,"icon64URL":null}
1527664608365	DeferredSave.extensions.json	DEBUG	Save changes
1527664608365	addons.manager	DEBUG	Registering startup change 'installed' for screenshots@mozilla.org
1527664608366	addons.xpi	DEBUG	Loading bootstrap scope from /opt/firefox/browser/features/screenshots@mozilla.org.xpi
1527664608368	addons.xpi	DEBUG	Calling bootstrap method install on screenshots@mozilla.org version 10.12.0
1527664608368	addons.xpi-utils	DEBUG	Make addon app-system-defaults:screenshots@mozilla.org visible
1527664608368	addons.xpi	DEBUG	Updating XPIState for {"id":"screenshots@mozilla.org","syncGUID":"{2db784f7-2828-45e7-801c-05fa62cd8c13}","location":"app-system-defaults","version":"10.12.0","type":"extension","internalName":null,"updateURL":null,"updateKey":null,"optionsURL":null,"optionsType":null,"aboutURL":null,"defaultLocale":{"name":"Firefox Screenshots","description":null,"creator":null,"homepageURL":"https://pageshot.net/"},"visible":true,"active":false,"userDisabled":false,"appDisabled":false,"installDate":1503580993000,"updateDate":1503580993000,"applyBackgroundUpdates":1,"bootstrap":true,"path":"/opt/firefox/browser/features/screenshots@mozilla.org.xpi","skinnable":false,"size":714554,"sourceURI":null,"releaseNotesURI":null,"softDisabled":false,"foreignInstall":false,"hasBinaryComponents":false,"strictCompatibility":false,"locales":[],"targetApplications":[{"id":"{ec8030f7-c20a-464f-9b0e-13a3a9e97384}","minVersion":"51.0a1","maxVersion":"*"}],"targetPlatforms":[],"multiprocessCompatible":true,"seen":true,"dependencies":[],"hasEmbeddedWebExtension":false,"mpcOptedOut":false,"userPermissions":null,"icons":{},"iconURL":null,"icon64URL":null}
1527664608369	DeferredSave.extensions.json	DEBUG	Save changes
1527664608369	addons.manager	DEBUG	Registering startup change 'installed' for aushelper@mozilla.org
1527664608370	addons.xpi	DEBUG	Loading bootstrap scope from /opt/firefox/browser/features/aushelper@mozilla.org.xpi
1527664608372	addons.xpi	DEBUG	Calling bootstrap method install on aushelper@mozilla.org version 2.0
1527664608372	addons.xpi-utils	DEBUG	Make addon app-system-defaults:aushelper@mozilla.org visible
1527664608372	addons.xpi	DEBUG	Updating XPIState for {"id":"aushelper@mozilla.org","syncGUID":"{46236ff1-6715-4fb4-892d-356d871a443f}","location":"app-system-defaults","version":"2.0","type":"extension","internalName":null,"updateURL":null,"updateKey":null,"optionsURL":null,"optionsType":null,"aboutURL":null,"defaultLocale":{"name":"Application Update Service Helper","description":"Sets value(s) in the update url based on custom checks.","creator":null,"homepageURL":null},"visible":true,"active":false,"userDisabled":false,"appDisabled":false,"installDate":1503580993000,"updateDate":1503580993000,"applyBackgroundUpdates":1,"bootstrap":true,"path":"/opt/firefox/browser/features/aushelper@mozilla.org.xpi","skinnable":false,"size":8488,"sourceURI":null,"releaseNotesURI":null,"softDisabled":false,"foreignInstall":false,"hasBinaryComponents":false,"strictCompatibility":false,"locales":[],"targetApplications":[{"id":"{ec8030f7-c20a-464f-9b0e-13a3a9e97384}","minVersion":"55.0.3","maxVersion":"55.*"}],"targetPlatforms":[],"multiprocessCompatible":true,"seen":true,"dependencies":[],"hasEmbeddedWebExtension":false,"mpcOptedOut":false,"userPermissions":null,"icons":{},"iconURL":null,"icon64URL":null}
1527664608373	DeferredSave.extensions.json	DEBUG	Save changes
1527664608374	addons.manager	DEBUG	Registering startup change 'installed' for webcompat@mozilla.org
1527664608375	addons.xpi	DEBUG	Loading bootstrap scope from /opt/firefox/browser/features/webcompat@mozilla.org.xpi
1527664608377	addons.xpi	DEBUG	Calling bootstrap method install on webcompat@mozilla.org version 1.1
1527664608377	addons.xpi-utils	DEBUG	Make addon app-system-defaults:webcompat@mozilla.org visible
1527664608377	addons.xpi	DEBUG	Updating XPIState for {"id":"webcompat@mozilla.org","syncGUID":"{8c1c6211-d0e7-4e27-b87d-119b637da577}","location":"app-system-defaults","version":"1.1","type":"extension","internalName":null,"updateURL":null,"updateKey":null,"optionsURL":null,"optionsType":null,"aboutURL":null,"defaultLocale":{"name":"Web Compat","description":"Urgent post-release fixes for web compatibility.","creator":null,"homepageURL":null},"visible":true,"active":false,"userDisabled":false,"appDisabled":false,"installDate":1503580993000,"updateDate":1503580993000,"applyBackgroundUpdates":1,"bootstrap":true,"path":"/opt/firefox/browser/features/webcompat@mozilla.org.xpi","skinnable":false,"size":8992,"sourceURI":null,"releaseNotesURI":null,"softDisabled":false,"foreignInstall":false,"hasBinaryComponents":false,"strictCompatibility":false,"locales":[],"targetApplications":[{"id":"{ec8030f7-c20a-464f-9b0e-13a3a9e97384}","minVersion":"55.0.3","maxVersion":"55.*"}],"targetPlatforms":[],"multiprocessCompatible":true,"seen":true,"dependencies":[],"hasEmbeddedWebExtension":false,"mpcOptedOut":false,"userPermissions":null,"icons":{},"iconURL":null,"icon64URL":null}
1527664608378	DeferredSave.extensions.json	DEBUG	Save changes
1527664608378	addons.manager	DEBUG	Registering startup change 'installed' for followonsearch@mozilla.com
1527664608379	addons.xpi	DEBUG	Loading bootstrap scope from /opt/firefox/browser/features/followonsearch@mozilla.com.xpi
1527664608381	addons.xpi	DEBUG	Calling bootstrap method install on followonsearch@mozilla.com version 0.9.1
1527664608381	addons.xpi-utils	DEBUG	Make addon app-system-defaults:followonsearch@mozilla.com visible
1527664608381	addons.xpi	DEBUG	Updating XPIState for {"id":"followonsearch@mozilla.com","syncGUID":"{89184581-616d-4d9c-8f91-ffe9db61ccf0}","location":"app-system-defaults","version":"0.9.1","type":"extension","internalName":null,"updateURL":null,"updateKey":null,"optionsURL":null,"optionsType":null,"aboutURL":null,"defaultLocale":{"name":"Follow-on Search Telemetry","description":null,"creator":null,"homepageURL":null},"visible":true,"active":false,"userDisabled":false,"appDisabled":false,"installDate":1503580993000,"updateDate":1503580993000,"applyBackgroundUpdates":1,"bootstrap":true,"path":"/opt/firefox/browser/features/followonsearch@mozilla.com.xpi","skinnable":false,"size":16730,"sourceURI":null,"releaseNotesURI":null,"softDisabled":false,"foreignInstall":false,"hasBinaryComponents":false,"strictCompatibility":false,"locales":[],"targetApplications":[{"id":"{ec8030f7-c20a-464f-9b0e-13a3a9e97384}","minVersion":"52.0","maxVersion":"59.*"}],"targetPlatforms":[],"multiprocessCompatible":true,"seen":true,"dependencies":[],"hasEmbeddedWebExtension":false,"mpcOptedOut":false,"userPermissions":null,"icons":{},"iconURL":null,"icon64URL":null}
1527664608382	DeferredSave.extensions.json	DEBUG	Save changes
1527664608382	addons.manager	DEBUG	Registering startup change 'installed' for shield-recipe-client@mozilla.org
1527664608384	addons.xpi	DEBUG	Loading bootstrap scope from /opt/firefox/browser/features/shield-recipe-client@mozilla.org.xpi
1527664608386	addons.xpi	DEBUG	Calling bootstrap method install on shield-recipe-client@mozilla.org version 55.1
1527664608386	addons.xpi-utils	DEBUG	Make addon app-system-defaults:shield-recipe-client@mozilla.org visible
1527664608387	addons.xpi	DEBUG	Updating XPIState for {"id":"shield-recipe-client@mozilla.org","syncGUID":"{cadf8315-298d-411c-bef7-5c566ca2d961}","location":"app-system-defaults","version":"55.1","type":"extension","internalName":null,"updateURL":null,"updateKey":null,"optionsURL":null,"optionsType":null,"aboutURL":null,"defaultLocale":{"name":"Shield Recipe Client","description":"Client to download and run recipes for SHIELD, Heartbeat, etc.","creator":null,"homepageURL":null},"visible":true,"active":false,"userDisabled":false,"appDisabled":false,"installDate":1503580993000,"updateDate":1503580993000,"applyBackgroundUpdates":1,"bootstrap":true,"path":"/opt/firefox/browser/features/shield-recipe-client@mozilla.org.xpi","skinnable":false,"size":140305,"sourceURI":null,"releaseNotesURI":null,"softDisabled":false,"foreignInstall":false,"hasBinaryComponents":false,"strictCompatibility":false,"locales":[],"targetApplications":[{"id":"{ec8030f7-c20a-464f-9b0e-13a3a9e97384}","minVersion":"55.0.3","maxVersion":"55.*"}],"targetPlatforms":[],"multiprocessCompatible":true,"seen":true,"dependencies":[],"hasEmbeddedWebExtension":false,"mpcOptedOut":false,"userPermissions":null,"icons":{},"iconURL":null,"icon64URL":null}
1527664608387	DeferredSave.extensions.json	DEBUG	Save changes
1527664608388	addons.xpi-utils	DEBUG	Make addon app-global:{972ce4c6-7e08-4474-a285-3208198ce6fd} visible
1527664608388	addons.xpi	DEBUG	Updating XPIState for {"id":"{972ce4c6-7e08-4474-a285-3208198ce6fd}","syncGUID":"{649189c0-9127-4b8e-8ca7-cfd1802c8bf0}","location":"app-global","version":"55.0.3","type":"theme","internalName":"classic/1.0","updateURL":null,"updateKey":null,"optionsURL":null,"optionsType":null,"optionsBrowserStyle":null,"aboutURL":null,"defaultLocale":{"name":"Default","description":"The default theme.","creator":"Mozilla","homepageURL":null,"contributors":["Mozilla Contributors"]},"visible":true,"active":false,"userDisabled":false,"appDisabled":false,"installDate":1503580993000,"updateDate":1503580993000,"applyBackgroundUpdates":1,"path":"/opt/firefox/browser/extensions/{972ce4c6-7e08-4474-a285-3208198ce6fd}.xpi","skinnable":true,"size":2918,"sourceURI":null,"releaseNotesURI":null,"softDisabled":false,"foreignInstall":false,"hasBinaryComponents":false,"strictCompatibility":true,"locales":[],"targetApplications":[{"id":"{ec8030f7-c20a-464f-9b0e-13a3a9e97384}","minVersion":"55.0.3","maxVersion":"55.0.3"}],"targetPlatforms":[],"seen":true,"dependencies":[],"hasEmbeddedWebExtension":false,"userPermissions":null,"icons":{},"iconURL":"chrome://browser/content/default-theme-icon.svg","icon64URL":null}
1527664608389	DeferredSave.extensions.json	DEBUG	Save changes
1527664608389	addons.xpi	DEBUG	Updating XPIState for {"id":"e10srollout@mozilla.org","syncGUID":"{e88ccd05-86ad-4f6c-bed7-95d44fe2c304}","location":"app-system-defaults","version":"2.0","type":"extension","internalName":null,"updateURL":null,"updateKey":null,"optionsURL":null,"optionsType":null,"aboutURL":null,"defaultLocale":{"name":"Multi-process staged rollout","description":"Staged rollout of Firefox multi-process feature.","creator":null,"homepageURL":null},"visible":true,"active":true,"userDisabled":false,"appDisabled":false,"installDate":1503580993000,"updateDate":1503580993000,"applyBackgroundUpdates":1,"bootstrap":true,"path":"/opt/firefox/browser/features/e10srollout@mozilla.org.xpi","skinnable":false,"size":13287,"sourceURI":null,"releaseNotesURI":null,"softDisabled":false,"foreignInstall":false,"hasBinaryComponents":false,"strictCompatibility":false,"locales":[],"targetApplications":[{"id":"{ec8030f7-c20a-464f-9b0e-13a3a9e97384}","minVersion":"55.0.3","maxVersion":"55.*"}],"targetPlatforms":[],"multiprocessCompatible":true,"seen":true,"dependencies":[],"hasEmbeddedWebExtension":false,"mpcOptedOut":false,"userPermissions":null,"icons":{},"iconURL":null,"icon64URL":null}
1527664608390	addons.xpi	DEBUG	Updating XPIState for {"id":"firefox@getpocket.com","syncGUID":"{25bbf026-d36d-4a10-9152-f46a5468f784}","location":"app-system-defaults","version":"1.0.5","type":"extension","internalName":null,"updateURL":null,"updateKey":null,"optionsURL":null,"optionsType":null,"aboutURL":null,"defaultLocale":{"name":"Pocket","description":"When you find something you want to view later, put it in Pocket.","creator":null,"homepageURL":null},"visible":true,"active":true,"userDisabled":false,"appDisabled":false,"installDate":1503580993000,"updateDate":1503580993000,"applyBackgroundUpdates":1,"bootstrap":true,"path":"/opt/firefox/browser/features/firefox@getpocket.com.xpi","skinnable":false,"size":855802,"sourceURI":null,"releaseNotesURI":null,"softDisabled":false,"foreignInstall":false,"hasBinaryComponents":false,"strictCompatibility":false,"locales":[],"targetApplications":[{"id":"{ec8030f7-c20a-464f-9b0e-13a3a9e97384}","minVersion":"55.0.3","maxVersion":"55.*"}],"targetPlatforms":[],"multiprocessCompatible":true,"seen":true,"dependencies":[],"hasEmbeddedWebExtension":false,"mpcOptedOut":false,"userPermissions":null,"icons":{},"iconURL":null,"icon64URL":null}
1527664608390	addons.xpi	DEBUG	Updating XPIState for {"id":"clicktoplay-rollout@mozilla.org","syncGUID":"{2c5d2bef-776b-49e1-b6a2-14b044e225c9}","location":"app-system-defaults","version":"1.2","type":"extension","internalName":null,"updateURL":null,"updateKey":null,"optionsURL":null,"optionsType":null,"aboutURL":null,"defaultLocale":{"name":"Click-to-Play staged rollout","description":"Staged rollout for Click-to-Play Flash.","creator":null,"homepageURL":null},"visible":true,"active":true,"userDisabled":false,"appDisabled":false,"installDate":1503580993000,"updateDate":1503580993000,"applyBackgroundUpdates":1,"bootstrap":true,"path":"/opt/firefox/browser/features/clicktoplay-rollout@mozilla.org.xpi","skinnable":false,"size":5621,"sourceURI":null,"releaseNotesURI":null,"softDisabled":false,"foreignInstall":false,"hasBinaryComponents":false,"strictCompatibility":false,"locales":[],"targetApplications":[{"id":"{ec8030f7-c20a-464f-9b0e-13a3a9e97384}","minVersion":"55.0.3","maxVersion":"55.*"}],"targetPlatforms":[],"multiprocessCompatible":true,"seen":true,"dependencies":[],"hasEmbeddedWebExtension":false,"mpcOptedOut":false,"userPermissions":null,"icons":{},"iconURL":null,"icon64URL":null}
1527664608391	addons.xpi	DEBUG	Updating XPIState for {"id":"screenshots@mozilla.org","syncGUID":"{2db784f7-2828-45e7-801c-05fa62cd8c13}","location":"app-system-defaults","version":"10.12.0","type":"extension","internalName":null,"updateURL":null,"updateKey":null,"optionsURL":null,"optionsType":null,"aboutURL":null,"defaultLocale":{"name":"Firefox Screenshots","description":null,"creator":null,"homepageURL":"https://pageshot.net/"},"visible":true,"active":true,"userDisabled":false,"appDisabled":false,"installDate":1503580993000,"updateDate":1503580993000,"applyBackgroundUpdates":1,"bootstrap":true,"path":"/opt/firefox/browser/features/screenshots@mozilla.org.xpi","skinnable":false,"size":714554,"sourceURI":null,"releaseNotesURI":null,"softDisabled":false,"foreignInstall":false,"hasBinaryComponents":false,"strictCompatibility":false,"locales":[],"targetApplications":[{"id":"{ec8030f7-c20a-464f-9b0e-13a3a9e97384}","minVersion":"51.0a1","maxVersion":"*"}],"targetPlatforms":[],"multiprocessCompatible":true,"seen":true,"dependencies":[],"hasEmbeddedWebExtension":false,"mpcOptedOut":false,"userPermissions":null,"icons":{},"iconURL":null,"icon64URL":null}
1527664608393	addons.xpi	DEBUG	Updating XPIState for {"id":"aushelper@mozilla.org","syncGUID":"{46236ff1-6715-4fb4-892d-356d871a443f}","location":"app-system-defaults","version":"2.0","type":"extension","internalName":null,"updateURL":null,"updateKey":null,"optionsURL":null,"optionsType":null,"aboutURL":null,"defaultLocale":{"name":"Application Update Service Helper","description":"Sets value(s) in the update url based on custom checks.","creator":null,"homepageURL":null},"visible":true,"active":true,"userDisabled":false,"appDisabled":false,"installDate":1503580993000,"updateDate":1503580993000,"applyBackgroundUpdates":1,"bootstrap":true,"path":"/opt/firefox/browser/features/aushelper@mozilla.org.xpi","skinnable":false,"size":8488,"sourceURI":null,"releaseNotesURI":null,"softDisabled":false,"foreignInstall":false,"hasBinaryComponents":false,"strictCompatibility":false,"locales":[],"targetApplications":[{"id":"{ec8030f7-c20a-464f-9b0e-13a3a9e97384}","minVersion":"55.0.3","maxVersion":"55.*"}],"targetPlatforms":[],"multiprocessCompatible":true,"seen":true,"dependencies":[],"hasEmbeddedWebExtension":false,"mpcOptedOut":false,"userPermissions":null,"icons":{},"iconURL":null,"icon64URL":null}
1527664608395	addons.xpi	DEBUG	Updating XPIState for {"id":"webcompat@mozilla.org","syncGUID":"{8c1c6211-d0e7-4e27-b87d-119b637da577}","location":"app-system-defaults","version":"1.1","type":"extension","internalName":null,"updateURL":null,"updateKey":null,"optionsURL":null,"optionsType":null,"aboutURL":null,"defaultLocale":{"name":"Web Compat","description":"Urgent post-release fixes for web compatibility.","creator":null,"homepageURL":null},"visible":true,"active":true,"userDisabled":false,"appDisabled":false,"installDate":1503580993000,"updateDate":1503580993000,"applyBackgroundUpdates":1,"bootstrap":true,"path":"/opt/firefox/browser/features/webcompat@mozilla.org.xpi","skinnable":false,"size":8992,"sourceURI":null,"releaseNotesURI":null,"softDisabled":false,"foreignInstall":false,"hasBinaryComponents":false,"strictCompatibility":false,"locales":[],"targetApplications":[{"id":"{ec8030f7-c20a-464f-9b0e-13a3a9e97384}","minVersion":"55.0.3","maxVersion":"55.*"}],"targetPlatforms":[],"multiprocessCompatible":true,"seen":true,"dependencies":[],"hasEmbeddedWebExtension":false,"mpcOptedOut":false,"userPermissions":null,"icons":{},"iconURL":null,"icon64URL":null}
1527664608396	addons.xpi	DEBUG	Updating XPIState for {"id":"followonsearch@mozilla.com","syncGUID":"{89184581-616d-4d9c-8f91-ffe9db61ccf0}","location":"app-system-defaults","version":"0.9.1","type":"extension","internalName":null,"updateURL":null,"updateKey":null,"optionsURL":null,"optionsType":null,"aboutURL":null,"defaultLocale":{"name":"Follow-on Search Telemetry","description":null,"creator":null,"homepageURL":null},"visible":true,"active":true,"userDisabled":false,"appDisabled":false,"installDate":1503580993000,"updateDate":1503580993000,"applyBackgroundUpdates":1,"bootstrap":true,"path":"/opt/firefox/browser/features/followonsearch@mozilla.com.xpi","skinnable":false,"size":16730,"sourceURI":null,"releaseNotesURI":null,"softDisabled":false,"foreignInstall":false,"hasBinaryComponents":false,"strictCompatibility":false,"locales":[],"targetApplications":[{"id":"{ec8030f7-c20a-464f-9b0e-13a3a9e97384}","minVersion":"52.0","maxVersion":"59.*"}],"targetPlatforms":[],"multiprocessCompatible":true,"seen":true,"dependencies":[],"hasEmbeddedWebExtension":false,"mpcOptedOut":false,"userPermissions":null,"icons":{},"iconURL":null,"icon64URL":null}
1527664608396	addons.xpi	DEBUG	Updating XPIState for {"id":"shield-recipe-client@mozilla.org","syncGUID":"{cadf8315-298d-411c-bef7-5c566ca2d961}","location":"app-system-defaults","version":"55.1","type":"extension","internalName":null,"updateURL":null,"updateKey":null,"optionsURL":null,"optionsType":null,"aboutURL":null,"defaultLocale":{"name":"Shield Recipe Client","description":"Client to download and run recipes for SHIELD, Heartbeat, etc.","creator":null,"homepageURL":null},"visible":true,"active":true,"userDisabled":false,"appDisabled":false,"installDate":1503580993000,"updateDate":1503580993000,"applyBackgroundUpdates":1,"bootstrap":true,"path":"/opt/firefox/browser/features/shield-recipe-client@mozilla.org.xpi","skinnable":false,"size":140305,"sourceURI":null,"releaseNotesURI":null,"softDisabled":false,"foreignInstall":false,"hasBinaryComponents":false,"strictCompatibility":false,"locales":[],"targetApplications":[{"id":"{ec8030f7-c20a-464f-9b0e-13a3a9e97384}","minVersion":"55.0.3","maxVersion":"55.*"}],"targetPlatforms":[],"multiprocessCompatible":true,"seen":true,"dependencies":[],"hasEmbeddedWebExtension":false,"mpcOptedOut":false,"userPermissions":null,"icons":{},"iconURL":null,"icon64URL":null}
1527664608396	addons.xpi	DEBUG	Updating XPIState for {"id":"{972ce4c6-7e08-4474-a285-3208198ce6fd}","syncGUID":"{649189c0-9127-4b8e-8ca7-cfd1802c8bf0}","location":"app-global","version":"55.0.3","type":"theme","internalName":"classic/1.0","updateURL":null,"updateKey":null,"optionsURL":null,"optionsType":null,"optionsBrowserStyle":null,"aboutURL":null,"defaultLocale":{"name":1527664608478	addons.productaddons	INFO	Completed downloading document
"Default","description":"The default theme.","creator":"Mozilla","homepageURL":null,"contributors":["Mozilla Contributors"]},"visible":true,"active":true,"userDisabled":false,"appDisabled":false,"installDate":1503580993000,"updateDate":1503580993000,"applyBackgroundUpdates":1,"path":"/opt/firefox/browser/extensions/{972ce4c6-7e08-4474-a285-3208198ce6fd}.xpi","skinnable":true,"size":2918,"sourceURI":null,"releaseNotesURI":null,"softDisabled":false,"foreignInstall":false,"hasBinaryComponents":false,"strictCompatibility":true,"locales":[],"targetApplications":[{"id":"{ec8030f7-c20a-464f-9b0e-13a3a9e97384}","minVersion":"55.0.3","maxVersion":"55.0.3"}],"targetPlatforms":[],"seen":true,"dependencies":[],"hasEmbeddedWebExtension":false,"userPermissions":null,"icons":{},"iconURL":"chrome://browser/content/default-theme-icon.svg","icon64URL":null}
1527664608397	DeferredSave.extensions.json	DEBUG	Save changes
1527664608397	addons.xpi	DEBUG	Updating database with changes to installed add-ons
1527664608397	addons.xpi-utils	DEBUG	Updating add-on states
1527664608403	addons.xpi	DEBUG	Registering manifest for /opt/firefox/browser/features/aushelper@mozilla.org.xpi
1527664608404	addons.xpi	DEBUG	Calling bootstrap method startup on aushelper@mozilla.org version 2.0
1527664608405	addons.xpi	DEBUG	Registering manifest for /opt/firefox/browser/features/clicktoplay-rollout@mozilla.org.xpi
1527664608406	addons.xpi	DEBUG	Calling bootstrap method startup on clicktoplay-rollout@mozilla.org version 1.2
1527664608513	addons.xpi	DEBUG	Registering manifest for /opt/firefox/browser/features/e10srollout@mozilla.org.xpi
1527664608514	addons.xpi	DEBUG	Calling bootstrap method startup on e10srollout@mozilla.org version 2.0
1527664608514	addons.xpi	DEBUG	Registering manifest for /opt/firefox/browser/features/firefox@getpocket.com.xpi
1527664608514	addons.xpi	DEBUG	Calling bootstrap method startup on firefox@getpocket.com version 1.0.5
1527664608552	addons.xpi	DEBUG	Registering manifest for /opt/firefox/browser/features/followonsearch@mozilla.com.xpi
1527664608553	addons.xpi	DEBUG	Calling bootstrap method startup on followonsearch@mozilla.com version 0.9.1
1527664608554	addons.xpi	DEBUG	Registering manifest for /opt/firefox/browser/features/screenshots@mozilla.org.xpi
1527664608556	addons.xpi	DEBUG	Calling bootstrap method startup on screenshots@mozilla.org version 10.12.0
1527664608557	addons.xpi	DEBUG	Registering manifest for /opt/firefox/browser/features/shield-recipe-client@mozilla.org.xpi
1527664608558	addons.xpi	DEBUG	Calling bootstrap method startup on shield-recipe-client@mozilla.org version 55.1
1527664608566	addons.xpi	DEBUG	Registering manifest for /opt/firefox/browser/features/webcompat@mozilla.org.xpi
1527664608566	addons.xpi	DEBUG	Calling bootstrap method startup on webcompat@mozilla.org version 1.1
1527664608573	addons.manager	DEBUG	Registering shutdown blocker for XPIProvider
1527664608574	addons.manager	DEBUG	Provider finished startup: XPIProvider
1527664608574	addons.manager	DEBUG	Starting provider: LightweightThemeManager
1527664608574	addons.manager	DEBUG	Registering shutdown blocker for LightweightThemeManager
1527664608575	addons.manager	DEBUG	Provider finished startup: LightweightThemeManager
1527664608576	addons.manager	DEBUG	Starting provider: GMPProvider
1527664608580	addons.manager	DEBUG	Registering shutdown blocker for GMPProvider
1527664608581	addons.manager	DEBUG	Provider finished startup: GMPProvider
1527664608581	addons.manager	DEBUG	Starting provider: PluginProvider
1527664608581	addons.manager	DEBUG	Registering shutdown blocker for PluginProvider
1527664608581	addons.manager	DEBUG	Provider finished startup: PluginProvider
1527664608582	addons.manager	DEBUG	Completed startup sequence
1527664608875	Marionette	INFO	Enabled via --marionette
1527664609309	addons.xpi	DEBUG	Calling bootstrap method shutdown on webcompat@mozilla.org version 1.1
1527664609309	addons.xpi	DEBUG	Calling bootstrap method shutdown on shield-recipe-client@mozilla.org version 55.1
1527664609312	addons.xpi	DEBUG	Calling bootstrap method shutdown on screenshots@mozilla.org version 10.12.0
1527664609313	addons.xpi	DEBUG	Calling bootstrap method shutdown on followonsearch@mozilla.com version 0.9.1
1527664609313	addons.xpi	DEBUG	Calling bootstrap method shutdown on firefox@getpocket.com version 1.0.5
1527664609313	addons.xpi	DEBUG	Calling bootstrap method shutdown on e10srollout@mozilla.org version 2.0
1527664609313	addons.xpi	DEBUG	Calling bootstrap method shutdown on clicktoplay-rollout@mozilla.org version 1.2
1527664609314	addons.xpi	DEBUG	Calling bootstrap method shutdown on aushelper@mozilla.org version 2.0
1527664609478	addons.productaddons	WARN	Failed downloading via XHR, status: 0, reason: error
1527664609600	addons.manager	DEBUG	Starting provider: PreviousExperimentProvider
1527664609600	addons.manager	DEBUG	Registering shutdown blocker for PreviousExperimentProvider
1527664609601	addons.manager	DEBUG	Provider finished startup: PreviousExperimentProvider
1527664609604	DeferredSave.extensions.json	DEBUG	Starting write
1527664609655	addons.manager	DEBUG	shutdown
1527664609658	addons.manager	DEBUG	Calling shutdown blocker for XPIProvider
1527664609658	addons.xpi	DEBUG	shutdown
1527664609658	addons.xpi-utils	DEBUG	shutdown
1527664609659	addons.manager	DEBUG	Calling shutdown blocker for LightweightThemeManager
1527664609660	addons.manager	DEBUG	Calling shutdown blocker for GMPProvider
1527664609662	addons.manager	DEBUG	Calling shutdown blocker for PluginProvider
1527664609663	addons.manager	DEBUG	Calling shutdown blocker for PreviousExperimentProvider
1527664609664	addons.manager	DEBUG	Calling shutdown blocker for <unnamed-provider>
1527664609675	addons.xpi	DEBUG	Notifying XPI shutdown observers
1527664609684	addons.manager	DEBUG	Async provider shutdown done
1527664609754	DeferredSave.extensions.json	DEBUG	Write succeeded
1527664609754	addons.xpi-utils	DEBUG	XPI Database saved, setting schema version preference to 21
1527664611216	addons.manager	DEBUG	Starting provider: <unnamed-provider>
1527664611216	addons.manager	DEBUG	Registering shutdown blocker for <unnamed-provider>
1527664611216	addons.manager	DEBUG	Provider finished startup: <unnamed-provider>
1527664611219	addons.xpi	INFO	Mapping e10srollout@mozilla.org to /opt/firefox/browser/features/e10srollout@mozilla.org.xpi
1527664611220	addons.xpi	INFO	Mapping firefox@getpocket.com to /opt/firefox/browser/features/firefox@getpocket.com.xpi
1527664611220	addons.xpi	INFO	Mapping clicktoplay-rollout@mozilla.org to /opt/firefox/browser/features/clicktoplay-rollout@mozilla.org.xpi
1527664611220	addons.xpi	INFO	Mapping screenshots@mozilla.org to /opt/firefox/browser/features/screenshots@mozilla.org.xpi
1527664611220	addons.xpi	INFO	Mapping aushelper@mozilla.org to /opt/firefox/browser/features/aushelper@mozilla.org.xpi
1527664611220	addons.xpi	INFO	Mapping webcompat@mozilla.org to /opt/firefox/browser/features/webcompat@mozilla.org.xpi
1527664611220	addons.xpi	INFO	Mapping followonsearch@mozilla.com to /opt/firefox/browser/features/followonsearch@mozilla.com.xpi
1527664611220	addons.xpi	INFO	Mapping shield-recipe-client@mozilla.org to /opt/firefox/browser/features/shield-recipe-client@mozilla.org.xpi
1527664611221	addons.xpi	DEBUG	Existing add-on e10srollout@mozilla.org in app-system-defaults
1527664611221	addons.xpi	DEBUG	Existing add-on firefox@getpocket.com in app-system-defaults
1527664611221	addons.xpi	DEBUG	Existing add-on clicktoplay-rollout@mozilla.org in app-system-defaults
1527664611222	addons.xpi	DEBUG	Existing add-on screenshots@mozilla.org in app-system-defaults
1527664611222	addons.xpi	DEBUG	Existing add-on aushelper@mozilla.org in app-system-defaults
1527664611222	addons.xpi	DEBUG	Existing add-on webcompat@mozilla.org in app-system-defaults
1527664611222	addons.xpi	DEBUG	Existing add-on followonsearch@mozilla.com in app-system-defaults
1527664611223	addons.xpi	DEBUG	Existing add-on shield-recipe-client@mozilla.org in app-system-defaults
1527664611223	addons.xpi	INFO	Mapping {972ce4c6-7e08-4474-a285-3208198ce6fd} to /opt/firefox/browser/extensions/{972ce4c6-7e08-4474-a285-3208198ce6fd}.xpi
1527664611223	addons.xpi	DEBUG	Existing add-on {972ce4c6-7e08-4474-a285-3208198ce6fd} in app-global
1527664611223	addons.xpi	DEBUG	getInstallState changed: false, state: {}
1527664611712	addons.productaddons	INFO	sending request to: https://aus5.mozilla.org/update/3/GMP/55.0.3/20170824123605/Linux_x86_64-gcc3/en-US/release/Linux%204.13.0-43-generic%20(GTK%203.18.9%2Clibpulse%208.0.0)/default/default/update.xml
1527664611864	Marionette	INFO	Listening on port 33759
JavaScript error: chrome://marionette/content/server.js, line 337: NS_ERROR_SOCKET_ADDRESS_IN_USE: Component returned failure code: 0x804b0036 (NS_ERROR_SOCKET_ADDRESS_IN_USE) [nsIServerSocket.initSpecialConnection]
1527664611893	Marionette	WARN	TLS certificate errors will be ignored for this session
1527664611939	Marionette	DEBUG	loaded listener.js
May 30, 2018 12:46:51 PM org.openqa.selenium.remote.ProtocolHandshake createSession
INFO: Detected dialect: W3C
1527664612040	Marionette	DEBUG	Received DOM event "beforeunload" for "about:blank"
1527664612520	Marionette	DEBUG	Received DOM event "pagehide" for "about:blank"
1527664612520	Marionette	DEBUG	Received DOM event "unload" for "about:blank"
1527664612771	addons.productaddons	INFO	Completed downloading document
1527664613242	Marionette	DEBUG	Received DOM event "DOMContentLoaded" for "https://www.peopleonline.co.in/"
1527664613245	Marionette	DEBUG	Received DOM event "pageshow" for "https://www.peopleonline.co.in/"
1527664613904	addons.xpi	DEBUG	Calling bootstrap method shutdown on webcompat@mozilla.org version 1.1
1527664613904	addons.xpi	DEBUG	Calling bootstrap method shutdown on shield-recipe-client@mozilla.org version 55.1
1527664613908	addons.xpi	DEBUG	Calling bootstrap method shutdown on screenshots@mozilla.org version 10.12.0
1527664613910	addons.xpi	DEBUG	Calling bootstrap method shutdown on followonsearch@mozilla.com version 0.9.1
1527664613911	addons.xpi	DEBUG	Calling bootstrap method shutdown on firefox@getpocket.com version 1.0.5
1527664613912	addons.xpi	DEBUG	Calling bootstrap method shutdown on e10srollout@mozilla.org version 2.0
1527664613915	addons.xpi	DEBUG	Calling bootsJavaScript error: https://cdn.trackjs.com/releases/current/tracker.js, line 7: NS_ERROR_NOT_INITIALIZED: 
trap method shutdown on clicktoplay-rollout@mozilla.org version 1.2
1527664613916	addons.xpi	DEBUG	Calling bootstrap method shutdown on aushelper@mozilla.org version 2.0
JavaScript error: https://cdn.trackjs.com/releases/current/tracker.js, line 36: Error: TrackJS Caught: [Exception... "Component not initialized"  nsresult: "0xc1f30001 (NS_ERROR_NOT_INITIALIZED)"  location: "JS frame :: https://cdn.trackjs.com/releases/current/tracker.js :: wrapTimer/</< :: line 7"  data: no]
JavaScript error: chrome://followonsearch/content/followonsearch-fs.js?q=0.8001941969925696, line 230: TypeError: win is null
1527664613958	Marionette	DEBUG	Received DOM event "DOMContentLoaded" for "https://www.peopleonline.co.in/"
1527664613959	Marionette	DEBUG	Received observer notification "outer-window-destroyed" for "2147483653"
1527664613961	Marionette	DEBUG	Received observer notification "outer-window-destroyed" for "2147483649"
1527664614061	addons.productaddons	WARN	Failed downloading via XHR, status: 0, reason: error
[Parent 5683] WARNING: pipe error (73): Connection reset by peer: file /home/worker/workspace/build/src/ipc/chromium/src/chrome/common/ipc_channel_posix.cc, line 353
1527664614217	addons.manager	DEBUG	shutdown
1527664614218	addons.manager	DEBUG	Calling shutdown blocker for XPIProvider
1527664614218	addons.xpi	DEBUG	shutdown
1527664614219	addons.xpi-utils	DEBUG	shutdown
1527664614220	addons.manager	DEBUG	Calling shutdown blocker for LightweightThemeManager
1527664614221	addons.manager	DEBUG	Calling shutdown blocker for GMPProvider
1527664614222	addons.manager	DEBUG	Calling shutdown blocker for PluginProvider
1527664614223	addons.manager	DEBUG	Calling shutdown blocker for PreviousExperimentProvider
1527664614223	addons.manager	DEBUG	Calling shutdown blocker for <unnamed-provider>
1527664614227	addons.xpi	DEBUG	Notifying XPI shutdown observers
1527664614236	addons.manager	DEBUG	Async provider shutdown done
1527664614991	geckodriver::marionette	ERROR	Failed to stop browser process
]]></system-err>
  </testcase>
  <testcase name="tearDown" classname="com.services.test.TestPeopleInfo" time="2.969">
    <failure message="Tried to run command without establishing a connection&#10;Build info: version: &apos;3.11.0&apos;, revision: &apos;e59cfb3&apos;, time: &apos;2018-03-11T20:26:55.152Z&apos;&#10;System info: host: &apos;streamoid-ThinkPad-T440s&apos;, ip: &apos;127.0.1.1&apos;, os.name: &apos;Linux&apos;, os.arch: &apos;amd64&apos;, os.version: &apos;4.13.0-43-generic&apos;, java.version: &apos;1.8.0_171&apos;&#10;Driver info: org.openqa.selenium.firefox.FirefoxDriver&#10;Capabilities {acceptInsecureCerts: true, browserName: firefox, browserVersion: 55.0.3, javascriptEnabled: true, moz:accessibilityChecks: false, moz:processID: 5683, moz:profile: /tmp/rust_mozprofile.i9vSPK..., pageLoadStrategy: normal, platform: LINUX, platformName: LINUX, platformVersion: 4.13.0-43-generic, rotatable: false, specificationLevel: 0, timeouts: {implicit: 0, pageLoad: 300000, script: 30000}}&#10;Session ID: c3d83c93-0255-4323-b63a-d453acd2a19c" type="org.openqa.selenium.SessionNotCreatedException">org.openqa.selenium.SessionNotCreatedException: 
Tried to run command without establishing a connection
Build info: version: '3.11.0', revision: 'e59cfb3', time: '2018-03-11T20:26:55.152Z'
System info: host: 'streamoid-ThinkPad-T440s', ip: '127.0.1.1', os.name: 'Linux', os.arch: 'amd64', os.version: '4.13.0-43-generic', java.version: '1.8.0_171'
Driver info: org.openqa.selenium.firefox.FirefoxDriver
Capabilities {acceptInsecureCerts: true, browserName: firefox, browserVersion: 55.0.3, javascriptEnabled: true, moz:accessibilityChecks: false, moz:processID: 5683, moz:profile: /tmp/rust_mozprofile.i9vSPK..., pageLoadStrategy: normal, platform: LINUX, platformName: LINUX, platformVersion: 4.13.0-43-generic, rotatable: false, specificationLevel: 0, timeouts: {implicit: 0, pageLoad: 300000, script: 30000}}
Session ID: c3d83c93-0255-4323-b63a-d453acd2a19c
	at com.services.test.TestPeopleInfo.tearDown(TestPeopleInfo.java:146)
</failure>
  </testcase>
  <testcase name="tearDown" classname="com.services.test.TestPeopleInfo" time="0">
    <skipped/>
  </testcase>
  <testcase name="testFabIndia" classname="com.services.test.TestFabIndiaInfo" time="18.097">
    <failure message="Failed to decode response from marionette&#10;Build info: version: &apos;3.11.0&apos;, revision: &apos;e59cfb3&apos;, time: &apos;2018-03-11T20:26:55.152Z&apos;&#10;System info: host: &apos;streamoid-ThinkPad-T440s&apos;, ip: &apos;127.0.1.1&apos;, os.name: &apos;Linux&apos;, os.arch: &apos;amd64&apos;, os.version: &apos;4.13.0-43-generic&apos;, java.version: &apos;1.8.0_171&apos;&#10;Driver info: org.openqa.selenium.firefox.FirefoxDriver&#10;Capabilities {acceptInsecureCerts: true, browserName: firefox, browserVersion: 55.0.3, javascriptEnabled: true, moz:accessibilityChecks: false, moz:processID: 5909, moz:profile: /tmp/rust_mozprofile.xccYcB..., pageLoadStrategy: normal, platform: LINUX, platformName: LINUX, platformVersion: 4.13.0-43-generic, rotatable: false, specificationLevel: 0, timeouts: {implicit: 0, pageLoad: 300000, script: 30000}}&#10;Session ID: a1a9d6bd-b97e-4d03-88c4-9e59eceba54a" type="org.openqa.selenium.WebDriverException">org.openqa.selenium.WebDriverException: 
Failed to decode response from marionette
Build info: version: '3.11.0', revision: 'e59cfb3', time: '2018-03-11T20:26:55.152Z'
System info: host: 'streamoid-ThinkPad-T440s', ip: '127.0.1.1', os.name: 'Linux', os.arch: 'amd64', os.version: '4.13.0-43-generic', java.version: '1.8.0_171'
Driver info: org.openqa.selenium.firefox.FirefoxDriver
Capabilities {acceptInsecureCerts: true, browserName: firefox, browserVersion: 55.0.3, javascriptEnabled: true, moz:accessibilityChecks: false, moz:processID: 5909, moz:profile: /tmp/rust_mozprofile.xccYcB..., pageLoadStrategy: normal, platform: LINUX, platformName: LINUX, platformVersion: 4.13.0-43-generic, rotatable: false, specificationLevel: 0, timeouts: {implicit: 0, pageLoad: 300000, script: 30000}}
Session ID: a1a9d6bd-b97e-4d03-88c4-9e59eceba54a
	at com.services.test.TestFabIndiaInfo.testFabIndia(TestFabIndiaInfo.java:74)
</failure>
    <system-err><![CDATA[1527664615010	geckodriver	INFO	geckodriver 0.20.0
1527664615015	geckodriver	INFO	Listening on 127.0.0.1:8529
1527664615033	mozrunner::runner	INFO	Running command: "/opt/firefox/firefox" "-marionette" "-profile" "/tmp/rust_mozprofile.RGePWc5CqWIq"
1527664615232	addons.manager	DEBUG	Application has been upgraded
1527664615254	addons.manager	DEBUG	Loaded provider scope for resource://gre/modules/addons/XPIProvider.jsm: ["XPIProvider", "XPIInternal"]
1527664615258	addons.manager	DEBUG	Loaded provider scope for resource://gre/modules/LightweightThemeManager.jsm: ["LightweightThemeManager"]
1527664615285	addons.manager	DEBUG	Loaded provider scope for resource://gre/modules/addons/GMPProvider.jsm
1527664615288	addons.manager	DEBUG	Loaded provider scope for resource://gre/modules/addons/PluginProvider.jsm
1527664615289	addons.manager	DEBUG	Starting provider: XPIProvider
1527664615289	addons.xpi	DEBUG	startup
1527664615290	addons.xpi	INFO	SystemAddonInstallLocation directory is missing
1527664615290	addons.xpi	INFO	Removing all system add-on upgrades.
1527664615292	addons.xpi	DEBUG	checkForChanges
1527664615292	addons.xpi	WARN	Error parsing extensions state: [Exception... "Component returned failure code: 0x80520012 (NS_ERROR_FILE_NOT_FOUND) [amIAddonManagerStartup.readStartupData]"  nsresult: "0x80520012 (NS_ERROR_FILE_NOT_FOUND)"  location: "JS frame :: resource://gre/modules/addons/XPIProvider.jsm :: loadExtensionState :: line 1596"  data: no] Stack trace: loadExtensionState()@resource://gre/modules/addons/XPIProvider.jsm:1596 < getInstallState()@resource://gre/modules/addons/XPIProvider.jsm:1631 < checkForChanges()@resource://gre/modules/addons/XPIProvider.jsm:3152 < startup()@resource://gre/modules/addons/XPIProvider.jsm:2246 < callProvider()@resource://gre/modules/AddonManager.jsm:271 < _startProvider()@resource://gre/modules/AddonManager.jsm:741 < startup()@resource://gre/modules/AddonManager.jsm:908 < startup()@resource://gre/modules/AddonManager.jsm:3122 < observe()@jar:file:///opt/firefox/omni.ja!/components/addonManager.js:65
1527664615295	addons.xpi	DEBUG	Loaded add-on state: ${}
1527664615297	addons.xpi	INFO	Mapping e10srollout@mozilla.org to /opt/firefox/browser/features/e10srollout@mozilla.org.xpi
1527664615297	addons.xpi	INFO	Mapping firefox@getpocket.com to /opt/firefox/browser/features/firefox@getpocket.com.xpi
1527664615297	addons.xpi	INFO	Mapping clicktoplay-rollout@mozilla.org to /opt/firefox/browser/features/clicktoplay-rollout@mozilla.org.xpi
1527664615298	addons.xpi	INFO	Mapping screenshots@mozilla.org to /opt/firefox/browser/features/screenshots@mozilla.org.xpi
1527664615298	addons.xpi	INFO	Mapping aushelper@mozilla.org to /opt/firefox/browser/features/aushelper@mozilla.org.xpi
1527664615298	addons.xpi	INFO	Mapping webcompat@mozilla.org to /opt/firefox/browser/features/webcompat@mozilla.org.xpi
1527664615301	addons.xpi	INFO	Mapping followonsearch@mozilla.com to /opt/firefox/browser/features/followonsearch@mozilla.com.xpi
1527664615302	addons.xpi	INFO	Mapping shield-recipe-client@mozilla.org to /opt/firefox/browser/features/shield-recipe-client@mozilla.org.xpi
1527664615304	addons.xpi	DEBUG	New add-on e10srollout@mozilla.org in app-system-defaults
1527664615306	addons.xpi	INFO	Mapping e10srollout@mozilla.org to /opt/firefox/browser/features/e10srollout@mozilla.org.xpi
1527664615307	addons.xpi	DEBUG	New add-on firefox@getpocket.com in app-system-defaults
1527664615308	addons.xpi	INFO	Mapping firefox@getpocket.com to /opt/firefox/browser/features/firefox@getpocket.com.xpi
1527664615308	addons.xpi	DEBUG	New add-on clicktoplay-rollout@mozilla.org in app-system-defaults
1527664615309	addons.xpi	INFO	Mapping clicktoplay-rollout@mozilla.org to /opt/firefox/browser/features/clicktoplay-rollout@mozilla.org.xpi
1527664615309	addons.xpi	DEBUG	New add-on screenshots@mozilla.org in app-system-defaults
1527664615309	addons.xpi	INFO	Mapping screenshots@mozilla.org to /opt/firefox/browser/features/screenshots@mozilla.org.xpi
1527664615310	addons.xpi	DEBUG	New add-on aushelper@mozilla.org in app-system-defaults
1527664615310	addons.xpi	INFO	Mapping aushelper@mozilla.org to /opt/firefox/browser/features/aushelper@mozilla.org.xpi
1527664615310	addons.xpi	DEBUG	New add-on webcompat@mozilla.org in app-system-defaults
1527664615310	addons.xpi	INFO	Mapping webcompat@mozilla.org to /opt/firefox/browser/features/webcompat@mozilla.org.xpi
1527664615311	addons.xpi	DEBUG	New add-on followonsearch@mozilla.com in app-system-defaults
1527664615311	addons.xpi	INFO	Mapping followonsearch@mozilla.com to /opt/firefox/browser/features/followonsearch@mozilla.com.xpi
1527664615311	addons.xpi	DEBUG	New add-on shield-recipe-client@mozilla.org in app-system-defaults
1527664615311	addons.xpi	INFO	Mapping shield-recipe-client@mozilla.org to /opt/firefox/browser/features/shield-recipe-client@mozilla.org.xpi
1527664615312	addons.xpi	INFO	Mapping {972ce4c6-7e08-4474-a285-3208198ce6fd} to /opt/firefox/browser/extensions/{972ce4c6-7e08-4474-a285-3208198ce6fd}.xpi
1527664615312	addons.xpi	DEBUG	New add-on {972ce4c6-7e08-4474-a285-3208198ce6fd} in app-global
1527664615312	addons.xpi	INFO	Mapping {972ce4c6-7e08-4474-a285-3208198ce6fd} to /opt/firefox/browser/extensions/{972ce4c6-7e08-4474-a285-3208198ce6fd}.xpi
1527664615312	addons.xpi	DEBUG	getInstallState changed: true, state: {}
1527664615313	addons.xpi	INFO	SystemAddonInstallLocation directory is missing
1527664615324	addons.xpi-utils	DEBUG	Opening XPI database /tmp/rust_mozprofile.RGePWc5CqWIq/extensions.json
1527664615326	addons.xpi-utils	DEBUG	New add-on e10srollout@mozilla.org installed in app-system-defaults
*** Blocklist::_loadBlocklistFromFile: blocklist is disabled
1527664615355	DeferredSave.extensions.json	DEBUG	Save changes
1527664615357	addons.xpi-utils	DEBUG	New add-on firefox@getpocket.com installed in app-system-defaults
1527664615359	DeferredSave.extensions.json	DEBUG	Starting timer
1527664615361	DeferredSave.extensions.json	DEBUG	Save changes
1527664615362	addons.xpi-utils	DEBUG	New add-on clicktoplay-rollout@mozilla.org installed in app-system-defaults
1527664615366	DeferredSave.extensions.json	DEBUG	Save changes
1527664615366	addons.xpi-utils	DEBUG	New add-on screenshots@mozilla.org installed in app-system-defaults
1527664615375	DeferredSave.extensions.json	DEBUG	Save changes
1527664615375	addons.xpi-utils	DEBUG	New add-on aushelper@mozilla.org installed in app-system-defaults
1527664615378	DeferredSave.extensions.json	DEBUG	Save changes
1527664615378	addons.xpi-utils	DEBUG	New add-on webcompat@mozilla.org installed in app-system-defaults
1527664615382	DeferredSave.extensions.json	DEBUG	Save changes
1527664615383	addons.xpi-utils	DEBUG	New add-on followonsearch@mozilla.com installed in app-system-defaults
1527664615385	DeferredSave.extensions.json	DEBUG	Save changes
1527664615385	addons.xpi-utils	DEBUG	New add-on shield-recipe-client@mozilla.org installed in app-system-defaults
1527664615388	DeferredSave.extensions.json	DEBUG	Save changes
1527664615388	addons.xpi-utils	DEBUG	New add-on {972ce4c6-7e08-4474-a285-3208198ce6fd} installed in app-global
1527664615391	DeferredSave.extensions.json	DEBUG	Save changes
1527664615392	addons.manager	DEBUG	Registering startup change 'installed' for e10srollout@mozilla.org
1527664615402	addons.xpi	DEBUG	Loading bootstrap scope from /opt/firefox/browser/features/e10srollout@mozilla.org.xpi
1527664615406	addons.xpi	DEBUG	Calling bootstrap method install on e10srollout@mozilla.org version 2.0
1527664615409	addons.xpi-utils	DEBUG	Make addon app-system-defaults:e10srollout@mozilla.org visible
1527664615410	addons.xpi	DEBUG	Updating XPIState for {"id":"e10srollout@mozilla.org","syncGUID":"{4aa46ca6-ab35-4632-83d4-6f0dd9fae4d2}","location":"app-system-defaults","version":"2.0","type":"extension","internalName":null,"updateURL":null,"updateKey":null,"optionsURL":null,"optionsType":null,"aboutURL":null,"defaultLocale":{"name":"Multi-process staged rollout","description":"Staged rollout of Firefox multi-process feature.","creator":null,"homepageURL":null},"visible":true,"active":false,"userDisabled":false,"appDisabled":false,"installDate":1503580993000,"updateDate":1503580993000,"applyBackgroundUpdates":1,"bootstrap":true,"path":"/opt/firefox/browser/features/e10srollout@mozilla.org.xpi","skinnable":false,"size":13287,"sourceURI":null,"releaseNotesURI":null,"softDisabled":false,"foreignInstall":false,"hasBinaryComponents":false,"strictCompatibility":false,"locales":[],"targetApplications":[{"id":"{ec8030f7-c20a-464f-9b0e-13a3a9e97384}","minVersion":"55.0.3","maxVersion":"55.*"}],"targetPlatforms":[],"multiprocessCompatible":true,"seen":true,"dependencies":[],"hasEmbeddedWebExtension":false,"mpcOptedOut":false,"userPermissions":null,"icons":{},"iconURL":null,"icon64URL":null}
1527664615413	DeferredSave.extensions.json	DEBUG	Save changes
1527664615414	addons.manager	DEBUG	Registering startup change 'installed' for firefox@getpocket.com
1527664615415	addons.xpi	DEBUG	Loading bootstrap scope from /opt/firefox/browser/features/firefox@getpocket.com.xpi
1527664615421	addons.xpi	DEBUG	Calling bootstrap method install on firefox@getpocket.com version 1.0.5
1527664615421	addons.xpi-utils	DEBUG	Make addon app-system-defaults:firefox@getpocket.com visible
1527664615421	addons.xpi	DEBUG	Updating XPIState for {"id":"firefox@getpocket.com","syncGUID":"{be9c3c04-23f1-467e-932e-6f3892fb52f2}","location":"app-system-defaults","version":"1.0.5","type":"extension","internalName":null,"updateURL":null,"updateKey":null,"optionsURL":null,"optionsType":null,"aboutURL":null,"defaultLocale":{"name":"Pocket","description":"When you find something you want to view later, put it in Pocket.","creator":null,"homepageURL":null},"visible":true,"active":false,"userDisabled":false,"appDisabled":false,"installDate":1503580993000,"updateDate":1503580993000,"applyBackgroundUpdates":1,"bootstrap":true,"path":"/opt/firefox/browser/features/firefox@getpocket.com.xpi","skinnable":false,"size":855802,"sourceURI":null,"releaseNotesURI":null,"softDisabled":false,"foreignInstall":false,"hasBinaryComponents":false,"strictCompatibility":false,"locales":[],"targetApplications":[{"id":"{ec8030f7-c20a-464f-9b0e-13a3a9e97384}","minVersion":"55.0.3","maxVersion":"55.*"}],"targetPlatforms":[],"multiprocessCompatible":true,"seen":true,"dependencies":[],"hasEmbeddedWebExtension":false,"mpcOptedOut":false,"userPermissions":null,"icons":{},"iconURL":null,"icon64URL":null}
1527664615422	DeferredSave.extensions.json	DEBUG	Save changes
1527664615422	addons.manager	DEBUG	Registering startup change 'installed' for clicktoplay-rollout@mozilla.org
1527664615423	addons.xpi	DEBUG	Loading bootstrap scope from /opt/firefox/browser/features/clicktoplay-rollout@mozilla.org.xpi
1527664615444	addons.xpi	DEBUG	Calling bootstrap method install on clicktoplay-rollout@mozilla.org version 1.2
1527664615444	addons.xpi-utils	DEBUG	Make addon app-system-defaults:clicktoplay-rollout@mozilla.org visible
1527664615444	addons.xpi	DEBUG	Updating XPIState for {"id":"clicktoplay-rollout@mozilla.org","syncGUID":"{49db1076-1fc7-413b-95e6-5bdfa68b0744}","location":"app-system-defaults","version":"1.2","type":"extension","internalName":null,"updateURL":null,"updateKey":null,"optionsURL":null,"optionsType":null,"aboutURL":null,"defaultLocale":{"name":"Click-to-Play staged rollout","description":"Staged rollout for Click-to-Play Flash.","creator":null,"homepageURL":null},"visible":true,"active":false,"userDisabled":false,"appDisabled":false,"installDate":1503580993000,"updateDate":1503580993000,"applyBackgroundUpdates":1,"bootstrap":true,"path":"/opt/firefox/browser/features/clicktoplay-rollout@mozilla.org.xpi","skinnable":false,"size":5621,"sourceURI":null,"releaseNotesURI":null,"softDisabled":false,"foreignInstall":false,"hasBinaryComponents":false,"strictCompatibility":false,"locales":[],"targetApplications":[{"id":"{ec8030f7-c20a-464f-9b0e-13a3a9e97384}","minVersion":"55.0.3","maxVersion":"55.*"}],"targetPlatforms":[],"multiprocessCompatible":true,"seen":true,"dependencies":[],"hasEmbeddedWebExtension":false,"mpcOptedOut":false,"userPermissions":null,"icons":{},"iconURL":null,"icon64URL":null}
1527664615445	DeferredSave.extensions.json	DEBUG	Save changes
1527664615445	addons.manager	DEBUG	Registering startup change 'installed' for screenshots@mozilla.org
1527664615446	addons.xpi	DEBUG	Loading bootstrap scope from /opt/firefox/browser/features/screenshots@mozilla.org.xpi
1527664615449	addons.xpi	DEBUG	Calling bootstrap method install on screenshots@mozilla.org version 10.12.0
1527664615449	addons.xpi-utils	DEBUG	Make addon app-system-defaults:screenshots@mozilla.org visible
1527664615450	addons.xpi	DEBUG	Updating XPIState for {"id":"screenshots@mozilla.org","syncGUID":"{f0e031bb-e8ae-438c-95c4-d0e18463aefb}","location":"app-system-defaults","version":"10.12.0","type":"extension","internalName":null,"updateURL":null,"updateKey":null,"optionsURL":null,"optionsType":null,"aboutURL":null,"defaultLocale":{"name":"Firefox Screenshots","description":null,"creator":null,"homepageURL":"https://pageshot.net/"},"visible":true,"active":false,"userDisabled":false,"appDisabled":false,"installDate":1503580993000,"updateDate":1503580993000,"applyBackgroundUpdates":1,"bootstrap":true,"path":"/opt/firefox/browser/features/screenshots@mozilla.org.xpi","skinnable":false,"size":714554,"sourceURI":null,"releaseNotesURI":null,"softDisabled":false,"foreignInstall":false,"hasBinaryComponents":false,"strictCompatibility":false,"locales":[],"targetApplications":[{"id":"{ec8030f7-c20a-464f-9b0e-13a3a9e97384}","minVersion":"51.0a1","maxVersion":"*"}],"targetPlatforms":[],"multiprocessCompatible":true,"seen":true,"dependencies":[],"hasEmbeddedWebExtension":false,"mpcOptedOut":false,"userPermissions":null,"icons":{},"iconURL":null,"icon64URL":null}
1527664615451	DeferredSave.extensions.json	DEBUG	Save changes
1527664615451	addons.manager	DEBUG	Registering startup change 'installed' for aushelper@mozilla.org
1527664615452	addons.xpi	DEBUG	Loading bootstrap scope from /opt/firefox/browser/features/aushelper@mozilla.org.xpi
1527664615454	addons.xpi	DEBUG	Calling bootstrap method install on aushelper@mozilla.org version 2.0
1527664615455	addons.xpi-utils	DEBUG	Make addon app-system-defaults:aushelper@mozilla.org visible
1527664615455	addons.xpi	DEBUG	Updating XPIState for {"id":"aushelper@mozilla.org","syncGUID":"{11a6e752-1e98-4b54-b5f4-bb537408bed7}","location":"app-system-defaults","version":"2.0","type":"extension","internalName":null,"updateURL":null,"updateKey":null,"optionsURL":null,"optionsType":null,"aboutURL":null,"defaultLocale":{"name":"Application Update Service Helper","description":"Sets value(s) in the update url based on custom checks.","creator":null,"homepageURL":null},"visible":true,"active":false,"userDisabled":false,"appDisabled":false,"installDate":1503580993000,"updateDate":1503580993000,"applyBackgroundUpdates":1,"bootstrap":true,"path":"/opt/firefox/browser/features/aushelper@mozilla.org.xpi","skinnable":false,"size":8488,"sourceURI":null,"releaseNotesURI":null,"softDisabled":false,"foreignInstall":false,"hasBinaryComponents":false,"strictCompatibility":false,"locales":[],"targetApplications":[{"id":"{ec8030f7-c20a-464f-9b0e-13a3a9e97384}","minVersion":"55.0.3","maxVersion":"55.*"}],"targetPlatforms":[],"multiprocessCompatible":true,"seen":true,"dependencies":[],"hasEmbeddedWebExtension":false,"mpcOptedOut":false,"userPermissions":null,"icons":{},"iconURL":null,"icon64URL":null}
1527664615456	DeferredSave.extensions.json	DEBUG	Save changes
1527664615456	addons.manager	DEBUG	Registering startup change 'installed' for webcompat@mozilla.org
1527664615457	addons.xpi	DEBUG	Loading bootstrap scope from /opt/firefox/browser/features/webcompat@mozilla.org.xpi
1527664615459	addons.xpi	DEBUG	Calling bootstrap method install on webcompat@mozilla.org version 1.1
1527664615459	addons.xpi-utils	DEBUG	Make addon app-system-defaults:webcompat@mozilla.org visible
1527664615459	addons.xpi	DEBUG	Updating XPIState for {"id":"webcompat@mozilla.org","syncGUID":"{1ad42103-6275-4721-9a35-3717eee46ffa}","location":"app-system-defaults","version":"1.1","type":"extension","internalName":null,"updateURL":null,"updateKey":null,"optionsURL":null,"optionsType":null,"aboutURL":null,"defaultLocale":{"name":"Web Compat","description":"Urgent post-release fixes for web compatibility.","creator":null,"homepageURL":null},"visible":true,"active":false,"userDisabled":false,"appDisabled":false,"installDate":1503580993000,"updateDate":1503580993000,"applyBackgroundUpdates":1,"bootstrap":true,"path":"/opt/firefox/browser/features/webcompat@mozilla.org.xpi","skinnable":false,"size":8992,"sourceURI":null,"releaseNotesURI":null,"softDisabled":false,"foreignInstall":false,"hasBinaryComponents":false,"strictCompatibility":false,"locales":[],"targetApplications":[{"id":"{ec8030f7-c20a-464f-9b0e-13a3a9e97384}","minVersion":"55.0.3","maxVersion":"55.*"}],"targetPlatforms":[],"multiprocessCompatible":true,"seen":true,"dependencies":[],"hasEmbeddedWebExtension":false,"mpcOptedOut":false,"userPermissions":null,"icons":{},"iconURL":null,"icon64URL":null}
1527664615460	DeferredSave.extensions.json	DEBUG	Save changes
1527664615460	addons.manager	DEBUG	Registering startup change 'installed' for followonsearch@mozilla.com
1527664615461	addons.xpi	DEBUG	Loading bootstrap scope from /opt/firefox/browser/features/followonsearch@mozilla.com.xpi
1527664615463	addons.xpi	DEBUG	Calling bootstrap method install on followonsearch@mozilla.com version 0.9.1
1527664615463	addons.xpi-utils	DEBUG	Make addon app-system-defaults:followonsearch@mozilla.com visible
1527664615463	addons.xpi	DEBUG	Updating XPIState for {"id":"followonsearch@mozilla.com","syncGUID":"{f33c7507-0c20-43b8-a386-fb8f2190444a}","location":"app-system-defaults","version":"0.9.1","type":"extension","internalName":null,"updateURL":null,"updateKey":null,"optionsURL":null,"optionsType":null,"aboutURL":null,"defaultLocale":{"name":"Follow-on Search Telemetry","description":null,"creator":null,"homepageURL":null},"visible":true,"active":false,"userDisabled":false,"appDisabled":false,"installDate":1503580993000,"updateDate":1503580993000,"applyBackgroundUpdates":1,"bootstrap":true,"path":"/opt/firefox/browser/features/followonsearch@mozilla.com.xpi","skinnable":false,"size":16730,"sourceURI":null,"releaseNotesURI":null,"softDisabled":false,"foreignInstall":false,"hasBinaryComponents":false,"strictCompatibility":false,"locales":[],"targetApplications":[{"id":"{ec8030f7-c20a-464f-9b0e-13a3a9e97384}","minVersion":"52.0","maxVersion":"59.*"}],"targetPlatforms":[],"multiprocessCompatible":true,"seen":true,"dependencies":[],"hasEmbeddedWebExtension":false,"mpcOptedOut":false,"userPermissions":null,"icons":{},"iconURL":null,"icon64URL":null}
1527664615464	DeferredSave.extensions.json	DEBUG	Save changes
1527664615464	addons.manager	DEBUG	Registering startup change 'installed' for shield-recipe-client@mozilla.org
1527664615466	addons.xpi	DEBUG	Loading bootstrap scope from /opt/firefox/browser/features/shield-recipe-client@mozilla.org.xpi
1527664615468	addons.xpi	DEBUG	Calling bootstrap method install on shield-recipe-client@mozilla.org version 55.1
1527664615468	addons.xpi-utils	DEBUG	Make addon app-system-defaults:shield-recipe-client@mozilla.org visible
1527664615469	addons.xpi	DEBUG	Updating XPIState for {"id":"shield-recipe-client@mozilla.org","syncGUID":"{9825a078-1fa0-4694-96b3-017b7efcfe3a}","location":"app-system-defaults","version":"55.1","type":"extension","internalName":null,"updateURL":null,"updateKey":null,"optionsURL":null,"optionsType":null,"aboutURL":null,"defaultLocale":{"name":"Shield Recipe Client","description":"Client to download and run recipes for SHIELD, Heartbeat, etc.","creator":null,"homepageURL":null},"visible":true,"active":false,"userDisabled":false,"appDisabled":false,"installDate":1503580993000,"updateDate":1503580993000,"applyBackgroundUpdates":1,"bootstrap":true,"path":"/opt/firefox/browser/features/shield-recipe-client@mozilla.org.xpi","skinnable":false,"size":140305,"sourceURI":null,"releaseNotesURI":null,"softDisabled":false,"foreignInstall":false,"hasBinaryComponents":false,"strictCompatibility":false,"locales":[],"targetApplications":[{"id":"{ec8030f7-c20a-464f-9b0e-13a3a9e97384}","minVersion":"55.0.3","maxVersion":"55.*"}],"targetPlatforms":[],"multiprocessCompatible":true,"seen":true,"dependencies":[],"hasEmbeddedWebExtension":false,"mpcOptedOut":false,"userPermissions":null,"icons":{},"iconURL":null,"icon64URL":null}
1527664615469	DeferredSave.extensions.json	DEBUG	Save changes
1527664615470	addons.xpi-utils	DEBUG	Make addon app-global:{972ce4c6-7e08-4474-a285-3208198ce6fd} visible
1527664615470	addons.xpi	DEBUG	Updating XPIState for {"id":"{972ce4c6-7e08-4474-a285-3208198ce6fd}","syncGUID":"{397adef7-df2e-412a-8684-3250fdfec0af}","location":"app-global","version":"55.0.3","type":"theme","internalName":"classic/1.0","updateURL":null,"updateKey":null,"optionsURL":null,"optionsType":null,"optionsBrowserStyle":null,"aboutURL":null,"defaultLocale":{"name":"Default","description":"The default theme.","creator":"Mozilla","homepageURL":null,"contributors":["Mozilla Contributors"]},"visible":true,"active":false,"userDisabled":false,"appDisabled":false,"installDate":1503580993000,"updateDate":1503580993000,"applyBackgroundUpdates":1,"path":"/opt/firefox/browser/extensions/{972ce4c6-7e08-4474-a285-3208198ce6fd}.xpi","skinnable":true,"size":2918,"sourceURI":null,"releaseNotesURI":null,"softDisabled":false,"foreignInstall":false,"hasBinaryComponents":false,"strictCompatibility":true,"locales":[],"targetApplications":[{"id":"{ec8030f7-c20a-464f-9b0e-13a3a9e97384}","minVersion":"55.0.3","maxVersion":"55.0.3"}],"targetPlatforms":[],"seen":true,"dependencies":[],"hasEmbeddedWebExtension":false,"userPermissions":null,"icons":{},"iconURL":"chrome://browser/content/default-theme-icon.svg","icon64URL":null}
1527664615471	DeferredSave.extensions.json	DEBUG	Save changes
1527664615471	addons.xpi	DEBUG	Updating XPIState for {"id":"e10srollout@mozilla.org","syncGUID":"{4aa46ca6-ab35-4632-83d4-6f0dd9fae4d2}","location":"app-system-defaults","version":"2.0","type":"extension","internalName":null,"updateURL":null,"updateKey":null,"optionsURL":null,"optionsType":null,"aboutURL":null,"defaultLocale":{"name":"Multi-process staged rollout","description":"Staged rollout of Firefox multi-process feature.","creator":null,"homepageURL":null},"visible":true,"active":true,"userDisabled":false,"appDisabled":false,"installDate":1503580993000,"updateDate":1503580993000,"applyBackgroundUpdates":1,"bootstrap":true,"path":"/opt/firefox/browser/features/e10srollout@mozilla.org.xpi","skinnable":false,"size":13287,"sourceURI":null,"releaseNotesURI":null,"softDisabled":false,"foreignInstall":false,"hasBinaryComponents":false,"strictCompatibility":false,"locales":[],"targetApplications":[{"id":"{ec8030f7-c20a-464f-9b0e-13a3a9e97384}","minVersion":"55.0.3","maxVersion":"55.*"}],"targetPlatforms":[],"multiprocessCompatible":true,"seen":true,"dependencies":[],"hasEmbeddedWebExtension":false,"mpcOptedOut":false,"userPermissions":null,"icons":{},"iconURL":null,"icon64URL":null}
1527664615472	addons.xpi	DEBUG	Updating XPIState for {"id":"firefox@getpocket.com","syncGUID":"{be9c3c04-23f1-467e-932e-6f3892fb52f2}","location":"app-system-defaults","version":"1.0.5","type":"extension","internalName":null,"updateURL":null,"updateKey":null,"optionsURL":null,"optionsType":null,"aboutURL":null,"defaultLocale":{"name":"Pocket","description":"When you find something you want to view later, put it in Pocket.","creator":null,"homepageURL":null},"visible":true,"active":true,"userDisabled":false,"appDisabled":false,"installDate":1503580993000,"updateDate":1503580993000,"applyBackgroundUpdates":1,"bootstrap":true,"path":"/opt/firefox/browser/features/firefox@getpocket.com.xpi","skinnable":false,"size":855802,"sourceURI":null,"releaseNotesURI":null,"softDisabled":false,"foreignInstall":false,"hasBinaryComponents":false,"strictCompatibility":false,"locales":[],"targetApplications":[{"id":"{ec8030f7-c20a-464f-9b0e-13a3a9e97384}","minVersion":"55.0.3","maxVersion":"55.*"}],"targetPlatforms":[],"multiprocessCompatible":true,"seen":true,"dependencies":[],"hasEmbeddedWebExtension":false,"mpcOptedOut":false,"userPermissions":null,"icons":{},"iconURL":null,"icon64URL":null}
1527664615472	addons.xpi	DEBUG	Updating XPIState for {"id":"clicktoplay-rollout@mozilla.org","syncGUID":"{49db1076-1fc7-413b-95e6-5bdfa68b0744}","location":"app-system-defaults","version":"1.2","type":"extension","internalName":null,"updateURL":null,"updateKey":null,"optionsURL":null,"optionsType":null,"aboutURL":null,"defaultLocale":{"name":"Click-to-Play staged rollout","description":"Staged rollout for Click-to-Play Flash.","creator":null,"homepageURL":null},"visible":true,"active":true,"userDisabled":false,"appDisabled":false,"installDate":1503580993000,"updateDate":1503580993000,"applyBackgroundUpdates":1,"bootstrap":true,"path":"/opt/firefox/browser/features/clicktoplay-rollout@mozilla.org.xpi","skinnable":false,"size":5621,"sourceURI":null,"releaseNotesURI":null,"softDisabled":false,"foreignInstall":false,"hasBinaryComponents":false,"strictCompatibility":false,"locales":[],"targetApplications":[{"id":"{ec8030f7-c20a-464f-9b0e-13a3a9e97384}","minVersion":"55.0.3","maxVersion":"55.*"}],"targetPlatforms":[],"multiprocessCompatible":true,"seen":true,"dependencies":[],"hasEmbeddedWebExtension":false,"mpcOptedOut":false,"userPermissions":null,"icons":{},"iconURL":null,"icon64URL":null}
1527664615472	addons.xpi	DEBUG	Updating XPIState for {"id":"screenshots@mozilla.org","syncGUID":"{f0e031bb-e8ae-438c-95c4-d0e18463aefb}","location":"app-system-defaults","version":"10.12.0","type":"extension","internalName":null,"updateURL":null,"updateKey":null,"optionsURL":null,"optionsType":null,"aboutURL":null,"defaultLocale":{"name":"Firefox Screenshots","description":null,"creator":null,"homepageURL":"https://pageshot.net/"},"visible":true,"active":true,"userDisabled":false,"appDisabled":false,"installDate":1503580993000,"updateDate":1503580993000,"applyBackgroundUpdates":1,"bootstrap":true,"path":"/opt/firefox/browser/features/screenshots@mozilla.org.xpi","skinnable":false,"size":714554,"sourceURI":null,"releaseNotesURI":null,"softDisabled":false,"foreignInstall":false,"hasBinaryComponents":false,"strictCompatibility":false,"locales":[],"targetApplications":[{"id":"{ec8030f7-c20a-464f-9b0e-13a3a9e97384}","minVersion":"51.0a1","maxVersion":"*"}],"targetPlatforms":[],"multiprocessCompatible":true,"seen":true,"dependencies":[],"hasEmbeddedWebExtension":false,"mpcOptedOut":false,"userPermissions":null,"icons":{},"iconURL":null,"icon64URL":null}
1527664615474	addons.xpi	DEBUG	Updating XPIState for {"id":"aushelper@mozilla.org","syncGUID":"{11a6e752-1e98-4b54-b5f4-bb537408bed7}","location":"app-system-defaults","version":"2.0","type":"extension","internalName":null,"updateURL":null,"updateKey":null,"optionsURL":null,"optionsType":null,"aboutURL":null,"defaultLocale":{"name":"Application Update Service Helper","description":"Sets value(s) in the update url based on custom checks.","creator":null,"homepageURL":null},"visible":true,"active":true,"userDisabled":false,"appDisabled":false,"installDate":1503580993000,"updateDate":1503580993000,"applyBackgroundUpdates":1,"bootstrap":true,"path":"/opt/firefox/browser/features/aushelper@mozilla.org.xpi","skinnable":false,"size":8488,"sourceURI":null,"releaseNotesURI":null,"softDisabled":false,"foreignInstall":false,"hasBinaryComponents":false,"strictCompatibility":false,"locales":[],"targetApplications":[{"id":"{ec8030f7-c20a-464f-9b0e-13a3a9e97384}","minVersion":"55.0.3","maxVersion":"55.*"}],"targetPlatforms":[],"multiprocessCompatible":true,"seen":true,"dependencies":[],"hasEmbeddedWebExtension":false,"mpcOptedOut":false,"userPermissions":null,"icons":{},"iconURL":null,"icon64URL":null}
1527664615475	addons.xpi	DEBUG	Updating XPIState for {"id":"webcompat@mozilla.org","syncGUID":"{1ad42103-6275-4721-9a35-3717eee46ffa}","location":"app-system-defaults","version":"1.1","type":"extension","internalName":null,"updateURL":null,"updateKey":null,"optionsURL":null,"optionsType":null,"aboutURL":null,"defaultLocale":{"name":"Web Compat","description":"Urgent post-release fixes for web compatibility.","creator":null,"homepageURL":null},"visible":true,"active":true,"userDisabled":false,"appDisabled":false,"installDate":1503580993000,"updateDate":1503580993000,"applyBackgroundUpdates":1,"bootstrap":true,"path":"/opt/firefox/browser/features/webcompat@mozilla.org.xpi","skinnable":false,"size":8992,"sourceURI":null,"releaseNotesURI":null,"softDisabled":false,"foreignInstall":false,"hasBinaryComponents":false,"strictCompatibility":false,"locales":[],"targetApplications":[{"id":"{ec8030f7-c20a-464f-9b0e-13a3a9e97384}","minVersion":"55.0.3","maxVersion":"55.*"}],"targetPlatforms":[],"multiprocessCompatible":true,"seen":true,"dependencies":[],"hasEmbeddedWebExtension":false,"mpcOptedOut":false,"userPermissions":null,"icons":{},"iconURL":null,"icon64URL":null}
1527664615476	addons.xpi	DEBUG	Updating XPIState for {"id":"followonsearch@mozilla.com","syncGUID":"{f33c7507-0c20-43b8-a386-fb8f2190444a}","location":"app-system-defaults","version":"0.9.1","type":"extension","internalName":null,"updateURL":null,"updateKey":null,"optionsURL":null,"optionsType":null,"aboutURL":null,"defaultLocale":{"name":"Follow-on Search Telemetry","description":null,"creator":null,"homepageURL":null},"visible":true,"active":true,"userDisabled":false,"appDisabled":false,"installDate":1503580993000,"updateDate":1503580993000,"applyBackgroundUpdates":1,"bootstrap":true,"path":"/opt/firefox/browser/features/followonsearch@mozilla.com.xpi","skinnable":false,"size":16730,"sourceURI":null,"releaseNotesURI":null,"softDisabled":false,"foreignInstall":false,"hasBinaryComponents":false,"strictCompatibility":false,"locales":[],"targetApplications":[{"id":"{ec8030f7-c20a-464f-9b0e-13a3a9e97384}","minVersion":"52.0","maxVersion":"59.*"}],"targetPlatforms":[],"multiprocessCompatible":true,"seen":true,"dependencies":[],"hasEmbeddedWebExtension":false,"mpcOptedOut":false,"userPermissions":null,"icons":{},"iconURL":null,"icon64URL":null}
1527664615476	addons.xpi	DEBUG	Updating XPIState for {"id":"shield-recipe-client@mozilla.org","syncGUID":"{9825a078-1fa0-4694-96b3-017b7efcfe3a}","location":"app-system-defaults","version":"55.1","type":"extension","internalName":null,"updateURL":null,"updateKey":null,"optionsURL":null,"optionsType":null,"aboutURL":null,"defaultLocale":{"name":"Shield Recipe Client","description":"Client to download and run recipes for SHIELD, Heartbeat, etc.","creator":null,"homepageURL":null},"visible":true,"active":true,"userDisabled":false,"appDisabled":false,"installDate":1503580993000,"updateDate":1503580993000,"applyBackgroundUpdates":1,"bootstrap":true,"path":"/opt/firefox/browser/features/shield-recipe-client@mozilla.org.xpi","skinnable":false,"size":140305,"sourceURI":null,"releaseNotesURI":null,"softDisabled":false,"foreignInstall":false,"hasBinaryComponents":false,"strictCompatibility":false,"locales":[],"targetApplications":[{"id":"{ec8030f7-c20a-464f-9b0e-13a3a9e97384}","minVersion":"55.0.3","maxVersion":"55.*"}],"targetPlatforms":[],"multiprocessCompatible":true,"seen":true,"dependencies":[],"hasEmbeddedWebExtension":false,"mpcOptedOut":false,"userPermissions":null,"icons":{},"iconURL":null,"icon64URL":null}
1527664615477	addons.xpi	DEBUG	Updating XPIState for {"id":"{972ce4c6-7e08-4474-a285-3208198ce6fd}","syncGUID":"{397adef7-df2e-412a-8684-3250fdfec0af}","location":"app-global","version":"55.0.3","type":"theme","internalName":"classic/1.0","updateURL":null,"updateKey":null,"optionsURL":null,"optionsType":null,"optionsBrowserStyle":null,"aboutURL":null,"defaultLocale":{"name":"Default","description":"The default theme.","creator":"Mozilla","homepageURL":null,"contributors":["Mozilla Contributors"]},"visible":true,"active":true,"userDisabled":false,"appDisabled":false,"installDate":1503580993000,"updateDate":1503580993000,"applyBackgroundUpdates":1,"path":"/opt/firefox/browser/extensions/{972ce4c6-7e08-4474-a285-3208198ce6fd}.xpi","skinnable":true,"size":2918,"sourceURI":null,"releaseNotesURI":null,"softDisabled":false,"foreignInstall":false,"hasBinaryComponents":false,"strictCompatibility":true,"locales":[],"targetApplications":[{"id":"{ec8030f7-c20a-464f-9b0e-13a3a9e97384}","minVersion":"55.0.3","maxVersion":"55.0.3"}],"targetPlatforms":[],"seen":true,"dependencies":[],"hasEmbeddedWebExtension":false,"userPermissions":null,"icons":{},"iconURL":"chrome://browser/content/default-theme-icon.svg","icon64URL":null}
1527664615478	DeferredSave.extensions.json	DEBUG	Save changes
1527664615478	addons.xpi	DEBUG	Updating database with changes to installed add-ons
1527664615478	addons.xpi-utils	DEBUG	Updating add-on states
1527664615486	addons.xpi	DEBUG	Registering manifest for /opt/firefox/browser/features/aushelper@mozilla.org.xpi
1527664615487	addons.xpi	DEBUG	Calling bootstrap method startup on aushelper@mozilla.org version 2.0
1527664615488	addons.xpi	DEBUG	Registering manifest for /opt/firefox/browser/features/clicktoplay-rollout@mozilla.org.xpi
1527664615488	addons.xpi	DEBUG	Calling bootstrap method startup on clicktoplay-rollout@mozilla.org version 1.2
1527664615577	addons.xpi	DEBUG	Registering manifest for /opt/firefox/browser/features/e10srollout@mozilla.org.xpi
1527664615577	addons.xpi	DEBUG	Calling bootstrap method startup on e10srollout@mozilla.org version 2.0
1527664615577	addons.xpi	DEBUG	Registering manifest for /opt/firefox/browser/features/firefox@getpocket.com.xpi
1527664615578	addons.xpi	DEBUG	Calling bootstrap method startup on firefox@getpocket.com version 1.0.5
1527664615614	addons.xpi	DEBUG	Registering manifest for /opt/firefox/browser/features/followonsearch@mozilla.com.xpi
1527664615614	addons.xpi	DEBUG	Calling bootstrap method startup on followonsearch@mozilla.com version 0.9.1
1527664615615	addons.xpi	DEBUG	Registering manifest for /opt/firefox/browser/features/screenshots@mozilla.org.xpi
1527664615616	addons.xpi	DEBUG	Calling bootstrap method startup on screenshots@mozilla.org version 10.12.0
1527664615616	addons.xpi	DEBUG	Registering manifest for /opt/firefox/browser/features/shield-recipe-client@mozilla.org.xpi
1527664615617	addons.xpi	DEBUG	Calling bootstrap method startup on shield-recipe-client@mozilla.org version 55.1
1527664615624	addons.xpi	DEBUG	Registering manifest for /opt/firefox/browser/features/webcompat@mozilla.org.xpi
1527664615625	addons.xpi	DEBUG	Calling bootstrap method startup on webcompat@mozilla.org version 1.1
1527664615630	addons.manager	DEBUG	Registering shutdown blocker for XPIProvider
1527664615631	addons.manager	DEBUG	Provider finished startup: XPIProvider
1527664615631	addons.manager	DEBUG	Starting provider: LightweightThemeManager
1527664615631	addons.manager	DEBUG	Registering shutdown blocker for LightweightThemeManager
1527664615631	addons.manager	DEBUG	Provider finished startup: LightweightThemeManager
1527664615632	addons.manager	DEBUG	Starting provider: GMPProvider
1527664615637	addons.manager	DEBUG	Registering shutdown blocker for GMPProvider
1527664615637	addons.manager	DEBUG	Provider finished startup: GMPProvider
1527664615638	addons.manager	DEBUG	Starting provider: PluginProvider
1527664615638	addons.manager	DEBUG	Registering shutdown blocker for PluginProvider
1527664615639	addons.manager	DEBUG	Provider finished startup: PluginProvider
1527664615639	addons.manager	DEBUG	Completed startup sequence
1527664615937	Marionette	INFO	Enabled via --marionette
1527664616424	addons.manager	DEBUG	Starting provider: PreviousExperimentProvider
1527664616425	addons.manager	DEBUG	Registering shutdown blocker for PreviousExperimentProvider
1527664616426	addons.manager	DEBUG	Provider finished startup: PreviousExperimentProvider
1527664616428	DeferredSave.extensions.json	DEBUG	Starting write
1527664616547	DeferredSave.extensions.json	DEBUG	Write succeeded
1527664616548	addons.xpi-utils	DEBUG	XPI Database saved, setting schema version preference to 21
1527664617853	addons.manager	DEBUG	Starting provider: <unnamed-provider>
1527664617853	addons.manager	DEBUG	Registering shutdown blocker for <unnamed-provider>
1527664617854	addons.manager	DEBUG	Provider finished startup: <unnamed-provider>
1527664617858	addons.xpi	INFO	Mapping e10srollout@mozilla.org to /opt/firefox/browser/features/e10srollout@mozilla.org.xpi
1527664617858	addons.xpi	INFO	Mapping firefox@getpocket.com to /opt/firefox/browser/features/firefox@getpocket.com.xpi
1527664617858	addons.xpi	INFO	Mapping clicktoplay-rollout@mozilla.org to /opt/firefox/browser/features/clicktoplay-rollout@mozilla.org.xpi
1527664617859	addons.xpi	INFO	Mapping screenshots@mozilla.org to /opt/firefox/browser/features/screenshots@mozilla.org.xpi
1527664617859	addons.xpi	INFO	Mapping aushelper@mozilla.org to /opt/firefox/browser/features/aushelper@mozilla.org.xpi
1527664617859	addons.xpi	INFO	Mapping webcompat@mozilla.org to /opt/firefox/browser/features/webcompat@mozilla.org.xpi
1527664617859	addons.xpi	INFO	Mapping followonsearch@mozilla.com to /opt/firefox/browser/features/followonsearch@mozilla.com.xpi
1527664617859	addons.xpi	INFO	Mapping shield-recipe-client@mozilla.org to /opt/firefox/browser/features/shield-recipe-client@mozilla.org.xpi
1527664617860	addons.xpi	DEBUG	Existing add-on e10srollout@mozilla.org in app-system-defaults
1527664617860	addons.xpi	DEBUG	Existing add-on firefox@getpocket.com in app-system-defaults
1527664617860	addons.xpi	DEBUG	Existing add-on clicktoplay-rollout@mozilla.org in app-system-defaults
1527664617861	addons.xpi	DEBUG	Existing add-on screenshots@mozilla.org in app-system-defaults
1527664617861	addons.xpi	DEBUG	Existing add-on aushelper@mozilla.org in app-system-defaults
1527664617861	addons.xpi	DEBUG	Existing add-on webcompat@mozilla.org in app-system-defaults
1527664617862	addons.xpi	DEBUG	Existing add-on followonsearch@mozilla.com in app-system-defaults
1527664617862	addons.xpi	DEBUG	Existing add-on shield-recipe-client@mozilla.org in app-system-defaults
1527664617862	addons.xpi	INFO	Mapping {972ce4c6-7e08-4474-a285-3208198ce6fd} to /opt/firefox/browser/extensions/{972ce4c6-7e08-4474-a285-3208198ce6fd}.xpi
1527664617862	addons.xpi	DEBUG	Existing add-on {972ce4c6-7e08-4474-a285-3208198ce6fd} in app-global
1527664617862	addons.xpi	DEBUG	getInstallState changed: false, state: {}
1527664618321	addons.productaddons	INFO	sending request to: https://aus5.mozilla.org/update/3/GMP/55.0.3/20170824123605/Linux_x86_64-gcc3/en-US/release/Linux%204.13.0-43-generic%20(GTK%203.18.9%2Clibpulse%208.0.0)/default/default/update.xml
1527664618387	Marionette	INFO	Listening on port 45397
JavaScript error: chrome://marionette/content/server.js, line 337: NS_ERROR_SOCKET_ADDRESS_IN_USE: Component returned failure code: 0x804b0036 (NS_ERROR_SOCKET_ADDRESS_IN_USE) [nsIServerSocket.initSpecialConnection]
1527664618474	Marionette	WARN	TLS certificate errors will be ignored for this session
1527664618520	Marionette	DEBUG	loaded listener.js
May 30, 2018 12:46:58 PM org.openqa.selenium.remote.ProtocolHandshake createSession
INFO: Detected dialect: W3C
1527664618638	geckodriver	INFO	geckodriver 0.20.0
1527664618647	geckodriver	INFO	Listening on 127.0.0.1:11655
1527664618660	mozrunner::runner	INFO	Running command: "/opt/firefox/firefox" "-marionette" "-profile" "/tmp/rust_mozprofile.xccYcBDZJoRK"
1527664618903	addons.manager	DEBUG	Application has been upgraded
1527664618928	addons.manager	DEBUG	Loaded provider scope for resource://gre/modules/addons/XPIProvider.jsm: ["XPIProvider", "XPIInternal"]
1527664618933	addons.manager	DEBUG	Loaded provider scope for resource://gre/modules/LightweightThemeManager.jsm: ["LightweightThemeManager"]
1527664618962	addons.manager	DEBUG	Loaded provider scope for resource://gre/modules/addons/GMPProvider.jsm
1527664618965	addons.manager	DEBUG	Loaded provider scope for resource://gre/modules/addons/PluginProvider.jsm
1527664618966	addons.manager	DEBUG	Starting provider: XPIProvider
1527664618966	addons.xpi	DEBUG	startup
1527664618967	addons.xpi	INFO	SystemAddonInstallLocation directory is missing
1527664618967	addons.xpi	INFO	Removing all system add-on upgrades.
1527664618969	addons.xpi	DEBUG	checkForChanges
1527664618969	addons.xpi	WARN	Error parsing extensions state: [Exception... "Component returned failure code: 0x80520012 (NS_ERROR_FILE_NOT_FOUND) [amIAddonManagerStartup.readStartupData]"  nsresult: "0x80520012 (NS_ERROR_FILE_NOT_FOUND)"  location: "JS frame :: resource://gre/modules/addons/XPIProvider.jsm :: loadExtensionState :: line 1596"  data: no] Stack trace: loadExtensionState()@resource://gre/modules/addons/XPIProvider.jsm:1596 < getInstallState()@resource://gre/modules/addons/XPIProvider.jsm:1631 < checkForChanges()@resource://gre/modules/addons/XPIProvider.jsm:3152 < startup()@resource://gre/modules/addons/XPIProvider.jsm:2246 < callProvider()@resource://gre/modules/AddonManager.jsm:271 < _startProvider()@resource://gre/modules/AddonManager.jsm:741 < startup()@resource://gre/modules/AddonManager.jsm:908 < startup()@resource://gre/modules/AddonManager.jsm:3122 < observe()@jar:file:///opt/firefox/omni.ja!/components/addonManager.js:65
1527664618973	addons.xpi	DEBUG	Loaded add-on state: ${}
1527664618976	addons.xpi	INFO	Mapping e10srollout@mozilla.org to /opt/firefox/browser/features/e10srollout@mozilla.org.xpi
1527664618977	addons.xpi	INFO	Mapping firefox@getpocket.com to /opt/firefox/browser/features/firefox@getpocket.com.xpi
1527664618978	addons.xpi	INFO	Mapping clicktoplay-rollout@mozilla.org to /opt/firefox/browser/features/clicktoplay-rollout@mozilla.org.xpi
1527664618978	addons.xpi	INFO	Mapping screenshots@mozilla.org to /opt/firefox/browser/features/screenshots@mozilla.org.xpi
1527664618979	addons.xpi	INFO	Mapping aushelper@mozilla.org to /opt/firefox/browser/features/aushelper@mozilla.org.xpi
1527664618979	addons.xpi	INFO	Mapping webcompat@mozilla.org to /opt/firefox/browser/features/webcompat@mozilla.org.xpi
1527664618980	addons.xpi	INFO	Mapping followonsearch@mozilla.com to /opt/firefox/browser/features/followonsearch@mozilla.com.xpi
1527664618980	addons.xpi	INFO	Mapping shield-recipe-client@mozilla.org to /opt/firefox/browser/features/shield-recipe-client@mozilla.org.xpi
1527664618981	addons.xpi	DEBUG	New add-on e10srollout@mozilla.org in app-system-defaults
1527664618981	addons.xpi	INFO	Mapping e10srollout@mozilla.org to /opt/firefox/browser/features/e10srollout@mozilla.org.xpi
1527664618982	addons.xpi	DEBUG	New add-on firefox@getpocket.com in app-system-defaults
1527664618983	addons.xpi	INFO	Mapping firefox@getpocket.com to /opt/firefox/browser/features/firefox@getpocket.com.xpi
1527664618983	addons.xpi	DEBUG	New add-on clicktoplay-rollout@mozilla.org in app-system-defaults
1527664618984	addons.xpi	INFO	Mapping clicktoplay-rollout@mozilla.org to /opt/firefox/browser/features/clicktoplay-rollout@mozilla.org.xpi
1527664618984	addons.xpi	DEBUG	New add-on screenshots@mozilla.org in app-system-defaults
1527664618984	addons.xpi	INFO	Mapping screenshots@mozilla.org to /opt/firefox/browser/features/screenshots@mozilla.org.xpi
1527664618984	addons.xpi	DEBUG	New add-on aushelper@mozilla.org in app-system-defaults
1527664618985	addons.xpi	INFO	Mapping aushelper@mozilla.org to /opt/firefox/browser/features/aushelper@mozilla.org.xpi
1527664618985	addons.xpi	DEBUG	New add-on webcompat@mozilla.org in app-system-defaults
1527664618985	addons.xpi	INFO	Mapping webcompat@mozilla.org to /opt/firefox/browser/features/webcompat@mozilla.org.xpi
1527664618985	addons.xpi	DEBUG	New add-on followonsearch@mozilla.com in app-system-defaults
1527664618985	addons.xpi	INFO	Mapping followonsearch@mozilla.com to /opt/firefox/browser/features/followonsearch@mozilla.com.xpi
1527664618986	addons.xpi	DEBUG	New add-on shield-recipe-client@mozilla.org in app-system-defaults
1527664618986	addons.xpi	INFO	Mapping shield-recipe-client@mozilla.org to /opt/firefox/browser/features/shield-recipe-client@mozilla.org.xpi
1527664618986	addons.xpi	INFO	Mapping {972ce4c6-7e08-4474-a285-3208198ce6fd} to /opt/firefox/browser/extensions/{972ce4c6-7e08-4474-a285-3208198ce6fd}.xpi
1527664618987	addons.xpi	DEBUG	New add-on {972ce4c6-7e08-4474-a285-3208198ce6fd} in app-global
1527664618987	addons.xpi	INFO	Mapping {972ce4c6-7e08-4474-a285-3208198ce6fd} to /opt/firefox/browser/extensions/{972ce4c6-7e08-4474-a285-3208198ce6fd}.xpi
1527664618987	addons.xpi	DEBUG	getInstallState changed: true, state: {}
1527664618987	addons.xpi	INFO	SystemAddonInstallLocation directory is missing
1527664619001	addons.xpi-utils	DEBUG	Opening XPI database /tmp/rust_mozprofile.xccYcBDZJoRK/extensions.json
1527664619003	addons.xpi-utils	DEBUG	New add-on e10srollout@mozilla.org installed in app-system-defaults
*** Blocklist::_loadBlocklistFromFile: blocklist is disabled
1527664619031	DeferredSave.extensions.json	DEBUG	Save changes
1527664619033	addons.xpi-utils	DEBUG	New add-on firefox@getpocket.com installed in app-system-defaults
1527664619035	DeferredSave.extensions.json	DEBUG	Starting timer
1527664619038	DeferredSave.extensions.json	DEBUG	Save changes
1527664619038	addons.xpi-utils	DEBUG	New add-on clicktoplay-rollout@mozilla.org installed in app-system-defaults
1527664619043	DeferredSave.extensions.json	DEBUG	Save changes
1527664619044	addons.xpi-utils	DEBUG	New add-on screenshots@mozilla.org installed in app-system-defaults
1527664619051	DeferredSave.extensions.json	DEBUG	Save changes
1527664619051	addons.xpi-utils	DEBUG	New add-on aushelper@mozilla.org installed in app-system-defaults
1527664619053	DeferredSave.extensions.json	DEBUG	Save changes
1527664619054	addons.xpi-utils	DEBUG	New add-on webcompat@mozilla.org installed in app-system-defaults
1527664619058	DeferredSave.extensions.json	DEBUG	Save changes
1527664619058	addons.xpi-utils	DEBUG	New add-on followonsearch@mozilla.com installed in app-system-defaults
1527664619060	DeferredSave.extensions.json	DEBUG	Save changes
1527664619061	addons.xpi-utils	DEBUG	New add-on shield-recipe-client@mozilla.org installed in app-system-defaults
1527664619063	DeferredSave.extensions.json	DEBUG	Save changes
1527664619064	addons.xpi-utils	DEBUG	New add-on {972ce4c6-7e08-4474-a285-3208198ce6fd} installed in app-global
1527664619066	DeferredSave.extensions.json	DEBUG	Save changes
1527664619067	addons.manager	DEBUG	Registering startup change 'installed' for e10srollout@mozilla.org
1527664619080	addons.xpi	DEBUG	Loading bootstrap scope from /opt/firefox/browser/features/e10srollout@mozilla.org.xpi
1527664619082	addons.xpi	DEBUG	Calling bootstrap method install on e10srollout@mozilla.org version 2.0
1527664619084	addons.xpi-utils	DEBUG	Make addon app-system-defaults:e10srollout@mozilla.org visible
1527664619084	addons.xpi	DEBUG	Updating XPIState for {"id":"e10srollout@mozilla.org","syncGUID":"{fb5c116a-f626-4346-838a-216888635ad6}","location":"app-system-defaults","version":"2.0","type":"extension","internalName":null,"updateURL":null,"updateKey":null,"optionsURL":null,"optionsType":null,"aboutURL":null,"defaultLocale":{"name":"Multi-process staged rollout","description":"Staged rollout of Firefox multi-process feature.","creator":null,"homepageURL":null},"visible":true,"active":false,"userDisabled":false,"appDisabled":false,"installDate":1503580993000,"updateDate":1503580993000,"applyBackgroundUpdates":1,"bootstrap":true,"path":"/opt/firefox/browser/features/e10srollout@mozilla.org.xpi","skinnable":false,"size":13287,"sourceURI":null,"releaseNotesURI":null,"softDisabled":false,"foreignInstall":false,"hasBinaryComponents":false,"strictCompatibility":false,"locales":[],"targetApplications":[{"id":"{ec8030f7-c20a-464f-9b0e-13a3a9e97384}","minVersion":"55.0.3","maxVersion":"55.*"}],"targetPlatforms":[],"multiprocessCompatible":true,"seen":true,"dependencies":[],"hasEmbeddedWebExtension":false,"mpcOptedOut":false,"userPermissions":null,"icons":{},"iconURL":null,"icon64URL":null}
1527664619088	DeferredSave.extensions.json	DEBUG	Save changes
1527664619088	addons.manager	DEBUG	Registering startup change 'installed' for firefox@getpocket.com
1527664619089	addons.xpi	DEBUG	Loading bootstrap scope from /opt/firefox/browser/features/firefox@getpocket.com.xpi
1527664619095	addons.xpi	DEBUG	Calling bootstrap method install on firefox@getpocket.com version 1.0.5
1527664619095	addons.xpi-utils	DEBUG	Make addon app-system-defaults:firefox@getpocket.com visible
1527664619096	addons.xpi	DEBUG	Updating XPIState for {"id":"firefox@getpocket.com","syncGUID":"{d85d7339-f1b2-4c97-84ab-ea14b720f4c1}","location":"app-system-defaults","version":"1.0.5","type":"extension","internalName":null,"updateURL":null,"updateKey":null,"optionsURL":null,"optionsType":null,"aboutURL":null,"defaultLocale":{"name":"Pocket","description":"When you find something you want to view later, put it in Pocket.","creator":null,"homepageURL":null},"visible":true,"active":false,"userDisabled":false,"appDisabled":false,"installDate":1503580993000,"updateDate":1503580993000,"applyBackgroundUpdates":1,"bootstrap":true,"path":"/opt/firefox/browser/features/firefox@getpocket.com.xpi","skinnable":false,"size":855802,"sourceURI":null,"releaseNotesURI":null,"softDisabled":false,"foreignInstall":false,"hasBinaryComponents":false,"strictCompatibility":false,"locales":[],"targetApplications":[{"id":"{ec8030f7-c20a-464f-9b0e-13a3a9e97384}","minVersion":"55.0.3","maxVersion":"55.*"}],"targetPlatforms":[],"multiprocessCompatible":true,"seen":true,"dependencies":[],"hasEmbeddedWebExtension":false,"mpcOptedOut":false,"userPermissions":null,"icons":{},"iconURL":null,"icon64URL":null}
1527664619099	DeferredSave.extensions.json	DEBUG	Save changes
1527664619099	addons.manager	DEBUG	Registering startup change 'installed' for clicktoplay-rollout@mozilla.org
1527664619100	addons.xpi	DEBUG	Loading bootstrap scope from /opt/firefox/browser/features/clicktoplay-rollout@mozilla.org.xpi
1527664619113	addons.xpi	DEBUG	Calling bootstrap method install on clicktoplay-rollout@mozilla.org version 1.2
1527664619113	addons.xpi-utils	DEBUG	Make addon app-system-defaults:clicktoplay-rollout@mozilla.org visible
1527664619113	addons.xpi	DEBUG	Updating XPIState for {"id":"clicktoplay-rollout@mozilla.org","syncGUID":"{d9e0c5b8-ad0e-452a-a754-d983fdc665b3}","location":"app-system-defaults","version":"1.2","type":"extension","internalName":null,"updateURL":null,"updateKey":null,"optionsURL":null,"optionsType":null,"aboutURL":null,"defaultLocale":{"name":"Click-to-Play staged rollout","description":"Staged rollout for Click-to-Play Flash.","creator":null,"homepageURL":null},"visible":true,"active":false,"userDisabled":false,"appDisabled":false,"installDate":1503580993000,"updateDate":1503580993000,"applyBackgroundUpdates":1,"bootstrap":true,"path":"/opt/firefox/browser/features/clicktoplay-rollout@mozilla.org.xpi","skinnable":false,"size":5621,"sourceURI":null,"releaseNotesURI":null,"softDisabled":false,"foreignInstall":false,"hasBinaryComponents":false,"strictCompatibility":false,"locales":[],"targetApplications":[{"id":"{ec8030f7-c20a-464f-9b0e-13a3a9e97384}","minVersion":"55.0.3","maxVersion":"55.*"}],"targetPlatforms":[],"multiprocessCompatible":true,"seen":true,"dependencies":[],"hasEmbeddedWebExtension":false,"mpcOptedOut":false,"userPermissions":null,"icons":{},"iconURL":null,"icon64URL":null}
1527664619114	DeferredSave.extensions.json	DEBUG	Save changes
1527664619114	addons.manager	DEBUG	Registering startup change 'installed' for screenshots@mozilla.org
1527664619116	addons.xpi	DEBUG	Loading bootstrap scope from /opt/firefox/browser/features/screenshots@mozilla.org.xpi
1527664619119	addons.xpi	DEBUG	Calling bootstrap method install on screenshots@mozilla.org version 10.12.0
1527664619119	addons.xpi-utils	DEBUG	Make addon app-system-defaults:screenshots@mozilla.org visible
1527664619119	addons.xpi	DEBUG	Updating XPIState for {"id":"screenshots@mozilla.org","syncGUID":"{682a0ff5-09f4-4530-ab74-45936167ef9c}","location":"app-system-defaults","version":"10.12.0","type":"extension","internalName":null,"updateURL":null,"updateKey":null,"optionsURL":null,"optionsType":null,"aboutURL":null,"defaultLocale":{"name":"Firefox Screenshots","description":null,"creator":null,"homepageURL":"https://pageshot.net/"},"visible":true,"active":false,"userDisabled":false,"appDisabled":false,"installDate":1503580993000,"updateDate":1503580993000,"applyBackgroundUpdates":1,"bootstrap":true,"path":"/opt/firefox/browser/features/screenshots@mozilla.org.xpi","skinnable":false,"size":714554,"sourceURI":null,"releaseNotesURI":null,"softDisabled":false,"foreignInstall":false,"hasBinaryComponents":false,"strictCompatibility":false,"locales":[],"targetApplications":[{"id":"{ec8030f7-c20a-464f-9b0e-13a3a9e97384}","minVersion":"51.0a1","maxVersion":"*"}],"targetPlatforms":[],"multiprocessCompatible":true,"seen":true,"dependencies":[],"hasEmbeddedWebExtension":false,"mpcOptedOut":false,"userPermissions":null,"icons":{},"iconURL":null,"icon64URL":null}
1527664619119	DeferredSave.extensions.json	DEBUG	Save changes
1527664619120	addons.manager	DEBUG	Registering startup change 'installed' for aushelper@mozilla.org
1527664619120	addons.xpi	DEBUG	Loading bootstrap scope from /opt/firefox/browser/features/aushelper@mozilla.org.xpi
1527664619122	addons.xpi	DEBUG	Calling bootstrap method install on aushelper@mozilla.org version 2.0
1527664619123	addons.xpi-utils	DEBUG	Make addon app-system-defaults:aushelper@mozilla.org visible
1527664619123	addons.xpi	DEBUG	Updating XPIState for {"id":"aushelper@mozilla.org","syncGUID":"{f9957b54-f084-4889-a9f1-df7782cd79a4}","location":"app-system-defaults","version":"2.0","type":"extension","internalName":null,"updateURL":null,"updateKey":null,"optionsURL":null,"optionsType":null,"aboutURL":null,"defaultLocale":{"name":"Application Update Service Helper","description":"Sets value(s) in the update url based on custom checks.","creator":null,"homepageURL":null},"visible":true,"active":false,"userDisabled":false,"appDisabled":false,"installDate":1503580993000,"updateDate":1503580993000,"applyBackgroundUpdates":1,"bootstrap":true,"path":"/opt/firefox/browser/features/aushelper@mozilla.org.xpi","skinnable":false,"size":8488,"sourceURI":null,"releaseNotesURI":null,"softDisabled":false,"foreignInstall":false,"hasBinaryComponents":false,"strictCompatibility":false,"locales":[],"targetApplications":[{"id":"{ec8030f7-c20a-464f-9b0e-13a3a9e97384}","minVersion":"55.0.3","maxVersion":"55.*"}],"targetPlatforms":[],"multiprocessCompatible":true,"seen":true,"dependencies":[],"hasEmbeddedWebExtension":false,"mpcOptedOut":false,"userPermissions":null,"icons":{},"iconURL":null,"icon64URL":null}
1527664619123	DeferredSave.extensions.json	DEBUG	Save changes
1527664619123	addons.manager	DEBUG	Registering startup change 'installed' for webcompat@mozilla.org
1527664619124	addons.xpi	DEBUG	Loading bootstrap scope from /opt/firefox/browser/features/webcompat@mozilla.org.xpi
1527664619127	addons.xpi	DEBUG	Calling bootstrap method install on webcompat@mozilla.org version 1.1
1527664619127	addons.xpi-utils	DEBUG	Make addon app-system-defaults:webcompat@mozilla.org visible
1527664619127	addons.xpi	DEBUG	Updating XPIState for {"id":"webcompat@mozilla.org","syncGUID":"{ed57147b-d5de-4fa0-b7c1-079b77003e28}","location":"app-system-defaults","version":"1.1","type":"extension","internalName":null,"updateURL":null,"updateKey":null,"optionsURL":null,"optionsType":null,"aboutURL":null,"defaultLocale":{"name":"Web Compat","description":"Urgent post-release fixes for web compatibility.","creator":null,"homepageURL":null},"visible":true,"active":false,"userDisabled":false,"appDisabled":false,"installDate":1503580993000,"updateDate":1503580993000,"applyBackgroundUpdates":1,"bootstrap":true,"path":"/opt/firefox/browser/features/webcompat@mozilla.org.xpi","skinnable":false,"size":8992,"sourceURI":null,"releaseNotesURI":null,"softDisabled":false,"foreignInstall":false,"hasBinaryComponents":false,"strictCompatibility":false,"locales":[],"targetApplications":[{"id":"{ec8030f7-c20a-464f-9b0e-13a3a9e97384}","minVersion":"55.0.3","maxVersion":"55.*"}],"targetPlatforms":[],"multiprocessCompatible":true,"seen":true,"dependencies":[],"hasEmbeddedWebExtension":false,"mpcOptedOut":false,"userPermissions":null,"icons":{},"iconURL":null,"icon64URL":null}
1527664619128	DeferredSave.extensions.json	DEBUG	Save changes
1527664619128	addons.manager	DEBUG	Registering startup change 'installed' for followonsearch@mozilla.com
1527664619129	addons.xpi	DEBUG	Loading bootstrap scope from /opt/firefox/browser/features/followonsearch@mozilla.com.xpi
1527664619134	addons.xpi	DEBUG	Calling bootstrap method install on followonsearch@mozilla.com version 0.9.1
1527664619134	addons.xpi-utils	DEBUG	Make addon app-system-defaults:followonsearch@mozilla.com visible
1527664619134	addons.xpi	DEBUG	Updating XPIState for {"id":"followonsearch@mozilla.com","syncGUID":"{b04d2d97-9b73-4601-832e-7a915c5eb0b8}","location":"app-system-defaults","version":"0.9.1","type":"extension","internalName":null,"updateURL":null,"updateKey":null,"optionsURL":null,"optionsType":null,"aboutURL":null,"defaultLocale":{"name":"Follow-on Search Telemetry","description":null,"creator":null,"homepageURL":null},"visible":true,"active":false,"userDisabled":false,"appDisabled":false,"installDate":1503580993000,"updateDate":1503580993000,"applyBackgroundUpdates":1,"bootstrap":true,"path":"/opt/firefox/browser/features/followonsearch@mozilla.com.xpi","skinnable":false,"size":16730,"sourceURI":null,"releaseNotesURI":null,"softDisabled":false,"foreignInstall":false,"hasBinaryComponents":false,"strictCompatibility":false,"locales":[],"targetApplications":[{"id":"{ec8030f7-c20a-464f-9b0e-13a3a9e97384}","minVersion":"52.0","maxVersion":"59.*"}],"targetPlatforms":[],"multiprocessCompatible":true,"seen":true,"dependencies":[],"hasEmbeddedWebExtension":false,"mpcOptedOut":false,"userPermissions":null,"icons":{},"iconURL":null,"icon64URL":null}
1527664619135	DeferredSave.extensions.json	DEBUG	Save changes
1527664619135	addons.manager	DEBUG	Registering startup change 'installed' for shield-recipe-client@mozilla.org
1527664619150	addons.xpi	DEBUG	Loading bootstrap scope from /opt/firefox/browser/features/shield-recipe-client@mozilla.org.xpi
1527664619153	addons.xpi	DEBUG	Calling bootstrap method install on shield-recipe-client@mozilla.org version 55.1
1527664619153	addons.xpi-utils	DEBUG	Make addon app-system-defaults:shield-recipe-client@mozilla.org visible
1527664619153	addons.xpi	DEBUG	Updating XPIState for {"id":"shield-recipe-client@mozilla.org","syncGUID":"{14c5c8f0-9124-4591-a41a-feac68fd148e}","location":"app-system-defaults","version":"55.1","type":"extension","internalName":null,"updateURL":null,"updateKey":null,"optionsURL":null,"optionsType":null,"aboutURL":null,"defaultLocale":{"name":"Shield Recipe Client","description":"Client to download and run recipes for SHIELD, Heartbeat, etc.","creator":null,"homepageURL":null},"visible":true,"active":false,"userDisabled":false,"appDisabled":false,"installDate":1503580993000,"updateDate":1503580993000,"applyBackgroundUpdates":1,"bootstrap":true,"path":"/opt/firefox/browser/features/shield-recipe-client@mozilla.org.xpi","skinnable":false,"size":140305,"sourceURI":null,"releaseNotesURI":null,"softDisabled":false,"foreignInstall":false,"hasBinaryComponents":false,"strictCompatibility":false,"locales":[],"targetApplications":[{"id":"{ec8030f7-c20a-464f-9b0e-13a3a9e97384}","minVersion":"55.0.3","maxVersion":"55.*"}],"targetPlatforms":[],"multiprocessCompatible":true,"seen":true,"dependencies":[],"hasEmbeddedWebExtension":false,"mpcOptedOut":false,"userPermissions":null,"icons":{},"iconURL":null,"icon64URL":null}
1527664619154	DeferredSave.extensions.json	DEBUG	Save changes
1527664619154	addons.xpi-utils	DEBUG	Make addon app-global:{972ce4c6-7e08-4474-a285-3208198ce6fd} visible
1527664619154	addons.xpi	DEBUG	Updating XPIState for {"id":"{972ce4c6-7e08-4474-a285-3208198ce6fd}","syncGUID":"{5d5581cd-3f0d-40f6-94fe-d6c0d152d257}","location":"app-global","version":"55.0.3","type":"theme","internalName":"classic/1.0","updateURL":null,"updateKey":null,"optionsURL":null,"optionsType":null,"optionsBrowserStyle":null,"aboutURL":null,"defaultLocale":{"name":"Default","description":"The default theme.","creator":"Mozilla","homepageURL":null,"contributors":["Mozilla Contributors"]},"visible":true,"active":false,"userDisabled":false,"appDisabled":false,"installDate":1503580993000,"updateDate":1503580993000,"applyBackgroundUpdates":1,"path":"/opt/firefox/browser/extensions/{972ce4c6-7e08-4474-a285-3208198ce6fd}.xpi","skinnable":true,"size":2918,"sourceURI":null,"releaseNotesURI":null,"softDisabled":false,"foreignInstall":false,"hasBinaryComponents":false,"strictCompatibility":true,"locales":[],"targetApplications":[{"id":"{ec8030f7-c20a-464f-9b0e-13a3a9e97384}","minVersion":"55.0.3","maxVersion":"55.0.3"}],"targetPlatforms":[],"seen":true,"dependencies":[],"hasEmbeddedWebExtension":false,"userPermissions":null,"icons":{},"iconURL":"chrome://browser/content/default-theme-icon.svg","icon64URL":null}
1527664619155	DeferredSave.extensions.json	DEBUG	Save changes
1527664619156	addons.xpi	DEBUG	Updating XPIState for {"id":"e10srollout@mozilla.org","syncGUID":"{fb5c116a-f626-4346-838a-216888635ad6}","location":"app-system-defaults","version":"2.0","type":"extension","internalName":null,"updateURL":null,"updateKey":null,"optionsURL":null,"optionsType":null,"aboutURL":null,"defaultLocale":{"name":"Multi-process staged rollout","description":"Staged rollout of Firefox multi-process feature.","creator":null,"homepageURL":null},"visible":true,"active":true,"userDisabled":false,"appDisabled":false,"installDate":1503580993000,"updateDate":1503580993000,"applyBackgroundUpdates":1,"bootstrap":true,"path":"/opt/firefox/browser/features/e10srollout@mozilla.org.xpi","skinnable":false,"size":13287,"sourceURI":null,"releaseNotesURI":null,"softDisabled":false,"foreignInstall":false,"hasBinaryComponents":false,"strictCompatibility":false,"locales":[],"targetApplications":[{"id":"{ec8030f7-c20a-464f-9b0e-13a3a9e97384}","minVersion":"55.0.3","maxVersion":"55.*"}],"targetPlatforms":[],"multiprocessCompatible":true,"seen":true,"dependencies":[],"hasEmbeddedWebExtension":false,"mpcOptedOut":false,"userPermissions":null,"icons":{},"iconURL":null,"icon64URL":null}
1527664619156	addons.xpi	DEBUG	Updating XPIState for {"id":"firefox@getpocket.com","syncGUID":"{d85d7339-f1b2-4c97-84ab-ea14b720f4c1}","location":"app-system-defaults","version":"1.0.5","type":"extension","internalName":null,"updateURL":null,"updateKey":null,"optionsURL":null,"optionsType":null,"aboutURL":null,"defaultLocale":{"name":"Pocket","description":"When you find something you want to view later, put it in Pocket.","creator":null,"homepageURL":null},"visible":true,"active":true,"userDisabled":false,"appDisabled":false,"installDate":1503580993000,"updateDate":1503580993000,"applyBackgroundUpdates":1,"bootstrap":true,"path":"/opt/firefox/browser/features/firefox@getpocket.com.xpi","skinnable":false,"size":855802,"sourceURI":null,"releaseNotesURI":null,"softDisabled":false,"foreignInstall":false,"hasBinaryComponents":false,"strictCompatibility":false,"locales":[],"targetApplications":[{"id":"{ec8030f7-c20a-464f-9b0e-13a3a9e97384}","minVersion":"55.0.3","maxVersion":"55.*"}],"targetPlatforms":[],"multiprocessCompatible":true,"seen":true,"dependencies":[],"hasEmbeddedWebExtension":false,"mpcOptedOut":false,"userPermissions":null,"icons":{},"iconURL":null,"icon64URL":null}
1527664619157	addons.xpi	DEBUG	Updating XPIState for {"id":"clicktoplay-rollout@mozilla.org","syncGUID":"{d9e0c5b8-ad0e-452a-a754-d983fdc665b3}","location":"app-system-defaults","version":"1.2","type":"extension","internalName":null,"updateURL":null,"updateKey":null,"optionsURL":null,"optionsType":null,"aboutURL":null,"defaultLocale":{"name":"Click-to-Play staged rollout","description":"Staged rollout for Click-to-Play Flash.","creator":null,"homepageURL":null},"visible":true,"active":true,"userDisabled":false,"appDisabled":false,"installDate":1503580993000,"updateDate":1503580993000,"applyBackgroundUpdates":1,"bootstrap":true,"path":"/opt/firefox/browser/features/clicktoplay-rollout@mozilla.org.xpi","skinnable":false,"size":5621,"sourceURI":null,"releaseNotesURI":null,"softDisabled":false,"foreignInstall":false,"hasBinaryComponents":false,"strictCompatibility":false,"locales":[],"targetApplications":[{"id":"{ec8030f7-c20a-464f-9b0e-13a3a9e97384}","minVersion":"55.0.3","maxVersion":"55.*"}],"targetPlatforms":[],"multiprocessCompatible":true,"seen":true,"dependencies":[],"hasEmbeddedWebExtension":false,"mpcOptedOut":false,"userPermissions":null,"icons":{},"iconURL":null,"icon64URL":null}
1527664619157	addons.xpi	DEBUG	Updating XPIState for {"id":"screenshots@mozilla.org","syncGUID":"{682a0ff5-09f4-4530-ab74-45936167ef9c}","location":"app-system-defaults","version":"10.12.0","type":"extension","internalName":null,"updateURL":null,"updateKey":null,"optionsURL":null,"optionsType":null,"aboutURL":null,"defaultLocale":{"name":"Firefox Screenshots","description":null,"creator":null,"homepageURL":"https://pageshot.net/"},"visible":true,"active":true,"userDisabled":false,"appDisabled":false,"installDate":1503580993000,"updateDate":1503580993000,"applyBackgroundUpdates":1,"bootstrap":true,"path":"/opt/firefox/browser/features/screenshots@mozilla.org.xpi","skinnable":false,"size":714554,"sourceURI":null,"releaseNotesURI":null,"softDisabled":false,"foreignInstall":false,"hasBinaryComponents":false,"strictCompatibility":false,"locales":[],"targetApplications":[{"id":"{ec8030f7-c20a-464f-9b0e-13a3a9e97384}","minVersion":"51.0a1","maxVersion":"*"}],"targetPlatforms":[],"multiprocessCompatible":true,"seen":true,"dependencies":[],"hasEmbeddedWebExtension":false,"mpcOptedOut":false,"userPermissions":null,"icons":{},"iconURL":null,"icon64URL":null}
1527664619166	addons.xpi	DEBUG	Updating XPIState for {"id":"aushelper@mozilla.org","syncGUID":"{f9957b54-f084-4889-a9f1-df7782cd79a4}","location":"app-system-defaults","version":"2.0","type":"extension","internalName":null,"updateURL":null,"updateKey":null,"optionsURL":null,"optionsType":null,"aboutURL":null,"defaultLocale":{"name":"Application Update Service Helper","description":"Sets value(s) in the update url based on custom checks.","creator":null,"homepageURL":null},"visible":true,"active":true,"userDisabled":false,"appDisabled":false,"installDate":1503580993000,"updateDate":1503580993000,"applyBackgroundUpdates":1,"bootstrap":true,"path":"/opt/firefox/browser/features/aushelper@mozilla.org.xpi","skinnable":false,"size":8488,"sourceURI":null,"releaseNotesURI":null,"softDisabled":false,"foreignInstall":false,"hasBinaryComponents":false,"strictCompatibility":false,"locales":[],"targetApplications":[{"id":"{ec8030f7-c20a-464f-9b0e-13a3a9e97384}","minVersion":"55.0.3","maxVersion":"55.*"}],"targetPlatforms":[],"multiprocessCompatible":true,"seen":true,"dependencies":[],"hasEmbeddedWebExtension":false,"mpcOptedOut":false,"userPermissions":null,"icons":{},"iconURL":null,"icon64URL":null}
1527664619167	addons.xpi	DEBUG	Updating XPIState for {"id":"webcompat@mozilla.org","syncGUID":"{ed57147b-d5de-4fa0-b7c1-079b77003e28}","location":"app-system-defaults","version":"1.1","type":"extension","internalName":null,"updateURL":null,"updateKey":null,"optionsURL":null,"optionsType":null,"aboutURL":null,"defaultLocale":{"name":"Web Compat","description":"Urgent post-release fixes for web compatibility.","creator":null,"homepageURL":null},"visible":true,"active":true,"userDisabled":false,"appDisabled":false,"installDate":1503580993000,"updateDate":1503580993000,"applyBackgroundUpdates":1,"bootstrap":true,"path":"/opt/firefox/browser/features/webcompat@mozilla.org.xpi","skinnable":false,"size":8992,"sourceURI":null,"releaseNotesURI":null,"softDisabled":false,"foreignInstall":false,"hasBinaryComponents":false,"strictCompatibility":false,"locales":[],"targetApplications":[{"id":"{ec8030f7-c20a-464f-9b0e-13a3a9e97384}","minVersion":"55.0.3","maxVersion":"55.*"}],"targetPlatforms":[],"multiprocessCompatible":true,"seen":true,"dependencies":[],"hasEmbeddedWebExtension":false,"mpcOptedOut":false,"userPermissions":null,"icons":{},"iconURL":null,"icon64URL":null}
1527664619168	addons.xpi	DEBUG	Updating XPIState for {"id":"followonsearch@mozilla.com","syncGUID":"{b04d2d97-9b73-4601-832e-7a915c5eb0b8}","location":"app-system-defaults","version":"0.9.1","type":"extension","internalName":null,"updateURL":null,"updateKey":null,"optionsURL":null,"optionsType":null,"aboutURL":null,"defaultLocale":{"name":"Follow-on Search Telemetry","description":null,"creator":null,"homepageURL":null},"visible":true,"active":true,"userDisabled":false,"appDisabled":false,"installDate":1503580993000,"updateDate":1503580993000,"applyBackgroundUpdates":1,"bootstrap":true,"path":"/opt/firefox/browser/features/followonsearch@mozilla.com.xpi","skinnable":false,"size":16730,"sourceURI":null,"releaseNotesURI":null,"softDisabled":false,"foreignInstall":false,"hasBinaryComponents":false,"strictCompatibility":false,"locales":[],"targetApplications":[{"id":"{ec8030f7-c20a-464f-9b0e-13a3a9e97384}","minVersion":"52.0","maxVersion":"59.*"}],"targetPlatforms":[],"multiprocessCompatible":true,"seen":true,"dependencies":[],"hasEmbeddedWebExtension":false,"mpcOptedOut":false,"userPermissions":null,"icons":{},"iconURL":null,"icon64URL":null}
1527664619168	addons.xpi	DEBUG	Updating XPIState for {"id":"shield-recipe-client@mozilla.org","syncGUID":"{14c5c8f0-9124-4591-a41a-feac68fd148e}","location":"app-system-defaults","version":"55.1","type":"extension","internalName":null,"updateURL":null,"updateKey":null,"optionsURL":null,"optionsType":null,"aboutURL":null,"defaultLocale":{"name":"Shield Recipe Client","description":"Client to download and run recipes for SHIELD, Heartbeat, etc.","creator":null,"homepageURL":null},"visible":true,"active":true,"userDisabled":false,"appDisabled":false,"installDate":1503580993000,"updateDate":1503580993000,"applyBackgroundUpdates":1,"bootstrap":true,"path":"/opt/firefox/browser/features/shield-recipe-client@mozilla.org.xpi","skinnable":false,"size":140305,"sourceURI":null,"releaseNotesURI":null,"softDisabled":false,"foreignInstall":false,"hasBinaryComponents":false,"strictCompatibility":false,"locales":[],"targetApplications":[{"id":"{ec8030f7-c20a-464f-9b0e-13a3a9e97384}","minVersion":"55.0.3","maxVersion":"55.*"}],"targetPlatforms":[],"multiprocessCompatible":true,"seen":true,"dependencies":[],"hasEmbeddedWebExtension":false,"mpcOptedOut":false,"userPermissions":null,"icons":{},"iconURL":null,"icon64URL":null}
1527664619168	addons.xpi	DEBUG	Updating XPIState for {"id":"{972ce4c6-7e08-4474-a285-3208198ce6fd}","syncGUID":"{5d5581cd-3f0d-40f6-94fe-d6c0d152d257}","location":"app-global","version":"55.0.3","type":"theme","internalName":"classic/1.0","updateURL":null,"updateKey":null,"optionsURL":null,"optionsType":null,"optionsBrowserStyle":null,"aboutURL":null,"defaultLocale":{"name":"Default","description":"The default theme.","creator":"Mozilla","homepageURL":null,"contributors":["Mozilla Contributors"]},"visible":true,"active":true,"userDisabled":false,"appDisabled":false,"installDate":1503580993000,"updateDate":1503580993000,"applyBackgroundUpdates":1,"path":"/opt/firefox/browser/extensions/{972ce4c6-7e08-4474-a285-3208198ce6fd}.xpi","skinnable":true,"size":2918,"sourceURI":null,"releaseNotesURI":null,"softDisabled":false,"foreignInstall":false,"hasBinaryComponents":false,"strictCompatibility":true,"locales":[],"targetApplications":[{"id":"{ec8030f7-c20a-464f-9b0e-13a3a9e97384}","minVersion":"55.0.3","maxVersion":"55.0.3"}],"targetPlatforms":[],"seen":true,"dependencies":[],"hasEmbeddedWebExtension":false,"userPermissions":null,"icons":{},"iconURL":"chrome://browser/content/default-theme-icon.svg","icon64URL":null}
1527664619170	DeferredSave.extensions.json	DEBUG	Save changes
1527664619170	addons.xpi	DEBUG	Updating database with changes to installed add-ons
1527664619170	addons.xpi-utils	DEBUG	Updating add-on states
1527664619176	addons.xpi	DEBUG	Registering manifest for /opt/firefox/browser/features/aushelper@mozilla.org.xpi
1527664619177	addons.xpi	DEBUG	Calling bootstrap method startup on aushelper@mozilla.org version 2.0
1527664619179	addons.xpi	DEBUG	Registering manifest for /opt/firefox/browser/features/clicktoplay-rollout@mozilla.org.xpi
1527664619179	addons.xpi	DEBUG	Calling bootstrap method startup on clicktoplay-rollout@mozilla.org version 1.2
1527664619233	addons.productaddons	INFO	Completed downloading document
1527664619242	addons.xpi	DEBUG	Registering manifest for /opt/firefox/browser/features/e10srollout@mozilla.org.xpi
1527664619242	addons.xpi	DEBUG	Calling bootstrap method startup on e10srollout@mozilla.org version 2.0
1527664619243	addons.xpi	DEBUG	Registering manifest for /opt/firefox/browser/features/firefox@getpocket.com.xpi
1527664619243	addons.xpi	DEBUG	Calling bootstrap method startup on firefox@getpocket.com version 1.0.5
1527664619286	addons.xpi	DEBUG	Registering manifest for /opt/firefox/browser/features/followonsearch@mozilla.com.xpi
1527664619286	addons.xpi	DEBUG	Calling bootstrap method startup on followonsearch@mozilla.com version 0.9.1
1527664619287	addons.xpi	DEBUG	Registering manifest for /opt/firefox/browser/features/screenshots@mozilla.org.xpi
1527664619287	addons.xpi	DEBUG	Calling bootstrap method startup on screenshots@mozilla.org version 10.12.0
1527664619287	addons.xpi	DEBUG	Registering manifest for /opt/firefox/browser/features/shield-recipe-client@mozilla.org.xpi
1527664619287	addons.xpi	DEBUG	Calling bootstrap method startup on shield-recipe-client@mozilla.org version 55.1
1527664619297	addons.xpi	DEBUG	Registering manifest for /opt/firefox/browser/features/webcompat@mozilla.org.xpi
1527664619297	addons.xpi	DEBUG	Calling bootstrap method startup on webcompat@mozilla.org version 1.1
1527664619303	addons.manager	DEBUG	Registering shutdown blocker for XPIProvider
1527664619303	addons.manager	DEBUG	Provider finished startup: XPIProvider
1527664619303	addons.manager	DEBUG	Starting provider: LightweightThemeManager
1527664619303	addons.manager	DEBUG	Registering shutdown blocker for LightweightThemeManager
1527664619304	addons.manager	DEBUG	Provider finished startup: LightweightThemeManager
1527664619304	addons.manager	DEBUG	Starting provider: GMPProvider
1527664619308	addons.manager	DEBUG	Registering shutdown blocker for GMPProvider
1527664619309	addons.manager	DEBUG	Provider finished startup: GMPProvider
1527664619309	addons.manager	DEBUG	Starting provider: PluginProvider
1527664619309	addons.manager	DEBUG	Registering shutdown blocker for PluginProvider
1527664619309	addons.manager	DEBUG	Provider finished startup: PluginProvider
1527664619310	addons.manager	DEBUG	Completed startup sequence
1527664619806	Marionette	INFO	Enabled via --marionette
1527664620317	addons.manager	DEBUG	Starting provider: PreviousExperimentProvider
1527664620317	addons.manager	DEBUG	Registering shutdown blocker for PreviousExperimentProvider
1527664620318	addons.manager	DEBUG	Provider finished startup: PreviousExperimentProvider
1527664620320	DeferredSave.extensions.json	DEBUG	Starting write
1527664620474	DeferredSave.extensions.json	DEBUG	Write succeeded
1527664620475	addons.xpi-utils	DEBUG	XPI Database saved, setting schema version preference to 21
1527664621960	addons.manager	DEBUG	Starting provider: <unnamed-provider>
1527664621960	addons.manager	DEBUG	Registering shutdown blocker for <unnamed-provider>
1527664621961	addons.manager	DEBUG	Provider finished startup: <unnamed-provider>
1527664621964	addons.xpi	INFO	Mapping e10srollout@mozilla.org to /opt/firefox/browser/features/e10srollout@mozilla.org.xpi
1527664621965	addons.xpi	INFO	Mapping firefox@getpocket.com to /opt/firefox/browser/features/firefox@getpocket.com.xpi
1527664621965	addons.xpi	INFO	Mapping clicktoplay-rollout@mozilla.org to /opt/firefox/browser/features/clicktoplay-rollout@mozilla.org.xpi
1527664621965	addons.xpi	INFO	Mapping screenshots@mozilla.org to /opt/firefox/browser/features/screenshots@mozilla.org.xpi
1527664621965	addons.xpi	INFO	Mapping aushelper@mozilla.org to /opt/firefox/browser/features/aushelper@mozilla.org.xpi
1527664621965	addons.xpi	INFO	Mapping webcompat@mozilla.org to /opt/firefox/browser/features/webcompat@mozilla.org.xpi
1527664621965	addons.xpi	INFO	Mapping followonsearch@mozilla.com to /opt/firefox/browser/features/followonsearch@mozilla.com.xpi
1527664621965	addons.xpi	INFO	Mapping shield-recipe-client@mozilla.org to /opt/firefox/browser/features/shield-recipe-client@mozilla.org.xpi
1527664621966	addons.xpi	DEBUG	Existing add-on e10srollout@mozilla.org in app-system-defaults
1527664621966	addons.xpi	DEBUG	Existing add-on firefox@getpocket.com in app-system-defaults
1527664621966	addons.xpi	DEBUG	Existing add-on clicktoplay-rollout@mozilla.org in app-system-defaults
1527664621967	addons.xpi	DEBUG	Existing add-on screenshots@mozilla.org in app-system-defaults
1527664621967	addons.xpi	DEBUG	Existing add-on aushelper@mozilla.org in app-system-defaults
1527664621967	addons.xpi	DEBUG	Existing add-on webcompat@mozilla.org in app-system-defaults
1527664621967	addons.xpi	DEBUG	Existing add-on followonsearch@mozilla.com in app-system-defaults
1527664621968	addons.xpi	DEBUG	Existing add-on shield-recipe-client@mozilla.org in app-system-defaults
1527664621968	addons.xpi	INFO	Mapping {972ce4c6-7e08-4474-a285-3208198ce6fd} to /opt/firefox/browser/extensions/{972ce4c6-7e08-4474-a285-3208198ce6fd}.xpi
1527664621968	addons.xpi	DEBUG	Existing add-on {972ce4c6-7e08-4474-a285-3208198ce6fd} in app-global
1527664621968	addons.xpi	DEBUG	getInstallState changed: false, state: {}
1527664622455	addons.productaddons	INFO	sending request to: https://aus5.mozilla.org/update/3/GMP/55.0.3/20170824123605/Linux_x86_64-gcc3/en-US/release/Linux%204.13.0-43-generic%20(GTK%203.18.9%2Clibpulse%208.0.0)/default/default/update.xml
1527664622672	Marionette	INFO	Listening on port 35831
1527664622830	Marionette	WARN	TLS certificate errors will be ignored for this session
JavaScript error: chrome://marionette/content/server.js, line 337: NS_ERROR_SOCKET_ADDRESS_IN_USE: Component returned failure code: 0x804b0036 (NS_ERROR_SOCKET_ADDRESS_IN_USE) [nsIServerSocket.initSpecialConnection]
1527664622955	Marionette	DEBUG	loaded listener.js
May 30, 2018 12:47:03 PM org.openqa.selenium.remote.ProtocolHandshake createSession
INFO: Detected dialect: W3C
1527664623165	Marionette	DEBUG	Received DOM event "beforeunload" for "about:blank"
1527664623444	addons.productaddons	INFO	Completed downloading document
1527664624144	Marionette	DEBUG	Received DOM event "pagehide" for "about:blank"
1527664624151	Marionette	DEBUG	Received DOM event "unload" for "about:blank"
1527664626060	addons.xpi	DEBUG	Calling bootstrap method shutdown on webcompat@mozilla.org version 1.1
1527664626060	addons.xpi	DEBUG	Calling bootstrap method shutdown on shield-recipe-client@mozilla.org version 55.1
1527664626064	addons.xpi	DEBUG	Calling bootstrap method shutdown on screenshots@mozilla.org version 10.12.0
1527664626067	addons.xpi	DEBUG	Calling bootstrap method shutdown on followonsearch@mozilla.com version 0.9.1
1527664626068	addons.xpi	DEBUG	Calling bootstrap method shutdown on firefox@getpocket.com version 1.0.5
1527664626069	addons.xpi	DEBUG	Calling bootstrap method shutdown on e10srollout@mozilla.org version 2.0
1527664626070	addons.xpi	DEBUG	Calling bootstrap method shutdown on clicktoplay-rollout@mozilla.org version 1.2
1527664626072	addons.xpi	DEBUG	Calling bootstrap method shutdown on aushelper@mozilla.org version 2.0
1527664626245	addons.productaddons	WARN	Failed downloading via XHR, status: 0, reason: error
1527664626359	addons.manager	DEBUG	shutdown
1527664626360	addons.manager	DEBUG	Calling shutdown blocker for XPIProvider
1527664626360	addons.xpi	DEBUG	shutdown
1527664626361	addons.xpi-utils	DEBUG	shutdown
1527664626362	addons.manager	DEBUG	Calling shutdown blocker for LightweightThemeManager
1527664626364	addons.manager	DEBUG	Calling shutdown blocker for GMPProvider
1527664626366	addons.manager	DEBUG	Calling shutdown blocker for PluginProvider
1527664626367	addons.manager	DEBUG	Calling shutdown blocker for PreviousExperimentProvider
1527664626367	addons.manager	DEBUG	Calling shutdown blocker for <unnamed-provider>
1527664626373	addons.xpi	DEBUG	Notifying XPI shutdown observers
1527664626381	addons.manager	DEBUG	Async provider shutdown done
1527664626875	Marionette	DEBUG	Received DOM event "DOMContentLoaded" for "https://www.fabindia.com/"
JavaScript warning: https://cdn.zarget.com/147517/362783.js, line 3: unreachable code after return statement
1527664628996	Marionette	DEBUG	Received DOM event "pageshow" for "https://www.fabindia.com/"
1527664629041	Marionette	DEBUG	Received DOM event "DOMContentLoaded" for "https://sin.creativecdn.com/tags?type=iframe&id=pr_hSRfjs4bAZaPXzK2GUyq_home&tc=1"
1527664629397	Marionette	DEBUG	Received DOM event "DOMContentLoaded" for "https://staticxx.facebook.com/connect/xd_arbiter/r/oVjM2wVZ10b.js?version=42#channel=f179e7ea15349fa&origin=https%3A%2F%2Fwww.fabindia.com"
1527664629401	Marionette	DEBUG	Received DOM event "pageshow" for "https://staticxx.facebook.com/connect/xd_arbiter/r/oVjM2wVZ10b.js?version=42#channel=f179e7ea15349fa&origin=https%3A%2F%2Fwww.fabindia.com"
1527664633438	addons.productaddons	INFO	downloadXHR File download. status=200
1527664633446	addons.productaddons	INFO	Downloaded file will be saved to /tmp/tmpaddon
1527664640259	addons.xpi	DEBUG	Calling bootstrap method shutdown on webcompat@mozilla.org version 1.1
1527664640260	addons.xpi	DEBUG	Calling bootstrap method shutdown on shield-recipe-client@mozilla.org version 55.1
1527664640265	addons.xpi	DEBUG	Calling bootstrap method shutdown on screenshots@mozilla.org version 10.12.0
1527664640266	addons.xpi	DEBUG	Calling bootstrap method shutdown on followonsearch@mozilla.com version 0.9.1
1527664640267	addons.xpi	DEBUG	Calling bootstrap method shutdown on firefox@getpocket.com version 1.0.5
1527664640267	addons.xpi	DEBUG	Calling bootstrap method shutdown on e10srollout@mozilla.org version 2.0
1527664640268	addons.xpi	DEBUG	Calling bootstrap method shutdown on clicktoplay-rollout@mozilla.org version 1.2
1527664640268	addons.xpi	DEBUG	Calling bootstrap method shutdown on aushelper@mozilla.org version 2.0
1527664640270	Marionette	DEBUG	Received observer notification "outer-window-destroyed" for "2147483655"
1527664640270	Marionette	DEBUG	Received observer notification "outer-window-destroyed" for "2147483653"
1527664640270	Marionette	DEBUG	Received observer notification "outer-window-destroyed" for "2147483649"
1527664640520	addons.manager	DEBUG	shutdown
1527664640521	addons.manager	DEBUG	Calling shutdown blocker for XPIProvider
1527664640521	addons.xpi	DEBUG	shutdown
1527664640522	addons.xpi-utils	DEBUG	shutdown
1527664640523	addons.manager	DEBUG	Calling shutdown blocker for LightweightThemeManager
1527664640524	addons.manager	DEBUG	Calling shutdown blocker for GMPProvider
1527664640525	addons.manager	DEBUG	Calling shutdown blocker for PluginProvider
1527664640526	addons.manager	DEBUG	Calling shutdown blocker for PreviousExperimentProvider
1527664640526	addons.manager	DEBUG	Calling shutdown blocker for <unnamed-provider>
1527664640530	addons.xpi	DEBUG	Notifying XPI shutdown observers
1527664640538	addons.manager	DEBUG	Async provider shutdown done
1527664641236	geckodriver::marionette	ERROR	Failed to stop browser process
]]></system-err>
  </testcase>
  <testcase name="tearDown" classname="com.services.test.TestFabIndiaInfo" time="18.101">
    <failure message="Tried to run command without establishing a connection&#10;Build info: version: &apos;3.11.0&apos;, revision: &apos;e59cfb3&apos;, time: &apos;2018-03-11T20:26:55.152Z&apos;&#10;System info: host: &apos;streamoid-ThinkPad-T440s&apos;, ip: &apos;127.0.1.1&apos;, os.name: &apos;Linux&apos;, os.arch: &apos;amd64&apos;, os.version: &apos;4.13.0-43-generic&apos;, java.version: &apos;1.8.0_171&apos;&#10;Driver info: org.openqa.selenium.firefox.FirefoxDriver&#10;Capabilities {acceptInsecureCerts: true, browserName: firefox, browserVersion: 55.0.3, javascriptEnabled: true, moz:accessibilityChecks: false, moz:processID: 5909, moz:profile: /tmp/rust_mozprofile.xccYcB..., pageLoadStrategy: normal, platform: LINUX, platformName: LINUX, platformVersion: 4.13.0-43-generic, rotatable: false, specificationLevel: 0, timeouts: {implicit: 0, pageLoad: 300000, script: 30000}}&#10;Session ID: a1a9d6bd-b97e-4d03-88c4-9e59eceba54a" type="org.openqa.selenium.SessionNotCreatedException">org.openqa.selenium.SessionNotCreatedException: 
Tried to run command without establishing a connection
Build info: version: '3.11.0', revision: 'e59cfb3', time: '2018-03-11T20:26:55.152Z'
System info: host: 'streamoid-ThinkPad-T440s', ip: '127.0.1.1', os.name: 'Linux', os.arch: 'amd64', os.version: '4.13.0-43-generic', java.version: '1.8.0_171'
Driver info: org.openqa.selenium.firefox.FirefoxDriver
Capabilities {acceptInsecureCerts: true, browserName: firefox, browserVersion: 55.0.3, javascriptEnabled: true, moz:accessibilityChecks: false, moz:processID: 5909, moz:profile: /tmp/rust_mozprofile.xccYcB..., pageLoadStrategy: normal, platform: LINUX, platformName: LINUX, platformVersion: 4.13.0-43-generic, rotatable: false, specificationLevel: 0, timeouts: {implicit: 0, pageLoad: 300000, script: 30000}}
Session ID: a1a9d6bd-b97e-4d03-88c4-9e59eceba54a
	at com.services.test.TestFabIndiaInfo.tearDown(TestFabIndiaInfo.java:214)
</failure>
  </testcase>
  <testcase name="tearDown" classname="com.services.test.TestFabIndiaInfo" time="0">
    <skipped/>
  </testcase>
  <testcase name="testPothys" classname="com.services.test.TestPothysInfo" time="2.507">
    <failure message="Failed to decode response from marionette&#10;Build info: version: &apos;3.11.0&apos;, revision: &apos;e59cfb3&apos;, time: &apos;2018-03-11T20:26:55.152Z&apos;&#10;System info: host: &apos;streamoid-ThinkPad-T440s&apos;, ip: &apos;127.0.1.1&apos;, os.name: &apos;Linux&apos;, os.arch: &apos;amd64&apos;, os.version: &apos;4.13.0-43-generic&apos;, java.version: &apos;1.8.0_171&apos;&#10;Driver info: org.openqa.selenium.firefox.FirefoxDriver&#10;Capabilities {acceptInsecureCerts: true, browserName: firefox, browserVersion: 55.0.3, javascriptEnabled: true, moz:accessibilityChecks: false, moz:processID: 6139, moz:profile: /tmp/rust_mozprofile.qkTUEz..., pageLoadStrategy: normal, platform: LINUX, platformName: LINUX, platformVersion: 4.13.0-43-generic, rotatable: false, specificationLevel: 0, timeouts: {implicit: 0, pageLoad: 300000, script: 30000}}&#10;Session ID: b452645c-687a-4719-9979-f2825ee89f4a" type="org.openqa.selenium.WebDriverException">org.openqa.selenium.WebDriverException: 
Failed to decode response from marionette
Build info: version: '3.11.0', revision: 'e59cfb3', time: '2018-03-11T20:26:55.152Z'
System info: host: 'streamoid-ThinkPad-T440s', ip: '127.0.1.1', os.name: 'Linux', os.arch: 'amd64', os.version: '4.13.0-43-generic', java.version: '1.8.0_171'
Driver info: org.openqa.selenium.firefox.FirefoxDriver
Capabilities {acceptInsecureCerts: true, browserName: firefox, browserVersion: 55.0.3, javascriptEnabled: true, moz:accessibilityChecks: false, moz:processID: 6139, moz:profile: /tmp/rust_mozprofile.qkTUEz..., pageLoadStrategy: normal, platform: LINUX, platformName: LINUX, platformVersion: 4.13.0-43-generic, rotatable: false, specificationLevel: 0, timeouts: {implicit: 0, pageLoad: 300000, script: 30000}}
Session ID: b452645c-687a-4719-9979-f2825ee89f4a
	at com.services.test.TestPothysInfo.testPothys(TestPothysInfo.java:68)
</failure>
    <system-err><![CDATA[1527664641286	geckodriver	INFO	geckodriver 0.20.0
1527664641294	geckodriver	INFO	Listening on 127.0.0.1:25867
1527664641309	mozrunner::runner	INFO	Running command: "/opt/firefox/firefox" "-marionette" "-profile" "/tmp/rust_mozprofile.Ntf9JFIYRHt2"
1527664641524	addons.manager	DEBUG	Application has been upgraded
1527664641546	addons.manager	DEBUG	Loaded provider scope for resource://gre/modules/addons/XPIProvider.jsm: ["XPIProvider", "XPIInternal"]
1527664641549	addons.manager	DEBUG	Loaded provider scope for resource://gre/modules/LightweightThemeManager.jsm: ["LightweightThemeManager"]
1527664641576	addons.manager	DEBUG	Loaded provider scope for resource://gre/modules/addons/GMPProvider.jsm
1527664641579	addons.manager	DEBUG	Loaded provider scope for resource://gre/modules/addons/PluginProvider.jsm
1527664641580	addons.manager	DEBUG	Starting provider: XPIProvider
1527664641581	addons.xpi	DEBUG	startup
1527664641581	addons.xpi	INFO	SystemAddonInstallLocation directory is missing
1527664641581	addons.xpi	INFO	Removing all system add-on upgrades.
1527664641583	addons.xpi	DEBUG	checkForChanges
1527664641583	addons.xpi	WARN	Error parsing extensions state: [Exception... "Component returned failure code: 0x80520012 (NS_ERROR_FILE_NOT_FOUND) [amIAddonManagerStartup.readStartupData]"  nsresult: "0x80520012 (NS_ERROR_FILE_NOT_FOUND)"  location: "JS frame :: resource://gre/modules/addons/XPIProvider.jsm :: loadExtensionState :: line 1596"  data: no] Stack trace: loadExtensionState()@resource://gre/modules/addons/XPIProvider.jsm:1596 < getInstallState()@resource://gre/modules/addons/XPIProvider.jsm:1631 < checkForChanges()@resource://gre/modules/addons/XPIProvider.jsm:3152 < startup()@resource://gre/modules/addons/XPIProvider.jsm:2246 < callProvider()@resource://gre/modules/AddonManager.jsm:271 < _startProvider()@resource://gre/modules/AddonManager.jsm:741 < startup()@resource://gre/modules/AddonManager.jsm:908 < startup()@resource://gre/modules/AddonManager.jsm:3122 < observe()@jar:file:///opt/firefox/omni.ja!/components/addonManager.js:65
1527664641585	addons.xpi	DEBUG	Loaded add-on state: ${}
1527664641587	addons.xpi	INFO	Mapping e10srollout@mozilla.org to /opt/firefox/browser/features/e10srollout@mozilla.org.xpi
1527664641587	addons.xpi	INFO	Mapping firefox@getpocket.com to /opt/firefox/browser/features/firefox@getpocket.com.xpi
1527664641587	addons.xpi	INFO	Mapping clicktoplay-rollout@mozilla.org to /opt/firefox/browser/features/clicktoplay-rollout@mozilla.org.xpi
1527664641587	addons.xpi	INFO	Mapping screenshots@mozilla.org to /opt/firefox/browser/features/screenshots@mozilla.org.xpi
1527664641587	addons.xpi	INFO	Mapping aushelper@mozilla.org to /opt/firefox/browser/features/aushelper@mozilla.org.xpi
1527664641588	addons.xpi	INFO	Mapping webcompat@mozilla.org to /opt/firefox/browser/features/webcompat@mozilla.org.xpi
1527664641588	addons.xpi	INFO	Mapping followonsearch@mozilla.com to /opt/firefox/browser/features/followonsearch@mozilla.com.xpi
1527664641588	addons.xpi	INFO	Mapping shield-recipe-client@mozilla.org to /opt/firefox/browser/features/shield-recipe-client@mozilla.org.xpi
1527664641589	addons.xpi	DEBUG	New add-on e10srollout@mozilla.org in app-system-defaults
1527664641590	addons.xpi	INFO	Mapping e10srollout@mozilla.org to /opt/firefox/browser/features/e10srollout@mozilla.org.xpi
1527664641591	addons.xpi	DEBUG	New add-on firefox@getpocket.com in app-system-defaults
1527664641592	addons.xpi	INFO	Mapping firefox@getpocket.com to /opt/firefox/browser/features/firefox@getpocket.com.xpi
1527664641593	addons.xpi	DEBUG	New add-on clicktoplay-rollout@mozilla.org in app-system-defaults
1527664641594	addons.xpi	INFO	Mapping clicktoplay-rollout@mozilla.org to /opt/firefox/browser/features/clicktoplay-rollout@mozilla.org.xpi
1527664641594	addons.xpi	DEBUG	New add-on screenshots@mozilla.org in app-system-defaults
1527664641594	addons.xpi	INFO	Mapping screenshots@mozilla.org to /opt/firefox/browser/features/screenshots@mozilla.org.xpi
1527664641595	addons.xpi	DEBUG	New add-on aushelper@mozilla.org in app-system-defaults
1527664641595	addons.xpi	INFO	Mapping aushelper@mozilla.org to /opt/firefox/browser/features/aushelper@mozilla.org.xpi
1527664641595	addons.xpi	DEBUG	New add-on webcompat@mozilla.org in app-system-defaults
1527664641595	addons.xpi	INFO	Mapping webcompat@mozilla.org to /opt/firefox/browser/features/webcompat@mozilla.org.xpi
1527664641596	addons.xpi	DEBUG	New add-on followonsearch@mozilla.com in app-system-defaults
1527664641596	addons.xpi	INFO	Mapping followonsearch@mozilla.com to /opt/firefox/browser/features/followonsearch@mozilla.com.xpi
1527664641596	addons.xpi	DEBUG	New add-on shield-recipe-client@mozilla.org in app-system-defaults
1527664641596	addons.xpi	INFO	Mapping shield-recipe-client@mozilla.org to /opt/firefox/browser/features/shield-recipe-client@mozilla.org.xpi
1527664641600	addons.xpi	INFO	Mapping {972ce4c6-7e08-4474-a285-3208198ce6fd} to /opt/firefox/browser/extensions/{972ce4c6-7e08-4474-a285-3208198ce6fd}.xpi
1527664641600	addons.xpi	DEBUG	New add-on {972ce4c6-7e08-4474-a285-3208198ce6fd} in app-global
1527664641601	addons.xpi	INFO	Mapping {972ce4c6-7e08-4474-a285-3208198ce6fd} to /opt/firefox/browser/extensions/{972ce4c6-7e08-4474-a285-3208198ce6fd}.xpi
1527664641601	addons.xpi	DEBUG	getInstallState changed: true, state: {}
1527664641601	addons.xpi	INFO	SystemAddonInstallLocation directory is missing
1527664641611	addons.xpi-utils	DEBUG	Opening XPI database /tmp/rust_mozprofile.Ntf9JFIYRHt2/extensions.json
1527664641613	addons.xpi-utils	DEBUG	New add-on e10srollout@mozilla.org installed in app-system-defaults
*** Blocklist::_loadBlocklistFromFile: blocklist is disabled
1527664641640	DeferredSave.extensions.json	DEBUG	Save changes
1527664641643	addons.xpi-utils	DEBUG	New add-on firefox@getpocket.com installed in app-system-defaults
1527664641645	DeferredSave.extensions.json	DEBUG	Starting timer
1527664641648	DeferredSave.extensions.json	DEBUG	Save changes
1527664641648	addons.xpi-utils	DEBUG	New add-on clicktoplay-rollout@mozilla.org installed in app-system-defaults
1527664641651	DeferredSave.extensions.json	DEBUG	Save changes
1527664641651	addons.xpi-utils	DEBUG	New add-on screenshots@mozilla.org installed in app-system-defaults
1527664641658	DeferredSave.extensions.json	DEBUG	Save changes
1527664641658	addons.xpi-utils	DEBUG	New add-on aushelper@mozilla.org installed in app-system-defaults
1527664641661	DeferredSave.extensions.json	DEBUG	Save changes
1527664641662	addons.xpi-utils	DEBUG	New add-on webcompat@mozilla.org installed in app-system-defaults
1527664641667	DeferredSave.extensions.json	DEBUG	Save changes
1527664641667	addons.xpi-utils	DEBUG	New add-on followonsearch@mozilla.com installed in app-system-defaults
1527664641669	DeferredSave.extensions.json	DEBUG	Save changes
1527664641669	addons.xpi-utils	DEBUG	New add-on shield-recipe-client@mozilla.org installed in app-system-defaults
1527664641672	DeferredSave.extensions.json	DEBUG	Save changes
1527664641672	addons.xpi-utils	DEBUG	New add-on {972ce4c6-7e08-4474-a285-3208198ce6fd} installed in app-global
1527664641675	DeferredSave.extensions.json	DEBUG	Save changes
1527664641675	addons.manager	DEBUG	Registering startup change 'installed' for e10srollout@mozilla.org
1527664641683	addons.xpi	DEBUG	Loading bootstrap scope from /opt/firefox/browser/features/e10srollout@mozilla.org.xpi
1527664641685	addons.xpi	DEBUG	Calling bootstrap method install on e10srollout@mozilla.org version 2.0
1527664641687	addons.xpi-utils	DEBUG	Make addon app-system-defaults:e10srollout@mozilla.org visible
1527664641687	addons.xpi	DEBUG	Updating XPIState for {"id":"e10srollout@mozilla.org","syncGUID":"{077c3358-132c-4a25-a729-42021f5ae359}","location":"app-system-defaults","version":"2.0","type":"extension","internalName":null,"updateURL":null,"updateKey":null,"optionsURL":null,"optionsType":null,"aboutURL":null,"defaultLocale":{"name":"Multi-process staged rollout","description":"Staged rollout of Firefox multi-process feature.","creator":null,"homepageURL":null},"visible":true,"active":false,"userDisabled":false,"appDisabled":false,"installDate":1503580993000,"updateDate":1503580993000,"applyBackgroundUpdates":1,"bootstrap":true,"path":"/opt/firefox/browser/features/e10srollout@mozilla.org.xpi","skinnable":false,"size":13287,"sourceURI":null,"releaseNotesURI":null,"softDisabled":false,"foreignInstall":false,"hasBinaryComponents":false,"strictCompatibility":false,"locales":[],"targetApplications":[{"id":"{ec8030f7-c20a-464f-9b0e-13a3a9e97384}","minVersion":"55.0.3","maxVersion":"55.*"}],"targetPlatforms":[],"multiprocessCompatible":true,"seen":true,"dependencies":[],"hasEmbeddedWebExtension":false,"mpcOptedOut":false,"userPermissions":null,"icons":{},"iconURL":null,"icon64URL":null}
1527664641691	DeferredSave.extensions.json	DEBUG	Save changes
1527664641691	addons.manager	DEBUG	Registering startup change 'installed' for firefox@getpocket.com
1527664641692	addons.xpi	DEBUG	Loading bootstrap scope from /opt/firefox/browser/features/firefox@getpocket.com.xpi
1527664641700	addons.xpi	DEBUG	Calling bootstrap method install on firefox@getpocket.com version 1.0.5
1527664641701	addons.xpi-utils	DEBUG	Make addon app-system-defaults:firefox@getpocket.com visible
1527664641701	addons.xpi	DEBUG	Updating XPIState for {"id":"firefox@getpocket.com","syncGUID":"{cd607a3e-fa46-4fe7-8b35-348cf59e5114}","location":"app-system-defaults","version":"1.0.5","type":"extension","internalName":null,"updateURL":null,"updateKey":null,"optionsURL":null,"optionsType":null,"aboutURL":null,"defaultLocale":{"name":"Pocket","description":"When you find something you want to view later, put it in Pocket.","creator":null,"homepageURL":null},"visible":true,"active":false,"userDisabled":false,"appDisabled":false,"installDate":1503580993000,"updateDate":1503580993000,"applyBackgroundUpdates":1,"bootstrap":true,"path":"/opt/firefox/browser/features/firefox@getpocket.com.xpi","skinnable":false,"size":855802,"sourceURI":null,"releaseNotesURI":null,"softDisabled":false,"foreignInstall":false,"hasBinaryComponents":false,"strictCompatibility":false,"locales":[],"targetApplications":[{"id":"{ec8030f7-c20a-464f-9b0e-13a3a9e97384}","minVersion":"55.0.3","maxVersion":"55.*"}],"targetPlatforms":[],"multiprocessCompatible":true,"seen":true,"dependencies":[],"hasEmbeddedWebExtension":false,"mpcOptedOut":false,"userPermissions":null,"icons":{},"iconURL":null,"icon64URL":null}
1527664641702	DeferredSave.extensions.json	DEBUG	Save changes
1527664641702	addons.manager	DEBUG	Registering startup change 'installed' for clicktoplay-rollout@mozilla.org
1527664641703	addons.xpi	DEBUG	Loading bootstrap scope from /opt/firefox/browser/features/clicktoplay-rollout@mozilla.org.xpi
1527664641715	addons.xpi	DEBUG	Calling bootstrap method install on clicktoplay-rollout@mozilla.org version 1.2
1527664641715	addons.xpi-utils	DEBUG	Make addon app-system-defaults:clicktoplay-rollout@mozilla.org visible
1527664641715	addons.xpi	DEBUG	Updating XPIState for {"id":"clicktoplay-rollout@mozilla.org","syncGUID":"{701edb97-4f4e-47e8-97ce-3c88f9fd07c9}","location":"app-system-defaults","version":"1.2","type":"extension","internalName":null,"updateURL":null,"updateKey":null,"optionsURL":null,"optionsType":null,"aboutURL":null,"defaultLocale":{"name":"Click-to-Play staged rollout","description":"Staged rollout for Click-to-Play Flash.","creator":null,"homepageURL":null},"visible":true,"active":false,"userDisabled":false,"appDisabled":false,"installDate":1503580993000,"updateDate":1503580993000,"applyBackgroundUpdates":1,"bootstrap":true,"path":"/opt/firefox/browser/features/clicktoplay-rollout@mozilla.org.xpi","skinnable":false,"size":5621,"sourceURI":null,"releaseNotesURI":null,"softDisabled":false,"foreignInstall":false,"hasBinaryComponents":false,"strictCompatibility":false,"locales":[],"targetApplications":[{"id":"{ec8030f7-c20a-464f-9b0e-13a3a9e97384}","minVersion":"55.0.3","maxVersion":"55.*"}],"targetPlatforms":[],"multiprocessCompatible":true,"seen":true,"dependencies":[],"hasEmbeddedWebExtension":false,"mpcOptedOut":false,"userPermissions":null,"icons":{},"iconURL":null,"icon64URL":null}
1527664641715	DeferredSave.extensions.json	DEBUG	Save changes
1527664641716	addons.manager	DEBUG	Registering startup change 'installed' for screenshots@mozilla.org
1527664641716	addons.xpi	DEBUG	Loading bootstrap scope from /opt/firefox/browser/features/screenshots@mozilla.org.xpi
1527664641718	addons.xpi	DEBUG	Calling bootstrap method install on screenshots@mozilla.org version 10.12.0
1527664641719	addons.xpi-utils	DEBUG	Make addon app-system-defaults:screenshots@mozilla.org visible
1527664641719	addons.xpi	DEBUG	Updating XPIState for {"id":"screenshots@mozilla.org","syncGUID":"{52103c27-aa8d-4df3-aa7f-3f11359c3fb1}","location":"app-system-defaults","version":"10.12.0","type":"extension","internalName":null,"updateURL":null,"updateKey":null,"optionsURL":null,"optionsType":null,"aboutURL":null,"defaultLocale":{"name":"Firefox Screenshots","description":null,"creator":null,"homepageURL":"https://pageshot.net/"},"visible":true,"active":false,"userDisabled":false,"appDisabled":false,"installDate":1503580993000,"updateDate":1503580993000,"applyBackgroundUpdates":1,"bootstrap":true,"path":"/opt/firefox/browser/features/screenshots@mozilla.org.xpi","skinnable":false,"size":714554,"sourceURI":null,"releaseNotesURI":null,"softDisabled":false,"foreignInstall":false,"hasBinaryComponents":false,"strictCompatibility":false,"locales":[],"targetApplications":[{"id":"{ec8030f7-c20a-464f-9b0e-13a3a9e97384}","minVersion":"51.0a1","maxVersion":"*"}],"targetPlatforms":[],"multiprocessCompatible":true,"seen":true,"dependencies":[],"hasEmbeddedWebExtension":false,"mpcOptedOut":false,"userPermissions":null,"icons":{},"iconURL":null,"icon64URL":null}
1527664641719	DeferredSave.extensions.json	DEBUG	Save changes
1527664641720	addons.manager	DEBUG	Registering startup change 'installed' for aushelper@mozilla.org
1527664641720	addons.xpi	DEBUG	Loading bootstrap scope from /opt/firefox/browser/features/aushelper@mozilla.org.xpi
1527664641723	addons.xpi	DEBUG	Calling bootstrap method install on aushelper@mozilla.org version 2.0
1527664641723	addons.xpi-utils	DEBUG	Make addon app-system-defaults:aushelper@mozilla.org visible
1527664641723	addons.xpi	DEBUG	Updating XPIState for {"id":"aushelper@mozilla.org","syncGUID":"{a1fbf895-1bce-4a71-a9ce-18c71285ffb1}","location":"app-system-defaults","version":"2.0","type":"extension","internalName":null,"updateURL":null,"updateKey":null,"optionsURL":null,"optionsType":null,"aboutURL":null,"defaultLocale":{"name":"Application Update Service Helper","description":"Sets value(s) in the update url based on custom checks.","creator":null,"homepageURL":null},"visible":true,"active":false,"userDisabled":false,"appDisabled":false,"installDate":1503580993000,"updateDate":1503580993000,"applyBackgroundUpdates":1,"bootstrap":true,"path":"/opt/firefox/browser/features/aushelper@mozilla.org.xpi","skinnable":false,"size":8488,"sourceURI":null,"releaseNotesURI":null,"softDisabled":false,"foreignInstall":false,"hasBinaryComponents":false,"strictCompatibility":false,"locales":[],"targetApplications":[{"id":"{ec8030f7-c20a-464f-9b0e-13a3a9e97384}","minVersion":"55.0.3","maxVersion":"55.*"}],"targetPlatforms":[],"multiprocessCompatible":true,"seen":true,"dependencies":[],"hasEmbeddedWebExtension":false,"mpcOptedOut":false,"userPermissions":null,"icons":{},"iconURL":null,"icon64URL":null}
1527664641724	DeferredSave.extensions.json	DEBUG	Save changes
1527664641724	addons.manager	DEBUG	Registering startup change 'installed' for webcompat@mozilla.org
1527664641725	addons.xpi	DEBUG	Loading bootstrap scope from /opt/firefox/browser/features/webcompat@mozilla.org.xpi
1527664641727	addons.xpi	DEBUG	Calling bootstrap method install on webcompat@mozilla.org version 1.1
1527664641727	addons.xpi-utils	DEBUG	Make addon app-system-defaults:webcompat@mozilla.org visible
1527664641727	addons.xpi	DEBUG	Updating XPIState for {"id":"webcompat@mozilla.org","syncGUID":"{6a3022b4-7bb8-46b8-b3d9-ec9793fa7dd7}","location":"app-system-defaults","version":"1.1","type":"extension","internalName":null,"updateURL":null,"updateKey":null,"optionsURL":null,"optionsType":null,"aboutURL":null,"defaultLocale":{"name":"Web Compat","description":"Urgent post-release fixes for web compatibility.","creator":null,"homepageURL":null},"visible":true,"active":false,"userDisabled":false,"appDisabled":false,"installDate":1503580993000,"updateDate":1503580993000,"applyBackgroundUpdates":1,"bootstrap":true,"path":"/opt/firefox/browser/features/webcompat@mozilla.org.xpi","skinnable":false,"size":8992,"sourceURI":null,"releaseNotesURI":null,"softDisabled":false,"foreignInstall":false,"hasBinaryComponents":false,"strictCompatibility":false,"locales":[],"targetApplications":[{"id":"{ec8030f7-c20a-464f-9b0e-13a3a9e97384}","minVersion":"55.0.3","maxVersion":"55.*"}],"targetPlatforms":[],"multiprocessCompatible":true,"seen":true,"dependencies":[],"hasEmbeddedWebExtension":false,"mpcOptedOut":false,"userPermissions":null,"icons":{},"iconURL":null,"icon64URL":null}
1527664641728	DeferredSave.extensions.json	DEBUG	Save changes
1527664641729	addons.manager	DEBUG	Registering startup change 'installed' for followonsearch@mozilla.com
1527664641730	addons.xpi	DEBUG	Loading bootstrap scope from /opt/firefox/browser/features/followonsearch@mozilla.com.xpi
1527664641733	addons.xpi	DEBUG	Calling bootstrap method install on followonsearch@mozilla.com version 0.9.1
1527664641733	addons.xpi-utils	DEBUG	Make addon app-system-defaults:followonsearch@mozilla.com visible
1527664641734	addons.xpi	DEBUG	Updating XPIState for {"id":"followonsearch@mozilla.com","syncGUID":"{d10b0e32-de74-47a4-9019-1e1606a96a99}","location":"app-system-defaults","version":"0.9.1","type":"extension","internalName":null,"updateURL":null,"updateKey":null,"optionsURL":null,"optionsType":null,"aboutURL":null,"defaultLocale":{"name":"Follow-on Search Telemetry","description":null,"creator":null,"homepageURL":null},"visible":true,"active":false,"userDisabled":false,"appDisabled":false,"installDate":1503580993000,"updateDate":1503580993000,"applyBackgroundUpdates":1,"bootstrap":true,"path":"/opt/firefox/browser/features/followonsearch@mozilla.com.xpi","skinnable":false,"size":16730,"sourceURI":null,"releaseNotesURI":null,"softDisabled":false,"foreignInstall":false,"hasBinaryComponents":false,"strictCompatibility":false,"locales":[],"targetApplications":[{"id":"{ec8030f7-c20a-464f-9b0e-13a3a9e97384}","minVersion":"52.0","maxVersion":"59.*"}],"targetPlatforms":[],"multiprocessCompatible":true,"seen":true,"dependencies":[],"hasEmbeddedWebExtension":false,"mpcOptedOut":false,"userPermissions":null,"icons":{},"iconURL":null,"icon64URL":null}
1527664641735	DeferredSave.extensions.json	DEBUG	Save changes
1527664641735	addons.manager	DEBUG	Registering startup change 'installed' for shield-recipe-client@mozilla.org
1527664641736	addons.xpi	DEBUG	Loading bootstrap scope from /opt/firefox/browser/features/shield-recipe-client@mozilla.org.xpi
1527664641742	addons.xpi	DEBUG	Calling bootstrap method install on shield-recipe-client@mozilla.org version 55.1
1527664641743	addons.xpi-utils	DEBUG	Make addon app-system-defaults:shield-recipe-client@mozilla.org visible
1527664641743	addons.xpi	DEBUG	Updating XPIState for {"id":"shield-recipe-client@mozilla.org","syncGUID":"{9e3b342d-8984-4509-b115-dcd26cc11103}","location":"app-system-defaults","version":"55.1","type":"extension","internalName":null,"updateURL":null,"updateKey":null,"optionsURL":null,"optionsType":null,"aboutURL":null,"defaultLocale":{"name":"Shield Recipe Client","description":"Client to download and run recipes for SHIELD, Heartbeat, etc.","creator":null,"homepageURL":null},"visible":true,"active":false,"userDisabled":false,"appDisabled":false,"installDate":1503580993000,"updateDate":1503580993000,"applyBackgroundUpdates":1,"bootstrap":true,"path":"/opt/firefox/browser/features/shield-recipe-client@mozilla.org.xpi","skinnable":false,"size":140305,"sourceURI":null,"releaseNotesURI":null,"softDisabled":false,"foreignInstall":false,"hasBinaryComponents":false,"strictCompatibility":false,"locales":[],"targetApplications":[{"id":"{ec8030f7-c20a-464f-9b0e-13a3a9e97384}","minVersion":"55.0.3","maxVersion":"55.*"}],"targetPlatforms":[],"multiprocessCompatible":true,"seen":true,"dependencies":[],"hasEmbeddedWebExtension":false,"mpcOptedOut":false,"userPermissions":null,"icons":{},"iconURL":null,"icon64URL":null}
1527664641744	DeferredSave.extensions.json	DEBUG	Save changes
1527664641744	addons.xpi-utils	DEBUG	Make addon app-global:{972ce4c6-7e08-4474-a285-3208198ce6fd} visible
1527664641744	addons.xpi	DEBUG	Updating XPIState for {"id":"{972ce4c6-7e08-4474-a285-3208198ce6fd}","syncGUID":"{936312de-21fd-4055-a4d2-300d123d338a}","location":"app-global","version":"55.0.3","type":"theme","internalName":"classic/1.0","updateURL":null,"updateKey":null,"optionsURL":null,"optionsType":null,"optionsBrowserStyle":null,"aboutURL":null,"defaultLocale":{"name":"Default","description":"The default theme.","creator":"Mozilla","homepageURL":null,"contributors":["Mozilla Contributors"]},"visible":true,"active":false,"userDisabled":false,"appDisabled":false,"installDate":1503580993000,"updateDate":1503580993000,"applyBackgroundUpdates":1,"path":"/opt/firefox/browser/extensions/{972ce4c6-7e08-4474-a285-3208198ce6fd}.xpi","skinnable":true,"size":2918,"sourceURI":null,"releaseNotesURI":null,"softDisabled":false,"foreignInstall":false,"hasBinaryComponents":false,"strictCompatibility":true,"locales":[],"targetApplications":[{"id":"{ec8030f7-c20a-464f-9b0e-13a3a9e97384}","minVersion":"55.0.3","maxVersion":"55.0.3"}],"targetPlatforms":[],"seen":true,"dependencies":[],"hasEmbeddedWebExtension":false,"userPermissions":null,"icons":{},"iconURL":"chrome://browser/content/default-theme-icon.svg","icon64URL":null}
1527664641745	DeferredSave.extensions.json	DEBUG	Save changes
1527664641745	addons.xpi	DEBUG	Updating XPIState for {"id":"e10srollout@mozilla.org","syncGUID":"{077c3358-132c-4a25-a729-42021f5ae359}","location":"app-system-defaults","version":"2.0","type":"extension","internalName":null,"updateURL":null,"updateKey":null,"optionsURL":null,"optionsType":null,"aboutURL":null,"defaultLocale":{"name":"Multi-process staged rollout","description":"Staged rollout of Firefox multi-process feature.","creator":null,"homepageURL":null},"visible":true,"active":true,"userDisabled":false,"appDisabled":false,"installDate":1503580993000,"updateDate":1503580993000,"applyBackgroundUpdates":1,"bootstrap":true,"path":"/opt/firefox/browser/features/e10srollout@mozilla.org.xpi","skinnable":false,"size":13287,"sourceURI":null,"releaseNotesURI":null,"softDisabled":false,"foreignInstall":false,"hasBinaryComponents":false,"strictCompatibility":false,"locales":[],"targetApplications":[{"id":"{ec8030f7-c20a-464f-9b0e-13a3a9e97384}","minVersion":"55.0.3","maxVersion":"55.*"}],"targetPlatforms":[],"multiprocessCompatible":true,"seen":true,"dependencies":[],"hasEmbeddedWebExtension":false,"mpcOptedOut":false,"userPermissions":null,"icons":{},"iconURL":null,"icon64URL":null}
1527664641746	addons.xpi	DEBUG	Updating XPIState for {"id":"firefox@getpocket.com","syncGUID":"{cd607a3e-fa46-4fe7-8b35-348cf59e5114}","location":"app-system-defaults","version":"1.0.5","type":"extension","internalName":null,"updateURL":null,"updateKey":null,"optionsURL":null,"optionsType":null,"aboutURL":null,"defaultLocale":{"name":"Pocket","description":"When you find something you want to view later, put it in Pocket.","creator":null,"homepageURL":null},"visible":true,"active":true,"userDisabled":false,"appDisabled":false,"installDate":1503580993000,"updateDate":1503580993000,"applyBackgroundUpdates":1,"bootstrap":true,"path":"/opt/firefox/browser/features/firefox@getpocket.com.xpi","skinnable":false,"size":855802,"sourceURI":null,"releaseNotesURI":null,"softDisabled":false,"foreignInstall":false,"hasBinaryComponents":false,"strictCompatibility":false,"locales":[],"targetApplications":[{"id":"{ec8030f7-c20a-464f-9b0e-13a3a9e97384}","minVersion":"55.0.3","maxVersion":"55.*"}],"targetPlatforms":[],"multiprocessCompatible":true,"seen":true,"dependencies":[],"hasEmbeddedWebExtension":false,"mpcOptedOut":false,"userPermissions":null,"icons":{},"iconURL":null,"icon64URL":null}
1527664641746	addons.xpi	DEBUG	Updating XPIState for {"id":"clicktoplay-rollout@mozilla.org","syncGUID":"{701edb97-4f4e-47e8-97ce-3c88f9fd07c9}","location":"app-system-defaults","version":"1.2","type":"extension","internalName":null,"updateURL":null,"updateKey":null,"optionsURL":null,"optionsType":null,"aboutURL":null,"defaultLocale":{"name":"Click-to-Play staged rollout","description":"Staged rollout for Click-to-Play Flash.","creator":null,"homepageURL":null},"visible":true,"active":true,"userDisabled":false,"appDisabled":false,"installDate":1503580993000,"updateDate":1503580993000,"applyBackgroundUpdates":1,"bootstrap":true,"path":"/opt/firefox/browser/features/clicktoplay-rollout@mozilla.org.xpi","skinnable":false,"size":5621,"sourceURI":null,"releaseNotesURI":null,"softDisabled":false,"foreignInstall":false,"hasBinaryComponents":false,"strictCompatibility":false,"locales":[],"targetApplications":[{"id":"{ec8030f7-c20a-464f-9b0e-13a3a9e97384}","minVersion":"55.0.3","maxVersion":"55.*"}],"targetPlatforms":[],"multiprocessCompatible":true,"seen":true,"dependencies":[],"hasEmbeddedWebExtension":false,"mpcOptedOut":false,"userPermissions":null,"icons":{},"iconURL":null,"icon64URL":null}
1527664641746	addons.xpi	DEBUG	Updating XPIState for {"id":"screenshots@mozilla.org","syncGUID":"{52103c27-aa8d-4df3-aa7f-3f11359c3fb1}","location":"app-system-defaults","version":"10.12.0","type":"extension","internalName":null,"updateURL":null,"updateKey":null,"optionsURL":null,"optionsType":null,"aboutURL":null,"defaultLocale":{"name":"Firefox Screenshots","description":null,"creator":null,"homepageURL":"https://pageshot.net/"},"visible":true,"active":true,"userDisabled":false,"appDisabled":false,"installDate":1503580993000,"updateDate":1503580993000,"applyBackgroundUpdates":1,"bootstrap":true,"path":"/opt/firefox/browser/features/screenshots@mozilla.org.xpi","skinnable":false,"size":714554,"sourceURI":null,"releaseNotesURI":null,"softDisabled":false,"foreignInstall":false,"hasBinaryComponents":false,"strictCompatibility":false,"locales":[],"targetApplications":[{"id":"{ec8030f7-c20a-464f-9b0e-13a3a9e97384}","minVersion":"51.0a1","maxVersion":"*"}],"targetPlatforms":[],"multiprocessCompatible":true,"seen":true,"dependencies":[],"hasEmbeddedWebExtension":false,"mpcOptedOut":false,"userPermissions":null,"icons":{},"iconURL":null,"icon64URL":null}
1527664641747	addons.xpi	DEBUG	Updating XPIState for {"id":"aushelper@mozilla.org","syncGUID":"{a1fbf895-1bce-4a71-a9ce-18c71285ffb1}","location":"app-system-defaults","version":"2.0","type":"extension","internalName":null,"updateURL":null,"updateKey":null,"optionsURL":null,"optionsType":null,"aboutURL":null,"defaultLocale":{"name":"Application Update Service Helper","description":"Sets value(s) in the update url based on custom checks.","creator":null,"homepageURL":null},"visible":true,"active":true,"userDisabled":false,"appDisabled":false,"installDate":1503580993000,"updateDate":1503580993000,"applyBackgroundUpdates":1,"bootstrap":true,"path":"/opt/firefox/browser/features/aushelper@mozilla.org.xpi","skinnable":false,"size":8488,"sourceURI":null,"releaseNotesURI":null,"softDisabled":false,"foreignInstall":false,"hasBinaryComponents":false,"strictCompatibility":false,"locales":[],"targetApplications":[{"id":"{ec8030f7-c20a-464f-9b0e-13a3a9e97384}","minVersion":"55.0.3","maxVersion":"55.*"}],"targetPlatforms":[],"multiprocessCompatible":true,"seen":true,"dependencies":[],"hasEmbeddedWebExtension":false,"mpcOptedOut":false,"userPermissions":null,"icons":{},"iconURL":null,"icon64URL":null}
1527664641748	addons.xpi	DEBUG	Updating XPIState for {"id":"webcompat@mozilla.org","syncGUID":"{6a3022b4-7bb8-46b8-b3d9-ec9793fa7dd7}","location":"app-system-defaults","version":"1.1","type":"extension","internalName":null,"updateURL":null,"updateKey":null,"optionsURL":null,"optionsType":null,"aboutURL":null,"defaultLocale":{"name":"Web Compat","description":"Urgent post-release fixes for web compatibility.","creator":null,"homepageURL":null},"visible":true,"active":true,"userDisabled":false,"appDisabled":false,"installDate":1503580993000,"updateDate":1503580993000,"applyBackgroundUpdates":1,"bootstrap":true,"path":"/opt/firefox/browser/features/webcompat@mozilla.org.xpi","skinnable":false,"size":8992,"sourceURI":null,"releaseNotesURI":null,"softDisabled":false,"foreignInstall":false,"hasBinaryComponents":false,"strictCompatibility":false,"locales":[],"targetApplications":[{"id":"{ec8030f7-c20a-464f-9b0e-13a3a9e97384}","minVersion":"55.0.3","maxVersion":"55.*"}],"targetPlatforms":[],"multiprocessCompatible":true,"seen":true,"dependencies":[],"hasEmbeddedWebExtension":false,"mpcOptedOut":false,"userPermissions":null,"icons":{},"iconURL":null,"icon64URL":null}
1527664641749	addons.xpi	DEBUG	Updating XPIState for {"id":"followonsearch@mozilla.com","syncGUID":"{d10b0e32-de74-47a4-9019-1e1606a96a99}","location":"app-system-defaults","version":"0.9.1","type":"extension","internalName":null,"updateURL":null,"updateKey":null,"optionsURL":null,"optionsType":null,"aboutURL":null,"defaultLocale":{"name":"Follow-on Search Telemetry","description":null,"creator":null,"homepageURL":null},"visible":true,"active":true,"userDisabled":false,"appDisabled":false,"installDate":1503580993000,"updateDate":1503580993000,"applyBackgroundUpdates":1,"bootstrap":true,"path":"/opt/firefox/browser/features/followonsearch@mozilla.com.xpi","skinnable":false,"size":16730,"sourceURI":null,"releaseNotesURI":null,"softDisabled":false,"foreignInstall":false,"hasBinaryComponents":false,"strictCompatibility":false,"locales":[],"targetApplications":[{"id":"{ec8030f7-c20a-464f-9b0e-13a3a9e97384}","minVersion":"52.0","maxVersion":"59.*"}],"targetPlatforms":[],"multiprocessCompatible":true,"seen":true,"dependencies":[],"hasEmbeddedWebExtension":false,"mpcOptedOut":false,"userPermissions":null,"icons":{},"iconURL":null,"icon64URL":null}
1527664641749	addons.xpi	DEBUG	Updating XPIState for {"id":"shield-recipe-client@mozilla.org","syncGUID":"{9e3b342d-8984-4509-b115-dcd26cc11103}","location":"app-system-defaults","version":"55.1","type":"extension","internalName":null,"updateURL":null,"updateKey":null,"optionsURL":null,"optionsType":null,"aboutURL":null,"defaultLocale":{"name":"Shield Recipe Client","description":"Client to download and run recipes for SHIELD, Heartbeat, etc.","creator":null,"homepageURL":null},"visible":true,"active":true,"userDisabled":false,"appDisabled":false,"installDate":1503580993000,"updateDate":1503580993000,"applyBackgroundUpdates":1,"bootstrap":true,"path":"/opt/firefox/browser/features/shield-recipe-client@mozilla.org.xpi","skinnable":false,"size":140305,"sourceURI":null,"releaseNotesURI":null,"softDisabled":false,"foreignInstall":false,"hasBinaryComponents":false,"strictCompatibility":false,"locales":[],"targetApplications":[{"id":"{ec8030f7-c20a-464f-9b0e-13a3a9e97384}","minVersion":"55.0.3","maxVersion":"55.*"}],"targetPlatforms":[],"multiprocessCompatible":true,"seen":true,"dependencies":[],"hasEmbeddedWebExtension":false,"mpcOptedOut":false,"userPermissions":null,"icons":{},"iconURL":null,"icon64URL":null}
1527664641749	addons.xpi	DEBUG	Updating XPIState for {"id":"{972ce4c6-7e08-4474-a285-3208198ce6fd}","syncGUID":"{936312de-21fd-4055-a4d2-300d123d338a}","location":"app-global","version":"55.0.3","type":"theme","internalName":"classic/1.0","updateURL":null,"updateKey":null,"optionsURL":null,"optionsType":null,"optionsBrowserStyle":null,"aboutURL":null,"defaultLocale":{"name":"Default","description":"The default theme.","creator":"Mozilla","homepageURL":null,"contributors":["Mozilla Contributors"]},"visible":true,"active":true,"userDisabled":false,"appDisabled":false,"installDate":1503580993000,"updateDate":1503580993000,"applyBackgroundUpdates":1,"path":"/opt/firefox/browser/extensions/{972ce4c6-7e08-4474-a285-3208198ce6fd}.xpi","skinnable":true,"size":2918,"sourceURI":null,"releaseNotesURI":null,"softDisabled":false,"foreignInstall":false,"hasBinaryComponents":false,"strictCompatibility":true,"locales":[],"targetApplications":[{"id":"{ec8030f7-c20a-464f-9b0e-13a3a9e97384}","minVersion":"55.0.3","maxVersion":"55.0.3"}],"targetPlatforms":[],"seen":true,"dependencies":[],"hasEmbeddedWebExtension":false,"userPermissions":null,"icons":{},"iconURL":"chrome://browser/content/default-theme-icon.svg","icon64URL":null}
1527664641750	DeferredSave.extensions.json	DEBUG	Save changes
1527664641750	addons.xpi	DEBUG	Updating database with changes to installed add-ons
1527664641750	addons.xpi-utils	DEBUG	Updating add-on states
1527664641757	addons.xpi	DEBUG	Registering manifest for /opt/firefox/browser/features/aushelper@mozilla.org.xpi
1527664641757	addons.xpi	DEBUG	Calling bootstrap method startup on aushelper@mozilla.org version 2.0
1527664641759	addons.xpi	DEBUG	Registering manifest for /opt/firefox/browser/features/clicktoplay-rollout@mozilla.org.xpi
1527664641759	addons.xpi	DEBUG	Calling bootstrap method startup on clicktoplay-rollout@mozilla.org version 1.2
1527664641842	addons.xpi	DEBUG	Registering manifest for /opt/firefox/browser/features/e10srollout@mozilla.org.xpi
1527664641842	addons.xpi	DEBUG	Calling bootstrap method startup on e10srollout@mozilla.org version 2.0
1527664641843	addons.xpi	DEBUG	Registering manifest for /opt/firefox/browser/features/firefox@getpocket.com.xpi
1527664641843	addons.xpi	DEBUG	Calling bootstrap method startup on firefox@getpocket.com version 1.0.5
1527664641877	addons.xpi	DEBUG	Registering manifest for /opt/firefox/browser/features/followonsearch@mozilla.com.xpi
1527664641877	addons.xpi	DEBUG	Calling bootstrap method startup on followonsearch@mozilla.com version 0.9.1
1527664641878	addons.xpi	DEBUG	Registering manifest for /opt/firefox/browser/features/screenshots@mozilla.org.xpi
1527664641878	addons.xpi	DEBUG	Calling bootstrap method startup on screenshots@mozilla.org version 10.12.0
1527664641879	addons.xpi	DEBUG	Registering manifest for /opt/firefox/browser/features/shield-recipe-client@mozilla.org.xpi
1527664641879	addons.xpi	DEBUG	Calling bootstrap method startup on shield-recipe-client@mozilla.org version 55.1
1527664641889	addons.xpi	DEBUG	Registering manifest for /opt/firefox/browser/features/webcompat@mozilla.org.xpi
1527664641889	addons.xpi	DEBUG	Calling bootstrap method startup on webcompat@mozilla.org version 1.1
1527664641894	addons.manager	DEBUG	Registering shutdown blocker for XPIProvider
1527664641894	addons.manager	DEBUG	Provider finished startup: XPIProvider
1527664641894	addons.manager	DEBUG	Starting provider: LightweightThemeManager
1527664641894	addons.manager	DEBUG	Registering shutdown blocker for LightweightThemeManager
1527664641894	addons.manager	DEBUG	Provider finished startup: LightweightThemeManager
1527664641895	addons.manager	DEBUG	Starting provider: GMPProvider
1527664641898	addons.manager	DEBUG	Registering shutdown blocker for GMPProvider
1527664641898	addons.manager	DEBUG	Provider finished startup: GMPProvider
1527664641899	addons.manager	DEBUG	Starting provider: PluginProvider
1527664641899	addons.manager	DEBUG	Registering shutdown blocker for PluginProvider
1527664641899	addons.manager	DEBUG	Provider finished startup: PluginProvider
1527664641899	addons.manager	DEBUG	Completed startup sequence
1527664642146	Marionette	INFO	Enabled via --marionette
1527664642621	addons.manager	DEBUG	Starting provider: PreviousExperimentProvider
1527664642621	addons.manager	DEBUG	Registering shutdown blocker for PreviousExperimentProvider
1527664642621	addons.manager	DEBUG	Provider finished startup: PreviousExperimentProvider
1527664642623	DeferredSave.extensions.json	DEBUG	Starting write
1527664642735	DeferredSave.extensions.json	DEBUG	Write succeeded
1527664642735	addons.xpi-utils	DEBUG	XPI Database saved, setting schema version preference to 21
1527664644158	addons.manager	DEBUG	Starting provider: <unnamed-provider>
1527664644158	addons.manager	DEBUG	Registering shutdown blocker for <unnamed-provider>
1527664644159	addons.manager	DEBUG	Provider finished startup: <unnamed-provider>
1527664644164	addons.xpi	INFO	Mapping e10srollout@mozilla.org to /opt/firefox/browser/features/e10srollout@mozilla.org.xpi
1527664644164	addons.xpi	INFO	Mapping firefox@getpocket.com to /opt/firefox/browser/features/firefox@getpocket.com.xpi
1527664644164	addons.xpi	INFO	Mapping clicktoplay-rollout@mozilla.org to /opt/firefox/browser/features/clicktoplay-rollout@mozilla.org.xpi
1527664644165	addons.xpi	INFO	Mapping screenshots@mozilla.org to /opt/firefox/browser/features/screenshots@mozilla.org.xpi
1527664644165	addons.xpi	INFO	Mapping aushelper@mozilla.org to /opt/firefox/browser/features/aushelper@mozilla.org.xpi
1527664644165	addons.xpi	INFO	Mapping webcompat@mozilla.org to /opt/firefox/browser/features/webcompat@mozilla.org.xpi
1527664644165	addons.xpi	INFO	Mapping followonsearch@mozilla.com to /opt/firefox/browser/features/followonsearch@mozilla.com.xpi
1527664644165	addons.xpi	INFO	Mapping shield-recipe-client@mozilla.org to /opt/firefox/browser/features/shield-recipe-client@mozilla.org.xpi
1527664644165	addons.xpi	DEBUG	Existing add-on e10srollout@mozilla.org in app-system-defaults
1527664644166	addons.xpi	DEBUG	Existing add-on firefox@getpocket.com in app-system-defaults
1527664644166	addons.xpi	DEBUG	Existing add-on clicktoplay-rollout@mozilla.org in app-system-defaults
1527664644166	addons.xpi	DEBUG	Existing add-on screenshots@mozilla.org in app-system-defaults
1527664644167	addons.xpi	DEBUG	Existing add-on aushelper@mozilla.org in app-system-defaults
1527664644167	addons.xpi	DEBUG	Existing add-on webcompat@mozilla.org in app-system-defaults
1527664644167	addons.xpi	DEBUG	Existing add-on followonsearch@mozilla.com in app-system-defaults
1527664644167	addons.xpi	DEBUG	Existing add-on shield-recipe-client@mozilla.org in app-system-defaults
1527664644168	addons.xpi	INFO	Mapping {972ce4c6-7e08-4474-a285-3208198ce6fd} to /opt/firefox/browser/extensions/{972ce4c6-7e08-4474-a285-3208198ce6fd}.xpi
1527664644168	addons.xpi	DEBUG	Existing add-on {972ce4c6-7e08-4474-a285-3208198ce6fd} in app-global
1527664644168	addons.xpi	DEBUG	getInstallState changed: false, state: {}
1527664644671	addons.productaddons	INFO	sending request to: https://aus5.mozilla.org/update/3/GMP/55.0.3/20170824123605/Linux_x86_64-gcc3/en-US/release/Linux%204.13.0-43-generic%20(GTK%203.18.9%2Clibpulse%208.0.0)/default/default/update.xml
1527664644780	Marionette	INFO	Listening on port 37483
JavaScript error: chrome://marionette/content/server.js, line 337: NS_ERROR_SOCKET_ADDRESS_IN_USE: Component returned failure code: 0x804b0036 (NS_ERROR_SOCKET_ADDRESS_IN_USE) [nsIServerSocket.initSpecialConnection]
1527664644827	Marionette	WARN	TLS certificate errors will be ignored for this session
1527664644872	Marionette	DEBUG	loaded listener.js
May 30, 2018 12:47:24 PM org.openqa.selenium.remote.ProtocolHandshake createSession
INFO: Detected dialect: W3C
1527664644973	geckodriver	INFO	geckodriver 0.20.0
1527664644980	geckodriver	INFO	Listening on 127.0.0.1:6262
1527664644992	mozrunner::runner	INFO	Running command: "/opt/firefox/firefox" "-marionette" "-profile" "/tmp/rust_mozprofile.qkTUEzkpByQ1"
1527664645230	addons.manager	DEBUG	Application has been upgraded
1527664645254	addons.manager	DEBUG	Loaded provider scope for resource://gre/modules/addons/XPIProvider.jsm: ["XPIProvider", "XPIInternal"]
1527664645257	addons.manager	DEBUG	Loaded provider scope for resource://gre/modules/LightweightThemeManager.jsm: ["LightweightThemeManager"]
1527664645294	addons.manager	DEBUG	Loaded provider scope for resource://gre/modules/addons/GMPProvider.jsm
1527664645299	addons.manager	DEBUG	Loaded provider scope for resource://gre/modules/addons/PluginProvider.jsm
1527664645301	addons.manager	DEBUG	Starting provider: XPIProvider
1527664645302	addons.xpi	DEBUG	startup
1527664645302	addons.xpi	INFO	SystemAddonInstallLocation directory is missing
1527664645303	addons.xpi	INFO	Removing all system add-on upgrades.
1527664645304	addons.xpi	DEBUG	checkForChanges
1527664645305	addons.xpi	WARN	Error parsing extensions state: [Exception... "Component returned failure code: 0x80520012 (NS_ERROR_FILE_NOT_FOUND) [amIAddonManagerStartup.readStartupData]"  nsresult: "0x80520012 (NS_ERROR_FILE_NOT_FOUND)"  location: "JS frame :: resource://gre/modules/addons/XPIProvider.jsm :: loadExtensionState :: line 1596"  data: no] Stack trace: loadExtensionState()@resource://gre/modules/addons/XPIProvider.jsm:1596 < getInstallState()@resource://gre/modules/addons/XPIProvider.jsm:1631 < checkForChanges()@resource://gre/modules/addons/XPIProvider.jsm:3152 < startup()@resource://gre/modules/addons/XPIProvider.jsm:2246 < callProvider()@resource://gre/modules/AddonManager.jsm:271 < _startProvider()@resource://gre/modules/AddonManager.jsm:741 < startup()@resource://gre/modules/AddonManager.jsm:908 < startup()@resource://gre/modules/AddonManager.jsm:3122 < observe()@jar:file:///opt/firefox/omni.ja!/components/addonManager.js:65
1527664645308	addons.xpi	DEBUG	Loaded add-on state: ${}
1527664645313	addons.xpi	INFO	Mapping e10srollout@mozilla.org to /opt/firefox/browser/features/e10srollout@mozilla.org.xpi
1527664645313	addons.xpi	INFO	Mapping firefox@getpocket.com to /opt/firefox/browser/features/firefox@getpocket.com.xpi
1527664645314	addons.xpi	INFO	Mapping clicktoplay-rollout@mozilla.org to /opt/firefox/browser/features/clicktoplay-rollout@mozilla.org.xpi
1527664645314	addons.xpi	INFO	Mapping screenshots@mozilla.org to /opt/firefox/browser/features/screenshots@mozilla.org.xpi
1527664645314	addons.xpi	INFO	Mapping aushelper@mozilla.org to /opt/firefox/browser/features/aushelper@mozilla.org.xpi
1527664645314	addons.xpi	INFO	Mapping webcompat@mozilla.org to /opt/firefox/browser/features/webcompat@mozilla.org.xpi
1527664645315	addons.xpi	INFO	Mapping followonsearch@mozilla.com to /opt/firefox/browser/features/followonsearch@mozilla.com.xpi
1527664645315	addons.xpi	INFO	Mapping shield-recipe-client@mozilla.org to /opt/firefox/browser/features/shield-recipe-client@mozilla.org.xpi
1527664645316	addons.xpi	DEBUG	New add-on e10srollout@mozilla.org in app-system-defaults
1527664645316	addons.xpi	INFO	Mapping e10srollout@mozilla.org to /opt/firefox/browser/features/e10srollout@mozilla.org.xpi
1527664645318	addons.xpi	DEBUG	New add-on firefox@getpocket.com in app-system-defaults
1527664645318	addons.xpi	INFO	Mapping firefox@getpocket.com to /opt/firefox/browser/features/firefox@getpocket.com.xpi
1527664645318	addons.xpi	DEBUG	New add-on clicktoplay-rollout@mozilla.org in app-system-defaults
1527664645319	addons.xpi	INFO	Mapping clicktoplay-rollout@mozilla.org to /opt/firefox/browser/features/clicktoplay-rollout@mozilla.org.xpi
1527664645319	addons.xpi	DEBUG	New add-on screenshots@mozilla.org in app-system-defaults
1527664645320	addons.xpi	INFO	Mapping screenshots@mozilla.org to /opt/firefox/browser/features/screenshots@mozilla.org.xpi
1527664645320	addons.xpi	DEBUG	New add-on aushelper@mozilla.org in app-system-defaults
1527664645320	addons.xpi	INFO	Mapping aushelper@mozilla.org to /opt/firefox/browser/features/aushelper@mozilla.org.xpi
1527664645320	addons.xpi	DEBUG	New add-on webcompat@mozilla.org in app-system-defaults
1527664645320	addons.xpi	INFO	Mapping webcompat@mozilla.org to /opt/firefox/browser/features/webcompat@mozilla.org.xpi
1527664645321	addons.xpi	DEBUG	New add-on followonsearch@mozilla.com in app-system-defaults
1527664645321	addons.xpi	INFO	Mapping followonsearch@mozilla.com to /opt/firefox/browser/features/followonsearch@mozilla.com.xpi
1527664645321	addons.xpi	DEBUG	New add-on shield-recipe-client@mozilla.org in app-system-defaults
1527664645321	addons.xpi	INFO	Mapping shield-recipe-client@mozilla.org to /opt/firefox/browser/features/shield-recipe-client@mozilla.org.xpi
1527664645322	addons.xpi	INFO	Mapping {972ce4c6-7e08-4474-a285-3208198ce6fd} to /opt/firefox/browser/extensions/{972ce4c6-7e08-4474-a285-3208198ce6fd}.xpi
1527664645322	addons.xpi	DEBUG	New add-on {972ce4c6-7e08-4474-a285-3208198ce6fd} in app-global
1527664645322	addons.xpi	INFO	Mapping {972ce4c6-7e08-4474-a285-3208198ce6fd} to /opt/firefox/browser/extensions/{972ce4c6-7e08-4474-a285-3208198ce6fd}.xpi
1527664645322	addons.xpi	DEBUG	getInstallState changed: true, state: {}
1527664645323	addons.xpi	INFO	SystemAddonInstallLocation directory is missing
1527664645336	addons.xpi-utils	DEBUG	Opening XPI database /tmp/rust_mozprofile.qkTUEzkpByQ1/extensions.json
1527664645339	addons.xpi-utils	DEBUG	New add-on e10srollout@mozilla.org installed in app-system-defaults
*** Blocklist::_loadBlocklistFromFile: blocklist is disabled
1527664645374	DeferredSave.extensions.json	DEBUG	Save changes
1527664645377	addons.xpi-utils	DEBUG	New add-on firefox@getpocket.com installed in app-system-defaults
1527664645380	DeferredSave.extensions.json	DEBUG	Starting timer
1527664645384	DeferredSave.extensions.json	DEBUG	Save changes
1527664645384	addons.xpi-utils	DEBUG	New add-on clicktoplay-rollout@mozilla.org installed in app-system-defaults
1527664645390	DeferredSave.extensions.json	DEBUG	Save changes
1527664645390	addons.xpi-utils	DEBUG	New add-on screenshots@mozilla.org installed in app-system-defaults
1527664645396	DeferredSave.extensions.json	DEBUG	Save changes
1527664645396	addons.xpi-utils	DEBUG	New add-on aushelper@mozilla.org installed in app-system-defaults
1527664645399	DeferredSave.extensions.json	DEBUG	Save changes
1527664645400	addons.xpi-utils	DEBUG	New add-on webcompat@mozilla.org installed in app-system-defaults
1527664645406	DeferredSave.extensions.json	DEBUG	Save changes
1527664645406	addons.xpi-utils	DEBUG	New add-on followonsearch@mozilla.com installed in app-system-defaults
1527664645408	DeferredSave.extensions.json	DEBUG	Save changes
1527664645409	addons.xpi-utils	DEBUG	New add-on shield-recipe-client@mozilla.org installed in app-system-defaults
1527664645411	DeferredSave.extensions.json	DEBUG	Save changes
1527664645412	addons.xpi-utils	DEBUG	New add-on {972ce4c6-7e08-4474-a285-3208198ce6fd} installed in app-global
1527664645414	DeferredSave.extensions.json	DEBUG	Save changes
1527664645415	addons.manager	DEBUG	Registering startup change 'installed' for e10srollout@mozilla.org
1527664645423	addons.xpi	DEBUG	Loading bootstrap scope from /opt/firefox/browser/features/e10srollout@mozilla.org.xpi
1527664645426	addons.xpi	DEBUG	Calling bootstrap method install on e10srollout@mozilla.org version 2.0
1527664645427	addons.xpi-utils	DEBUG	Make addon app-system-defaults:e10srollout@mozilla.org visible
1527664645427	addons.xpi	DEBUG	Updating XPIState for {"id":"e10srollout@mozilla.org","syncGUID":"{d4e9e75d-b562-43ba-bc0d-ef8f6a17707b}","location":"app-system-defaults","version":"2.0","type":"extension","internalName":null,"updateURL":null,"updateKey":null,"optionsURL":null,"optionsType":null,"aboutURL":null,"defaultLocale":{"name":"Multi-process staged rollout","description":"Staged rollout of Firefox multi-process feature.","creator":null,"homepageURL":null},"visible":true,"active":false,"userDisabled":false,"appDisabled":false,"installDate":1503580993000,"updateDate":1503580993000,"applyBackgroundUpdates":1,"bootstrap":true,"path":"/opt/firefox/browser/features/e10srollout@mozilla.org.xpi","skinnable":false,"size":13287,"sourceURI":null,"releaseNotesURI":null,"softDisabled":false,"foreignInstall":false,"hasBinaryComponents":false,"strictCompatibility":false,"locales":[],"targetApplications":[{"id":"{ec8030f7-c20a-464f-9b0e-13a3a9e97384}","minVersion":"55.0.3","maxVersion":"55.*"}],"targetPlatforms":[],"multiprocessCompatible":true,"seen":true,"dependencies":[],"hasEmbeddedWebExtension":false,"mpcOptedOut":false,"userPermissions":null,"icons":{},"iconURL":null,"icon64URL":null}
1527664645431	DeferredSave.extensions.json	DEBUG	Save changes
1527664645431	addons.manager	DEBUG	Registering startup change 'installed' for firefox@getpocket.com
1527664645433	addons.xpi	DEBUG	Loading bootstrap scope from /opt/firefox/browser/features/firefox@getpocket.com.xpi
1527664645443	addons.xpi	DEBUG	Calling bootstrap method install on firefox@getpocket.com version 1.0.5
1527664645443	addons.xpi-utils	DEBUG	Make addon app-system-defaults:firefox@getpocket.com visible
1527664645444	addons.xpi	DEBUG	Updating XPIState for {"id":"firefox@getpocket.com","syncGUID":"{cb2e16b2-4fee-4f6c-a2a7-aa73f0abae6e}","location":"app-system-defaults","version":"1.0.5","type":"extension","internalName":null,"updateURL":null,"updateKey":null,"optionsURL":null,"optionsType":null,"aboutURL":null,"defaultLocale":{"name":"Pocket","description":"When you find something you want to view later, put it in Pocket.","creator":null,"homepageURL":null},"visible":true,"active":false,"userDisabled":false,"appDisabled":false,"installDate":1503580993000,"updateDate":1503580993000,"applyBackgroundUpdates":1,"bootstrap":true,"path":"/opt/firefox/browser/features/firefox@getpocket.com.xpi","skinnable":false,"size":855802,"sourceURI":null,"releaseNotesURI":null,"softDisabled":false,"foreignInstall":false,"hasBinaryComponents":false,"strictCompatibility":false,"locales":[],"targetApplications":[{"id":"{ec8030f7-c20a-464f-9b0e-13a3a9e97384}","minVersion":"55.0.3","maxVersion":"55.*"}],"targetPlatforms":[],"multiprocessCompatible":true,"seen":true,"dependencies":[],"hasEmbeddedWebExtension":false,"mpcOptedOut":false,"userPermissions":null,"icons":{},"iconURL":null,"icon64URL":null}
1527664645444	DeferredSave.extensions.json	DEBUG	Save changes
1527664645445	addons.manager	DEBUG	Registering startup change 'installed' for clicktoplay-rollout@mozilla.org
1527664645445	addons.xpi	DEBUG	Loading bootstrap scope from /opt/firefox/browser/features/clicktoplay-rollout@mozilla.org.xpi
1527664645458	addons.xpi	DEBUG	Calling bootstrap method install on clicktoplay-rollout@mozilla.org version 1.2
1527664645458	addons.xpi-utils	DEBUG	Make addon app-system-defaults:clicktoplay-rollout@mozilla.org visible
1527664645459	addons.xpi	DEBUG	Updating XPIState for {"id":"clicktoplay-rollout@mozilla.org","syncGUID":"{796bdf2a-2aa5-483b-b71d-e28c6f5f8568}","location":"app-system-defaults","version":"1.2","type":"extension","internalName":null,"updateURL":null,"updateKey":null,"optionsURL":null,"optionsType":null,"aboutURL":null,"defaultLocale":{"name":"Click-to-Play staged rollout","description":"Staged rollout for Click-to-Play Flash.","creator":null,"homepageURL":null},"visible":true,"active":false,"userDisabled":false,"appDisabled":false,"installDate":1503580993000,"updateDate":1503580993000,"applyBackgroundUpdates":1,"bootstrap":true,"path":"/opt/firefox/browser/features/clicktoplay-rollout@mozilla.org.xpi","skinnable":false,"size":5621,"sourceURI":null,"releaseNotesURI":null,"softDisabled":false,"foreignInstall":false,"hasBinaryComponents":false,"strictCompatibility":false,"locales":[],"targetApplications":[{"id":"{ec8030f7-c20a-464f-9b0e-13a3a9e97384}","minVersion":"55.0.3","maxVersion":"55.*"}],"targetPlatforms":[],"multiprocessCompatible":true,"seen":true,"dependencies":[],"hasEmbeddedWebExtension":false,"mpcOptedOut":false,"userPermissions":null,"icons":{},"iconURL":null,"icon64URL":null}
1527664645459	DeferredSave.extensions.json	DEBUG	Save changes
1527664645459	addons.manager	DEBUG	Registering startup change 'installed' for screenshots@mozilla.org
1527664645460	addons.xpi	DEBUG	Loading bootstrap scope from /opt/firefox/browser/features/screenshots@mozilla.org.xpi
1527664645462	addons.xpi	DEBUG	Calling bootstrap method install on screenshots@mozilla.org version 10.12.0
1527664645462	addons.xpi-utils	DEBUG	Make addon app-system-defaults:screenshots@mozilla.org visible
1527664645463	addons.xpi	DEBUG	Updating XPIState for {"id":"screenshots@mozilla.org","syncGUID":"{8a39a5c8-2a84-4fec-95ad-702cd9eb73e7}","location":"app-system-defaults","version":"10.12.0","type":"extension","internalName":null,"updateURL":null,"updateKey":null,"optionsURL":null,"optionsType":null,"aboutURL":null,"defaultLocale":{"name":"Firefox Screenshots","description":null,"creator":null,"homepageURL":"https://pageshot.net/"},"visible":true,"active":false,"userDisabled":false,"appDisabled":false,"installDate":1503580993000,"updateDate":1503580993000,"applyBackgroundUpdates":1,"bootstrap":true,"path":"/opt/firefox/browser/features/screenshots@mozilla.org.xpi","skinnable":false,"size":714554,"sourceURI":null,"releaseNotesURI":null,"softDisabled":false,"foreignInstall":false,"hasBinaryComponents":false,"strictCompatibility":false,"locales":[],"targetApplications":[{"id":"{ec8030f7-c20a-464f-9b0e-13a3a9e97384}","minVersion":"51.0a1","maxVersion":"*"}],"targetPlatforms":[],"multiprocessCompatible":true,"seen":true,"dependencies":[],"hasEmbeddedWebExtension":false,"mpcOptedOut":false,"userPermissions":null,"icons":{},"iconURL":null,"icon64URL":null}
1527664645463	DeferredSave.extensions.json	DEBUG	Save changes
1527664645463	addons.manager	DEBUG	Registering startup change 'installed' for aushelper@mozilla.org
1527664645464	addons.xpi	DEBUG	Loading bootstrap scope from /opt/firefox/browser/features/aushelper@mozilla.org.xpi
1527664645466	addons.xpi	DEBUG	Calling bootstrap method install on aushelper@mozilla.org version 2.0
1527664645466	addons.xpi-utils	DEBUG	Make addon app-system-defaults:aushelper@mozilla.org visible
1527664645467	addons.xpi	DEBUG	Updating XPIState for {"id":"aushelper@mozilla.org","syncGUID":"{ce76f241-bb43-4aa6-9249-79afead4cb7d}","location":"app-system-defaults","version":"2.0","type":"extension","internalName":null,"updateURL":null,"updateKey":null,"optionsURL":null,"optionsType":null,"aboutURL":null,"defaultLocale":{"name":"Application Update Service Helper","description":"Sets value(s) in the update url based on custom checks.","creator":null,"homepageURL":null},"visible":true,"active":false,"userDisabled":false,"appDisabled":false,"installDate":1503580993000,"updateDate":1503580993000,"applyBackgroundUpdates":1,"bootstrap":true,"path":"/opt/firefox/browser/features/aushelper@mozilla.org.xpi","skinnable":false,"size":8488,"sourceURI":null,"releaseNotesURI":null,"softDisabled":false,"foreignInstall":false,"hasBinaryComponents":false,"strictCompatibility":false,"locales":[],"targetApplications":[{"id":"{ec8030f7-c20a-464f-9b0e-13a3a9e97384}","minVersion":"55.0.3","maxVersion":"55.*"}],"targetPlatforms":[],"multiprocessCompatible":true,"seen":true,"dependencies":[],"hasEmbeddedWebExtension":false,"mpcOptedOut":false,"userPermissions":null,"icons":{},"iconURL":null,"icon64URL":null}
1527664645468	DeferredSave.extensions.json	DEBUG	Save changes
1527664645468	addons.manager	DEBUG	Registering startup change 'installed' for webcompat@mozilla.org
1527664645469	addons.xpi	DEBUG	Loading bootstrap scope from /opt/firefox/browser/features/webcompat@mozilla.org.xpi
1527664645471	addons.xpi	DEBUG	Calling bootstrap method install on webcompat@mozilla.org version 1.1
1527664645472	addons.xpi-utils	DEBUG	Make addon app-system-defaults:webcompat@mozilla.org visible
1527664645473	addons.xpi	DEBUG	Updating XPIState for {"id":"webcompat@mozilla.org","syncGUID":"{47699593-b5bc-4051-a04d-59e654ab45bc}","location":"app-system-defaults","version":"1.1","type":"extension","internalName":null,"updateURL":null,"updateKey":null,"optionsURL":null,"optionsType":null,"aboutURL":null,"defaultLocale":{"name":"Web Compat","description":"Urgent post-release fixes for web compatibility.","creator":null,"homepageURL":null},"visible":true,"active":false,"userDisabled":false,"appDisabled":false,"installDate":1503580993000,"updateDate":1503580993000,"applyBackgroundUpdates":1,"bootstrap":true,"path":"/opt/firefox/browser/features/webcompat@mozilla.org.xpi","skinnable":false,"size":8992,"sourceURI":null,"releaseNotesURI":null,"softDisabled":false,"foreignInstall":false,"hasBinaryComponents":false,"strictCompatibility":false,"locales":[],"targetApplications":[{"id":"{ec8030f7-c20a-464f-9b0e-13a3a9e97384}","minVersion":"55.0.3","maxVersion":"55.*"}],"targetPlatforms":[],"multiprocessCompatible":true,"seen":true,"dependencies":[],"hasEmbeddedWebExtension":false,"mpcOptedOut":false,"userPermissions":null,"icons":{},"iconURL":null,"icon64URL":null}
1527664645475	DeferredSave.extensions.json	DEBUG	Save changes
1527664645475	addons.manager	DEBUG	Registering startup change 'installed' for followonsearch@mozilla.com
1527664645475	addons.xpi	DEBUG	Loading bootstrap scope from /opt/firefox/browser/features/followonsearch@mozilla.com.xpi
1527664645478	addons.xpi	DEBUG	Calling bootstrap method install on followonsearch@mozilla.com version 0.9.1
1527664645478	addons.xpi-utils	DEBUG	Make addon app-system-defaults:followonsearch@mozilla.com visible
1527664645478	addons.xpi	DEBUG	Updating XPIState for {"id":"followonsearch@mozilla.com","syncGUID":"{06dc1ac8-73c2-4687-a035-fa3ead6ce777}","location":"app-system-defaults","version":"0.9.1","type":"extension","internalName":null,"updateURL":null,"updateKey":null,"optionsURL":null,"optionsType":null,"aboutURL":null,"defaultLocale":{"name":"Follow-on Search Telemetry","description":null,"creator":null,"homepageURL":null},"visible":true,"active":false,"userDisabled":false,"appDisabled":false,"installDate":1503580993000,"updateDate":1503580993000,"applyBackgroundUpdates":1,"bootstrap":true,"path":"/opt/firefox/browser/features/followonsearch@mozilla.com.xpi","skinnable":false,"size":16730,"sourceURI":null,"releaseNotesURI":null,"softDisabled":false,"foreignInstall":false,"hasBinaryComponents":false,"strictCompatibility":false,"locales":[],"targetApplications":[{"id":"{ec8030f7-c20a-464f-9b0e-13a3a9e97384}","minVersion":"52.0","maxVersion":"59.*"}],"targetPlatforms":[],"multiprocessCompatible":true,"seen":true,"dependencies":[],"hasEmbeddedWebExtension":false,"mpcOptedOut":false,"userPermissions":null,"icons":{},"iconURL":null,"icon64URL":null}
1527664645479	DeferredSave.extensions.json	DEBUG	Save changes
1527664645479	addons.manager	DEBUG	Registering startup change 'installed' for shield-recipe-client@mozilla.org
1527664645481	addons.xpi	DEBUG	Loading bootstrap scope from /opt/firefox/browser/features/shield-recipe-client@mozilla.org.xpi
1527664645483	addons.xpi	DEBUG	Calling bootstrap method install on shield-recipe-client@mozilla.org version 55.1
1527664645483	addons.xpi-utils	DEBUG	Make addon app-system-defaults:shield-recipe-client@mozilla.org visible
1527664645484	addons.xpi	DEBUG	Updating XPIState for {"id":"shield-recipe-client@mozilla.org","syncGUID":"{d7dacea3-534b-47f0-b9de-86d2f52de05f}","location":"app-system-defaults","version":"55.1","type":"extension","internalName":null,"updateURL":null,"updateKey":null,"optionsURL":null,"optionsType":null,"aboutURL":null,"defaultLocale":{"name":"Shield Recipe Client","description":"Client to download and run recipes for SHIELD, Heartbeat, etc.","creator":null,"homepageURL":null},"visible":true,"active":false,"userDisabled":false,"appDisabled":false,"installDate":1503580993000,"updateDate":1503580993000,"applyBackgroundUpdates":1,"bootstrap":true,"path":"/opt/firefox/browser/features/shield-recipe-client@mozilla.org.xpi","skinnable":false,"size":140305,"sourceURI":null,"releaseNotesURI":null,"softDisabled":false,"foreignInstall":false,"hasBinaryComponents":false,"strictCompatibility":false,"locales":[],"targetApplications":[{"id":"{ec8030f7-c20a-464f-9b0e-13a3a9e97384}","minVersion":"55.0.3","maxVersion":"55.*"}],"targetPlatforms":[],"multiprocessCompatible":true,"seen":true,"dependencies":[],"hasEmbeddedWebExtension":false,"mpcOptedOut":false,"userPermissions":null,"icons":{},"iconURL":null,"icon64URL":null}
1527664645484	DeferredSave.extensions.json	DEBUG	Save changes
1527664645484	addons.xpi-utils	DEBUG	Make addon app-global:{972ce4c6-7e08-4474-a285-3208198ce6fd} visible
1527664645485	addons.xpi	DEBUG	Updating XPIState for {"id":"{972ce4c6-7e08-4474-a285-3208198ce6fd}","syncGUID":"{bd9dea47-19d3-4be9-a933-5ab36b4446c2}","location":"app-global","version":"55.0.3","type":"theme","internalName":"classic/1.0","updateURL":null,"updateKey":null,"optionsURL":null,"optionsType":null,"optionsBrowserStyle":null,"aboutURL":null,"defaultLocale":{"name":"Default","description":"The default theme.","creator":"Mozilla","homepageURL":null,"contributors":["Mozilla Contributors"]},"visible":true,"active":false,"userDisabled":false,"appDisabled":false,"installDate":1503580993000,"updateDate":1503580993000,"applyBackgroundUpdates":1,"path":"/opt/firefox/browser/extensions/{972ce4c6-7e08-4474-a285-3208198ce6fd}.xpi","skinnable":true,"size":2918,"sourceURI":null,"releaseNotesURI":null,"softDisabled":false,"foreignInstall":false,"hasBinaryComponents":false,"strictCompatibility":true,"locales":[],"targetApplications":[{"id":"{ec8030f7-c20a-464f-9b0e-13a3a9e97384}","minVersion":"55.0.3","maxVersion":"55.0.3"}],"targetPlatforms":[],"seen":true,"dependencies":[],"hasEmbeddedWebExtension":false,"userPermissions":null,"icons":{},"iconURL":"chrome://browser/content/default-theme-icon.svg","icon64URL":null}
1527664645485	DeferredSave.extensions.json	DEBUG	Save changes
1527664645486	addons.xpi	DEBUG	Updating XPIState for {"id":"e10srollout@mozilla.org","syncGUID":"{d4e9e75d-b562-43ba-bc0d-ef8f6a17707b}","location":"app-system-defaults","version":"2.0","type":"extension","internalName":null,"updateURL":null,"updateKey":null,"optionsURL":null,"optionsType":null,"aboutURL":null,"defaultLocale":{"name":"Multi-process staged rollout","description":"Staged rollout of Firefox multi-process feature.","creator":null,"homepageURL":null},"visible":true,"active":true,"userDisabled":false,"appDisabled":false,"installDate":1503580993000,"updateDate":1503580993000,"applyBackgroundUpdates":1,"bootstrap":true,"path":"/opt/firefox/browser/features/e10srollout@mozilla.org.xpi","skinnable":false,"size":13287,"sourceURI":null,"releaseNotesURI":null,"softDisabled":false,"foreignInstall":false,"hasBinaryComponents":false,"strictCompatibility":false,"locales":[],"targetApplications":[{"id":"{ec8030f7-c20a-464f-9b0e-13a3a9e97384}","minVersion":"55.0.3","maxVersion":"55.*"}],"targetPlatforms":[],"multiprocessCompatible":true,"seen":true,"dependencies":[],"hasEmbeddedWebExtension":false,"mpcOptedOut":false,"userPermissions":null,"icons":{},"iconURL":null,"icon64URL":null}
1527664645486	addons.xpi	DEBUG	Updating XPIState for {"id":"firefox@getpocket.com","syncGUID":"{cb2e16b2-4fee-4f6c-a2a7-aa73f0abae6e}","location":"app-system-defaults","version":"1.0.5","type":"extension","internalName":null,"updateURL":null,"updateKey":null,"optionsURL":null,"optionsType":null,"aboutURL":null,"defaultLocale":{"name":"Pocket","description":"When you find something you want to view later, put it in Pocket.","creator":null,"homepageURL":null},"visible":true,"active":true,"userDisabled":false,"appDisabled":false,"installDate":1503580993000,"updateDate":1503580993000,"applyBackgroundUpdates":1,"bootstrap":true,"path":"/opt/firefox/browser/features/firefox@getpocket.com.xpi","skinnable":false,"size":855802,"sourceURI":null,"releaseNotesURI":null,"softDisabled":false,"foreignInstall":false,"hasBinaryComponents":false,"strictCompatibility":false,"locales":[],"targetApplications":[{"id":"{ec8030f7-c20a-464f-9b0e-13a3a9e97384}","minVersion":"55.0.3","maxVersion":"55.*"}],"targetPlatforms":[],"multiprocessCompatible":true,"seen":true,"dependencies":[],"hasEmbeddedWebExtension":false,"mpcOptedOut":false,"userPermissions":null,"icons":{},"iconURL":null,"icon64URL":null}
1527664645487	addons.xpi	DEBUG	Updating XPIState for {"id":"clicktoplay-rollout@mozilla.org","syncGUID":"{796bdf2a-2aa5-483b-b71d-e28c6f5f8568}","location":"app-system-defaults","version":"1.2","type":"extension","internalName":null,"updateURL":null,"updateKey":null,"optionsURL":null,"optionsType":null,"aboutURL":null,"defaultLocale":{"name":"Click-to-Play staged rollout","description":"Staged rollout for Click-to-Play Flash.","creator":null,"homepageURL":null},"visible":true,"active":true,"userDisabled":false,"appDisabled":false,"installDate":1503580993000,"updateDate":1503580993000,"applyBackgroundUpdates":1,"bootstrap":true,"path":"/opt/firefox/browser/features/clicktoplay-rollout@mozilla.org.xpi","skinnable":false,"size":5621,"sourceURI":null,"releaseNotesURI":null,"softDisabled":false,"foreignInstall":false,"hasBinaryComponents":false,"strictCompatibility":false,"locales":[],"targetApplications":[{"id":"{ec8030f7-c20a-464f-9b0e-13a3a9e97384}","minVersion":"55.0.3","maxVersion":"55.*"}],"targetPlatforms":[],"multiprocessCompatible":true,"seen":true,"dependencies":[],"hasEmbeddedWebExtension":false,"mpcOptedOut":false,"userPermissions":null,"icons":{},"iconURL":null,"icon64URL":null}
1527664645487	addons.xpi	DEBUG	Updating XPIState for {"id":"screenshots@mozilla.org","syncGUID":"{8a39a5c8-2a84-4fec-95ad-702cd9eb73e7}","location":"app-system-defaults","version":"10.12.0","type":"extension","internalName":null,"updateURL":null,"updateKey":null,"optionsURL":null,"optionsType":null,"aboutURL":null,"defaultLocale":{"name":"Firefox Screenshots","description":null,"creator":null,"homepageURL":"https://pageshot.net/"},"visible":true,"active":true,"userDisabled":false,"appDisabled":false,"installDate":1503580993000,"updateDate":1503580993000,"applyBackgroundUpdates":1,"bootstrap":true,"path":"/opt/firefox/browser/features/screenshots@mozilla.org.xpi","skinnable":false,"size":714554,"sourceURI":null,"releaseNotesURI":null,"softDisabled":false,"foreignInstall":false,"hasBinaryComponents":false,"strictCompatibility":false,"locales":[],"targetApplications":[{"id":"{ec8030f7-c20a-464f-9b0e-13a3a9e97384}","minVersion":"51.0a1","maxVersion":"*"}],"targetPlatforms":[],"multiprocessCompatible":true,"seen":true,"dependencies":[],"hasEmbeddedWebExtension":false,"mpcOptedOut":false,"userPermissions":null,"icons":{},"iconURL":null,"icon64URL":null}
1527664645489	addons.xpi	DEBUG	Updating XPIState for {"id":"aushelper@mozilla.org","syncGUID":"{ce76f241-bb43-4aa6-9249-79afead4cb7d}","location":"app-system-defaults","version":"2.0","type":"extension","internalName":null,"updateURL":null,"updateKey":null,"optionsURL":null,"optionsType":null,"aboutURL":null,"defaultLocale":{"name":"Application Update Service Helper","description":"Sets value(s) in the update url based on custom checks.","creator":null,"homepageURL":null},"visible":true,"active":true,"userDisabled":false,"appDisabled":false,"installDate":1503580993000,"updateDate":1503580993000,"applyBackgroundUpdates":1,"bootstrap":true,"path":"/opt/firefox/browser/features/aushelper@mozilla.org.xpi","skinnable":false,"size":8488,"sourceURI":null,"releaseNotesURI":null,"softDisabled":false,"foreignInstall":false,"hasBinaryComponents":false,"strictCompatibility":false,"locales":[],"targetApplications":[{"id":"{ec8030f7-c20a-464f-9b0e-13a3a9e97384}","minVersion":"55.0.3","maxVersion":"55.*"}],"targetPlatforms":[],"multiprocessCompatible":true,"seen":true,"dependencies":[],"hasEmbeddedWebExtension":false,"mpcOptedOut":false,"userPermissions":null,"icons":{},"iconURL":null,"icon64URL":null}
1527664645490	addons.xpi	DEBUG	Updating XPIState for {"id":"webcompat@mozilla.org","syncGUID":"{47699593-b5bc-4051-a04d-59e654ab45bc}","location":"app-system-defaults","version":"1.1","type":"extension","internalName":null,"updateURL":null,"updateKey":null,"optionsURL":null,"optionsType":null,"aboutURL":null,"defaultLocale":{"name":"Web Compat","description":"Urgent post-release fixes for web compatibility.","creator":null,"homepageURL":null},"visible":true,"active":true,"userDisabled":false,"appDisabled":false,"installDate":1503580993000,"updateDate":1503580993000,"applyBackgroundUpdates":1,"bootstrap":true,"path":"/opt/firefox/browser/features/webcompat@mozilla.org.xpi","skinnable":false,"size":8992,"sourceURI":null,"releaseNotesURI":null,"softDisabled":false,"foreignInstall":false,"hasBinaryComponents":false,"strictCompatibility":false,"locales":[],"targetApplications":[{"id":"{ec8030f7-c20a-464f-9b0e-13a3a9e97384}","minVersion":"55.0.3","maxVersion":"55.*"}],"targetPlatforms":[],"multiprocessCompatible":true,"seen":true,"dependencies":[],"hasEmbeddedWebExtension":false,"mpcOptedOut":false,"userPermissions":null,"icons":{},"iconURL":null,"icon64URL":null}
1527664645491	addons.xpi	DEBUG	Updating XPIState for {"id":"followonsearch@mozilla.com","syncGUID":"{06dc1ac8-73c2-4687-a035-fa3ead6ce777}","location":"app-system-defaults","version":"0.9.1","type":"extension","internalName":null,"updateURL":null,"updateKey":null,"optionsURL":null,"optionsType":null,"aboutURL":null,"defaultLocale":{"name":"Follow-on Search Telemetry","description":null,"creator":null,"homepageURL":null},"visible":true,"active":true,"userDisabled":false,"appDisabled":false,"installDate":1503580993000,"updateDate":1503580993000,"applyBackgroundUpdates":1,"bootstrap":true,"path":"/opt/firefox/browser/features/followonsearch@mozilla.com.xpi","skinnable":false,"size":16730,"sourceURI":null,"releaseNotesURI":null,"softDisabled":false,"foreignInstall":false,"hasBinaryComponents":false,"strictCompatibility":false,"locales":[],"targetApplications":[{"id":"{ec8030f7-c20a-464f-9b0e-13a3a9e97384}","minVersion":"52.0","maxVersion":"59.*"}],"targetPlatforms":[],"multiprocessCompatible":true,"seen":true,"dependencies":[],"hasEmbeddedWebExtension":false,"mpcOptedOut":false,"userPermissions":null,"icons":{},"iconURL":null,"icon64URL":null}
1527664645492	addons.xpi	DEBUG	Updating XPIState for {"id":"shield-recipe-client@mozilla.org","syncGUID":"{d7dacea3-534b-47f0-b9de-86d2f52de05f}","location":"app-system-defaults","version":"55.1","type":"extension","internalName":null,"updateURL":null,"updateKey":null,"optionsURL":null,"optionsType":null,"aboutURL":null,"defaultLocale":{"name":"Shield Recipe Client","description":"Client to download and run recipes for SHIELD, Heartbeat, etc.","creator":null,"homepageURL":null},"visible":true,"active":true,"userDisabled":false,"appDisabled":false,"installDate":1503580993000,"updateDate":1503580993000,"applyBackgroundUpdates":1,"bootstrap":true,"path":"/opt/firefox/browser/features/shield-recipe-client@mozilla.org.xpi","skinnable":false,"size":140305,"sourceURI":null,"releaseNotesURI":null,"softDisabled":false,"foreignInstall":false,"hasBinaryComponents":false,"strictCompatibility":false,"locales":[],"targetApplications":[{"id":"{ec8030f7-c20a-464f-9b0e-13a3a9e97384}","minVersion":"55.0.3","maxVersion":"55.*"}],"targetPlatforms":[],"multiprocessCompatible":true,"seen":true,"dependencies":[],"hasEmbeddedWebExtension":false,"mpcOptedOut":false,"userPermissions":null,"icons":{},"iconURL":null,"icon64URL":null}
1527664645492	addons.xpi	DEBUG	Updating XPIState for {"id":"{972ce4c6-7e08-4474-a285-3208198ce6fd}","syncGUID":"{bd9dea47-19d3-4be9-a933-5ab36b4446c2}","location":"app-global","version":"55.0.3","type":"theme","internalName":"classic/1.0","updateURL":null,"updateKey":null,"optionsURL":null,"optionsType":null,"optionsBrowserStyle":null,"aboutURL":null,"defaultLocale":{"name":"Default","description":"The default theme.","creator":"Mozilla","homepageURL":null,"contributors":["Mozilla Contributors"]},"visible":true,"active":true,"userDisabled":false,"appDisabled":false,"installDate":1503580993000,"updateDate":1503580993000,"applyBackgroundUpdates":1,"path":"/opt/firefox/browser/extensions/{972ce4c6-7e08-4474-a285-3208198ce6fd}.xpi","skinnable":true,"size":2918,"sourceURI":null,"releaseNotesURI":null,"softDisabled":false,"foreignInstall":false,"hasBinaryComponents":false,"strictCompatibility":true,"locales":[],"targetApplications":[{"id":"{ec8030f7-c20a-464f-9b0e-13a3a9e97384}","minVersion":"55.0.3","maxVersion":"55.0.3"}],"targetPlatforms":[],"seen":true,"dependencies":[],"hasEmbeddedWebExtension":false,"userPermissions":null,"icons":{},"iconURL":"chrome://browser/content/default-theme-icon.svg","icon64URL":null}
1527664645493	DeferredSave.extensions.json	DEBUG	Save changes
1527664645493	addons.xpi	DEBUG	Updating database with changes to installed add-ons
1527664645493	addons.xpi-utils	DEBUG	Updating add-on states
1527664645499	addons.xpi	DEBUG	Registering manifest for /opt/firefox/browser/features/aushelper@mozilla.org.xpi
1527664645500	addons.xpi	DEBUG	Calling bootstrap method startup on aushelper@mozilla.org version 2.0
1527664645501	addons.xpi	DEBUG	Registering manifest for /opt/firefox/browser/features/clicktoplay-rollout@mozilla.org.xpi
1527664645502	addons.xpi	DEBUG	Calling bootstrap method startup on clicktoplay-rollout@mozilla.org version 1.2
1527664645562	addons.xpi	DEBUG	Registering manifest for /opt/firefox/browser/features/e10srollout@mozilla.org.xpi
1527664645562	addons.xpi	DEBUG	Calling bootstrap method startup on e10srollout@mozilla.org version 2.0
1527664645562	addons.xpi	DEBUG	Registering manifest for /opt/firefox/browser/features/firefox@getpocket.com.xpi
1527664645563	addons.xpi	DEBUG	Calling bootstrap method startup on firefox@getpocket.com version 1.0.5
1527664645612	addons.xpi	DEBUG	Registering manifest for /opt/firefox/browser/features/followonsearch@mozilla.com.xpi
1527664645613	addons.xpi	DEBUG	Calling bootstrap method startup on followonsearch@mozilla.com version 0.9.1
1527664645613	addons.xpi	DEBUG	Registering manifest for /opt/firefox/browser/features/screenshots@mozilla.org.xpi
1527664645614	addons.xpi	DEBUG	Calling bootstrap method startup on screenshots@mozilla.org version 10.12.0
1527664645614	addons.xpi	DEBUG	Registering manifest for /opt/firefox/browser/features/shield-recipe-client@mozilla.org.xpi
1527664645614	addons.xpi	DEBUG	Calling bootstrap method startup on shield-recipe-client@mozilla.org version 55.1
1527664645622	addons.xpi	DEBUG	Registering manifest for /opt/firefox/browser/features/webcompat@mozilla.org.xpi
1527664645622	addons.xpi	DEBUG	Calling bootstrap method startup on webcompat@mozilla.org version 1.1
1527664645628	addons.manager	DEBUG	Registering shutdown blocker for XPIProvider
1527664645628	addons.manager	DEBUG	Provider finished startup: XPIProvider
1527664645628	addons.manager	DEBUG	Starting provider: LightweightThemeManager
1527664645628	addons.manager	DEBUG	Registering shutdown blocker for LightweightThemeManager
1527664645629	addons.manager	DEBUG	Provider finished startup: LightweightThemeManager
1527664645629	addons.manager	DEBUG	Starting provider: GMPProvider
1527664645633	addons.manager	DEBUG	Registering shutdown blocker for GMPProvider
1527664645633	addons.manager	DEBUG	Provider finished startup: GMPProvider
1527664645633	addons.manager	DEBUG	Starting provider: PluginProvider
1527664645633	addons.manager	DEBUG	Registering shutdown blocker for PluginProvider
1527664645634	addons.manager	DEBUG	Provider finished startup: PluginProvider
1527664645634	addons.manager	DEBUG	Completed startup sequence
1527664645819	addons.productaddons	INFO	Completed downloading document
1527664645994	Marionette	INFO	Enabled via --marionette
1527664646513	addons.manager	DEBUG	Starting provider: PreviousExperimentProvider
1527664646513	addons.manager	DEBUG	Registering shutdown blocker for PreviousExperimentProvider
1527664646514	addons.manager	DEBUG	Provider finished startup: PreviousExperimentProvider
1527664646517	DeferredSave.extensions.json	DEBUG	Starting write
1527664646625	DeferredSave.extensions.json	DEBUG	Write succeeded
1527664646625	addons.xpi-utils	DEBUG	XPI Database saved, setting schema version preference to 21
1527664647955	addons.manager	DEBUG	Starting provider: <unnamed-provider>
1527664647955	addons.manager	DEBUG	Registering shutdown blocker for <unnamed-provider>
1527664647956	addons.manager	DEBUG	Provider finished startup: <unnamed-provider>
1527664647959	addons.xpi	INFO	Mapping e10srollout@mozilla.org to /opt/firefox/browser/features/e10srollout@mozilla.org.xpi
1527664647960	addons.xpi	INFO	Mapping firefox@getpocket.com to /opt/firefox/browser/features/firefox@getpocket.com.xpi
1527664647960	addons.xpi	INFO	Mapping clicktoplay-rollout@mozilla.org to /opt/firefox/browser/features/clicktoplay-rollout@mozilla.org.xpi
1527664647960	addons.xpi	INFO	Mapping screenshots@mozilla.org to /opt/firefox/browser/features/screenshots@mozilla.org.xpi
1527664647960	addons.xpi	INFO	Mapping aushelper@mozilla.org to /opt/firefox/browser/features/aushelper@mozilla.org.xpi
1527664647960	addons.xpi	INFO	Mapping webcompat@mozilla.org to /opt/firefox/browser/features/webcompat@mozilla.org.xpi
1527664647960	addons.xpi	INFO	Mapping followonsearch@mozilla.com to /opt/firefox/browser/features/followonsearch@mozilla.com.xpi
1527664647960	addons.xpi	INFO	Mapping shield-recipe-client@mozilla.org to /opt/firefox/browser/features/shield-recipe-client@mozilla.org.xpi
1527664647961	addons.xpi	DEBUG	Existing add-on e10srollout@mozilla.org in app-system-defaults
1527664647962	addons.xpi	DEBUG	Existing add-on firefox@getpocket.com in app-system-defaults
1527664647962	addons.xpi	DEBUG	Existing add-on clicktoplay-rollout@mozilla.org in app-system-defaults
1527664647962	addons.xpi	DEBUG	Existing add-on screenshots@mozilla.org in app-system-defaults
1527664647962	addons.xpi	DEBUG	Existing add-on aushelper@mozilla.org in app-system-defaults
1527664647963	addons.xpi	DEBUG	Existing add-on webcompat@mozilla.org in app-system-defaults
1527664647963	addons.xpi	DEBUG	Existing add-on followonsearch@mozilla.com in app-system-defaults
1527664647963	addons.xpi	DEBUG	Existing add-on shield-recipe-client@mozilla.org in app-system-defaults
1527664647963	addons.xpi	INFO	Mapping {972ce4c6-7e08-4474-a285-3208198ce6fd} to /opt/firefox/browser/extensions/{972ce4c6-7e08-4474-a285-3208198ce6fd}.xpi
1527664647963	addons.xpi	DEBUG	Existing add-on {972ce4c6-7e08-4474-a285-3208198ce6fd} in app-global
1527664647964	addons.xpi	DEBUG	getInstallState changed: false, state: {}
1527664648536	addons.productaddons	INFO	sending request to: https://aus5.mozilla.org/update/3/GMP/55.0.3/20170824123605/Linux_x86_64-gcc3/en-US/release/Linux%204.13.0-43-generic%20(GTK%203.18.9%2Clibpulse%208.0.0)/default/default/update.xml
1527664648613	Marionette	INFO	Listening on port 41575
JavaScript error: chrome://marionette/content/server.js, line 337: NS_ERROR_SOCKET_ADDRESS_IN_USE: Component returned failure code: 0x804b0036 (NS_ERROR_SOCKET_ADDRESS_IN_USE) [nsIServerSocket.initSpecialConnection]
1527664648713	Marionette	WARN	TLS certificate errors will be ignored for this session
1527664648766	Marionette	DEBUG	loaded listener.js
May 30, 2018 12:47:28 PM org.openqa.selenium.remote.ProtocolHandshake createSession
INFO: Detected dialect: W3C
1527664648884	Marionette	DEBUG	Received DOM event "beforeunload" for "about:blank"
1527664649418	addons.productaddons	INFO	Completed downloading document
1527664650260	Marionette	DEBUG	Received DOM event "beforeunload" for "about:blank"
1527664650288	Marionette	DEBUG	Received DOM event "pagehide" for "about:blank"
1527664650288	Marionette	DEBUG	Received DOM event "unload" for "about:blank"
1527664650290	Marionette	DEBUG	Received observer notification "outer-window-destroyed" for "2147483649"
1527664650295	addons.xpi	DEBUG	Calling bootstrap method shutdown on webcompat@mozilla.org version 1.1
1527664650296	addons.xpi	DEBUG	Calling bootstrap method shutdown on shield-recipe-client@mozilla.org version 55.1
1527664650300	addons.xpi	DEBUG	Calling bootstrap method shutdown on screenshots@mozilla.org version 10.12.0
1527664650301	addons.xpi	DEBUG	Calling bootstrap method shutdown on followonsearch@mozilla.com version 0.9.1
1527664650301	addons.xpi	DEBUG	Calling bootstrap method shutdown on firefox@getpocket.com version 1.0.5
1527664650302	addons.xpi	DEBUG	Calling bootstrap method shutdown on e10srollout@mozilla.org version 2.0
1527664650302	addons.xpi	DEBUG	Calling bootstrap method shutdown on clicktoplay-rollout@mozilla.org version 1.2
1527664650302	addons.xpi	DEBUG	Calling bootstrap method shutdown on aushelper@mozilla.org version 2.0
1527664650475	addons.productaddons	WARN	Failed downloading via XHR, status: 0, reason: error
1527664650633	addons.manager	DEBUG	shutdown
1527664650636	addons.manager	DEBUG	Calling shutdown blocker for XPIProvider
1527664650636	addons.xpi	DEBUG	shutdown
1527664650636	addons.xpi-utils	DEBUG	shutdown
1527664650637	addons.manager	DEBUG	Calling shutdown blocker for LightweightThemeManager
1527664650638	addons.manager	DEBUG	Calling shutdown blocker for GMPProvider
1527664650639	addons.manager	DEBUG	Calling shutdown blocker for PluginProvider
1527664650640	addons.manager	DEBUG	Calling shutdown blocker for PreviousExperimentProvider
1527664650640	addons.manager	DEBUG	Calling shutdown blocker for <unnamed-provider>
1527664650644	addons.xpi	DEBUG	Notifying XPI shutdown observers
1527664650655	addons.manager	DEBUG	Async provider shutdown done
1527664651379	geckodriver::marionette	ERROR	Failed to stop browser process
]]></system-err>
  </testcase>
  <testcase name="tearDown" classname="com.services.test.TestPothysInfo" time="2.51">
    <failure message="Tried to run command without establishing a connection&#10;Build info: version: &apos;3.11.0&apos;, revision: &apos;e59cfb3&apos;, time: &apos;2018-03-11T20:26:55.152Z&apos;&#10;System info: host: &apos;streamoid-ThinkPad-T440s&apos;, ip: &apos;127.0.1.1&apos;, os.name: &apos;Linux&apos;, os.arch: &apos;amd64&apos;, os.version: &apos;4.13.0-43-generic&apos;, java.version: &apos;1.8.0_171&apos;&#10;Driver info: org.openqa.selenium.firefox.FirefoxDriver&#10;Capabilities {acceptInsecureCerts: true, browserName: firefox, browserVersion: 55.0.3, javascriptEnabled: true, moz:accessibilityChecks: false, moz:processID: 6139, moz:profile: /tmp/rust_mozprofile.qkTUEz..., pageLoadStrategy: normal, platform: LINUX, platformName: LINUX, platformVersion: 4.13.0-43-generic, rotatable: false, specificationLevel: 0, timeouts: {implicit: 0, pageLoad: 300000, script: 30000}}&#10;Session ID: b452645c-687a-4719-9979-f2825ee89f4a" type="org.openqa.selenium.SessionNotCreatedException">org.openqa.selenium.SessionNotCreatedException: 
Tried to run command without establishing a connection
Build info: version: '3.11.0', revision: 'e59cfb3', time: '2018-03-11T20:26:55.152Z'
System info: host: 'streamoid-ThinkPad-T440s', ip: '127.0.1.1', os.name: 'Linux', os.arch: 'amd64', os.version: '4.13.0-43-generic', java.version: '1.8.0_171'
Driver info: org.openqa.selenium.firefox.FirefoxDriver
Capabilities {acceptInsecureCerts: true, browserName: firefox, browserVersion: 55.0.3, javascriptEnabled: true, moz:accessibilityChecks: false, moz:processID: 6139, moz:profile: /tmp/rust_mozprofile.qkTUEz..., pageLoadStrategy: normal, platform: LINUX, platformName: LINUX, platformVersion: 4.13.0-43-generic, rotatable: false, specificationLevel: 0, timeouts: {implicit: 0, pageLoad: 300000, script: 30000}}
Session ID: b452645c-687a-4719-9979-f2825ee89f4a
	at com.services.test.TestPothysInfo.tearDown(TestPothysInfo.java:147)
</failure>
  </testcase>
  <testcase name="tearDown" classname="com.services.test.TestPothysInfo" time="0">
    <skipped/>
  </testcase>
  <testcase name="testVanHeusen" classname="com.services.test.TestVanHeusenInfo" time="2.701">
    <failure message="Failed to decode response from marionette&#10;Build info: version: &apos;3.11.0&apos;, revision: &apos;e59cfb3&apos;, time: &apos;2018-03-11T20:26:55.152Z&apos;&#10;System info: host: &apos;streamoid-ThinkPad-T440s&apos;, ip: &apos;127.0.1.1&apos;, os.name: &apos;Linux&apos;, os.arch: &apos;amd64&apos;, os.version: &apos;4.13.0-43-generic&apos;, java.version: &apos;1.8.0_171&apos;&#10;Driver info: org.openqa.selenium.firefox.FirefoxDriver&#10;Capabilities {acceptInsecureCerts: true, browserName: firefox, browserVersion: 55.0.3, javascriptEnabled: true, moz:accessibilityChecks: false, moz:processID: 6355, moz:profile: /tmp/rust_mozprofile.V7GQ1B..., pageLoadStrategy: normal, platform: LINUX, platformName: LINUX, platformVersion: 4.13.0-43-generic, rotatable: false, specificationLevel: 0, timeouts: {implicit: 0, pageLoad: 300000, script: 30000}}&#10;Session ID: 455d873e-8350-400e-9867-6e1545267070" type="org.openqa.selenium.WebDriverException">org.openqa.selenium.WebDriverException: 
Failed to decode response from marionette
Build info: version: '3.11.0', revision: 'e59cfb3', time: '2018-03-11T20:26:55.152Z'
System info: host: 'streamoid-ThinkPad-T440s', ip: '127.0.1.1', os.name: 'Linux', os.arch: 'amd64', os.version: '4.13.0-43-generic', java.version: '1.8.0_171'
Driver info: org.openqa.selenium.firefox.FirefoxDriver
Capabilities {acceptInsecureCerts: true, browserName: firefox, browserVersion: 55.0.3, javascriptEnabled: true, moz:accessibilityChecks: false, moz:processID: 6355, moz:profile: /tmp/rust_mozprofile.V7GQ1B..., pageLoadStrategy: normal, platform: LINUX, platformName: LINUX, platformVersion: 4.13.0-43-generic, rotatable: false, specificationLevel: 0, timeouts: {implicit: 0, pageLoad: 300000, script: 30000}}
Session ID: 455d873e-8350-400e-9867-6e1545267070
	at com.services.test.TestVanHeusenInfo.testVanHeusen(TestVanHeusenInfo.java:67)
</failure>
    <system-err><![CDATA[1527664651396	geckodriver	INFO	geckodriver 0.20.0
1527664651404	geckodriver	INFO	Listening on 127.0.0.1:1915
1527664651419	mozrunner::runner	INFO	Running command: "/opt/firefox/firefox" "-marionette" "-profile" "/tmp/rust_mozprofile.DC6OAsJtToiT"
1527664651614	addons.manager	DEBUG	Application has been upgraded
1527664651636	addons.manager	DEBUG	Loaded provider scope for resource://gre/modules/addons/XPIProvider.jsm: ["XPIProvider", "XPIInternal"]
1527664651640	addons.manager	DEBUG	Loaded provider scope for resource://gre/modules/LightweightThemeManager.jsm: ["LightweightThemeManager"]
1527664651667	addons.manager	DEBUG	Loaded provider scope for resource://gre/modules/addons/GMPProvider.jsm
1527664651670	addons.manager	DEBUG	Loaded provider scope for resource://gre/modules/addons/PluginProvider.jsm
1527664651672	addons.manager	DEBUG	Starting provider: XPIProvider
1527664651672	addons.xpi	DEBUG	startup
1527664651672	addons.xpi	INFO	SystemAddonInstallLocation directory is missing
1527664651673	addons.xpi	INFO	Removing all system add-on upgrades.
1527664651675	addons.xpi	DEBUG	checkForChanges
1527664651676	addons.xpi	WARN	Error parsing extensions state: [Exception... "Component returned failure code: 0x80520012 (NS_ERROR_FILE_NOT_FOUND) [amIAddonManagerStartup.readStartupData]"  nsresult: "0x80520012 (NS_ERROR_FILE_NOT_FOUND)"  location: "JS frame :: resource://gre/modules/addons/XPIProvider.jsm :: loadExtensionState :: line 1596"  data: no] Stack trace: loadExtensionState()@resource://gre/modules/addons/XPIProvider.jsm:1596 < getInstallState()@resource://gre/modules/addons/XPIProvider.jsm:1631 < checkForChanges()@resource://gre/modules/addons/XPIProvider.jsm:3152 < startup()@resource://gre/modules/addons/XPIProvider.jsm:2246 < callProvider()@resource://gre/modules/AddonManager.jsm:271 < _startProvider()@resource://gre/modules/AddonManager.jsm:741 < startup()@resource://gre/modules/AddonManager.jsm:908 < startup()@resource://gre/modules/AddonManager.jsm:3122 < observe()@jar:file:///opt/firefox/omni.ja!/components/addonManager.js:65
1527664651681	addons.xpi	DEBUG	Loaded add-on state: ${}
1527664651685	addons.xpi	INFO	Mapping e10srollout@mozilla.org to /opt/firefox/browser/features/e10srollout@mozilla.org.xpi
1527664651685	addons.xpi	INFO	Mapping firefox@getpocket.com to /opt/firefox/browser/features/firefox@getpocket.com.xpi
1527664651686	addons.xpi	INFO	Mapping clicktoplay-rollout@mozilla.org to /opt/firefox/browser/features/clicktoplay-rollout@mozilla.org.xpi
1527664651686	addons.xpi	INFO	Mapping screenshots@mozilla.org to /opt/firefox/browser/features/screenshots@mozilla.org.xpi
1527664651686	addons.xpi	INFO	Mapping aushelper@mozilla.org to /opt/firefox/browser/features/aushelper@mozilla.org.xpi
1527664651686	addons.xpi	INFO	Mapping webcompat@mozilla.org to /opt/firefox/browser/features/webcompat@mozilla.org.xpi
1527664651687	addons.xpi	INFO	Mapping followonsearch@mozilla.com to /opt/firefox/browser/features/followonsearch@mozilla.com.xpi
1527664651687	addons.xpi	INFO	Mapping shield-recipe-client@mozilla.org to /opt/firefox/browser/features/shield-recipe-client@mozilla.org.xpi
1527664651687	addons.xpi	DEBUG	New add-on e10srollout@mozilla.org in app-system-defaults
1527664651688	addons.xpi	INFO	Mapping e10srollout@mozilla.org to /opt/firefox/browser/features/e10srollout@mozilla.org.xpi
1527664651689	addons.xpi	DEBUG	New add-on firefox@getpocket.com in app-system-defaults
1527664651689	addons.xpi	INFO	Mapping firefox@getpocket.com to /opt/firefox/browser/features/firefox@getpocket.com.xpi
1527664651689	addons.xpi	DEBUG	New add-on clicktoplay-rollout@mozilla.org in app-system-defaults
1527664651690	addons.xpi	INFO	Mapping clicktoplay-rollout@mozilla.org to /opt/firefox/browser/features/clicktoplay-rollout@mozilla.org.xpi
1527664651691	addons.xpi	DEBUG	New add-on screenshots@mozilla.org in app-system-defaults
1527664651691	addons.xpi	INFO	Mapping screenshots@mozilla.org to /opt/firefox/browser/features/screenshots@mozilla.org.xpi
1527664651691	addons.xpi	DEBUG	New add-on aushelper@mozilla.org in app-system-defaults
1527664651691	addons.xpi	INFO	Mapping aushelper@mozilla.org to /opt/firefox/browser/features/aushelper@mozilla.org.xpi
1527664651691	addons.xpi	DEBUG	New add-on webcompat@mozilla.org in app-system-defaults
1527664651692	addons.xpi	INFO	Mapping webcompat@mozilla.org to /opt/firefox/browser/features/webcompat@mozilla.org.xpi
1527664651692	addons.xpi	DEBUG	New add-on followonsearch@mozilla.com in app-system-defaults
1527664651692	addons.xpi	INFO	Mapping followonsearch@mozilla.com to /opt/firefox/browser/features/followonsearch@mozilla.com.xpi
1527664651692	addons.xpi	DEBUG	New add-on shield-recipe-client@mozilla.org in app-system-defaults
1527664651692	addons.xpi	INFO	Mapping shield-recipe-client@mozilla.org to /opt/firefox/browser/features/shield-recipe-client@mozilla.org.xpi
1527664651693	addons.xpi	INFO	Mapping {972ce4c6-7e08-4474-a285-3208198ce6fd} to /opt/firefox/browser/extensions/{972ce4c6-7e08-4474-a285-3208198ce6fd}.xpi
1527664651693	addons.xpi	DEBUG	New add-on {972ce4c6-7e08-4474-a285-3208198ce6fd} in app-global
1527664651693	addons.xpi	INFO	Mapping {972ce4c6-7e08-4474-a285-3208198ce6fd} to /opt/firefox/browser/extensions/{972ce4c6-7e08-4474-a285-3208198ce6fd}.xpi
1527664651693	addons.xpi	DEBUG	getInstallState changed: true, state: {}
1527664651694	addons.xpi	INFO	SystemAddonInstallLocation directory is missing
1527664651708	addons.xpi-utils	DEBUG	Opening XPI database /tmp/rust_mozprofile.DC6OAsJtToiT/extensions.json
1527664651709	addons.xpi-utils	DEBUG	New add-on e10srollout@mozilla.org installed in app-system-defaults
*** Blocklist::_loadBlocklistFromFile: blocklist is disabled
1527664651735	DeferredSave.extensions.json	DEBUG	Save changes
1527664651737	addons.xpi-utils	DEBUG	New add-on firefox@getpocket.com installed in app-system-defaults
1527664651739	DeferredSave.extensions.json	DEBUG	Starting timer
1527664651741	DeferredSave.extensions.json	DEBUG	Save changes
1527664651742	addons.xpi-utils	DEBUG	New add-on clicktoplay-rollout@mozilla.org installed in app-system-defaults
1527664651745	DeferredSave.extensions.json	DEBUG	Save changes
1527664651745	addons.xpi-utils	DEBUG	New add-on screenshots@mozilla.org installed in app-system-defaults
1527664651751	DeferredSave.extensions.json	DEBUG	Save changes
1527664651752	addons.xpi-utils	DEBUG	New add-on aushelper@mozilla.org installed in app-system-defaults
1527664651756	DeferredSave.extensions.json	DEBUG	Save changes
1527664651757	addons.xpi-utils	DEBUG	New add-on webcompat@mozilla.org installed in app-system-defaults
1527664651761	DeferredSave.extensions.json	DEBUG	Save changes
1527664651761	addons.xpi-utils	DEBUG	New add-on followonsearch@mozilla.com installed in app-system-defaults
1527664651763	DeferredSave.extensions.json	DEBUG	Save changes
1527664651763	addons.xpi-utils	DEBUG	New add-on shield-recipe-client@mozilla.org installed in app-system-defaults
1527664651766	DeferredSave.extensions.json	DEBUG	Save changes
1527664651766	addons.xpi-utils	DEBUG	New add-on {972ce4c6-7e08-4474-a285-3208198ce6fd} installed in app-global
1527664651769	DeferredSave.extensions.json	DEBUG	Save changes
1527664651770	addons.manager	DEBUG	Registering startup change 'installed' for e10srollout@mozilla.org
1527664651780	addons.xpi	DEBUG	Loading bootstrap scope from /opt/firefox/browser/features/e10srollout@mozilla.org.xpi
1527664651782	addons.xpi	DEBUG	Calling bootstrap method install on e10srollout@mozilla.org version 2.0
1527664651784	addons.xpi-utils	DEBUG	Make addon app-system-defaults:e10srollout@mozilla.org visible
1527664651785	addons.xpi	DEBUG	Updating XPIState for {"id":"e10srollout@mozilla.org","syncGUID":"{fc128d48-b1f9-425b-bc90-52bf91d3b13b}","location":"app-system-defaults","version":"2.0","type":"extension","internalName":null,"updateURL":null,"updateKey":null,"optionsURL":null,"optionsType":null,"aboutURL":null,"defaultLocale":{"name":"Multi-process staged rollout","description":"Staged rollout of Firefox multi-process feature.","creator":null,"homepageURL":null},"visible":true,"active":false,"userDisabled":false,"appDisabled":false,"installDate":1503580993000,"updateDate":1503580993000,"applyBackgroundUpdates":1,"bootstrap":true,"path":"/opt/firefox/browser/features/e10srollout@mozilla.org.xpi","skinnable":false,"size":13287,"sourceURI":null,"releaseNotesURI":null,"softDisabled":false,"foreignInstall":false,"hasBinaryComponents":false,"strictCompatibility":false,"locales":[],"targetApplications":[{"id":"{ec8030f7-c20a-464f-9b0e-13a3a9e97384}","minVersion":"55.0.3","maxVersion":"55.*"}],"targetPlatforms":[],"multiprocessCompatible":true,"seen":true,"dependencies":[],"hasEmbeddedWebExtension":false,"mpcOptedOut":false,"userPermissions":null,"icons":{},"iconURL":null,"icon64URL":null}
1527664651792	DeferredSave.extensions.json	DEBUG	Save changes
1527664651792	addons.manager	DEBUG	Registering startup change 'installed' for firefox@getpocket.com
1527664651794	addons.xpi	DEBUG	Loading bootstrap scope from /opt/firefox/browser/features/firefox@getpocket.com.xpi
1527664651798	addons.xpi	DEBUG	Calling bootstrap method install on firefox@getpocket.com version 1.0.5
1527664651798	addons.xpi-utils	DEBUG	Make addon app-system-defaults:firefox@getpocket.com visible
1527664651799	addons.xpi	DEBUG	Updating XPIState for {"id":"firefox@getpocket.com","syncGUID":"{b8b051f0-5c36-4b60-ae4b-21a535ca5a44}","location":"app-system-defaults","version":"1.0.5","type":"extension","internalName":null,"updateURL":null,"updateKey":null,"optionsURL":null,"optionsType":null,"aboutURL":null,"defaultLocale":{"name":"Pocket","description":"When you find something you want to view later, put it in Pocket.","creator":null,"homepageURL":null},"visible":true,"active":false,"userDisabled":false,"appDisabled":false,"installDate":1503580993000,"updateDate":1503580993000,"applyBackgroundUpdates":1,"bootstrap":true,"path":"/opt/firefox/browser/features/firefox@getpocket.com.xpi","skinnable":false,"size":855802,"sourceURI":null,"releaseNotesURI":null,"softDisabled":false,"foreignInstall":false,"hasBinaryComponents":false,"strictCompatibility":false,"locales":[],"targetApplications":[{"id":"{ec8030f7-c20a-464f-9b0e-13a3a9e97384}","minVersion":"55.0.3","maxVersion":"55.*"}],"targetPlatforms":[],"multiprocessCompatible":true,"seen":true,"dependencies":[],"hasEmbeddedWebExtension":false,"mpcOptedOut":false,"userPermissions":null,"icons":{},"iconURL":null,"icon64URL":null}
1527664651800	DeferredSave.extensions.json	DEBUG	Save changes
1527664651800	addons.manager	DEBUG	Registering startup change 'installed' for clicktoplay-rollout@mozilla.org
1527664651801	addons.xpi	DEBUG	Loading bootstrap scope from /opt/firefox/browser/features/clicktoplay-rollout@mozilla.org.xpi
1527664651814	addons.xpi	DEBUG	Calling bootstrap method install on clicktoplay-rollout@mozilla.org version 1.2
1527664651814	addons.xpi-utils	DEBUG	Make addon app-system-defaults:clicktoplay-rollout@mozilla.org visible
1527664651815	addons.xpi	DEBUG	Updating XPIState for {"id":"clicktoplay-rollout@mozilla.org","syncGUID":"{78baa927-59b4-4115-97ea-cc8e7990e0e1}","location":"app-system-defaults","version":"1.2","type":"extension","internalName":null,"updateURL":null,"updateKey":null,"optionsURL":null,"optionsType":null,"aboutURL":null,"defaultLocale":{"name":"Click-to-Play staged rollout","description":"Staged rollout for Click-to-Play Flash.","creator":null,"homepageURL":null},"visible":true,"active":false,"userDisabled":false,"appDisabled":false,"installDate":1503580993000,"updateDate":1503580993000,"applyBackgroundUpdates":1,"bootstrap":true,"path":"/opt/firefox/browser/features/clicktoplay-rollout@mozilla.org.xpi","skinnable":false,"size":5621,"sourceURI":null,"releaseNotesURI":null,"softDisabled":false,"foreignInstall":false,"hasBinaryComponents":false,"strictCompatibility":false,"locales":[],"targetApplications":[{"id":"{ec8030f7-c20a-464f-9b0e-13a3a9e97384}","minVersion":"55.0.3","maxVersion":"55.*"}],"targetPlatforms":[],"multiprocessCompatible":true,"seen":true,"dependencies":[],"hasEmbeddedWebExtension":false,"mpcOptedOut":false,"userPermissions":null,"icons":{},"iconURL":null,"icon64URL":null}
1527664651815	DeferredSave.extensions.json	DEBUG	Save changes
1527664651815	addons.manager	DEBUG	Registering startup change 'installed' for screenshots@mozilla.org
1527664651816	addons.xpi	DEBUG	Loading bootstrap scope from /opt/firefox/browser/features/screenshots@mozilla.org.xpi
1527664651819	addons.xpi	DEBUG	Calling bootstrap method install on screenshots@mozilla.org version 10.12.0
1527664651819	addons.xpi-utils	DEBUG	Make addon app-system-defaults:screenshots@mozilla.org visible
1527664651819	addons.xpi	DEBUG	Updating XPIState for {"id":"screenshots@mozilla.org","syncGUID":"{a14ee467-1137-4418-ab9a-be5905f613d7}","location":"app-system-defaults","version":"10.12.0","type":"extension","internalName":null,"updateURL":null,"updateKey":null,"optionsURL":null,"optionsType":null,"aboutURL":null,"defaultLocale":{"name":"Firefox Screenshots","description":null,"creator":null,"homepageURL":"https://pageshot.net/"},"visible":true,"active":false,"userDisabled":false,"appDisabled":false,"installDate":1503580993000,"updateDate":1503580993000,"applyBackgroundUpdates":1,"bootstrap":true,"path":"/opt/firefox/browser/features/screenshots@mozilla.org.xpi","skinnable":false,"size":714554,"sourceURI":null,"releaseNotesURI":null,"softDisabled":false,"foreignInstall":false,"hasBinaryComponents":false,"strictCompatibility":false,"locales":[],"targetApplications":[{"id":"{ec8030f7-c20a-464f-9b0e-13a3a9e97384}","minVersion":"51.0a1","maxVersion":"*"}],"targetPlatforms":[],"multiprocessCompatible":true,"seen":true,"dependencies":[],"hasEmbeddedWebExtension":false,"mpcOptedOut":false,"userPermissions":null,"icons":{},"iconURL":null,"icon64URL":null}
1527664651827	DeferredSave.extensions.json	DEBUG	Save changes
1527664651828	addons.manager	DEBUG	Registering startup change 'installed' for aushelper@mozilla.org
1527664651829	addons.xpi	DEBUG	Loading bootstrap scope from /opt/firefox/browser/features/aushelper@mozilla.org.xpi
1527664651832	addons.xpi	DEBUG	Calling bootstrap method install on aushelper@mozilla.org version 2.0
1527664651832	addons.xpi-utils	DEBUG	Make addon app-system-defaults:aushelper@mozilla.org visible
1527664651832	addons.xpi	DEBUG	Updating XPIState for {"id":"aushelper@mozilla.org","syncGUID":"{e5aaf039-ecd0-46f9-94a3-4287d46cc481}","location":"app-system-defaults","version":"2.0","type":"extension","internalName":null,"updateURL":null,"updateKey":null,"optionsURL":null,"optionsType":null,"aboutURL":null,"defaultLocale":{"name":"Application Update Service Helper","description":"Sets value(s) in the update url based on custom checks.","creator":null,"homepageURL":null},"visible":true,"active":false,"userDisabled":false,"appDisabled":false,"installDate":1503580993000,"updateDate":1503580993000,"applyBackgroundUpdates":1,"bootstrap":true,"path":"/opt/firefox/browser/features/aushelper@mozilla.org.xpi","skinnable":false,"size":8488,"sourceURI":null,"releaseNotesURI":null,"softDisabled":false,"foreignInstall":false,"hasBinaryComponents":false,"strictCompatibility":false,"locales":[],"targetApplications":[{"id":"{ec8030f7-c20a-464f-9b0e-13a3a9e97384}","minVersion":"55.0.3","maxVersion":"55.*"}],"targetPlatforms":[],"multiprocessCompatible":true,"seen":true,"dependencies":[],"hasEmbeddedWebExtension":false,"mpcOptedOut":false,"userPermissions":null,"icons":{},"iconURL":null,"icon64URL":null}
1527664651833	DeferredSave.extensions.json	DEBUG	Save changes
1527664651833	addons.manager	DEBUG	Registering startup change 'installed' for webcompat@mozilla.org
1527664651834	addons.xpi	DEBUG	Loading bootstrap scope from /opt/firefox/browser/features/webcompat@mozilla.org.xpi
1527664651836	addons.xpi	DEBUG	Calling bootstrap method install on webcompat@mozilla.org version 1.1
1527664651836	addons.xpi-utils	DEBUG	Make addon app-system-defaults:webcompat@mozilla.org visible
1527664651836	addons.xpi	DEBUG	Updating XPIState for {"id":"webcompat@mozilla.org","syncGUID":"{1d7b008e-d6fa-4b7d-a0e9-f2b7ad4c960e}","location":"app-system-defaults","version":"1.1","type":"extension","internalName":null,"updateURL":null,"updateKey":null,"optionsURL":null,"optionsType":null,"aboutURL":null,"defaultLocale":{"name":"Web Compat","description":"Urgent post-release fixes for web compatibility.","creator":null,"homepageURL":null},"visible":true,"active":false,"userDisabled":false,"appDisabled":false,"installDate":1503580993000,"updateDate":1503580993000,"applyBackgroundUpdates":1,"bootstrap":true,"path":"/opt/firefox/browser/features/webcompat@mozilla.org.xpi","skinnable":false,"size":8992,"sourceURI":null,"releaseNotesURI":null,"softDisabled":false,"foreignInstall":false,"hasBinaryComponents":false,"strictCompatibility":false,"locales":[],"targetApplications":[{"id":"{ec8030f7-c20a-464f-9b0e-13a3a9e97384}","minVersion":"55.0.3","maxVersion":"55.*"}],"targetPlatforms":[],"multiprocessCompatible":true,"seen":true,"dependencies":[],"hasEmbeddedWebExtension":false,"mpcOptedOut":false,"userPermissions":null,"icons":{},"iconURL":null,"icon64URL":null}
1527664651837	DeferredSave.extensions.json	DEBUG	Save changes
1527664651837	addons.manager	DEBUG	Registering startup change 'installed' for followonsearch@mozilla.com
1527664651837	addons.xpi	DEBUG	Loading bootstrap scope from /opt/firefox/browser/features/followonsearch@mozilla.com.xpi
1527664651840	addons.xpi	DEBUG	Calling bootstrap method install on followonsearch@mozilla.com version 0.9.1
1527664651840	addons.xpi-utils	DEBUG	Make addon app-system-defaults:followonsearch@mozilla.com visible
1527664651840	addons.xpi	DEBUG	Updating XPIState for {"id":"followonsearch@mozilla.com","syncGUID":"{9d6aea24-469e-45c6-ae84-f598e8bfebfb}","location":"app-system-defaults","version":"0.9.1","type":"extension","internalName":null,"updateURL":null,"updateKey":null,"optionsURL":null,"optionsType":null,"aboutURL":null,"defaultLocale":{"name":"Follow-on Search Telemetry","description":null,"creator":null,"homepageURL":null},"visible":true,"active":false,"userDisabled":false,"appDisabled":false,"installDate":1503580993000,"updateDate":1503580993000,"applyBackgroundUpdates":1,"bootstrap":true,"path":"/opt/firefox/browser/features/followonsearch@mozilla.com.xpi","skinnable":false,"size":16730,"sourceURI":null,"releaseNotesURI":null,"softDisabled":false,"foreignInstall":false,"hasBinaryComponents":false,"strictCompatibility":false,"locales":[],"targetApplications":[{"id":"{ec8030f7-c20a-464f-9b0e-13a3a9e97384}","minVersion":"52.0","maxVersion":"59.*"}],"targetPlatforms":[],"multiprocessCompatible":true,"seen":true,"dependencies":[],"hasEmbeddedWebExtension":false,"mpcOptedOut":false,"userPermissions":null,"icons":{},"iconURL":null,"icon64URL":null}
1527664651841	DeferredSave.extensions.json	DEBUG	Save changes
1527664651841	addons.manager	DEBUG	Registering startup change 'installed' for shield-recipe-client@mozilla.org
1527664651843	addons.xpi	DEBUG	Loading bootstrap scope from /opt/firefox/browser/features/shield-recipe-client@mozilla.org.xpi
1527664651844	addons.xpi	DEBUG	Calling bootstrap method install on shield-recipe-client@mozilla.org version 55.1
1527664651844	addons.xpi-utils	DEBUG	Make addon app-system-defaults:shield-recipe-client@mozilla.org visible
1527664651844	addons.xpi	DEBUG	Updating XPIState for {"id":"shield-recipe-client@mozilla.org","syncGUID":"{0fdd76c8-a669-4474-a3dd-e774f93535ed}","location":"app-system-defaults","version":"55.1","type":"extension","internalName":null,"updateURL":null,"updateKey":null,"optionsURL":null,"optionsType":null,"aboutURL":null,"defaultLocale":{"name":"Shield Recipe Client","description":"Client to download and run recipes for SHIELD, Heartbeat, etc.","creator":null,"homepageURL":null},"visible":true,"active":false,"userDisabled":false,"appDisabled":false,"installDate":1503580993000,"updateDate":1503580993000,"applyBackgroundUpdates":1,"bootstrap":true,"path":"/opt/firefox/browser/features/shield-recipe-client@mozilla.org.xpi","skinnable":false,"size":140305,"sourceURI":null,"releaseNotesURI":null,"softDisabled":false,"foreignInstall":false,"hasBinaryComponents":false,"strictCompatibility":false,"locales":[],"targetApplications":[{"id":"{ec8030f7-c20a-464f-9b0e-13a3a9e97384}","minVersion":"55.0.3","maxVersion":"55.*"}],"targetPlatforms":[],"multiprocessCompatible":true,"seen":true,"dependencies":[],"hasEmbeddedWebExtension":false,"mpcOptedOut":false,"userPermissions":null,"icons":{},"iconURL":null,"icon64URL":null}
1527664651845	DeferredSave.extensions.json	DEBUG	Save changes
1527664651845	addons.xpi-utils	DEBUG	Make addon app-global:{972ce4c6-7e08-4474-a285-3208198ce6fd} visible
1527664651846	addons.xpi	DEBUG	Updating XPIState for {"id":"{972ce4c6-7e08-4474-a285-3208198ce6fd}","syncGUID":"{603f2abf-841a-4c8f-94d7-de2afbd8dd94}","location":"app-global","version":"55.0.3","type":"theme","internalName":"classic/1.0","updateURL":null,"updateKey":null,"optionsURL":null,"optionsType":null,"optionsBrowserStyle":null,"aboutURL":null,"defaultLocale":{"name":"Default","description":"The default theme.","creator":"Mozilla","homepageURL":null,"contributors":["Mozilla Contributors"]},"visible":true,"active":false,"userDisabled":false,"appDisabled":false,"installDate":1503580993000,"updateDate":1503580993000,"applyBackgroundUpdates":1,"path":"/opt/firefox/browser/extensions/{972ce4c6-7e08-4474-a285-3208198ce6fd}.xpi","skinnable":true,"size":2918,"sourceURI":null,"releaseNotesURI":null,"softDisabled":false,"foreignInstall":false,"hasBinaryComponents":false,"strictCompatibility":true,"locales":[],"targetApplications":[{"id":"{ec8030f7-c20a-464f-9b0e-13a3a9e97384}","minVersion":"55.0.3","maxVersion":"55.0.3"}],"targetPlatforms":[],"seen":true,"dependencies":[],"hasEmbeddedWebExtension":false,"userPermissions":null,"icons":{},"iconURL":"chrome://browser/content/default-theme-icon.svg","icon64URL":null}
1527664651846	DeferredSave.extensions.json	DEBUG	Save changes
1527664651847	addons.xpi	DEBUG	Updating XPIState for {"id":"e10srollout@mozilla.org","syncGUID":"{fc128d48-b1f9-425b-bc90-52bf91d3b13b}","location":"app-system-defaults","version":"2.0","type":"extension","internalName":null,"updateURL":null,"updateKey":null,"optionsURL":null,"optionsType":null,"aboutURL":null,"defaultLocale":{"name":"Multi-process staged rollout","description":"Staged rollout of Firefox multi-process feature.","creator":null,"homepageURL":null},"visible":true,"active":true,"userDisabled":false,"appDisabled":false,"installDate":1503580993000,"updateDate":1503580993000,"applyBackgroundUpdates":1,"bootstrap":true,"path":"/opt/firefox/browser/features/e10srollout@mozilla.org.xpi","skinnable":false,"size":13287,"sourceURI":null,"releaseNotesURI":null,"softDisabled":false,"foreignInstall":false,"hasBinaryComponents":false,"strictCompatibility":false,"locales":[],"targetApplications":[{"id":"{ec8030f7-c20a-464f-9b0e-13a3a9e97384}","minVersion":"55.0.3","maxVersion":"55.*"}],"targetPlatforms":[],"multiprocessCompatible":true,"seen":true,"dependencies":[],"hasEmbeddedWebExtension":false,"mpcOptedOut":false,"userPermissions":null,"icons":{},"iconURL":null,"icon64URL":null}
1527664651847	addons.xpi	DEBUG	Updating XPIState for {"id":"firefox@getpocket.com","syncGUID":"{b8b051f0-5c36-4b60-ae4b-21a535ca5a44}","location":"app-system-defaults","version":"1.0.5","type":"extension","internalName":null,"updateURL":null,"updateKey":null,"optionsURL":null,"optionsType":null,"aboutURL":null,"defaultLocale":{"name":"Pocket","description":"When you find something you want to view later, put it in Pocket.","creator":null,"homepageURL":null},"visible":true,"active":true,"userDisabled":false,"appDisabled":false,"installDate":1503580993000,"updateDate":1503580993000,"applyBackgroundUpdates":1,"bootstrap":true,"path":"/opt/firefox/browser/features/firefox@getpocket.com.xpi","skinnable":false,"size":855802,"sourceURI":null,"releaseNotesURI":null,"softDisabled":false,"foreignInstall":false,"hasBinaryComponents":false,"strictCompatibility":false,"locales":[],"targetApplications":[{"id":"{ec8030f7-c20a-464f-9b0e-13a3a9e97384}","minVersion":"55.0.3","maxVersion":"55.*"}],"targetPlatforms":[],"multiprocessCompatible":true,"seen":true,"dependencies":[],"hasEmbeddedWebExtension":false,"mpcOptedOut":false,"userPermissions":null,"icons":{},"iconURL":null,"icon64URL":null}
1527664651847	addons.xpi	DEBUG	Updating XPIState for {"id":"clicktoplay-rollout@mozilla.org","syncGUID":"{78baa927-59b4-4115-97ea-cc8e7990e0e1}","location":"app-system-defaults","version":"1.2","type":"extension","internalName":null,"updateURL":null,"updateKey":null,"optionsURL":null,"optionsType":null,"aboutURL":null,"defaultLocale":{"name":"Click-to-Play staged rollout","description":"Staged rollout for Click-to-Play Flash.","creator":null,"homepageURL":null},"visible":true,"active":true,"userDisabled":false,"appDisabled":false,"installDate":1503580993000,"updateDate":1503580993000,"applyBackgroundUpdates":1,"bootstrap":true,"path":"/opt/firefox/browser/features/clicktoplay-rollout@mozilla.org.xpi","skinnable":false,"size":5621,"sourceURI":null,"releaseNotesURI":null,"softDisabled":false,"foreignInstall":false,"hasBinaryComponents":false,"strictCompatibility":false,"locales":[],"targetApplications":[{"id":"{ec8030f7-c20a-464f-9b0e-13a3a9e97384}","minVersion":"55.0.3","maxVersion":"55.*"}],"targetPlatforms":[],"multiprocessCompatible":true,"seen":true,"dependencies":[],"hasEmbeddedWebExtension":false,"mpcOptedOut":false,"userPermissions":null,"icons":{},"iconURL":null,"icon64URL":null}
1527664651848	addons.xpi	DEBUG	Updating XPIState for {"id":"screenshots@mozilla.org","syncGUID":"{a14ee467-1137-4418-ab9a-be5905f613d7}","location":"app-system-defaults","version":"10.12.0","type":"extension","internalName":null,"updateURL":null,"updateKey":null,"optionsURL":null,"optionsType":null,"aboutURL":null,"defaultLocale":{"name":"Firefox Screenshots","description":null,"creator":null,"homepageURL":"https://pageshot.net/"},"visible":true,"active":true,"userDisabled":false,"appDisabled":false,"installDate":1503580993000,"updateDate":1503580993000,"applyBackgroundUpdates":1,"bootstrap":true,"path":"/opt/firefox/browser/features/screenshots@mozilla.org.xpi","skinnable":false,"size":714554,"sourceURI":null,"releaseNotesURI":null,"softDisabled":false,"foreignInstall":false,"hasBinaryComponents":false,"strictCompatibility":false,"locales":[],"targetApplications":[{"id":"{ec8030f7-c20a-464f-9b0e-13a3a9e97384}","minVersion":"51.0a1","maxVersion":"*"}],"targetPlatforms":[],"multiprocessCompatible":true,"seen":true,"dependencies":[],"hasEmbeddedWebExtension":false,"mpcOptedOut":false,"userPermissions":null,"icons":{},"iconURL":null,"icon64URL":null}
1527664651849	addons.xpi	DEBUG	Updating XPIState for {"id":"aushelper@mozilla.org","syncGUID":"{e5aaf039-ecd0-46f9-94a3-4287d46cc481}","location":"app-system-defaults","version":"2.0","type":"extension","internalName":null,"updateURL":null,"updateKey":null,"optionsURL":null,"optionsType":null,"aboutURL":null,"defaultLocale":{"name":"Application Update Service Helper","description":"Sets value(s) in the update url based on custom checks.","creator":null,"homepageURL":null},"visible":true,"active":true,"userDisabled":false,"appDisabled":false,"installDate":1503580993000,"updateDate":1503580993000,"applyBackgroundUpdates":1,"bootstrap":true,"path":"/opt/firefox/browser/features/aushelper@mozilla.org.xpi","skinnable":false,"size":8488,"sourceURI":null,"releaseNotesURI":null,"softDisabled":false,"foreignInstall":false,"hasBinaryComponents":false,"strictCompatibility":false,"locales":[],"targetApplications":[{"id":"{ec8030f7-c20a-464f-9b0e-13a3a9e97384}","minVersion":"55.0.3","maxVersion":"55.*"}],"targetPlatforms":[],"multiprocessCompatible":true,"seen":true,"dependencies":[],"hasEmbeddedWebExtension":false,"mpcOptedOut":false,"userPermissions":null,"icons":{},"iconURL":null,"icon64URL":null}
1527664651851	addons.xpi	DEBUG	Updating XPIState for {"id":"webcompat@mozilla.org","syncGUID":"{1d7b008e-d6fa-4b7d-a0e9-f2b7ad4c960e}","location":"app-system-defaults","version":"1.1","type":"extension","internalName":null,"updateURL":null,"updateKey":null,"optionsURL":null,"optionsType":null,"aboutURL":null,"defaultLocale":{"name":"Web Compat","description":"Urgent post-release fixes for web compatibility.","creator":null,"homepageURL":null},"visible":true,"active":true,"userDisabled":false,"appDisabled":false,"installDate":1503580993000,"updateDate":1503580993000,"applyBackgroundUpdates":1,"bootstrap":true,"path":"/opt/firefox/browser/features/webcompat@mozilla.org.xpi","skinnable":false,"size":8992,"sourceURI":null,"releaseNotesURI":null,"softDisabled":false,"foreignInstall":false,"hasBinaryComponents":false,"strictCompatibility":false,"locales":[],"targetApplications":[{"id":"{ec8030f7-c20a-464f-9b0e-13a3a9e97384}","minVersion":"55.0.3","maxVersion":"55.*"}],"targetPlatforms":[],"multiprocessCompatible":true,"seen":true,"dependencies":[],"hasEmbeddedWebExtension":false,"mpcOptedOut":false,"userPermissions":null,"icons":{},"iconURL":null,"icon64URL":null}
1527664651851	addons.xpi	DEBUG	Updating XPIState for {"id":"followonsearch@mozilla.com","syncGUID":"{9d6aea24-469e-45c6-ae84-f598e8bfebfb}","location":"app-system-defaults","version":"0.9.1","type":"extension","internalName":null,"updateURL":null,"updateKey":null,"optionsURL":null,"optionsType":null,"aboutURL":null,"defaultLocale":{"name":"Follow-on Search Telemetry","description":null,"creator":null,"homepageURL":null},"visible":true,"active":true,"userDisabled":false,"appDisabled":false,"installDate":1503580993000,"updateDate":1503580993000,"applyBackgroundUpdates":1,"bootstrap":true,"path":"/opt/firefox/browser/features/followonsearch@mozilla.com.xpi","skinnable":false,"size":16730,"sourceURI":null,"releaseNotesURI":null,"softDisabled":false,"foreignInstall":false,"hasBinaryComponents":false,"strictCompatibility":false,"locales":[],"targetApplications":[{"id":"{ec8030f7-c20a-464f-9b0e-13a3a9e97384}","minVersion":"52.0","maxVersion":"59.*"}],"targetPlatforms":[],"multiprocessCompatible":true,"seen":true,"dependencies":[],"hasEmbeddedWebExtension":false,"mpcOptedOut":false,"userPermissions":null,"icons":{},"iconURL":null,"icon64URL":null}
1527664651852	addons.xpi	DEBUG	Updating XPIState for {"id":"shield-recipe-client@mozilla.org","syncGUID":"{0fdd76c8-a669-4474-a3dd-e774f93535ed}","location":"app-system-defaults","version":"55.1","type":"extension","internalName":null,"updateURL":null,"updateKey":null,"optionsURL":null,"optionsType":null,"aboutURL":null,"defaultLocale":{"name":"Shield Recipe Client","description":"Client to download and run recipes for SHIELD, Heartbeat, etc.","creator":null,"homepageURL":null},"visible":true,"active":true,"userDisabled":false,"appDisabled":false,"installDate":1503580993000,"updateDate":1503580993000,"applyBackgroundUpdates":1,"bootstrap":true,"path":"/opt/firefox/browser/features/shield-recipe-client@mozilla.org.xpi","skinnable":false,"size":140305,"sourceURI":null,"releaseNotesURI":null,"softDisabled":false,"foreignInstall":false,"hasBinaryComponents":false,"strictCompatibility":false,"locales":[],"targetApplications":[{"id":"{ec8030f7-c20a-464f-9b0e-13a3a9e97384}","minVersion":"55.0.3","maxVersion":"55.*"}],"targetPlatforms":[],"multiprocessCompatible":true,"seen":true,"dependencies":[],"hasEmbeddedWebExtension":false,"mpcOptedOut":false,"userPermissions":null,"icons":{},"iconURL":null,"icon64URL":null}
1527664651852	addons.xpi	DEBUG	Updating XPIState for {"id":"{972ce4c6-7e08-4474-a285-3208198ce6fd}","syncGUID":"{603f2abf-841a-4c8f-94d7-de2afbd8dd94}","location":"app-global","version":"55.0.3","type":"theme","internalName":"classic/1.0","updateURL":null,"updateKey":null,"optionsURL":null,"optionsType":null,"optionsBrowserStyle":null,"aboutURL":null,"defaultLocale":{"name":"Default","description":"The default theme.","creator":"Mozilla","homepageURL":null,"contributors":["Mozilla Contributors"]},"visible":true,"active":true,"userDisabled":false,"appDisabled":false,"installDate":1503580993000,"updateDate":1503580993000,"applyBackgroundUpdates":1,"path":"/opt/firefox/browser/extensions/{972ce4c6-7e08-4474-a285-3208198ce6fd}.xpi","skinnable":true,"size":2918,"sourceURI":null,"releaseNotesURI":null,"softDisabled":false,"foreignInstall":false,"hasBinaryComponents":false,"strictCompatibility":true,"locales":[],"targetApplications":[{"id":"{ec8030f7-c20a-464f-9b0e-13a3a9e97384}","minVersion":"55.0.3","maxVersion":"55.0.3"}],"targetPlatforms":[],"seen":true,"dependencies":[],"hasEmbeddedWebExtension":false,"userPermissions":null,"icons":{},"iconURL":"chrome://browser/content/default-theme-icon.svg","icon64URL":null}
1527664651853	DeferredSave.extensions.json	DEBUG	Save changes
1527664651853	addons.xpi	DEBUG	Updating database with changes to installed add-ons
1527664651853	addons.xpi-utils	DEBUG	Updating add-on states
1527664651860	addons.xpi	DEBUG	Registering manifest for /opt/firefox/browser/features/aushelper@mozilla.org.xpi
1527664651860	addons.xpi	DEBUG	Calling bootstrap method startup on aushelper@mozilla.org version 2.0
1527664651861	addons.xpi	DEBUG	Registering manifest for /opt/firefox/browser/features/clicktoplay-rollout@mozilla.org.xpi
1527664651862	addons.xpi	DEBUG	Calling bootstrap method startup on clicktoplay-rollout@mozilla.org version 1.2
1527664651937	addons.xpi	DEBUG	Registering manifest for /opt/firefox/browser/features/e10srollout@mozilla.org.xpi
1527664651937	addons.xpi	DEBUG	Calling bootstrap method startup on e10srollout@mozilla.org version 2.0
1527664651937	addons.xpi	DEBUG	Registering manifest for /opt/firefox/browser/features/firefox@getpocket.com.xpi
1527664651938	addons.xpi	DEBUG	Calling bootstrap method startup on firefox@getpocket.com version 1.0.5
1527664651988	addons.xpi	DEBUG	Registering manifest for /opt/firefox/browser/features/followonsearch@mozilla.com.xpi
1527664651988	addons.xpi	DEBUG	Calling bootstrap method startup on followonsearch@mozilla.com version 0.9.1
1527664651989	addons.xpi	DEBUG	Registering manifest for /opt/firefox/browser/features/screenshots@mozilla.org.xpi
1527664651989	addons.xpi	DEBUG	Calling bootstrap method startup on screenshots@mozilla.org version 10.12.0
1527664651990	addons.xpi	DEBUG	Registering manifest for /opt/firefox/browser/features/shield-recipe-client@mozilla.org.xpi
1527664651991	addons.xpi	DEBUG	Calling bootstrap method startup on shield-recipe-client@mozilla.org version 55.1
1527664652001	addons.xpi	DEBUG	Registering manifest for /opt/firefox/browser/features/webcompat@mozilla.org.xpi
1527664652002	addons.xpi	DEBUG	Calling bootstrap method startup on webcompat@mozilla.org version 1.1
1527664652010	addons.manager	DEBUG	Registering shutdown blocker for XPIProvider
1527664652010	addons.manager	DEBUG	Provider finished startup: XPIProvider
1527664652011	addons.manager	DEBUG	Starting provider: LightweightThemeManager
1527664652011	addons.manager	DEBUG	Registering shutdown blocker for LightweightThemeManager
1527664652012	addons.manager	DEBUG	Provider finished startup: LightweightThemeManager
1527664652012	addons.manager	DEBUG	Starting provider: GMPProvider
1527664652018	addons.manager	DEBUG	Registering shutdown blocker for GMPProvider
1527664652019	addons.manager	DEBUG	Provider finished startup: GMPProvider
1527664652019	addons.manager	DEBUG	Starting provider: PluginProvider
1527664652019	addons.manager	DEBUG	Registering shutdown blocker for PluginProvider
1527664652019	addons.manager	DEBUG	Provider finished startup: PluginProvider
1527664652020	addons.manager	DEBUG	Completed startup sequence
1527664652261	Marionette	INFO	Enabled via --marionette
1527664652765	addons.manager	DEBUG	Starting provider: PreviousExperimentProvider
1527664652765	addons.manager	DEBUG	Registering shutdown blocker for PreviousExperimentProvider
1527664652765	addons.manager	DEBUG	Provider finished startup: PreviousExperimentProvider
1527664652769	DeferredSave.extensions.json	DEBUG	Starting write
1527664652879	DeferredSave.extensions.json	DEBUG	Write succeeded
1527664652879	addons.xpi-utils	DEBUG	XPI Database saved, setting schema version preference to 21
1527664654210	addons.manager	DEBUG	Starting provider: <unnamed-provider>
1527664654211	addons.manager	DEBUG	Registering shutdown blocker for <unnamed-provider>
1527664654211	addons.manager	DEBUG	Provider finished startup: <unnamed-provider>
1527664654215	addons.xpi	INFO	Mapping e10srollout@mozilla.org to /opt/firefox/browser/features/e10srollout@mozilla.org.xpi
1527664654215	addons.xpi	INFO	Mapping firefox@getpocket.com to /opt/firefox/browser/features/firefox@getpocket.com.xpi
1527664654215	addons.xpi	INFO	Mapping clicktoplay-rollout@mozilla.org to /opt/firefox/browser/features/clicktoplay-rollout@mozilla.org.xpi
1527664654215	addons.xpi	INFO	Mapping screenshots@mozilla.org to /opt/firefox/browser/features/screenshots@mozilla.org.xpi
1527664654215	addons.xpi	INFO	Mapping aushelper@mozilla.org to /opt/firefox/browser/features/aushelper@mozilla.org.xpi
1527664654215	addons.xpi	INFO	Mapping webcompat@mozilla.org to /opt/firefox/browser/features/webcompat@mozilla.org.xpi
1527664654216	addons.xpi	INFO	Mapping followonsearch@mozilla.com to /opt/firefox/browser/features/followonsearch@mozilla.com.xpi
1527664654216	addons.xpi	INFO	Mapping shield-recipe-client@mozilla.org to /opt/firefox/browser/features/shield-recipe-client@mozilla.org.xpi
1527664654216	addons.xpi	DEBUG	Existing add-on e10srollout@mozilla.org in app-system-defaults
1527664654217	addons.xpi	DEBUG	Existing add-on firefox@getpocket.com in app-system-defaults
1527664654217	addons.xpi	DEBUG	Existing add-on clicktoplay-rollout@mozilla.org in app-system-defaults
1527664654217	addons.xpi	DEBUG	Existing add-on screenshots@mozilla.org in app-system-defaults
1527664654217	addons.xpi	DEBUG	Existing add-on aushelper@mozilla.org in app-system-defaults
1527664654218	addons.xpi	DEBUG	Existing add-on webcompat@mozilla.org in app-system-defaults
1527664654218	addons.xpi	DEBUG	Existing add-on followonsearch@mozilla.com in app-system-defaults
1527664654218	addons.xpi	DEBUG	Existing add-on shield-recipe-client@mozilla.org in app-system-defaults
1527664654218	addons.xpi	INFO	Mapping {972ce4c6-7e08-4474-a285-3208198ce6fd} to /opt/firefox/browser/extensions/{972ce4c6-7e08-4474-a285-3208198ce6fd}.xpi
1527664654219	addons.xpi	DEBUG	Existing add-on {972ce4c6-7e08-4474-a285-3208198ce6fd} in app-global
1527664654219	addons.xpi	DEBUG	getInstallState changed: false, state: {}
1527664654716	addons.productaddons	INFO	sending request to: https://aus5.mozilla.org/update/3/GMP/55.0.3/20170824123605/Linux_x86_64-gcc3/en-US/release/Linux%204.13.0-43-generic%20(GTK%203.18.9%2Clibpulse%208.0.0)/default/default/update.xml
1527664654870	Marionette	INFO	Listening on port 33763
JavaScript error: chrome://marionette/content/server.js, line 337: NS_ERROR_SOCKET_ADDRESS_IN_USE: Component returned failure code: 0x804b0036 (NS_ERROR_SOCKET_ADDRESS_IN_USE) [nsIServerSocket.initSpecialConnection]
1527664654950	Marionette	WARN	TLS certificate errors will be ignored for this session
1527664654996	Marionette	DEBUG	loaded listener.js
May 30, 2018 12:47:35 PM org.openqa.selenium.remote.ProtocolHandshake createSession
INFO: Detected dialect: W3C
1527664655125	geckodriver	INFO	geckodriver 0.20.0
1527664655136	geckodriver	INFO	Listening on 127.0.0.1:2553
1527664655166	mozrunner::runner	INFO	Running command: "/opt/firefox/firefox" "-marionette" "-profile" "/tmp/rust_mozprofile.V7GQ1BKA56Tr"
1527664655409	addons.manager	DEBUG	Application has been upgraded
1527664655433	addons.manager	DEBUG	Loaded provider scope for resource://gre/modules/addons/XPIProvider.jsm: ["XPIProvider", "XPIInternal"]
1527664655436	addons.manager	DEBUG	Loaded provider scope for resource://gre/modules/LightweightThemeManager.jsm: ["LightweightThemeManager"]
1527664655469	addons.manager	DEBUG	Loaded provider scope for resource://gre/modules/addons/GMPProvider.jsm
1527664655475	addons.manager	DEBUG	Loaded provider scope for resource://gre/modules/addons/PluginProvider.jsm
1527664655478	addons.manager	DEBUG	Starting provider: XPIProvider
1527664655478	addons.xpi	DEBUG	startup
1527664655479	addons.xpi	INFO	SystemAddonInstallLocation directory is missing
1527664655479	addons.xpi	INFO	Removing all system add-on upgrades.
1527664655480	addons.xpi	DEBUG	checkForChanges
1527664655481	addons.xpi	WARN	Error parsing extensions state: [Exception... "Component returned failure code: 0x80520012 (NS_ERROR_FILE_NOT_FOUND) [amIAddonManagerStartup.readStartupData]"  nsresult: "0x80520012 (NS_ERROR_FILE_NOT_FOUND)"  location: "JS frame :: resource://gre/modules/addons/XPIProvider.jsm :: loadExtensionState :: line 1596"  data: no] Stack trace: loadExtensionState()@resource://gre/modules/addons/XPIProvider.jsm:1596 < getInstallState()@resource://gre/modules/addons/XPIProvider.jsm:1631 < checkForChanges()@resource://gre/modules/addons/XPIProvider.jsm:3152 < startup()@resource://gre/modules/addons/XPIProvider.jsm:2246 < callProvider()@resource://gre/modules/AddonManager.jsm:271 < _startProvider()@resource://gre/modules/AddonManager.jsm:741 < startup()@resource://gre/modules/AddonManager.jsm:908 < startup()@resource://gre/modules/AddonManager.jsm:3122 < observe()@jar:file:///opt/firefox/omni.ja!/components/addonManager.js:65
1527664655483	addons.xpi	DEBUG	Loaded add-on state: ${}
1527664655484	addons.xpi	INFO	Mapping e10srollout@mozilla.org to /opt/firefox/browser/features/e10srollout@mozilla.org.xpi
1527664655485	addons.xpi	INFO	Mapping firefox@getpocket.com to /opt/firefox/browser/features/firefox@getpocket.com.xpi
1527664655485	addons.xpi	INFO	Mapping clicktoplay-rollout@mozilla.org to /opt/firefox/browser/features/clicktoplay-rollout@mozilla.org.xpi
1527664655485	addons.xpi	INFO	Mapping screenshots@mozilla.org to /opt/firefox/browser/features/screenshots@mozilla.org.xpi
1527664655485	addons.xpi	INFO	Mapping aushelper@mozilla.org to /opt/firefox/browser/features/aushelper@mozilla.org.xpi
1527664655485	addons.xpi	INFO	Mapping webcompat@mozilla.org to /opt/firefox/browser/features/webcompat@mozilla.org.xpi
1527664655486	addons.xpi	INFO	Mapping followonsearch@mozilla.com to /opt/firefox/browser/features/followonsearch@mozilla.com.xpi
1527664655486	addons.xpi	INFO	Mapping shield-recipe-client@mozilla.org to /opt/firefox/browser/features/shield-recipe-client@mozilla.org.xpi
1527664655486	addons.xpi	DEBUG	New add-on e10srollout@mozilla.org in app-system-defaults
1527664655493	addons.xpi	INFO	Mapping e10srollout@mozilla.org to /opt/firefox/browser/features/e10srollout@mozilla.org.xpi
1527664655494	addons.xpi	DEBUG	New add-on firefox@getpocket.com in app-system-defaults
1527664655498	addons.xpi	INFO	Mapping firefox@getpocket.com to /opt/firefox/browser/features/firefox@getpocket.com.xpi
1527664655499	addons.xpi	DEBUG	New add-on clicktoplay-rollout@mozilla.org in app-system-defaults
1527664655500	addons.xpi	INFO	Mapping clicktoplay-rollout@mozilla.org to /opt/firefox/browser/features/clicktoplay-rollout@mozilla.org.xpi
1527664655501	addons.xpi	DEBUG	New add-on screenshots@mozilla.org in app-system-defaults
1527664655501	addons.xpi	INFO	Mapping screenshots@mozilla.org to /opt/firefox/browser/features/screenshots@mozilla.org.xpi
1527664655502	addons.xpi	DEBUG	New add-on aushelper@mozilla.org in app-system-defaults
1527664655502	addons.xpi	INFO	Mapping aushelper@mozilla.org to /opt/firefox/browser/features/aushelper@mozilla.org.xpi
1527664655502	addons.xpi	DEBUG	New add-on webcompat@mozilla.org in app-system-defaults
1527664655502	addons.xpi	INFO	Mapping webcompat@mozilla.org to /opt/firefox/browser/features/webcompat@mozilla.org.xpi
1527664655503	addons.xpi	DEBUG	New add-on followonsearch@mozilla.com in app-system-defaults
1527664655503	addons.xpi	INFO	Mapping followonsearch@mozilla.com to /opt/firefox/browser/features/followonsearch@mozilla.com.xpi
1527664655503	addons.xpi	DEBUG	New add-on shield-recipe-client@mozilla.org in app-system-defaults
1527664655503	addons.xpi	INFO	Mapping shield-recipe-client@mozilla.org to /opt/firefox/browser/features/shield-recipe-client@mozilla.org.xpi
1527664655504	addons.xpi	INFO	Mapping {972ce4c6-7e08-4474-a285-3208198ce6fd} to /opt/firefox/browser/extensions/{972ce4c6-7e08-4474-a285-3208198ce6fd}.xpi
1527664655504	addons.xpi	DEBUG	New add-on {972ce4c6-7e08-4474-a285-3208198ce6fd} in app-global
1527664655504	addons.xpi	INFO	Mapping {972ce4c6-7e08-4474-a285-3208198ce6fd} to /opt/firefox/browser/extensions/{972ce4c6-7e08-4474-a285-3208198ce6fd}.xpi
1527664655505	addons.xpi	DEBUG	getInstallState changed: true, state: {}
1527664655505	addons.xpi	INFO	SystemAddonInstallLocation directory is missing
1527664655521	addons.xpi-utils	DEBUG	Opening XPI database /tmp/rust_mozprofile.V7GQ1BKA56Tr/extensions.json
1527664655523	addons.xpi-utils	DEBUG	New add-on e10srollout@mozilla.org installed in app-system-defaults
*** Blocklist::_loadBlocklistFromFile: blocklist is disabled
1527664655554	DeferredSave.extensions.json	DEBUG	Save changes
1527664655556	addons.xpi-utils	DEBUG	New add-on firefox@getpocket.com installed in app-system-defaults
1527664655559	DeferredSave.extensions.json	DEBUG	Starting timer
1527664655562	DeferredSave.extensions.json	DEBUG	Save changes
1527664655562	addons.xpi-utils	DEBUG	New add-on clicktoplay-rollout@mozilla.org installed in app-system-defaults
1527664655567	DeferredSave.extensions.json	DEBUG	Save changes
1527664655567	addons.xpi-utils	DEBUG	New add-on screenshots@mozilla.org installed in app-system-defaults
1527664655572	DeferredSave.extensions.json	DEBUG	Save changes
1527664655572	addons.xpi-utils	DEBUG	New add-on aushelper@mozilla.org installed in app-system-defaults
1527664655575	DeferredSave.extensions.json	DEBUG	Save changes
1527664655576	addons.xpi-utils	DEBUG	New add-on webcompat@mozilla.org installed in app-system-defaults
1527664655583	DeferredSave.extensions.json	DEBUG	Save changes
1527664655583	addons.xpi-utils	DEBUG	New add-on followonsearch@mozilla.com installed in app-system-defaults
1527664655585	DeferredSave.extensions.json	DEBUG	Save changes
1527664655586	addons.xpi-utils	DEBUG	New add-on shield-recipe-client@mozilla.org installed in app-system-defaults
1527664655588	DeferredSave.extensions.json	DEBUG	Save changes
1527664655589	addons.xpi-utils	DEBUG	New add-on {972ce4c6-7e08-4474-a285-3208198ce6fd} installed in app-global
1527664655591	DeferredSave.extensions.json	DEBUG	Save changes
1527664655592	addons.manager	DEBUG	Registering startup change 'installed' for e10srollout@mozilla.org
1527664655601	addons.xpi	DEBUG	Loading bootstrap scope from /opt/firefox/browser/features/e10srollout@mozilla.org.xpi
1527664655603	addons.xpi	DEBUG	Calling bootstrap method install on e10srollout@mozilla.org version 2.0
1527664655605	addons.xpi-utils	DEBUG	Make addon app-system-defaults:e10srollout@mozilla.org visible
1527664655605	addons.xpi	DEBUG	Updating XPIState for {"id":"e10srollout@mozilla.org","syncGUID":"{4dc7eba9-3a21-4912-8027-0ba2c62ca7ef}","location":"app-system-defaults","version":"2.0","type":"extension","internalName":null,"updateURL":null,"updateKey":null,"optionsURL":null,"optionsType":null,"aboutURL":null,"defaultLocale":{"name":"Multi-process staged rollout","description":"Staged rollout of Firefox multi-process feature.","creator":null,"homepageURL":null},"visible":true,"active":false,"userDisabled":false,"appDisabled":false,"installDate":1503580993000,"updateDate":1503580993000,"applyBackgroundUpdates":1,"bootstrap":true,"path":"/opt/firefox/browser/features/e10srollout@mozilla.org.xpi","skinnable":false,"size":13287,"sourceURI":null,"releaseNotesURI":null,"softDisabled":false,"foreignInstall":false,"hasBinaryComponents":false,"strictCompatibility":false,"locales":[],"targetApplications":[{"id":"{ec8030f7-c20a-464f-9b0e-13a3a9e97384}","minVersion":"55.0.3","maxVersion":"55.*"}],"targetPlatforms":[],"multiprocessCompatible":true,"seen":true,"dependencies":[],"hasEmbeddedWebExtension":false,"mpcOptedOut":false,"userPermissions":null,"icons":{},"iconURL":null,"icon64URL":null}
1527664655611	DeferredSave.extensions.json	DEBUG	Save changes
1527664655611	addons.manager	DEBUG	Registering startup change 'installed' for firefox@getpocket.com
1527664655613	addons.xpi	DEBUG	Loading bootstrap scope from /opt/firefox/browser/features/firefox@getpocket.com.xpi
1527664655621	addons.xpi	DEBUG	Calling bootstrap method install on firefox@getpocket.com version 1.0.5
1527664655621	addons.xpi-utils	DEBUG	Make addon app-system-defaults:firefox@getpocket.com visible
1527664655621	addons.xpi	DEBUG	Updating XPIState for {"id":"firefox@getpocket.com","syncGUID":"{dc58fbaf-c238-4978-aafd-f64cbdb47db5}","location":"app-system-defaults","version":"1.0.5","type":"extension","internalName":null,"updateURL":null,"updateKey":null,"optionsURL":null,"optionsType":null,"aboutURL":null,"defaultLocale":{"name":"Pocket","description":"When you find something you want to view later, put it in Pocket.","creator":null,"homepageURL":null},"visible":true,"active":false,"userDisabled":false,"appDisabled":false,"installDate":1503580993000,"updateDate":1503580993000,"applyBackgroundUpdates":1,"bootstrap":true,"path":"/opt/firefox/browser/features/firefox@getpocket.com.xpi","skinnable":false,"size":855802,"sourceURI":null,"releaseNotesURI":null,"softDisabled":false,"foreignInstall":false,"hasBinaryComponents":false,"strictCompatibility":false,"locales":[],"targetApplications":[{"id":"{ec8030f7-c20a-464f-9b0e-13a3a9e97384}","minVersion":"55.0.3","maxVersion":"55.*"}],"targetPlatforms":[],"multiprocessCompatible":true,"seen":true,"dependencies":[],"hasEmbeddedWebExtension":false,"mpcOptedOut":false,"userPermissions":null,"icons":{},"iconURL":null,"icon64URL":null}
1527664655622	DeferredSave.extensions.json	DEBUG	Save changes
1527664655622	addons.manager	DEBUG	Registering startup change 'installed' for clicktoplay-rollout@mozilla.org
1527664655623	addons.xpi	DEBUG	Loading bootstrap scope from /opt/firefox/browser/features/clicktoplay-rollout@mozilla.org.xpi
1527664655636	addons.xpi	DEBUG	Calling bootstrap method install on clicktoplay-rollout@mozilla.org version 1.2
1527664655636	addons.xpi-utils	DEBUG	Make addon app-system-defaults:clicktoplay-rollout@mozilla.org visible
1527664655636	addons.xpi	DEBUG	Updating XPIState for {"id":"clicktoplay-rollout@mozilla.org","syncGUID":"{5372afac-a7fb-48e0-b635-a5838b00cdd7}","location":"app-system-defaults","version":"1.2","type":"extension","internalName":null,"updateURL":null,"updateKey":null,"optionsURL":null,"optionsType":null,"aboutURL":null,"defaultLocale":{"name":"Click-to-Play staged rollout","description":"Staged rollout for Click-to-Play Flash.","creator":null,"homepageURL":null},"visible":true,"active":false,"userDisabled":false,"appDisabled":false,"installDate":1503580993000,"updateDate":1503580993000,"applyBackgroundUpdates":1,"bootstrap":true,"path":"/opt/firefox/browser/features/clicktoplay-rollout@mozilla.org.xpi","skinnable":false,"size":5621,"sourceURI":null,"releaseNotesURI":null,"softDisabled":false,"foreignInstall":false,"hasBinaryComponents":false,"strictCompatibility":false,"locales":[],"targetApplications":[{"id":"{ec8030f7-c20a-464f-9b0e-13a3a9e97384}","minVersion":"55.0.3","maxVersion":"55.*"}],"targetPlatforms":[],"multiprocessCompatible":true,"seen":true,"dependencies":[],"hasEmbeddedWebExtension":false,"mpcOptedOut":false,"userPermissions":null,"icons":{},"iconURL":null,"icon64URL":null}
1527664655637	DeferredSave.extensions.json	DEBUG	Save changes
1527664655637	addons.manager	DEBUG	Registering startup change 'installed' for screenshots@mozilla.org
1527664655638	addons.xpi	DEBUG	Loading bootstrap scope from /opt/firefox/browser/features/screenshots@mozilla.org.xpi
1527664655640	addons.xpi	DEBUG	Calling bootstrap method install on screenshots@mozilla.org version 10.12.0
1527664655640	addons.xpi-utils	DEBUG	Make addon app-system-defaults:screenshots@mozilla.org visible
1527664655641	addons.xpi	DEBUG	Updating XPIState for {"id":"screenshots@mozilla.org","syncGUID":"{0dc0af35-d1ac-4dbf-84d6-55115a906a3a}","location":"app-system-defaults","version":"10.12.0","type":"extension","internalName":null,"updateURL":null,"updateKey":null,"optionsURL":null,"optionsType":null,"aboutURL":null,"defaultLocale":{"name":"Firefox Screenshots","description":null,"creator":null,"homepageURL":"https://pageshot.net/"},"visible":true,"active":false,"userDisabled":false,"appDisabled":false,"installDate":1503580993000,"updateDate":1503580993000,"applyBackgroundUpdates":1,"bootstrap":true,"path":"/opt/firefox/browser/features/screenshots@mozilla.org.xpi","skinnable":false,"size":714554,"sourceURI":null,"releaseNotesURI":null,"softDisabled":false,"foreignInstall":false,"hasBinaryComponents":false,"strictCompatibility":false,"locales":[],"targetApplications":[{"id":"{ec8030f7-c20a-464f-9b0e-13a3a9e97384}","minVersion":"51.0a1","maxVersion":"*"}],"targetPlatforms":[],"multiprocessCompatible":true,"seen":true,"dependencies":[],"hasEmbeddedWebExtension":false,"mpcOptedOut":false,"userPermissions":null,"icons":{},"iconURL":null,"icon64URL":null}
1527664655641	DeferredSave.extensions.json	DEBUG	Save changes
1527664655641	addons.manager	DEBUG	Registering startup change 'installed' for aushelper@mozilla.org
1527664655642	addons.xpi	DEBUG	Loading bootstrap scope from /opt/firefox/browser/features/aushelper@mozilla.org.xpi
1527664655644	addons.xpi	DEBUG	Calling bootstrap method install on aushelper@mozilla.org version 2.0
1527664655644	addons.xpi-utils	DEBUG	Make addon app-system-defaults:aushelper@mozilla.org visible
1527664655644	addons.xpi	DEBUG	Updating XPIState for {"id":"aushelper@mozilla.org","syncGUID":"{e1f808a8-89f2-468b-aec8-6cf1cdc9e98b}","location":"app-system-defaults","version":"2.0","type":"extension","internalName":null,"updateURL":null,"updateKey":null,"optionsURL":null,"optionsType":null,"aboutURL":null,"defaultLocale":{"name":"Application Update Service Helper","description":"Sets value(s) in the update url based on custom checks.","creator":null,"homepageURL":null},"visible":true,"active":false,"userDisabled":false,"appDisabled":false,"installDate":1503580993000,"updateDate":1503580993000,"applyBackgroundUpdates":1,"bootstrap":true,"path":"/opt/firefox/browser/features/aushelper@mozilla.org.xpi","skinnable":false,"size":8488,"sourceURI":null,"releaseNotesURI":null,"softDisabled":false,"foreignInstall":false,"hasBinaryComponents":false,"strictCompatibility":false,"locales":[],"targetApplications":[{"id":"{ec8030f7-c20a-464f-9b0e-13a3a9e97384}","minVersion":"55.0.3","maxVersion":"55.*"}],"targetPlatforms":[],"multiprocessCompatible":true,"seen":true,"dependencies":[],"hasEmbeddedWebExtension":false,"mpcOptedOut":false,"userPermissions":null,"icons":{},"iconURL":null,"icon64URL":null}
1527664655646	DeferredSave.extensions.json	DEBUG	Save changes
1527664655646	addons.manager	DEBUG	Registering startup change 'installed' for webcompat@mozilla.org
1527664655647	addons.xpi	DEBUG	Loading bootstrap scope from /opt/firefox/browser/features/webcompat@mozilla.org.xpi
1527664655649	addons.xpi	DEBUG	Calling bootstrap method install on webcompat@mozilla.org version 1.1
1527664655649	addons.xpi-utils	DEBUG	Make addon app-system-defaults:webcompat@mozilla.org visible
1527664655650	addons.xpi	DEBUG	Updating XPIState for {"id":"webcompat@mozilla.org","syncGUID":"{7711fd1a-b1b5-42d8-9e2c-b6529ec0539e}","location":"app-system-defaults","version":"1.1","type":"extension","internalName":null,"updateURL":null,"updateKey":null,"optionsURL":null,"optionsType":null,"aboutURL":null,"defaultLocale":{"name":"Web Compat","description":"Urgent post-release fixes for web compatibility.","creator":null,"homepageURL":null},"visible":true,"active":false,"userDisabled":false,"appDisabled":false,"installDate":1503580993000,"updateDate":1503580993000,"applyBackgroundUpdates":1,"bootstrap":true,"path":"/opt/firefox/browser/features/webcompat@mozilla.org.xpi","skinnable":false,"size":8992,"sourceURI":null,"releaseNotesURI":null,"softDisabled":false,"foreignInstall":false,"hasBinaryComponents":false,"strictCompatibility":false,"locales":[],"targetApplications":[{"id":"{ec8030f7-c20a-464f-9b0e-13a3a9e97384}","minVersion":"55.0.3","maxVersion":"55.*"}],"targetPlatforms":[],"multiprocessCompatible":true,"seen":true,"dependencies":[],"hasEmbeddedWebExtension":false,"mpcOptedOut":false,"userPermissions":null,"icons":{},"iconURL":null,"icon64URL":null}
1527664655650	DeferredSave.extensions.json	DEBUG	Save changes
1527664655650	addons.manager	DEBUG	Registering startup change 'installed' for followonsearch@mozilla.com
1527664655651	addons.xpi	DEBUG	Loading bootstrap scope from /opt/firefox/browser/features/followonsearch@mozilla.com.xpi
1527664655654	addons.xpi	DEBUG	Calling bootstrap method install on followonsearch@mozilla.com version 0.9.1
1527664655654	addons.xpi-utils	DEBUG	Make addon app-system-defaults:followonsearch@mozilla.com visible
1527664655655	addons.xpi	DEBUG	Updating XPIState for {"id":"followonsearch@mozilla.com","syncGUID":"{4de1131b-acbc-487b-8794-9c8b4ab3f938}","location":"app-system-defaults","version":"0.9.1","type":"extension","internalName":null,"updateURL":null,"updateKey":null,"optionsURL":null,"optionsType":null,"aboutURL":null,"defaultLocale":{"name":"Follow-on Search Telemetry","description":null,"creator":null,"homepageURL":null},"visible":true,"active":false,"userDisabled":false,"appDisabled":false,"installDate":1503580993000,"updateDate":1503580993000,"applyBackgroundUpdates":1,"bootstrap":true,"path":"/opt/firefox/browser/features/followonsearch@mozilla.com.xpi","skinnable":false,"size":16730,"sourceURI":null,"releaseNotesURI":null,"softDisabled":false,"foreignInstall":false,"hasBinaryComponents":false,"strictCompatibility":false,"locales":[],"targetApplications":[{"id":"{ec8030f7-c20a-464f-9b0e-13a3a9e97384}","minVersion":"52.0","maxVersion":"59.*"}],"targetPlatforms":[],"multiprocessCompatible":true,"seen":true,"dependencies":[],"hasEmbeddedWebExtension":false,"mpcOptedOut":false,"userPermissions":null,"icons":{},"iconURL":null,"icon64URL":null}
1527664655655	DeferredSave.extensions.json	DEBUG	Save changes
1527664655656	addons.manager	DEBUG	Registering startup change 'installed' for shield-recipe-client@mozilla.org
1527664655658	addons.xpi	DEBUG	Loading bootstrap scope from /opt/firefox/browser/features/shield-recipe-client@mozilla.org.xpi
1527664655661	addons.xpi	DEBUG	Calling bootstrap method install on shield-recipe-client@mozilla.org version 55.1
1527664655661	addons.xpi-utils	DEBUG	Make addon app-system-defaults:shield-recipe-client@mozilla.org visible
1527664655661	addons.xpi	DEBUG	Updating XPIState for {"id":"shield-recipe-client@mozilla.org","syncGUID":"{f7bb3c49-6c62-488c-ad29-85f12c08f017}","location":"app-system-defaults","version":"55.1","type":"extension","internalName":null,"updateURL":null,"updateKey":null,"optionsURL":null,"optionsType":null,"aboutURL":null,"defaultLocale":{"name":"Shield Recipe Client","description":"Client to download and run recipes for SHIELD, Heartbeat, etc.","creator":null,"homepageURL":null},"visible":true,"active":false,"userDisabled":false,"appDisabled":false,"installDate":1503580993000,"updateDate":1503580993000,"applyBackgroundUpdates":1,"bootstrap":true,"path":"/opt/firefox/browser/features/shield-recipe-client@mozilla.org.xpi","skinnable":false,"size":140305,"sourceURI":null,"releaseNotesURI":null,"softDisabled":false,"foreignInstall":false,"hasBinaryComponents":false,"strictCompatibility":false,"locales":[],"targetApplications":[{"id":"{ec8030f7-c20a-464f-9b0e-13a3a9e97384}","minVersion":"55.0.3","maxVersion":"55.*"}],"targetPlatforms":[],"multiprocessCompatible":true,"seen":true,"dependencies":[],"hasEmbeddedWebExtension":false,"mpcOptedOut":false,"userPermissions":null,"icons":{},"iconURL":null,"icon64URL":null}
1527664655662	DeferredSave.extensions.json	DEBUG	Save changes
1527664655662	addons.xpi-utils	DEBUG	Make addon app-global:{972ce4c6-7e08-4474-a285-3208198ce6fd} visible
1527664655662	addons.xpi	DEBUG	Updating XPIState for {"id":"{972ce4c6-7e08-4474-a285-3208198ce6fd}","syncGUID":"{61a5f500-b0b7-4524-8bbf-c26a370dc27e}","location":"app-global","version":"55.0.3","type":"theme","internalName":"classic/1.0","updateURL":null,"updateKey":null,"optionsURL":null,"optionsType":null,"optionsBrowserStyle":null,"aboutURL":null,"defaultLocale":{"name":"Default","description":"The default theme.","creator":"Mozilla","homepageURL":null,"contributors":["Mozilla Contributors"]},"visible":true,"active":false,"userDisabled":false,"appDisabled":false,"installDate":1503580993000,"updateDate":1503580993000,"applyBackgroundUpdates":1,"path":"/opt/firefox/browser/extensions/{972ce4c6-7e08-4474-a285-3208198ce6fd}.xpi","skinnable":true,"size":2918,"sourceURI":null,"releaseNotesURI":null,"softDisabled":false,"foreignInstall":false,"hasBinaryComponents":false,"strictCompatibility":true,"locales":[],"targetApplications":[{"id":"{ec8030f7-c20a-464f-9b0e-13a3a9e97384}","minVersion":"55.0.3","maxVersion":"55.0.3"}],"targetPlatforms":[],"seen":true,"dependencies":[],"hasEmbeddedWebExtension":false,"userPermissions":null,"icons":{},"iconURL":"chrome://browser/content/default-theme-icon.svg","icon64URL":null}
1527664655663	DeferredSave.extensions.json	DEBUG	Save changes
1527664655663	addons.xpi	DEBUG	Updating XPIState for {"id":"e10srollout@mozilla.org","syncGUID":"{4dc7eba9-3a21-4912-8027-0ba2c62ca7ef}","location":"app-system-defaults","version":"2.0","type":"extension","internalName":null,"updateURL":null,"updateKey":null,"optionsURL":null,"optionsType":null,"aboutURL":null,"defaultLocale":{"name":"Multi-process staged rollout","description":"Staged rollout of Firefox multi-process feature.","creator":null,"homepageURL":null},"visible":true,"active":true,"userDisabled":false,"appDisabled":false,"installDate":1503580993000,"updateDate":1503580993000,"applyBackgroundUpdates":1,"bootstrap":true,"path":"/opt/firefox/browser/features/e10srollout@mozilla.org.xpi","skinnable":false,"size":13287,"sourceURI":null,"releaseNotesURI":null,"softDisabled":false,"foreignInstall":false,"hasBinaryComponents":false,"strictCompatibility":false,"locales":[],"targetApplications":[{"id":"{ec8030f7-c20a-464f-9b0e-13a3a9e97384}","minVersion":"55.0.3","maxVersion":"55.*"}],"targetPlatforms":[],"multiprocessCompatible":true,"seen":true,"dependencies":[],"hasEmbeddedWebExtension":false,"mpcOptedOut":false,"userPermissions":null,"icons":{},"iconURL":null,"icon64URL":null}
1527664655664	addons.xpi	DEBUG	Updating XPIState for {"id":"firefox@getpocket.com","syncGUID":"{dc58fbaf-c238-4978-aafd-f64cbdb47db5}","location":"app-system-defaults","version":"1.0.5","type":"extension","internalName":null,"updateURL":null,"updateKey":null,"optionsURL":null,"optionsType":null,"aboutURL":null,"defaultLocale":{"name":"Pocket","description":"When you find something you want to view later, put it in Pocket.","creator":null,"homepageURL":null},"visible":true,"active":true,"userDisabled":false,"appDisabled":false,"installDate":1503580993000,"updateDate":1503580993000,"applyBackgroundUpdates":1,"bootstrap":true,"path":"/opt/firefox/browser/features/firefox@getpocket.com.xpi","skinnable":false,"size":855802,"sourceURI":null,"releaseNotesURI":null,"softDisabled":false,"foreignInstall":false,"hasBinaryComponents":false,"strictCompatibility":false,"locales":[],"targetApplications":[{"id":"{ec8030f7-c20a-464f-9b0e-13a3a9e97384}","minVersion":"55.0.3","maxVersion":"55.*"}],"targetPlatforms":[],"multiprocessCompatible":true,"seen":true,"dependencies":[],"hasEmbeddedWebExtension":false,"mpcOptedOut":false,"userPermissions":null,"icons":{},"iconURL":null,"icon64URL":null}
1527664655664	addons.xpi	DEBUG	Updating XPIState 1527664655713	faddons.productaddons	INFO	Completed downloading document
or {"id":"clicktoplay-rollout@mozilla.org","syncGUID":"{5372afac-a7fb-48e0-b635-a5838b00cdd7}","location":"app-system-defaults","version":"1.2","type":"extension","internalName":null,"updateURL":null,"updateKey":null,"optionsURL":null,"optionsType":null,"aboutURL":null,"defaultLocale":{"name":"Click-to-Play staged rollout","description":"Staged rollout for Click-to-Play Flash.","creator":null,"homepageURL":null},"visible":true,"active":true,"userDisabled":false,"appDisabled":false,"installDate":1503580993000,"updateDate":1503580993000,"applyBackgroundUpdates":1,"bootstrap":true,"path":"/opt/firefox/browser/features/clicktoplay-rollout@mozilla.org.xpi","skinnable":false,"size":5621,"sourceURI":null,"releaseNotesURI":null,"softDisabled":false,"foreignInstall":false,"hasBinaryComponents":false,"strictCompatibility":false,"locales":[],"targetApplications":[{"id":"{ec8030f7-c20a-464f-9b0e-13a3a9e97384}","minVersion":"55.0.3","maxVersion":"55.*"}],"targetPlatforms":[],"multiprocessCompatible":true,"seen":true,"dependencies":[],"hasEmbeddedWebExtension":false,"mpcOptedOut":false,"userPermissions":null,"icons":{},"iconURL":null,"icon64URL":null}
1527664655664	addons.xpi	DEBUG	Updating XPIState for {"id":"screenshots@mozilla.org","syncGUID":"{0dc0af35-d1ac-4dbf-84d6-55115a906a3a}","location":"app-system-defaults","version":"10.12.0","type":"extension","internalName":null,"updateURL":null,"updateKey":null,"optionsURL":null,"optionsType":null,"aboutURL":null,"defaultLocale":{"name":"Firefox Screenshots","description":null,"creator":null,"homepageURL":"https://pageshot.net/"},"visible":true,"active":true,"userDisabled":false,"appDisabled":false,"installDate":1503580993000,"updateDate":1503580993000,"applyBackgroundUpdates":1,"bootstrap":true,"path":"/opt/firefox/browser/features/screenshots@mozilla.org.xpi","skinnable":false,"size":714554,"sourceURI":null,"releaseNotesURI":null,"softDisabled":false,"foreignInstall":false,"hasBinaryComponents":false,"strictCompatibility":false,"locales":[],"targetApplications":[{"id":"{ec8030f7-c20a-464f-9b0e-13a3a9e97384}","minVersion":"51.0a1","maxVersion":"*"}],"targetPlatforms":[],"multiprocessCompatible":true,"seen":true,"dependencies":[],"hasEmbeddedWebExtension":false,"mpcOptedOut":false,"userPermissions":null,"icons":{},"iconURL":null,"icon64URL":null}
1527664655665	addons.xpi	DEBUG	Updating XPIState for {"id":"aushelper@mozilla.org","syncGUID":"{e1f808a8-89f2-468b-aec8-6cf1cdc9e98b}","location":"app-system-defaults","version":"2.0","type":"extension","internalName":null,"updateURL":null,"updateKey":null,"optionsURL":null,"optionsType":null,"aboutURL":null,"defaultLocale":{"name":"Application Update Service Helper","description":"Sets value(s) in the update url based on custom checks.","creator":null,"homepageURL":null},"visible":true,"active":true,"userDisabled":false,"appDisabled":false,"installDate":1503580993000,"updateDate":1503580993000,"applyBackgroundUpdates":1,"bootstrap":true,"path":"/opt/firefox/browser/features/aushelper@mozilla.org.xpi","skinnable":false,"size":8488,"sourceURI":null,"releaseNotesURI":null,"softDisabled":false,"foreignInstall":false,"hasBinaryComponents":false,"strictCompatibility":false,"locales":[],"targetApplications":[{"id":"{ec8030f7-c20a-464f-9b0e-13a3a9e97384}","minVersion":"55.0.3","maxVersion":"55.*"}],"targetPlatforms":[],"multiprocessCompatible":true,"seen":true,"dependencies":[],"hasEmbeddedWebExtension":false,"mpcOptedOut":false,"userPermissions":null,"icons":{},"iconURL":null,"icon64URL":null}
1527664655666	addons.xpi	DEBUG	Updating XPIState for {"id":"webcompat@mozilla.org","syncGUID":"{7711fd1a-b1b5-42d8-9e2c-b6529ec0539e}","location":"app-system-defaults","version":"1.1","type":"extension","internalName":null,"updateURL":null,"updateKey":null,"optionsURL":null,"optionsType":null,"aboutURL":null,"defaultLocale":{"name":"Web Compat","description":"Urgent post-release fixes for web compatibility.","creator":null,"homepageURL":null},"visible":true,"active":true,"userDisabled":false,"appDisabled":false,"installDate":1503580993000,"updateDate":1503580993000,"applyBackgroundUpdates":1,"bootstrap":true,"path":"/opt/firefox/browser/features/webcompat@mozilla.org.xpi","skinnable":false,"size":8992,"sourceURI":null,"releaseNotesURI":null,"softDisabled":false,"foreignInstall":false,"hasBinaryComponents":false,"strictCompatibility":false,"locales":[],"targetApplications":[{"id":"{ec8030f7-c20a-464f-9b0e-13a3a9e97384}","minVersion":"55.0.3","maxVersion":"55.*"}],"targetPlatforms":[],"multiprocessCompatible":true,"seen":true,"dependencies":[],"hasEmbeddedWebExtension":false,"mpcOptedOut":false,"userPermissions":null,"icons":{},"iconURL":null,"icon64URL":null}
1527664655666	addons.xpi	DEBUG	Updating XPIState for {"id":"followonsearch@mozilla.com","syncGUID":"{4de1131b-acbc-487b-8794-9c8b4ab3f938}","location":"app-system-defaults","version":"0.9.1","type":"extension","internalName":null,"updateURL":null,"updateKey":null,"optionsURL":null,"optionsType":null,"aboutURL":null,"defaultLocale":{"name":"Follow-on Search Telemetry","description":null,"creator":null,"homepageURL":null},"visible":true,"active":true,"userDisabled":false,"appDisabled":false,"installDate":1503580993000,"updateDate":1503580993000,"applyBackgroundUpdates":1,"bootstrap":true,"path":"/opt/firefox/browser/features/followonsearch@mozilla.com.xpi","skinnable":false,"size":16730,"sourceURI":null,"releaseNotesURI":null,"softDisabled":false,"foreignInstall":false,"hasBinaryComponents":false,"strictCompatibility":false,"locales":[],"targetApplications":[{"id":"{ec8030f7-c20a-464f-9b0e-13a3a9e97384}","minVersion":"52.0","maxVersion":"59.*"}],"targetPlatforms":[],"multiprocessCompatible":true,"seen":true,"dependencies":[],"hasEmbeddedWebExtension":false,"mpcOptedOut":false,"userPermissions":null,"icons":{},"iconURL":null,"icon64URL":null}
1527664655666	addons.xpi	DEBUG	Updating XPIState for {"id":"shield-recipe-client@mozilla.org","syncGUID":"{f7bb3c49-6c62-488c-ad29-85f12c08f017}","location":"app-system-defaults","version":"55.1","type":"extension","internalName":null,"updateURL":null,"updateKey":null,"optionsURL":null,"optionsType":null,"aboutURL":null,"defaultLocale":{"name":"Shield Recipe Client","description":"Client to download and run recipes for SHIELD, Heartbeat, etc.","creator":null,"homepageURL":null},"visible":true,"active":true,"userDisabled":false,"appDisabled":false,"installDate":1503580993000,"updateDate":1503580993000,"applyBackgroundUpdates":1,"bootstrap":true,"path":"/opt/firefox/browser/features/shield-recipe-client@mozilla.org.xpi","skinnable":false,"size":140305,"sourceURI":null,"releaseNotesURI":null,"softDisabled":false,"foreignInstall":false,"hasBinaryComponents":false,"strictCompatibility":false,"locales":[],"targetApplications":[{"id":"{ec8030f7-c20a-464f-9b0e-13a3a9e97384}","minVersion":"55.0.3","maxVersion":"55.*"}],"targetPlatforms":[],"multiprocessCompatible":true,"seen":true,"dependencies":[],"hasEmbeddedWebExtension":false,"mpcOptedOut":false,"userPermissions":null,"icons":{},"iconURL":null,"icon64URL":null}
1527664655667	addons.xpi	DEBUG	Updating XPIState for {"id":"{972ce4c6-7e08-4474-a285-3208198ce6fd}","syncGUID":"{61a5f500-b0b7-4524-8bbf-c26a370dc27e}","location":"app-global","version":"55.0.3","type":"theme","internalName":"classic/1.0","updateURL":null,"updateKey":null,"optionsURL":null,"optionsType":null,"optionsBrowserStyle":null,"aboutURL":null,"defaultLocale":{"name":"Default","description":"The default theme.","creator":"Mozilla","homepageURL":null,"contributors":["Mozilla Contributors"]},"visible":true,"active":true,"userDisabled":false,"appDisabled":false,"installDate":1503580993000,"updateDate":1503580993000,"applyBackgroundUpdates":1,"path":"/opt/firefox/browser/extensions/{972ce4c6-7e08-4474-a285-3208198ce6fd}.xpi","skinnable":true,"size":2918,"sourceURI":null,"releaseNotesURI":null,"softDisabled":false,"foreignInstall":false,"hasBinaryComponents":false,"strictCompatibility":true,"locales":[],"targetApplications":[{"id":"{ec8030f7-c20a-464f-9b0e-13a3a9e97384}","minVersion":"55.0.3","maxVersion":"55.0.3"}],"targetPlatforms":[],"seen":true,"dependencies":[],"hasEmbeddedWebExtension":false,"userPermissions":null,"icons":{},"iconURL":"chrome://browser/content/default-theme-icon.svg","icon64URL":null}
1527664655668	DeferredSave.extensions.json	DEBUG	Save changes
1527664655668	addons.xpi	DEBUG	Updating database with changes to installed add-ons
1527664655668	addons.xpi-utils	DEBUG	Updating add-on states
1527664655676	addons.xpi	DEBUG	Registering manifest for /opt/firefox/browser/features/aushelper@mozilla.org.xpi
1527664655676	addons.xpi	DEBUG	Calling bootstrap method startup on aushelper@mozilla.org version 2.0
1527664655677	addons.xpi	DEBUG	Registering manifest for /opt/firefox/browser/features/clicktoplay-rollout@mozilla.org.xpi
1527664655678	addons.xpi	DEBUG	Calling bootstrap method startup on clicktoplay-rollout@mozilla.org version 1.2
1527664655762	addons.xpi	DEBUG	Registering manifest for /opt/firefox/browser/features/e10srollout@mozilla.org.xpi
1527664655762	addons.xpi	DEBUG	Calling bootstrap method startup on e10srollout@mozilla.org version 2.0
1527664655763	addons.xpi	DEBUG	Registering manifest for /opt/firefox/browser/features/firefox@getpocket.com.xpi
1527664655763	addons.xpi	DEBUG	Calling bootstrap method startup on firefox@getpocket.com version 1.0.5
1527664655809	addons.xpi	DEBUG	Registering manifest for /opt/firefox/browser/features/followonsearch@mozilla.com.xpi
1527664655810	addons.xpi	DEBUG	Calling bootstrap method startup on followonsearch@mozilla.com version 0.9.1
1527664655810	addons.xpi	DEBUG	Registering manifest for /opt/firefox/browser/features/screenshots@mozilla.org.xpi
1527664655810	addons.xpi	DEBUG	Calling bootstrap method startup on screenshots@mozilla.org version 10.12.0
1527664655811	addons.xpi	DEBUG	Registering manifest for /opt/firefox/browser/features/shield-recipe-client@mozilla.org.xpi
1527664655811	addons.xpi	DEBUG	Calling bootstrap method startup on shield-recipe-client@mozilla.org version 55.1
1527664655817	addons.xpi	DEBUG	Registering manifest for /opt/firefox/browser/features/webcompat@mozilla.org.xpi
1527664655818	addons.xpi	DEBUG	Calling bootstrap method startup on webcompat@mozilla.org version 1.1
1527664655822	addons.manager	DEBUG	Registering shutdown blocker for XPIProvider
1527664655822	addons.manager	DEBUG	Provider finished startup: XPIProvider
1527664655822	addons.manager	DEBUG	Starting provider: LightweightThemeManager
1527664655823	addons.manager	DEBUG	Registering shutdown blocker for LightweightThemeManager
1527664655823	addons.manager	DEBUG	Provider finished startup: LightweightThemeManager
1527664655823	addons.manager	DEBUG	Starting provider: GMPProvider
1527664655826	addons.manager	DEBUG	Registering shutdown blocker for GMPProvider
1527664655827	addons.manager	DEBUG	Provider finished startup: GMPProvider
1527664655827	addons.manager	DEBUG	Starting provider: PluginProvider
1527664655828	addons.manager	DEBUG	Registering shutdown blocker for PluginProvider
1527664655828	addons.manager	DEBUG	Provider finished startup: PluginProvider
1527664655829	addons.manager	DEBUG	Completed startup sequence
1527664656179	Marionette	INFO	Enabled via --marionette
1527664656729	addons.manager	DEBUG	Starting provider: PreviousExperimentProvider
1527664656729	addons.manager	DEBUG	Registering shutdown blocker for PreviousExperimentProvider
1527664656730	addons.manager	DEBUG	Provider finished startup: PreviousExperimentProvider
1527664656734	DeferredSave.extensions.json	DEBUG	Starting write
1527664656857	DeferredSave.extensions.json	DEBUG	Write succeeded
1527664656857	addons.xpi-utils	DEBUG	XPI Database saved, setting schema version preference to 21
1527664658200	addons.manager	DEBUG	Starting provider: <unnamed-provider>
1527664658200	addons.manager	DEBUG	Registering shutdown blocker for <unnamed-provider>
1527664658200	addons.manager	DEBUG	Provider finished startup: <unnamed-provider>
1527664658204	addons.productaddons	INFO	downloadXHR File download. status=200
1527664658205	addons.xpi	INFO	Mapping e10srollout@mozilla.org to /opt/firefox/browser/features/e10srollout@mozilla.org.xpi
1527664658206	addons.xpi	INFO	Mapping firefox@getpocket.com to /opt/firefox/browser/features/firefox@getpocket.com.xpi
1527664658206	addons.xpi	INFO	Mapping clicktoplay-rollout@mozilla.org to /opt/firefox/browser/features/clicktoplay-rollout@mozilla.org.xpi
1527664658206	addons.xpi	INFO	Mapping screenshots@mozilla.org to /opt/firefox/browser/features/screenshots@mozilla.org.xpi
1527664658206	addons.xpi	INFO	Mapping aushelper@mozilla.org to /opt/firefox/browser/features/aushelper@mozilla.org.xpi
1527664658206	addons.xpi	INFO	Mapping webcompat@mozilla.org to /opt/firefox/browser/features/webcompat@mozilla.org.xpi
1527664658206	addons.xpi	INFO	Mapping followonsearch@mozilla.com to /opt/firefox/browser/features/followonsearch@mozilla.com.xpi
1527664658206	addons.xpi	INFO	Mapping shield-recipe-client@mozilla.org to /opt/firefox/browser/features/shield-recipe-client@mozilla.org.xpi
1527664658207	addons.xpi	DEBUG	Existing add-on e10srollout@mozilla.org in app-system-defaults
1527664658207	addons.xpi	DEBUG	Existing add-on firefox@getpocket.com in app-system-defaults
1527664658208	addons.xpi	DEBUG	Existing add-on clicktoplay-rollout@mozilla.org in app-system-defaults
1527664658208	addons.xpi	DEBUG	Existing add-on screenshots@mozilla.org in app-system-defaults
1527664658208	addons.xpi	DEBUG	Existing add-on aushelper@mozilla.org in app-system-defaults
1527664658209	addons.xpi	DEBUG	Existing add-on webcompat@mozilla.org in app-system-defaults
1527664658209	addons.xpi	DEBUG	Existing add-on followonsearch@mozilla.com in app-system-defaults
1527664658209	addons.xpi	DEBUG	Existing add-on shield-recipe-client@mozilla.org in app-system-defaults
1527664658209	addons.xpi	INFO	Mapping {972ce4c6-7e08-4474-a285-3208198ce6fd} to /opt/firefox/browser/extensions/{972ce4c6-7e08-4474-a285-3208198ce6fd}.xpi
1527664658210	addons.xpi	DEBUG	Existing add-on {972ce4c6-7e08-4474-a285-3208198ce6fd} in app-global
1527664658210	addons.xpi	DEBUG	getInstallState changed: false, state: {}
1527664658218	addons.productaddons	INFO	Downloaded file will be saved to /tmp/tmpaddon
1527664658716	addons.productaddons	INFO	sending request to: https://aus5.mozilla.org/update/3/GMP/55.0.3/20170824123605/Linux_x86_64-gcc3/en-US/release/Linux%204.13.0-43-generic%20(GTK%203.18.9%2Clibpulse%208.0.0)/default/default/update.xml
1527664658890	Marionette	INFO	Listening on port 43431
JavaScript error: chrome://marionette/content/server.js, line 337: NS_ERROR_SOCKET_ADDRESS_IN_USE: Component returned failure code: 0x804b0036 (NS_ERROR_SOCKET_ADDRESS_IN_USE) [nsIServerSocket.initSpecialConnection]
1527664658982	Marionette	WARN	TLS certificate errors will be ignored for this session
1527664659032	Marionette	DEBUG	loaded listener.js
May 30, 2018 12:47:39 PM org.openqa.selenium.remote.ProtocolHandshake createSession
INFO: Detected dialect: W3C
1527664659145	Marionette	DEBUG	Received DOM event "beforeunload" for "about:blank"
1527664659417	Marionette	DEBUG	Received DOM event "pagehide" for "about:blank"
1527664659417	Marionette	DEBUG	Received DOM event "unload" for "about:blank"
1527664659594	addons.productaddons	INFO	Completed downloading document
1527664660534	addons.productaddons	INFO	downloadXHR File download. status=200
1527664660536	addons.productaddons	INFO	Downloaded file will be saved to /tmp/tmpaddon
1527664660667	Marionette	DEBUG	Received observer notification "outer-window-destroyed" for "2147483649"
1527664660668	addons.xpi	DEBUG	Calling bootstrap method shutdown on webcompat@mozilla.org version 1.1
1527664660668	addons.xpi	DEBUG	Calling bootstrap method shutdown on shield-recipe-client@mozilla.org version 55.1
1527664660671	addons.xpi	DEBUG	Calling bootstrap method shutdown on screenshots@mozilla.org version 10.12.0
1527664660672	addons.xpi	DEBUG	Calling bootstrap method shutdown on followonsearch@mozilla.com version 0.9.1
1527664660672	addons.xpi	DEBUG	Calling bootstrap method shutdown on firefox@getpocket.com version 1.0.5
1527664660672	addons.xpi	DEBUG	Calling bootstrap method shutdown on e10srollout@mozilla.org version 2.0
1527664660672	addons.xpi	DEBUG	Calling bootstrap method shutdown on clicktoplay-rollout@mozilla.org version 1.2
1527664660673	addons.xpi	DEBUG	Calling bootstrap method shutdown on aushelper@mozilla.org version 2.0
1527664660817	addons.productaddons	WARN	Failed downloading via XHR, status: 0, reason: error
1527664660969	addons.manager	DEBUG	shutdown
1527664660970	addons.manager	DEBUG	Calling shutdown blocker for XPIProvider
1527664660970	addons.xpi	DEBUG	shutdown
1527664660971	addons.xpi-utils	DEBUG	shutdown
1527664660971	addons.manager	DEBUG	Calling shutdown blocker for LightweightThemeManager
1527664660972	addons.manager	DEBUG	Calling shutdown blocker for GMPProvider
1527664660974	addons.manager	DEBUG	Calling shutdown blocker for PluginProvider
1527664660974	addons.manager	DEBUG	Calling shutdown blocker for PreviousExperimentProvider
1527664660975	addons.manager	DEBUG	Calling shutdown blocker for <unnamed-provider>
1527664660978	addons.xpi	DEBUG	Notifying XPI shutdown observers
1527664660988	addons.manager	DEBUG	Async provider shutdown done
1527664661825	geckodriver::marionette	ERROR	Failed to stop browser process
]]></system-err>
  </testcase>
  <testcase name="tearDown" classname="com.services.test.TestVanHeusenInfo" time="2.705">
    <failure message="Tried to run command without establishing a connection&#10;Build info: version: &apos;3.11.0&apos;, revision: &apos;e59cfb3&apos;, time: &apos;2018-03-11T20:26:55.152Z&apos;&#10;System info: host: &apos;streamoid-ThinkPad-T440s&apos;, ip: &apos;127.0.1.1&apos;, os.name: &apos;Linux&apos;, os.arch: &apos;amd64&apos;, os.version: &apos;4.13.0-43-generic&apos;, java.version: &apos;1.8.0_171&apos;&#10;Driver info: org.openqa.selenium.firefox.FirefoxDriver&#10;Capabilities {acceptInsecureCerts: true, browserName: firefox, browserVersion: 55.0.3, javascriptEnabled: true, moz:accessibilityChecks: false, moz:processID: 6355, moz:profile: /tmp/rust_mozprofile.V7GQ1B..., pageLoadStrategy: normal, platform: LINUX, platformName: LINUX, platformVersion: 4.13.0-43-generic, rotatable: false, specificationLevel: 0, timeouts: {implicit: 0, pageLoad: 300000, script: 30000}}&#10;Session ID: 455d873e-8350-400e-9867-6e1545267070" type="org.openqa.selenium.SessionNotCreatedException">org.openqa.selenium.SessionNotCreatedException: 
Tried to run command without establishing a connection
Build info: version: '3.11.0', revision: 'e59cfb3', time: '2018-03-11T20:26:55.152Z'
System info: host: 'streamoid-ThinkPad-T440s', ip: '127.0.1.1', os.name: 'Linux', os.arch: 'amd64', os.version: '4.13.0-43-generic', java.version: '1.8.0_171'
Driver info: org.openqa.selenium.firefox.FirefoxDriver
Capabilities {acceptInsecureCerts: true, browserName: firefox, browserVersion: 55.0.3, javascriptEnabled: true, moz:accessibilityChecks: false, moz:processID: 6355, moz:profile: /tmp/rust_mozprofile.V7GQ1B..., pageLoadStrategy: normal, platform: LINUX, platformName: LINUX, platformVersion: 4.13.0-43-generic, rotatable: false, specificationLevel: 0, timeouts: {implicit: 0, pageLoad: 300000, script: 30000}}
Session ID: 455d873e-8350-400e-9867-6e1545267070
	at com.services.test.TestVanHeusenInfo.tearDown(TestVanHeusenInfo.java:285)
</failure>
  </testcase>
  <testcase name="tearDown" classname="com.services.test.TestVanHeusenInfo" time="0">
    <skipped/>
  </testcase>
</testsuite>